[0.935s] Invoking command in '/workspace/BMI/src/observation_reader': PYTHONPATH=/workspace/BMI/install/observation_reader/lib/python3.10/site-packages:${PYTHONPATH} /usr/bin/python3 setup.py egg_info --egg-base ../../build/observation_reader build --build-base /workspace/BMI/build/observation_reader/build install --prefix /workspace/BMI/install/observation_reader --record /workspace/BMI/build/observation_reader/install.log --single-version-externally-managed
[1.090s] running egg_info
[1.090s] writing ../../build/observation_reader/observation_reader.egg-info/PKG-INFO
[1.090s] writing dependency_links to ../../build/observation_reader/observation_reader.egg-info/dependency_links.txt
[1.091s] writing entry points to ../../build/observation_reader/observation_reader.egg-info/entry_points.txt
[1.091s] writing requirements to ../../build/observation_reader/observation_reader.egg-info/requires.txt
[1.091s] writing top-level names to ../../build/observation_reader/observation_reader.egg-info/top_level.txt
[1.092s] reading manifest file '../../build/observation_reader/observation_reader.egg-info/SOURCES.txt'
[1.092s] writing manifest file '../../build/observation_reader/observation_reader.egg-info/SOURCES.txt'
[1.092s] running build
[1.092s] running build_py
[1.093s] running install
[1.093s] /usr/lib/python3/dist-packages/setuptools/command/install.py:34: SetuptoolsDeprecationWarning: setup.py install is deprecated. Use build and pip and other standards-based tools.
[1.093s]   warnings.warn(
[1.093s] running install_lib
[1.094s] running install_data
[1.094s] running install_egg_info
[1.095s] removing '/workspace/BMI/install/observation_reader/lib/python3.10/site-packages/observation_reader-0.0.0-py3.10.egg-info' (and everything under it)
[1.095s] Copying ../../build/observation_reader/observation_reader.egg-info to /workspace/BMI/install/observation_reader/lib/python3.10/site-packages/observation_reader-0.0.0-py3.10.egg-info
[1.095s] running install_scripts
[1.110s] Installing blackrock_ir_talker script to /workspace/BMI/install/observation_reader/lib/observation_reader
[1.110s] writing list of installed files to '/workspace/BMI/build/observation_reader/install.log'
[1.143s] Invoked command in '/workspace/BMI/src/observation_reader' returned '0': PYTHONPATH=/workspace/BMI/install/observation_reader/lib/python3.10/site-packages:${PYTHONPATH} /usr/bin/python3 setup.py egg_info --egg-base ../../build/observation_reader build --build-base /workspace/BMI/build/observation_reader/build install --prefix /workspace/BMI/install/observation_reader --record /workspace/BMI/build/observation_reader/install.log --single-version-externally-managed
