[0.967s] Invoking command in '/workspace/BMI/src/decoding_element': PYTHONPATH=/workspace/BMI/install/decoding_element/lib/python3.10/site-packages:${PYTHONPATH} /usr/bin/python3 setup.py egg_info --egg-base ../../build/decoding_element build --build-base /workspace/BMI/build/decoding_element/build install --prefix /workspace/BMI/install/decoding_element --record /workspace/BMI/build/decoding_element/install.log --single-version-externally-managed
[1.124s] running egg_info
[1.124s] writing ../../build/decoding_element/decoding_element.egg-info/PKG-INFO
[1.124s] writing dependency_links to ../../build/decoding_element/decoding_element.egg-info/dependency_links.txt
[1.124s] writing entry points to ../../build/decoding_element/decoding_element.egg-info/entry_points.txt
[1.124s] writing requirements to ../../build/decoding_element/decoding_element.egg-info/requires.txt
[1.124s] writing top-level names to ../../build/decoding_element/decoding_element.egg-info/top_level.txt
[1.125s] reading manifest file '../../build/decoding_element/decoding_element.egg-info/SOURCES.txt'
[1.126s] writing manifest file '../../build/decoding_element/decoding_element.egg-info/SOURCES.txt'
[1.126s] running build
[1.126s] running build_py
[1.126s] copying decoding_element/decoding_element_predictor.py -> /workspace/BMI/build/decoding_element/build/lib/decoding_element
[1.127s] running install
[1.127s] /usr/lib/python3/dist-packages/setuptools/command/install.py:34: SetuptoolsDeprecationWarning: setup.py install is deprecated. Use build and pip and other standards-based tools.
[1.127s]   warnings.warn(
[1.127s] running install_lib
[1.127s] copying /workspace/BMI/build/decoding_element/build/lib/decoding_element/decoding_element_predictor.py -> /workspace/BMI/install/decoding_element/lib/python3.10/site-packages/decoding_element
[1.128s] byte-compiling /workspace/BMI/install/decoding_element/lib/python3.10/site-packages/decoding_element/decoding_element_predictor.py to decoding_element_predictor.cpython-310.pyc
[1.128s] running install_data
[1.129s] running install_egg_info
[1.130s] removing '/workspace/BMI/install/decoding_element/lib/python3.10/site-packages/decoding_element-0.0.0-py3.10.egg-info' (and everything under it)
[1.130s] Copying ../../build/decoding_element/decoding_element.egg-info to /workspace/BMI/install/decoding_element/lib/python3.10/site-packages/decoding_element-0.0.0-py3.10.egg-info
[1.130s] running install_scripts
[1.145s] Installing integrator script to /workspace/BMI/install/decoding_element/lib/decoding_element
[1.145s] Installing predictor script to /workspace/BMI/install/decoding_element/lib/decoding_element
[1.145s] Installing trainer script to /workspace/BMI/install/decoding_element/lib/decoding_element
[1.145s] writing list of installed files to '/workspace/BMI/build/decoding_element/install.log'
[1.176s] Invoked command in '/workspace/BMI/src/decoding_element' returned '0': PYTHONPATH=/workspace/BMI/install/decoding_element/lib/python3.10/site-packages:${PYTHONPATH} /usr/bin/python3 setup.py egg_info --egg-base ../../build/decoding_element build --build-base /workspace/BMI/build/decoding_element/build install --prefix /workspace/BMI/install/decoding_element --record /workspace/BMI/build/decoding_element/install.log --single-version-externally-managed
