/home/soma/Desktop/BMI/install/state_reader/lib/python3.10/site-packages/state_reader/psychopy_presenter_2D_interception_continuous.py
/home/soma/Desktop/BMI/install/state_reader/lib/python3.10/site-packages/state_reader/psychopy_presenter_2D_interception_semi_old.py
/home/soma/Desktop/BMI/install/state_reader/lib/python3.10/site-packages/state_reader/psychopy_presenter_2D_interception_semi.py
/home/soma/Desktop/BMI/install/state_reader/lib/python3.10/site-packages/state_reader/psychopy_presenter_2D_interception_w.py
/home/soma/Desktop/BMI/install/state_reader/lib/python3.10/site-packages/state_reader/psychopy_presenter_2D_center_out.py
/home/soma/Desktop/BMI/install/state_reader/lib/python3.10/site-packages/state_reader/__init__.py
/home/soma/Desktop/BMI/install/state_reader/lib/python3.10/site-packages/state_reader/monkeylogic_interception.py
/home/soma/Desktop/BMI/install/state_reader/lib/python3.10/site-packages/state_reader/frame_fix.py
/home/soma/Desktop/BMI/install/state_reader/lib/python3.10/site-packages/state_reader/psychopy_presenter_2D_interception.py
/home/soma/Desktop/BMI/install/state_reader/lib/python3.10/site-packages/state_reader/psychopy_presenter_1D_center_out.py
/home/soma/Desktop/BMI/install/state_reader/lib/python3.10/site-packages/state_reader/__pycache__/psychopy_presenter_2D_interception_continuous.cpython-310.pyc
/home/soma/Desktop/BMI/install/state_reader/lib/python3.10/site-packages/state_reader/__pycache__/psychopy_presenter_2D_interception_semi_old.cpython-310.pyc
/home/soma/Desktop/BMI/install/state_reader/lib/python3.10/site-packages/state_reader/__pycache__/psychopy_presenter_2D_interception_semi.cpython-310.pyc
/home/soma/Desktop/BMI/install/state_reader/lib/python3.10/site-packages/state_reader/__pycache__/psychopy_presenter_2D_interception_w.cpython-310.pyc
/home/soma/Desktop/BMI/install/state_reader/lib/python3.10/site-packages/state_reader/__pycache__/psychopy_presenter_2D_center_out.cpython-310.pyc
/home/soma/Desktop/BMI/install/state_reader/lib/python3.10/site-packages/state_reader/__pycache__/__init__.cpython-310.pyc
/home/soma/Desktop/BMI/install/state_reader/lib/python3.10/site-packages/state_reader/__pycache__/monkeylogic_interception.cpython-310.pyc
/home/soma/Desktop/BMI/install/state_reader/lib/python3.10/site-packages/state_reader/__pycache__/frame_fix.cpython-310.pyc
/home/soma/Desktop/BMI/install/state_reader/lib/python3.10/site-packages/state_reader/__pycache__/psychopy_presenter_2D_interception.cpython-310.pyc
/home/soma/Desktop/BMI/install/state_reader/lib/python3.10/site-packages/state_reader/__pycache__/psychopy_presenter_1D_center_out.cpython-310.pyc
/home/soma/Desktop/BMI/install/state_reader/share/ament_index/resource_index/packages/state_reader
/home/soma/Desktop/BMI/install/state_reader/share/state_reader/package.xml
/home/soma/Desktop/BMI/install/state_reader/lib/python3.10/site-packages/state_reader-0.0.0-py3.10.egg-info/entry_points.txt
/home/soma/Desktop/BMI/install/state_reader/lib/python3.10/site-packages/state_reader-0.0.0-py3.10.egg-info/PKG-INFO
/home/soma/Desktop/BMI/install/state_reader/lib/python3.10/site-packages/state_reader-0.0.0-py3.10.egg-info/zip-safe
/home/soma/Desktop/BMI/install/state_reader/lib/python3.10/site-packages/state_reader-0.0.0-py3.10.egg-info/dependency_links.txt
/home/soma/Desktop/BMI/install/state_reader/lib/python3.10/site-packages/state_reader-0.0.0-py3.10.egg-info/requires.txt
/home/soma/Desktop/BMI/install/state_reader/lib/python3.10/site-packages/state_reader-0.0.0-py3.10.egg-info/top_level.txt
/home/soma/Desktop/BMI/install/state_reader/lib/python3.10/site-packages/state_reader-0.0.0-py3.10.egg-info/SOURCES.txt
/home/soma/Desktop/BMI/install/state_reader/lib/state_reader/monkeylogic_server
/home/soma/Desktop/BMI/install/state_reader/lib/state_reader/psychopy_1D_center_out
/home/soma/Desktop/BMI/install/state_reader/lib/state_reader/psychopy_2D_center_out
/home/soma/Desktop/BMI/install/state_reader/lib/state_reader/psychopy_2D_center_out_continuous
/home/soma/Desktop/BMI/install/state_reader/lib/state_reader/psychopy_2D_interception
/home/soma/Desktop/BMI/install/state_reader/lib/state_reader/psychopy_2D_semi_interception
