-- Found ament_cmake: 1.3.2 (/opt/ros/humble/share/ament_cmake/cmake)
-- Found rosidl_default_generators: 1.2.0 (/opt/ros/humble/share/rosidl_default_generators/cmake)
-- Using all available rosidl_typesupport_c: rosidl_typesupport_fastrtps_c;rosidl_typesupport_introspection_c
-- Found rosidl_adapter: 3.1.3 (/opt/ros/humble/share/rosidl_adapter/cmake)
-- Using all available rosidl_typesupport_cpp: rosidl_typesupport_fastrtps_cpp;rosidl_typesupport_introspection_cpp
-- Found ament_cmake_ros: 0.10.0 (/opt/ros/humble/share/ament_cmake_ros/cmake)
-- Using all available rosidl_typesupport_c: rosidl_typesupport_fastrtps_c;rosidl_typesupport_introspection_c
-- Using all available rosidl_typesupport_cpp: rosidl_typesupport_fastrtps_cpp;rosidl_typesupport_introspection_cpp
-- Found python_cmake_module: 0.10.0 (/opt/ros/humble/share/python_cmake_module/cmake)
-- Using PYTHON_EXECUTABLE: /usr/bin/python3
-- Using PYTHON_INCLUDE_DIRS: /usr/include/python3.10
-- Using PYTHON_LIBRARIES: /usr/lib/x86_64-linux-gnu/libpython3.10.so
-- Found ament_lint_auto: 0.12.4 (/opt/ros/humble/share/ament_lint_auto/cmake)
-- Added test 'lint_cmake' to check CMake code style
-- Added test 'xmllint' to check XML markup files
-- Configuring done
-- Generating done
-- Build files have been written to: /workspace/BMI/build/interfaces
[  1%] [34m[1mGenerating C code for ROS interfaces[0m
[  3%] [34m[1mGenerating C++ code for ROS interfaces[0m
[  3%] Built target ament_cmake_python_copy_interfaces
running egg_info
writing interfaces.egg-info/PKG-INFO
writing dependency_links to interfaces.egg-info/dependency_links.txt
writing top-level names to interfaces.egg-info/top_level.txt
reading manifest file 'interfaces.egg-info/SOURCES.txt'
writing manifest file 'interfaces.egg-info/SOURCES.txt'
[  3%] Built target ament_cmake_python_build_interfaces_egg
[  3%] Built target interfaces__cpp
[  7%] [34m[1mGenerating C++ introspection for ROS interfaces[0m
[  7%] [34m[1mGenerating C++ type support dispatch for ROS interfaces[0m
[  7%] [34m[1mGenerating C++ type support for eProsima Fast-RTPS[0m
[35m[1mConsolidate compiler generated dependencies of target interfaces__rosidl_generator_c[0m
[ 15%] [32mBuilding C object CMakeFiles/interfaces__rosidl_generator_c.dir/rosidl_generator_c/interfaces/msg/detail/decoder_element__functions.c.o[0m
[ 15%] [32mBuilding C object CMakeFiles/interfaces__rosidl_generator_c.dir/rosidl_generator_c/interfaces/msg/detail/ir__functions.c.o[0m
[ 15%] [32mBuilding C object CMakeFiles/interfaces__rosidl_generator_c.dir/rosidl_generator_c/interfaces/msg/detail/sample__functions.c.o[0m
[ 15%] [32mBuilding C object CMakeFiles/interfaces__rosidl_generator_c.dir/rosidl_generator_c/interfaces/srv/detail/decoder__functions.c.o[0m
[ 15%] [32mBuilding C object CMakeFiles/interfaces__rosidl_generator_c.dir/rosidl_generator_c/interfaces/msg/detail/state__functions.c.o[0m
[ 17%] [32m[1mLinking C shared library libinterfaces__rosidl_generator_c.so[0m
[ 17%] Built target interfaces__rosidl_generator_c
[ 22%] [34m[1mGenerating C introspection for ROS interfaces[0m
[ 22%] [34m[1mGenerating C type support dispatch for ROS interfaces[0m
[ 22%] [34m[1mGenerating C type support for eProsima Fast-RTPS[0m
[35m[1mConsolidate compiler generated dependencies of target interfaces__rosidl_typesupport_cpp[0m
[ 26%] [32mBuilding CXX object CMakeFiles/interfaces__rosidl_typesupport_cpp.dir/rosidl_typesupport_cpp/interfaces/msg/sample__type_support.cpp.o[0m
[ 26%] [32mBuilding CXX object CMakeFiles/interfaces__rosidl_typesupport_cpp.dir/rosidl_typesupport_cpp/interfaces/msg/state__type_support.cpp.o[0m
[ 26%] [32mBuilding CXX object CMakeFiles/interfaces__rosidl_typesupport_cpp.dir/rosidl_typesupport_cpp/interfaces/msg/decoder_element__type_support.cpp.o[0m
[ 28%] [32mBuilding CXX object CMakeFiles/interfaces__rosidl_typesupport_cpp.dir/rosidl_typesupport_cpp/interfaces/msg/ir__type_support.cpp.o[0m
[ 30%] [32mBuilding CXX object CMakeFiles/interfaces__rosidl_typesupport_cpp.dir/rosidl_typesupport_cpp/interfaces/srv/decoder__type_support.cpp.o[0m
[35m[1mConsolidate compiler generated dependencies of target interfaces__rosidl_typesupport_introspection_cpp[0m
[35m[1mConsolidate compiler generated dependencies of target interfaces__rosidl_typesupport_fastrtps_cpp[0m
[ 31%] [32mBuilding CXX object CMakeFiles/interfaces__rosidl_typesupport_introspection_cpp.dir/rosidl_typesupport_introspection_cpp/interfaces/srv/detail/decoder__type_support.cpp.o[0m
[ 33%] [32mBuilding CXX object CMakeFiles/interfaces__rosidl_typesupport_introspection_cpp.dir/rosidl_typesupport_introspection_cpp/interfaces/msg/detail/decoder_element__type_support.cpp.o[0m
[ 38%] [32mBuilding CXX object CMakeFiles/interfaces__rosidl_typesupport_introspection_cpp.dir/rosidl_typesupport_introspection_cpp/interfaces/msg/detail/ir__type_support.cpp.o[0m
[ 38%] [32mBuilding CXX object CMakeFiles/interfaces__rosidl_typesupport_introspection_cpp.dir/rosidl_typesupport_introspection_cpp/interfaces/msg/detail/state__type_support.cpp.o[0m
[ 38%] [32mBuilding CXX object CMakeFiles/interfaces__rosidl_typesupport_introspection_cpp.dir/rosidl_typesupport_introspection_cpp/interfaces/msg/detail/sample__type_support.cpp.o[0m
[ 39%] [32mBuilding CXX object CMakeFiles/interfaces__rosidl_typesupport_fastrtps_cpp.dir/rosidl_typesupport_fastrtps_cpp/interfaces/msg/detail/dds_fastrtps/ir__type_support.cpp.o[0m
[ 41%] [32mBuilding CXX object CMakeFiles/interfaces__rosidl_typesupport_fastrtps_cpp.dir/rosidl_typesupport_fastrtps_cpp/interfaces/msg/detail/dds_fastrtps/sample__type_support.cpp.o[0m
[ 42%] [32mBuilding CXX object CMakeFiles/interfaces__rosidl_typesupport_fastrtps_cpp.dir/rosidl_typesupport_fastrtps_cpp/interfaces/msg/detail/dds_fastrtps/state__type_support.cpp.o[0m
[ 44%] [32mBuilding CXX object CMakeFiles/interfaces__rosidl_typesupport_fastrtps_cpp.dir/rosidl_typesupport_fastrtps_cpp/interfaces/msg/detail/dds_fastrtps/decoder_element__type_support.cpp.o[0m
[ 46%] [32mBuilding CXX object CMakeFiles/interfaces__rosidl_typesupport_fastrtps_cpp.dir/rosidl_typesupport_fastrtps_cpp/interfaces/srv/detail/dds_fastrtps/decoder__type_support.cpp.o[0m
[35m[1mConsolidate compiler generated dependencies of target interfaces__rosidl_typesupport_c[0m
[ 47%] [32mBuilding CXX object CMakeFiles/interfaces__rosidl_typesupport_c.dir/rosidl_typesupport_c/interfaces/msg/ir__type_support.cpp.o[0m
[ 50%] [32mBuilding CXX object CMakeFiles/interfaces__rosidl_typesupport_c.dir/rosidl_typesupport_c/interfaces/msg/sample__type_support.cpp.o[0m
[ 50%] [32mBuilding CXX object CMakeFiles/interfaces__rosidl_typesupport_c.dir/rosidl_typesupport_c/interfaces/msg/state__type_support.cpp.o[0m
[ 52%] [32mBuilding CXX object CMakeFiles/interfaces__rosidl_typesupport_c.dir/rosidl_typesupport_c/interfaces/msg/decoder_element__type_support.cpp.o[0m
[ 53%] [32mBuilding CXX object CMakeFiles/interfaces__rosidl_typesupport_c.dir/rosidl_typesupport_c/interfaces/srv/decoder__type_support.cpp.o[0m
[ 55%] [32m[1mLinking CXX shared library libinterfaces__rosidl_typesupport_c.so[0m
[35m[1mConsolidate compiler generated dependencies of target interfaces__rosidl_typesupport_introspection_c[0m
[35m[1mConsolidate compiler generated dependencies of target interfaces__rosidl_typesupport_fastrtps_c[0m
[ 58%] [32mBuilding C object CMakeFiles/interfaces__rosidl_typesupport_introspection_c.dir/rosidl_typesupport_introspection_c/interfaces/msg/detail/ir__type_support.c.o[0m
[ 58%] [32mBuilding C object CMakeFiles/interfaces__rosidl_typesupport_introspection_c.dir/rosidl_typesupport_introspection_c/interfaces/msg/detail/state__type_support.c.o[0m
[ 60%] [32mBuilding C object CMakeFiles/interfaces__rosidl_typesupport_introspection_c.dir/rosidl_typesupport_introspection_c/interfaces/msg/detail/decoder_element__type_support.c.o[0m
[ 61%] [32mBuilding C object CMakeFiles/interfaces__rosidl_typesupport_introspection_c.dir/rosidl_typesupport_introspection_c/interfaces/msg/detail/sample__type_support.c.o[0m
[ 63%] [32mBuilding C object CMakeFiles/interfaces__rosidl_typesupport_introspection_c.dir/rosidl_typesupport_introspection_c/interfaces/srv/detail/decoder__type_support.c.o[0m
[ 63%] Built target interfaces__rosidl_typesupport_c
[ 65%] [32mBuilding CXX object CMakeFiles/interfaces__rosidl_typesupport_fastrtps_c.dir/rosidl_typesupport_fastrtps_c/interfaces/msg/detail/ir__type_support_c.cpp.o[0m
[ 66%] [32mBuilding CXX object CMakeFiles/interfaces__rosidl_typesupport_fastrtps_c.dir/rosidl_typesupport_fastrtps_c/interfaces/msg/detail/sample__type_support_c.cpp.o[0m
[ 68%] [32m[1mLinking CXX shared library libinterfaces__rosidl_typesupport_cpp.so[0m
[ 71%] [32mBuilding CXX object CMakeFiles/interfaces__rosidl_typesupport_fastrtps_c.dir/rosidl_typesupport_fastrtps_c/interfaces/msg/detail/state__type_support_c.cpp.o[0m
[ 71%] [32mBuilding CXX object CMakeFiles/interfaces__rosidl_typesupport_fastrtps_c.dir/rosidl_typesupport_fastrtps_c/interfaces/msg/detail/decoder_element__type_support_c.cpp.o[0m
[ 73%] [32mBuilding CXX object CMakeFiles/interfaces__rosidl_typesupport_fastrtps_c.dir/rosidl_typesupport_fastrtps_c/interfaces/srv/detail/decoder__type_support_c.cpp.o[0m
[ 74%] [32m[1mLinking C shared library libinterfaces__rosidl_typesupport_introspection_c.so[0m
[ 74%] Built target interfaces__rosidl_typesupport_cpp
[ 74%] Built target interfaces__rosidl_typesupport_introspection_c
[ 76%] [32m[1mLinking CXX shared library libinterfaces__rosidl_typesupport_introspection_cpp.so[0m
[ 77%] [32m[1mLinking CXX shared library libinterfaces__rosidl_typesupport_fastrtps_cpp.so[0m
[ 77%] Built target interfaces__rosidl_typesupport_introspection_cpp
[ 77%] Built target interfaces__rosidl_typesupport_fastrtps_cpp
[ 79%] [32m[1mLinking CXX shared library libinterfaces__rosidl_typesupport_fastrtps_c.so[0m
[ 79%] Built target interfaces__rosidl_typesupport_fastrtps_c
[ 79%] Built target interfaces
[ 80%] [34m[1mGenerating Python code for ROS interfaces[0m
[ 80%] Built target interfaces__py
[35m[1mConsolidate compiler generated dependencies of target interfaces__rosidl_generator_py[0m
[ 82%] [32mBuilding C object CMakeFiles/interfaces__rosidl_generator_py.dir/rosidl_generator_py/interfaces/msg/_ir_s.c.o[0m
[ 84%] [32mBuilding C object CMakeFiles/interfaces__rosidl_generator_py.dir/rosidl_generator_py/interfaces/msg/_sample_s.c.o[0m
[ 85%] [32mBuilding C object CMakeFiles/interfaces__rosidl_generator_py.dir/rosidl_generator_py/interfaces/msg/_state_s.c.o[0m
[ 87%] [32mBuilding C object CMakeFiles/interfaces__rosidl_generator_py.dir/rosidl_generator_py/interfaces/msg/_decoder_element_s.c.o[0m
[ 88%] [32mBuilding C object CMakeFiles/interfaces__rosidl_generator_py.dir/rosidl_generator_py/interfaces/srv/_decoder_s.c.o[0m
[ 90%] [32m[1mLinking C shared library rosidl_generator_py/interfaces/libinterfaces__rosidl_generator_py.so[0m
[ 90%] Built target interfaces__rosidl_generator_py
[35m[1mConsolidate compiler generated dependencies of target interfaces__rosidl_typesupport_c__pyext[0m
[35m[1mConsolidate compiler generated dependencies of target interfaces__rosidl_typesupport_introspection_c__pyext[0m
[35m[1mConsolidate compiler generated dependencies of target interfaces__rosidl_typesupport_fastrtps_c__pyext[0m
[ 95%] [32mBuilding C object CMakeFiles/interfaces__rosidl_typesupport_introspection_c__pyext.dir/rosidl_generator_py/interfaces/_interfaces_s.ep.rosidl_typesupport_introspection_c.c.o[0m
[ 95%] [32mBuilding C object CMakeFiles/interfaces__rosidl_typesupport_c__pyext.dir/rosidl_generator_py/interfaces/_interfaces_s.ep.rosidl_typesupport_c.c.o[0m
[ 95%] [32mBuilding C object CMakeFiles/interfaces__rosidl_typesupport_fastrtps_c__pyext.dir/rosidl_generator_py/interfaces/_interfaces_s.ep.rosidl_typesupport_fastrtps_c.c.o[0m
[ 98%] [32m[1mLinking C shared library rosidl_generator_py/interfaces/interfaces_s__rosidl_typesupport_introspection_c.cpython-310-x86_64-linux-gnu.so[0m
[ 98%] [32m[1mLinking C shared library rosidl_generator_py/interfaces/interfaces_s__rosidl_typesupport_c.cpython-310-x86_64-linux-gnu.so[0m
[100%] [32m[1mLinking C shared library rosidl_generator_py/interfaces/interfaces_s__rosidl_typesupport_fastrtps_c.cpython-310-x86_64-linux-gnu.so[0m
[100%] Built target interfaces__rosidl_typesupport_introspection_c__pyext
[100%] Built target interfaces__rosidl_typesupport_c__pyext
[100%] Built target interfaces__rosidl_typesupport_fastrtps_c__pyext
-- Install configuration: ""
-- Up-to-date: /workspace/BMI/install/interfaces/share/ament_index/resource_index/rosidl_interfaces/interfaces
-- Up-to-date: /workspace/BMI/install/interfaces/include/interfaces/interfaces
-- Up-to-date: /workspace/BMI/install/interfaces/include/interfaces/interfaces/msg
-- Up-to-date: /workspace/BMI/install/interfaces/include/interfaces/interfaces/msg/rosidl_generator_c__visibility_control.h
-- Installing: /workspace/BMI/install/interfaces/include/interfaces/interfaces/msg/state.h
-- Installing: /workspace/BMI/install/interfaces/include/interfaces/interfaces/msg/decoder_element.h
-- Up-to-date: /workspace/BMI/install/interfaces/include/interfaces/interfaces/msg/num.h
-- Installing: /workspace/BMI/install/interfaces/include/interfaces/interfaces/msg/sample.h
-- Up-to-date: /workspace/BMI/install/interfaces/include/interfaces/interfaces/msg/detail
-- Installing: /workspace/BMI/install/interfaces/include/interfaces/interfaces/msg/detail/state__struct.h
-- Installing: /workspace/BMI/install/interfaces/include/interfaces/interfaces/msg/detail/decoder_element__functions.c
-- Installing: /workspace/BMI/install/interfaces/include/interfaces/interfaces/msg/detail/ir__functions.h
-- Installing: /workspace/BMI/install/interfaces/include/interfaces/interfaces/msg/detail/decoder_element__struct.h
-- Up-to-date: /workspace/BMI/install/interfaces/include/interfaces/interfaces/msg/detail/num__type_support.h
-- Installing: /workspace/BMI/install/interfaces/include/interfaces/interfaces/msg/detail/ir__type_support.h
-- Installing: /workspace/BMI/install/interfaces/include/interfaces/interfaces/msg/detail/state__type_support.h
-- Installing: /workspace/BMI/install/interfaces/include/interfaces/interfaces/msg/detail/ir__struct.h
-- Up-to-date: /workspace/BMI/install/interfaces/include/interfaces/interfaces/msg/detail/num__struct.h
-- Installing: /workspace/BMI/install/interfaces/include/interfaces/interfaces/msg/detail/sample__functions.h
-- Installing: /workspace/BMI/install/interfaces/include/interfaces/interfaces/msg/detail/sample__type_support.h
-- Installing: /workspace/BMI/install/interfaces/include/interfaces/interfaces/msg/detail/state__functions.h
-- Installing: /workspace/BMI/install/interfaces/include/interfaces/interfaces/msg/detail/state__functions.c
-- Up-to-date: /workspace/BMI/install/interfaces/include/interfaces/interfaces/msg/detail/num__functions.h
-- Installing: /workspace/BMI/install/interfaces/include/interfaces/interfaces/msg/detail/decoder_element__type_support.h
-- Installing: /workspace/BMI/install/interfaces/include/interfaces/interfaces/msg/detail/sample__functions.c
-- Installing: /workspace/BMI/install/interfaces/include/interfaces/interfaces/msg/detail/sample__struct.h
-- Up-to-date: /workspace/BMI/install/interfaces/include/interfaces/interfaces/msg/detail/num__functions.c
-- Installing: /workspace/BMI/install/interfaces/include/interfaces/interfaces/msg/detail/decoder_element__functions.h
-- Installing: /workspace/BMI/install/interfaces/include/interfaces/interfaces/msg/detail/ir__functions.c
-- Installing: /workspace/BMI/install/interfaces/include/interfaces/interfaces/msg/ir.h
-- Up-to-date: /workspace/BMI/install/interfaces/include/interfaces/interfaces/srv
-- Installing: /workspace/BMI/install/interfaces/include/interfaces/interfaces/srv/decoder.h
-- Up-to-date: /workspace/BMI/install/interfaces/include/interfaces/interfaces/srv/detail
-- Installing: /workspace/BMI/install/interfaces/include/interfaces/interfaces/srv/detail/decoder__type_support.h
-- Installing: /workspace/BMI/install/interfaces/include/interfaces/interfaces/srv/detail/decoder__functions.h
-- Installing: /workspace/BMI/install/interfaces/include/interfaces/interfaces/srv/detail/decoder__functions.c
-- Installing: /workspace/BMI/install/interfaces/include/interfaces/interfaces/srv/detail/decoder__struct.h
-- Up-to-date: /workspace/BMI/install/interfaces/share/interfaces/environment/library_path.sh
-- Installing: /workspace/BMI/install/interfaces/share/interfaces/environment/library_path.dsv
-- Installing: /workspace/BMI/install/interfaces/lib/libinterfaces__rosidl_generator_c.so
-- Set runtime path of "/workspace/BMI/install/interfaces/lib/libinterfaces__rosidl_generator_c.so" to ""
-- Up-to-date: /workspace/BMI/install/interfaces/include/interfaces/interfaces
-- Up-to-date: /workspace/BMI/install/interfaces/include/interfaces/interfaces/msg
-- Up-to-date: /workspace/BMI/install/interfaces/include/interfaces/interfaces/msg/detail
-- Installing: /workspace/BMI/install/interfaces/include/interfaces/interfaces/msg/detail/sample__rosidl_typesupport_fastrtps_c.h
-- Up-to-date: /workspace/BMI/install/interfaces/include/interfaces/interfaces/msg/detail/num__rosidl_typesupport_fastrtps_c.h
-- Installing: /workspace/BMI/install/interfaces/include/interfaces/interfaces/msg/detail/ir__rosidl_typesupport_fastrtps_c.h
-- Installing: /workspace/BMI/install/interfaces/include/interfaces/interfaces/msg/detail/state__rosidl_typesupport_fastrtps_c.h
-- Installing: /workspace/BMI/install/interfaces/include/interfaces/interfaces/msg/detail/decoder_element__rosidl_typesupport_fastrtps_c.h
-- Up-to-date: /workspace/BMI/install/interfaces/include/interfaces/interfaces/msg/rosidl_typesupport_fastrtps_c__visibility_control.h
-- Up-to-date: /workspace/BMI/install/interfaces/include/interfaces/interfaces/srv
-- Up-to-date: /workspace/BMI/install/interfaces/include/interfaces/interfaces/srv/detail
-- Installing: /workspace/BMI/install/interfaces/include/interfaces/interfaces/srv/detail/decoder__rosidl_typesupport_fastrtps_c.h
-- Installing: /workspace/BMI/install/interfaces/lib/libinterfaces__rosidl_typesupport_fastrtps_c.so
-- Set runtime path of "/workspace/BMI/install/interfaces/lib/libinterfaces__rosidl_typesupport_fastrtps_c.so" to ""
-- Up-to-date: /workspace/BMI/install/interfaces/include/interfaces/interfaces
-- Up-to-date: /workspace/BMI/install/interfaces/include/interfaces/interfaces/msg
-- Up-to-date: /workspace/BMI/install/interfaces/include/interfaces/interfaces/msg/rosidl_typesupport_introspection_c__visibility_control.h
-- Up-to-date: /workspace/BMI/install/interfaces/include/interfaces/interfaces/msg/detail
-- Installing: /workspace/BMI/install/interfaces/include/interfaces/interfaces/msg/detail/decoder_element__type_support.c
-- Installing: /workspace/BMI/install/interfaces/include/interfaces/interfaces/msg/detail/ir__type_support.c
-- Up-to-date: /workspace/BMI/install/interfaces/include/interfaces/interfaces/msg/detail/num__rosidl_typesupport_introspection_c.h
-- Installing: /workspace/BMI/install/interfaces/include/interfaces/interfaces/msg/detail/sample__rosidl_typesupport_introspection_c.h
-- Installing: /workspace/BMI/install/interfaces/include/interfaces/interfaces/msg/detail/decoder_element__rosidl_typesupport_introspection_c.h
-- Installing: /workspace/BMI/install/interfaces/include/interfaces/interfaces/msg/detail/state__type_support.c
-- Installing: /workspace/BMI/install/interfaces/include/interfaces/interfaces/msg/detail/ir__rosidl_typesupport_introspection_c.h
-- Up-to-date: /workspace/BMI/install/interfaces/include/interfaces/interfaces/msg/detail/num__type_support.c
-- Installing: /workspace/BMI/install/interfaces/include/interfaces/interfaces/msg/detail/sample__type_support.c
-- Installing: /workspace/BMI/install/interfaces/include/interfaces/interfaces/msg/detail/state__rosidl_typesupport_introspection_c.h
-- Up-to-date: /workspace/BMI/install/interfaces/include/interfaces/interfaces/srv
-- Up-to-date: /workspace/BMI/install/interfaces/include/interfaces/interfaces/srv/detail
-- Installing: /workspace/BMI/install/interfaces/include/interfaces/interfaces/srv/detail/decoder__type_support.c
-- Installing: /workspace/BMI/install/interfaces/include/interfaces/interfaces/srv/detail/decoder__rosidl_typesupport_introspection_c.h
-- Installing: /workspace/BMI/install/interfaces/lib/libinterfaces__rosidl_typesupport_introspection_c.so
-- Set runtime path of "/workspace/BMI/install/interfaces/lib/libinterfaces__rosidl_typesupport_introspection_c.so" to ""
-- Installing: /workspace/BMI/install/interfaces/lib/libinterfaces__rosidl_typesupport_c.so
-- Set runtime path of "/workspace/BMI/install/interfaces/lib/libinterfaces__rosidl_typesupport_c.so" to ""
-- Up-to-date: /workspace/BMI/install/interfaces/include/interfaces/interfaces
-- Up-to-date: /workspace/BMI/install/interfaces/include/interfaces/interfaces/msg
-- Installing: /workspace/BMI/install/interfaces/include/interfaces/interfaces/msg/ir.hpp
-- Installing: /workspace/BMI/install/interfaces/include/interfaces/interfaces/msg/decoder_element.hpp
-- Installing: /workspace/BMI/install/interfaces/include/interfaces/interfaces/msg/state.hpp
-- Up-to-date: /workspace/BMI/install/interfaces/include/interfaces/interfaces/msg/detail
-- Up-to-date: /workspace/BMI/install/interfaces/include/interfaces/interfaces/msg/detail/num__builder.hpp
-- Installing: /workspace/BMI/install/interfaces/include/interfaces/interfaces/msg/detail/decoder_element__traits.hpp
-- Installing: /workspace/BMI/install/interfaces/include/interfaces/interfaces/msg/detail/sample__traits.hpp
-- Installing: /workspace/BMI/install/interfaces/include/interfaces/interfaces/msg/detail/state__traits.hpp
-- Up-to-date: /workspace/BMI/install/interfaces/include/interfaces/interfaces/msg/detail/num__traits.hpp
-- Installing: /workspace/BMI/install/interfaces/include/interfaces/interfaces/msg/detail/ir__traits.hpp
-- Installing: /workspace/BMI/install/interfaces/include/interfaces/interfaces/msg/detail/ir__builder.hpp
-- Up-to-date: /workspace/BMI/install/interfaces/include/interfaces/interfaces/msg/detail/num__struct.hpp
-- Installing: /workspace/BMI/install/interfaces/include/interfaces/interfaces/msg/detail/sample__builder.hpp
-- Installing: /workspace/BMI/install/interfaces/include/interfaces/interfaces/msg/detail/decoder_element__struct.hpp
-- Installing: /workspace/BMI/install/interfaces/include/interfaces/interfaces/msg/detail/state__struct.hpp
-- Installing: /workspace/BMI/install/interfaces/include/interfaces/interfaces/msg/detail/decoder_element__builder.hpp
-- Installing: /workspace/BMI/install/interfaces/include/interfaces/interfaces/msg/detail/state__builder.hpp
-- Installing: /workspace/BMI/install/interfaces/include/interfaces/interfaces/msg/detail/ir__struct.hpp
-- Installing: /workspace/BMI/install/interfaces/include/interfaces/interfaces/msg/detail/sample__struct.hpp
-- Up-to-date: /workspace/BMI/install/interfaces/include/interfaces/interfaces/msg/num.hpp
-- Installing: /workspace/BMI/install/interfaces/include/interfaces/interfaces/msg/sample.hpp
-- Up-to-date: /workspace/BMI/install/interfaces/include/interfaces/interfaces/srv
-- Installing: /workspace/BMI/install/interfaces/include/interfaces/interfaces/srv/decoder.hpp
-- Up-to-date: /workspace/BMI/install/interfaces/include/interfaces/interfaces/srv/detail
-- Installing: /workspace/BMI/install/interfaces/include/interfaces/interfaces/srv/detail/decoder__struct.hpp
-- Installing: /workspace/BMI/install/interfaces/include/interfaces/interfaces/srv/detail/decoder__traits.hpp
-- Installing: /workspace/BMI/install/interfaces/include/interfaces/interfaces/srv/detail/decoder__builder.hpp
-- Up-to-date: /workspace/BMI/install/interfaces/include/interfaces/interfaces
-- Up-to-date: /workspace/BMI/install/interfaces/include/interfaces/interfaces/msg
-- Up-to-date: /workspace/BMI/install/interfaces/include/interfaces/interfaces/msg/rosidl_typesupport_fastrtps_cpp__visibility_control.h
-- Up-to-date: /workspace/BMI/install/interfaces/include/interfaces/interfaces/msg/detail
-- Installing: /workspace/BMI/install/interfaces/include/interfaces/interfaces/msg/detail/decoder_element__rosidl_typesupport_fastrtps_cpp.hpp
-- Up-to-date: /workspace/BMI/install/interfaces/include/interfaces/interfaces/msg/detail/num__rosidl_typesupport_fastrtps_cpp.hpp
-- Installing: /workspace/BMI/install/interfaces/include/interfaces/interfaces/msg/detail/ir__rosidl_typesupport_fastrtps_cpp.hpp
-- Up-to-date: /workspace/BMI/install/interfaces/include/interfaces/interfaces/msg/detail/dds_fastrtps
-- Installing: /workspace/BMI/install/interfaces/include/interfaces/interfaces/msg/detail/sample__rosidl_typesupport_fastrtps_cpp.hpp
-- Installing: /workspace/BMI/install/interfaces/include/interfaces/interfaces/msg/detail/state__rosidl_typesupport_fastrtps_cpp.hpp
-- Up-to-date: /workspace/BMI/install/interfaces/include/interfaces/interfaces/srv
-- Up-to-date: /workspace/BMI/install/interfaces/include/interfaces/interfaces/srv/detail
-- Up-to-date: /workspace/BMI/install/interfaces/include/interfaces/interfaces/srv/detail/dds_fastrtps
-- Installing: /workspace/BMI/install/interfaces/include/interfaces/interfaces/srv/detail/decoder__rosidl_typesupport_fastrtps_cpp.hpp
-- Installing: /workspace/BMI/install/interfaces/lib/libinterfaces__rosidl_typesupport_fastrtps_cpp.so
-- Set runtime path of "/workspace/BMI/install/interfaces/lib/libinterfaces__rosidl_typesupport_fastrtps_cpp.so" to ""
-- Up-to-date: /workspace/BMI/install/interfaces/include/interfaces/interfaces
-- Up-to-date: /workspace/BMI/install/interfaces/include/interfaces/interfaces/msg
-- Up-to-date: /workspace/BMI/install/interfaces/include/interfaces/interfaces/msg/detail
-- Installing: /workspace/BMI/install/interfaces/include/interfaces/interfaces/msg/detail/ir__type_support.cpp
-- Installing: /workspace/BMI/install/interfaces/include/interfaces/interfaces/msg/detail/ir__rosidl_typesupport_introspection_cpp.hpp
-- Installing: /workspace/BMI/install/interfaces/include/interfaces/interfaces/msg/detail/sample__type_support.cpp
-- Installing: /workspace/BMI/install/interfaces/include/interfaces/interfaces/msg/detail/decoder_element__rosidl_typesupport_introspection_cpp.hpp
-- Installing: /workspace/BMI/install/interfaces/include/interfaces/interfaces/msg/detail/state__type_support.cpp
-- Installing: /workspace/BMI/install/interfaces/include/interfaces/interfaces/msg/detail/state__rosidl_typesupport_introspection_cpp.hpp
-- Up-to-date: /workspace/BMI/install/interfaces/include/interfaces/interfaces/msg/detail/num__rosidl_typesupport_introspection_cpp.hpp
-- Up-to-date: /workspace/BMI/install/interfaces/include/interfaces/interfaces/msg/detail/num__type_support.cpp
-- Installing: /workspace/BMI/install/interfaces/include/interfaces/interfaces/msg/detail/sample__rosidl_typesupport_introspection_cpp.hpp
-- Installing: /workspace/BMI/install/interfaces/include/interfaces/interfaces/msg/detail/decoder_element__type_support.cpp
-- Up-to-date: /workspace/BMI/install/interfaces/include/interfaces/interfaces/srv
-- Up-to-date: /workspace/BMI/install/interfaces/include/interfaces/interfaces/srv/detail
-- Installing: /workspace/BMI/install/interfaces/include/interfaces/interfaces/srv/detail/decoder__type_support.cpp
-- Installing: /workspace/BMI/install/interfaces/include/interfaces/interfaces/srv/detail/decoder__rosidl_typesupport_introspection_cpp.hpp
-- Installing: /workspace/BMI/install/interfaces/lib/libinterfaces__rosidl_typesupport_introspection_cpp.so
-- Set runtime path of "/workspace/BMI/install/interfaces/lib/libinterfaces__rosidl_typesupport_introspection_cpp.so" to ""
-- Installing: /workspace/BMI/install/interfaces/lib/libinterfaces__rosidl_typesupport_cpp.so
-- Set runtime path of "/workspace/BMI/install/interfaces/lib/libinterfaces__rosidl_typesupport_cpp.so" to ""
-- Up-to-date: /workspace/BMI/install/interfaces/share/interfaces/environment/pythonpath.sh
-- Installing: /workspace/BMI/install/interfaces/share/interfaces/environment/pythonpath.dsv
-- Up-to-date: /workspace/BMI/install/interfaces/local/lib/python3.10/dist-packages/interfaces-0.0.0-py3.10.egg-info
-- Installing: /workspace/BMI/install/interfaces/local/lib/python3.10/dist-packages/interfaces-0.0.0-py3.10.egg-info/PKG-INFO
-- Installing: /workspace/BMI/install/interfaces/local/lib/python3.10/dist-packages/interfaces-0.0.0-py3.10.egg-info/dependency_links.txt
-- Installing: /workspace/BMI/install/interfaces/local/lib/python3.10/dist-packages/interfaces-0.0.0-py3.10.egg-info/top_level.txt
-- Installing: /workspace/BMI/install/interfaces/local/lib/python3.10/dist-packages/interfaces-0.0.0-py3.10.egg-info/SOURCES.txt
-- Up-to-date: /workspace/BMI/install/interfaces/local/lib/python3.10/dist-packages/interfaces
-- Up-to-date: /workspace/BMI/install/interfaces/local/lib/python3.10/dist-packages/interfaces/msg
-- Installing: /workspace/BMI/install/interfaces/local/lib/python3.10/dist-packages/interfaces/msg/_decoder_element.py
-- Installing: /workspace/BMI/install/interfaces/local/lib/python3.10/dist-packages/interfaces/msg/_ir_s.c
-- Installing: /workspace/BMI/install/interfaces/local/lib/python3.10/dist-packages/interfaces/msg/_ir.py
-- Installing: /workspace/BMI/install/interfaces/local/lib/python3.10/dist-packages/interfaces/msg/_state.py
-- Installing: /workspace/BMI/install/interfaces/local/lib/python3.10/dist-packages/interfaces/msg/_state_s.c
-- Installing: /workspace/BMI/install/interfaces/local/lib/python3.10/dist-packages/interfaces/msg/_sample_s.c
-- Installing: /workspace/BMI/install/interfaces/local/lib/python3.10/dist-packages/interfaces/msg/__init__.py
-- Installing: /workspace/BMI/install/interfaces/local/lib/python3.10/dist-packages/interfaces/msg/_decoder_element_s.c
-- Up-to-date: /workspace/BMI/install/interfaces/local/lib/python3.10/dist-packages/interfaces/msg/_num.py
-- Up-to-date: /workspace/BMI/install/interfaces/local/lib/python3.10/dist-packages/interfaces/msg/_num_s.c
-- Installing: /workspace/BMI/install/interfaces/local/lib/python3.10/dist-packages/interfaces/msg/_sample.py
-- Installing: /workspace/BMI/install/interfaces/local/lib/python3.10/dist-packages/interfaces/_interfaces_s.ep.rosidl_typesupport_fastrtps_c.c
-- Up-to-date: /workspace/BMI/install/interfaces/local/lib/python3.10/dist-packages/interfaces/srv
-- Installing: /workspace/BMI/install/interfaces/local/lib/python3.10/dist-packages/interfaces/srv/_decoder.py
-- Installing: /workspace/BMI/install/interfaces/local/lib/python3.10/dist-packages/interfaces/srv/_decoder_s.c
-- Installing: /workspace/BMI/install/interfaces/local/lib/python3.10/dist-packages/interfaces/srv/__init__.py
-- Installing: /workspace/BMI/install/interfaces/local/lib/python3.10/dist-packages/interfaces/libinterfaces__rosidl_generator_py.so
-- Installing: /workspace/BMI/install/interfaces/local/lib/python3.10/dist-packages/interfaces/interfaces_s__rosidl_typesupport_introspection_c.cpython-310-x86_64-linux-gnu.so
-- Installing: /workspace/BMI/install/interfaces/local/lib/python3.10/dist-packages/interfaces/interfaces_s__rosidl_typesupport_c.cpython-310-x86_64-linux-gnu.so
-- Installing: /workspace/BMI/install/interfaces/local/lib/python3.10/dist-packages/interfaces/_interfaces_s.ep.rosidl_typesupport_c.c
-- Installing: /workspace/BMI/install/interfaces/local/lib/python3.10/dist-packages/interfaces/__init__.py
-- Installing: /workspace/BMI/install/interfaces/local/lib/python3.10/dist-packages/interfaces/interfaces_s__rosidl_typesupport_fastrtps_c.cpython-310-x86_64-linux-gnu.so
-- Installing: /workspace/BMI/install/interfaces/local/lib/python3.10/dist-packages/interfaces/_interfaces_s.ep.rosidl_typesupport_introspection_c.c
Listing '/workspace/BMI/install/interfaces/local/lib/python3.10/dist-packages/interfaces'...
Compiling '/workspace/BMI/install/interfaces/local/lib/python3.10/dist-packages/interfaces/__init__.py'...
Listing '/workspace/BMI/install/interfaces/local/lib/python3.10/dist-packages/interfaces/msg'...
Compiling '/workspace/BMI/install/interfaces/local/lib/python3.10/dist-packages/interfaces/msg/__init__.py'...
Compiling '/workspace/BMI/install/interfaces/local/lib/python3.10/dist-packages/interfaces/msg/_decoder_element.py'...
Compiling '/workspace/BMI/install/interfaces/local/lib/python3.10/dist-packages/interfaces/msg/_ir.py'...
Compiling '/workspace/BMI/install/interfaces/local/lib/python3.10/dist-packages/interfaces/msg/_sample.py'...
Compiling '/workspace/BMI/install/interfaces/local/lib/python3.10/dist-packages/interfaces/msg/_state.py'...
Listing '/workspace/BMI/install/interfaces/local/lib/python3.10/dist-packages/interfaces/srv'...
Compiling '/workspace/BMI/install/interfaces/local/lib/python3.10/dist-packages/interfaces/srv/__init__.py'...
Compiling '/workspace/BMI/install/interfaces/local/lib/python3.10/dist-packages/interfaces/srv/_decoder.py'...
-- Installing: /workspace/BMI/install/interfaces/local/lib/python3.10/dist-packages/interfaces/interfaces_s__rosidl_typesupport_fastrtps_c.cpython-310-x86_64-linux-gnu.so
-- Set runtime path of "/workspace/BMI/install/interfaces/local/lib/python3.10/dist-packages/interfaces/interfaces_s__rosidl_typesupport_fastrtps_c.cpython-310-x86_64-linux-gnu.so" to ""
-- Installing: /workspace/BMI/install/interfaces/local/lib/python3.10/dist-packages/interfaces/interfaces_s__rosidl_typesupport_introspection_c.cpython-310-x86_64-linux-gnu.so
-- Set runtime path of "/workspace/BMI/install/interfaces/local/lib/python3.10/dist-packages/interfaces/interfaces_s__rosidl_typesupport_introspection_c.cpython-310-x86_64-linux-gnu.so" to ""
-- Installing: /workspace/BMI/install/interfaces/local/lib/python3.10/dist-packages/interfaces/interfaces_s__rosidl_typesupport_c.cpython-310-x86_64-linux-gnu.so
-- Set runtime path of "/workspace/BMI/install/interfaces/local/lib/python3.10/dist-packages/interfaces/interfaces_s__rosidl_typesupport_c.cpython-310-x86_64-linux-gnu.so" to ""
-- Installing: /workspace/BMI/install/interfaces/lib/libinterfaces__rosidl_generator_py.so
-- Set runtime path of "/workspace/BMI/install/interfaces/lib/libinterfaces__rosidl_generator_py.so" to ""
-- Up-to-date: /workspace/BMI/install/interfaces/share/interfaces/msg/Ir.idl
-- Up-to-date: /workspace/BMI/install/interfaces/share/interfaces/msg/Sample.idl
-- Up-to-date: /workspace/BMI/install/interfaces/share/interfaces/msg/State.idl
-- Installing: /workspace/BMI/install/interfaces/share/interfaces/msg/DecoderElement.idl
-- Up-to-date: /workspace/BMI/install/interfaces/share/interfaces/srv/Decoder.idl
-- Up-to-date: /workspace/BMI/install/interfaces/share/interfaces/msg/Ir.msg
-- Up-to-date: /workspace/BMI/install/interfaces/share/interfaces/msg/Sample.msg
-- Up-to-date: /workspace/BMI/install/interfaces/share/interfaces/msg/State.msg
-- Installing: /workspace/BMI/install/interfaces/share/interfaces/msg/DecoderElement.msg
-- Up-to-date: /workspace/BMI/install/interfaces/share/interfaces/srv/Decoder.srv
-- Up-to-date: /workspace/BMI/install/interfaces/share/interfaces/srv/Decoder_Request.msg
-- Up-to-date: /workspace/BMI/install/interfaces/share/interfaces/srv/Decoder_Response.msg
-- Up-to-date: /workspace/BMI/install/interfaces/share/ament_index/resource_index/package_run_dependencies/interfaces
-- Up-to-date: /workspace/BMI/install/interfaces/share/ament_index/resource_index/parent_prefix_path/interfaces
-- Up-to-date: /workspace/BMI/install/interfaces/share/interfaces/environment/ament_prefix_path.sh
-- Installing: /workspace/BMI/install/interfaces/share/interfaces/environment/ament_prefix_path.dsv
-- Up-to-date: /workspace/BMI/install/interfaces/share/interfaces/environment/path.sh
-- Installing: /workspace/BMI/install/interfaces/share/interfaces/environment/path.dsv
-- Up-to-date: /workspace/BMI/install/interfaces/share/interfaces/local_setup.bash
-- Up-to-date: /workspace/BMI/install/interfaces/share/interfaces/local_setup.sh
-- Up-to-date: /workspace/BMI/install/interfaces/share/interfaces/local_setup.zsh
-- Installing: /workspace/BMI/install/interfaces/share/interfaces/local_setup.dsv
-- Installing: /workspace/BMI/install/interfaces/share/interfaces/package.dsv
-- Up-to-date: /workspace/BMI/install/interfaces/share/ament_index/resource_index/packages/interfaces
-- Up-to-date: /workspace/BMI/install/interfaces/share/interfaces/cmake/export_interfaces__rosidl_generator_cExport.cmake
-- Up-to-date: /workspace/BMI/install/interfaces/share/interfaces/cmake/export_interfaces__rosidl_generator_cExport-noconfig.cmake
-- Up-to-date: /workspace/BMI/install/interfaces/share/interfaces/cmake/export_interfaces__rosidl_typesupport_fastrtps_cExport.cmake
-- Up-to-date: /workspace/BMI/install/interfaces/share/interfaces/cmake/export_interfaces__rosidl_typesupport_fastrtps_cExport-noconfig.cmake
-- Up-to-date: /workspace/BMI/install/interfaces/share/interfaces/cmake/interfaces__rosidl_typesupport_introspection_cExport.cmake
-- Up-to-date: /workspace/BMI/install/interfaces/share/interfaces/cmake/interfaces__rosidl_typesupport_introspection_cExport-noconfig.cmake
-- Up-to-date: /workspace/BMI/install/interfaces/share/interfaces/cmake/interfaces__rosidl_typesupport_cExport.cmake
-- Up-to-date: /workspace/BMI/install/interfaces/share/interfaces/cmake/interfaces__rosidl_typesupport_cExport-noconfig.cmake
-- Up-to-date: /workspace/BMI/install/interfaces/share/interfaces/cmake/export_interfaces__rosidl_generator_cppExport.cmake
-- Up-to-date: /workspace/BMI/install/interfaces/share/interfaces/cmake/export_interfaces__rosidl_typesupport_fastrtps_cppExport.cmake
-- Up-to-date: /workspace/BMI/install/interfaces/share/interfaces/cmake/export_interfaces__rosidl_typesupport_fastrtps_cppExport-noconfig.cmake
-- Up-to-date: /workspace/BMI/install/interfaces/share/interfaces/cmake/interfaces__rosidl_typesupport_introspection_cppExport.cmake
-- Up-to-date: /workspace/BMI/install/interfaces/share/interfaces/cmake/interfaces__rosidl_typesupport_introspection_cppExport-noconfig.cmake
-- Up-to-date: /workspace/BMI/install/interfaces/share/interfaces/cmake/interfaces__rosidl_typesupport_cppExport.cmake
-- Up-to-date: /workspace/BMI/install/interfaces/share/interfaces/cmake/interfaces__rosidl_typesupport_cppExport-noconfig.cmake
-- Up-to-date: /workspace/BMI/install/interfaces/share/interfaces/cmake/export_interfaces__rosidl_generator_pyExport.cmake
-- Up-to-date: /workspace/BMI/install/interfaces/share/interfaces/cmake/export_interfaces__rosidl_generator_pyExport-noconfig.cmake
-- Up-to-date: /workspace/BMI/install/interfaces/share/interfaces/cmake/rosidl_cmake-extras.cmake
-- Up-to-date: /workspace/BMI/install/interfaces/share/interfaces/cmake/ament_cmake_export_include_directories-extras.cmake
-- Up-to-date: /workspace/BMI/install/interfaces/share/interfaces/cmake/ament_cmake_export_libraries-extras.cmake
-- Up-to-date: /workspace/BMI/install/interfaces/share/interfaces/cmake/ament_cmake_export_targets-extras.cmake
-- Up-to-date: /workspace/BMI/install/interfaces/share/interfaces/cmake/rosidl_cmake_export_typesupport_targets-extras.cmake
-- Up-to-date: /workspace/BMI/install/interfaces/share/interfaces/cmake/ament_cmake_export_dependencies-extras.cmake
-- Up-to-date: /workspace/BMI/install/interfaces/share/interfaces/cmake/rosidl_cmake_export_typesupport_libraries-extras.cmake
-- Up-to-date: /workspace/BMI/install/interfaces/share/interfaces/cmake/interfacesConfig.cmake
-- Up-to-date: /workspace/BMI/install/interfaces/share/interfaces/cmake/interfacesConfig-version.cmake
-- Up-to-date: /workspace/BMI/install/interfaces/share/interfaces/package.xml
