[0.183s] Invoking command in '/workspace/BMI/build/interfaces': CMAKE_PREFIX_PATH=/opt/ros/humble /usr/bin/cmake --build /workspace/BMI/build/interfaces -- -j20 -l20
[0.505s] [  1%] Built target interfaces__cpp
[0.505s] [ 12%] Built target interfaces__rosidl_generator_c
[0.505s] [ 12%] Built target ament_cmake_python_copy_interfaces
[0.506s] [ 23%] Built target interfaces__rosidl_typesupport_c
[0.506s] [ 35%] Built target interfaces__rosidl_typesupport_introspection_c
[0.506s] [ 46%] Built target interfaces__rosidl_typesupport_cpp
[0.506s] [ 57%] Built target interfaces__rosidl_typesupport_introspection_cpp
[0.506s] [ 69%] Built target interfaces__rosidl_typesupport_fastrtps_cpp
[0.506s] [ 80%] Built target interfaces__rosidl_typesupport_fastrtps_c
[0.506s] [ 80%] Built target interfaces
[0.506s] [ 81%] Built target interfaces__py
[0.506s] [ 91%] Built target interfaces__rosidl_generator_py
[0.506s] [100%] Built target interfaces__rosidl_typesupport_fastrtps_c__pyext
[0.506s] [100%] Built target interfaces__rosidl_typesupport_c__pyext
[0.506s] [100%] Built target interfaces__rosidl_typesupport_introspection_c__pyext
[0.506s] running egg_info
[0.506s] writing interfaces.egg-info/PKG-INFO
[0.506s] writing dependency_links to interfaces.egg-info/dependency_links.txt
[0.506s] writing top-level names to interfaces.egg-info/top_level.txt
[0.506s] reading manifest file 'interfaces.egg-info/SOURCES.txt'
[0.506s] writing manifest file 'interfaces.egg-info/SOURCES.txt'
[0.506s] [100%] Built target ament_cmake_python_build_interfaces_egg
