running egg_info
writing ../../build/state_reader/state_reader.egg-info/PKG-INFO
writing dependency_links to ../../build/state_reader/state_reader.egg-info/dependency_links.txt
writing entry points to ../../build/state_reader/state_reader.egg-info/entry_points.txt
writing requirements to ../../build/state_reader/state_reader.egg-info/requires.txt
writing top-level names to ../../build/state_reader/state_reader.egg-info/top_level.txt
reading manifest file '../../build/state_reader/state_reader.egg-info/SOURCES.txt'
writing manifest file '../../build/state_reader/state_reader.egg-info/SOURCES.txt'
running build
running build_py
/usr/lib/python3/dist-packages/setuptools/command/install.py:34: SetuptoolsDeprecationWarning: setup.py install is deprecated. Use build and pip and other standards-based tools.
  warnings.warn(
running install
running install_lib
running install_data
running install_egg_info
removing '/workspace/BMI/install/state_reader/lib/python3.10/site-packages/state_reader-0.0.0-py3.10.egg-info' (and everything under it)
Copying ../../build/state_reader/state_reader.egg-info to /workspace/BMI/install/state_reader/lib/python3.10/site-packages/state_reader-0.0.0-py3.10.egg-info
running install_scripts
writing list of installed files to '/workspace/BMI/build/state_reader/install.log'
