running egg_info
writing ../../build/decoding_element/decoding_element.egg-info/PKG-INFO
writing dependency_links to ../../build/decoding_element/decoding_element.egg-info/dependency_links.txt
writing entry points to ../../build/decoding_element/decoding_element.egg-info/entry_points.txt
writing requirements to ../../build/decoding_element/decoding_element.egg-info/requires.txt
writing top-level names to ../../build/decoding_element/decoding_element.egg-info/top_level.txt
reading manifest file '../../build/decoding_element/decoding_element.egg-info/SOURCES.txt'
writing manifest file '../../build/decoding_element/decoding_element.egg-info/SOURCES.txt'
running build
running build_py
copying decoding_element/decoding_element_trainer.py -> /workspace/BMI/build/decoding_element/build/lib/decoding_element
running install
running install_lib
copying /workspace/BMI/build/decoding_element/build/lib/decoding_element/decoding_element_trainer.py -> /workspace/BMI/install/decoding_element/lib/python3.10/site-packages/decoding_element
byte-compiling /workspace/BMI/install/decoding_element/lib/python3.10/site-packages/decoding_element/decoding_element_trainer.py to decoding_element_trainer.cpython-310.pyc
running install_data
running install_egg_info
removing '/workspace/BMI/install/decoding_element/lib/python3.10/site-packages/decoding_element-0.0.0-py3.10.egg-info' (and everything under it)
Copying ../../build/decoding_element/decoding_element.egg-info to /workspace/BMI/install/decoding_element/lib/python3.10/site-packages/decoding_element-0.0.0-py3.10.egg-info
running install_scripts
Installing integrator script to /workspace/BMI/install/decoding_element/lib/decoding_element
Installing trainer script to /workspace/BMI/install/decoding_element/lib/decoding_element
writing list of installed files to '/workspace/BMI/build/decoding_element/install.log'
