/workspace/BMI/install/observation_reader/lib/python3.10/site-packages/observation_reader/blackrock_passive_ir_publisher.py
/workspace/BMI/install/observation_reader/lib/python3.10/site-packages/observation_reader/blackrock_active_ir_publisher.py
/workspace/BMI/install/observation_reader/lib/python3.10/site-packages/observation_reader/__init__.py
/workspace/BMI/install/observation_reader/lib/python3.10/site-packages/observation_reader/blackrock_passive_ir_publisher_old.py
/workspace/BMI/install/observation_reader/lib/python3.10/site-packages/observation_reader/blackrock_active_ir_publisher_old.py
/workspace/BMI/install/observation_reader/lib/python3.10/site-packages/observation_reader/__pycache__/blackrock_passive_ir_publisher.cpython-310.pyc
/workspace/BMI/install/observation_reader/lib/python3.10/site-packages/observation_reader/__pycache__/blackrock_active_ir_publisher.cpython-310.pyc
/workspace/BMI/install/observation_reader/lib/python3.10/site-packages/observation_reader/__pycache__/__init__.cpython-310.pyc
/workspace/BMI/install/observation_reader/lib/python3.10/site-packages/observation_reader/__pycache__/blackrock_passive_ir_publisher_old.cpython-310.pyc
/workspace/BMI/install/observation_reader/lib/python3.10/site-packages/observation_reader/__pycache__/blackrock_active_ir_publisher_old.cpython-310.pyc
/workspace/BMI/install/observation_reader/share/ament_index/resource_index/packages/observation_reader
/workspace/BMI/install/observation_reader/share/observation_reader/package.xml
/workspace/BMI/install/observation_reader/lib/python3.10/site-packages/observation_reader-0.0.0-py3.10.egg-info/PKG-INFO
/workspace/BMI/install/observation_reader/lib/python3.10/site-packages/observation_reader-0.0.0-py3.10.egg-info/dependency_links.txt
/workspace/BMI/install/observation_reader/lib/python3.10/site-packages/observation_reader-0.0.0-py3.10.egg-info/entry_points.txt
/workspace/BMI/install/observation_reader/lib/python3.10/site-packages/observation_reader-0.0.0-py3.10.egg-info/zip-safe
/workspace/BMI/install/observation_reader/lib/python3.10/site-packages/observation_reader-0.0.0-py3.10.egg-info/top_level.txt
/workspace/BMI/install/observation_reader/lib/python3.10/site-packages/observation_reader-0.0.0-py3.10.egg-info/SOURCES.txt
/workspace/BMI/install/observation_reader/lib/python3.10/site-packages/observation_reader-0.0.0-py3.10.egg-info/requires.txt
/workspace/BMI/install/observation_reader/lib/observation_reader/blackrock_ir_talker
