[1.003s] Invoking command in '/workspace/BMI/src/decoding_element': PYTHONPATH=/workspace/BMI/install/decoding_element/lib/python3.10/site-packages:${PYTHONPATH} /usr/bin/python3 setup.py egg_info --egg-base ../../build/decoding_element build --build-base /workspace/BMI/build/decoding_element/build install --prefix /workspace/BMI/install/decoding_element --record /workspace/BMI/build/decoding_element/install.log --single-version-externally-managed
[1.170s] running egg_info
[1.170s] writing ../../build/decoding_element/decoding_element.egg-info/PKG-INFO
[1.170s] writing dependency_links to ../../build/decoding_element/decoding_element.egg-info/dependency_links.txt
[1.171s] writing entry points to ../../build/decoding_element/decoding_element.egg-info/entry_points.txt
[1.171s] writing requirements to ../../build/decoding_element/decoding_element.egg-info/requires.txt
[1.171s] writing top-level names to ../../build/decoding_element/decoding_element.egg-info/top_level.txt
[1.172s] reading manifest file '../../build/decoding_element/decoding_element.egg-info/SOURCES.txt'
[1.172s] writing manifest file '../../build/decoding_element/decoding_element.egg-info/SOURCES.txt'
[1.172s] running build
[1.172s] running build_py
[1.173s] copying decoding_element/decoding_element_trainer_old.py -> /workspace/BMI/build/decoding_element/build/lib/decoding_element
[1.173s] copying decoding_element/decoding_element_trainer.py -> /workspace/BMI/build/decoding_element/build/lib/decoding_element
[1.173s] copying decoding_element/data_integrator.py -> /workspace/BMI/build/decoding_element/build/lib/decoding_element
[1.173s] running install
[1.173s] /usr/lib/python3/dist-packages/setuptools/command/install.py:34: SetuptoolsDeprecationWarning: setup.py install is deprecated. Use build and pip and other standards-based tools.
[1.173s]   warnings.warn(
[1.173s] running install_lib
[1.174s] copying /workspace/BMI/build/decoding_element/build/lib/decoding_element/decoding_element_trainer_old.py -> /workspace/BMI/install/decoding_element/lib/python3.10/site-packages/decoding_element
[1.174s] copying /workspace/BMI/build/decoding_element/build/lib/decoding_element/decoding_element_trainer.py -> /workspace/BMI/install/decoding_element/lib/python3.10/site-packages/decoding_element
[1.174s] copying /workspace/BMI/build/decoding_element/build/lib/decoding_element/data_integrator.py -> /workspace/BMI/install/decoding_element/lib/python3.10/site-packages/decoding_element
[1.174s] byte-compiling /workspace/BMI/install/decoding_element/lib/python3.10/site-packages/decoding_element/decoding_element_trainer_old.py to decoding_element_trainer_old.cpython-310.pyc
[1.175s] byte-compiling /workspace/BMI/install/decoding_element/lib/python3.10/site-packages/decoding_element/decoding_element_trainer.py to decoding_element_trainer.cpython-310.pyc
[1.175s] byte-compiling /workspace/BMI/install/decoding_element/lib/python3.10/site-packages/decoding_element/data_integrator.py to data_integrator.cpython-310.pyc
[1.176s] /workspace/BMI/install/decoding_element/lib/python3.10/site-packages/decoding_element/data_integrator.py:104: SyntaxWarning: "is" with a literal. Did you mean "=="?
[1.176s]   if data_type is 'observation':
[1.176s] running install_data
[1.177s] running install_egg_info
[1.178s] removing '/workspace/BMI/install/decoding_element/lib/python3.10/site-packages/decoding_element-0.0.0-py3.10.egg-info' (and everything under it)
[1.178s] Copying ../../build/decoding_element/decoding_element.egg-info to /workspace/BMI/install/decoding_element/lib/python3.10/site-packages/decoding_element-0.0.0-py3.10.egg-info
[1.179s] running install_scripts
[1.194s] Installing integrator script to /workspace/BMI/install/decoding_element/lib/decoding_element
[1.194s] Installing predictor script to /workspace/BMI/install/decoding_element/lib/decoding_element
[1.194s] Installing trainer script to /workspace/BMI/install/decoding_element/lib/decoding_element
[1.194s] writing list of installed files to '/workspace/BMI/build/decoding_element/install.log'
[1.218s] Invoked command in '/workspace/BMI/src/decoding_element' returned '0': PYTHONPATH=/workspace/BMI/install/decoding_element/lib/python3.10/site-packages:${PYTHONPATH} /usr/bin/python3 setup.py egg_info --egg-base ../../build/decoding_element build --build-base /workspace/BMI/build/decoding_element/build install --prefix /workspace/BMI/install/decoding_element --record /workspace/BMI/build/decoding_element/install.log --single-version-externally-managed
