-- Found ament_cmake: 1.3.2 (/opt/ros/humble/share/ament_cmake/cmake)
-- Found rosidl_default_generators: 1.2.0 (/opt/ros/humble/share/rosidl_default_generators/cmake)
-- Using all available rosidl_typesupport_c: rosidl_typesupport_fastrtps_c;rosidl_typesupport_introspection_c
-- Found rosidl_adapter: 3.1.3 (/opt/ros/humble/share/rosidl_adapter/cmake)
-- Using all available rosidl_typesupport_cpp: rosidl_typesupport_fastrtps_cpp;rosidl_typesupport_introspection_cpp
-- Found ament_cmake_ros: 0.10.0 (/opt/ros/humble/share/ament_cmake_ros/cmake)
-- Using all available rosidl_typesupport_c: rosidl_typesupport_fastrtps_c;rosidl_typesupport_introspection_c
-- Using all available rosidl_typesupport_cpp: rosidl_typesupport_fastrtps_cpp;rosidl_typesupport_introspection_cpp
-- Found python_cmake_module: 0.10.0 (/opt/ros/humble/share/python_cmake_module/cmake)
-- Using PYTHON_EXECUTABLE: /usr/bin/python3
-- Using PYTHON_INCLUDE_DIRS: /usr/include/python3.10
-- Using PYTHON_LIBRARIES: /usr/lib/x86_64-linux-gnu/libpython3.10.so
-- Found ament_lint_auto: 0.12.4 (/opt/ros/humble/share/ament_lint_auto/cmake)
-- Added test 'lint_cmake' to check CMake code style
-- Added test 'xmllint' to check XML markup files
-- Configuring done
-- Generating done
-- Build files have been written to: /workspace/BMI/build/interfaces
[  3%] [34m[1mGenerating C code for ROS interfaces[0m
[  6%] [34m[1mGenerating C++ code for ROS interfaces[0m
[  6%] Built target ament_cmake_python_copy_interfaces
[  6%] Built target interfaces__cpp
[35m[1mConsolidate compiler generated dependencies of target interfaces__rosidl_generator_c[0m
[ 16%] [34m[1mGenerating C++ introspection for ROS interfaces[0m
[ 16%] [34m[1mGenerating C++ type support for eProsima Fast-RTPS[0m
[ 16%] [34m[1mGenerating C++ type support dispatch for ROS interfaces[0m
[ 19%] [32mBuilding C object CMakeFiles/interfaces__rosidl_generator_c.dir/rosidl_generator_c/interfaces/msg/detail/ir__functions.c.o[0m
running egg_info
writing interfaces.egg-info/PKG-INFO
writing dependency_links to interfaces.egg-info/dependency_links.txt
writing top-level names to interfaces.egg-info/top_level.txt
reading manifest file 'interfaces.egg-info/SOURCES.txt'
writing manifest file 'interfaces.egg-info/SOURCES.txt'
[ 19%] Built target ament_cmake_python_build_interfaces_egg
[ 22%] [32m[1mLinking C shared library libinterfaces__rosidl_generator_c.so[0m
[ 22%] Built target interfaces__rosidl_generator_c
[ 32%] [34m[1mGenerating C type support dispatch for ROS interfaces[0m
[ 32%] [34m[1mGenerating C introspection for ROS interfaces[0m
[ 32%] [34m[1mGenerating C type support for eProsima Fast-RTPS[0m
[35m[1mConsolidate compiler generated dependencies of target interfaces__rosidl_typesupport_cpp[0m
[ 35%] [32mBuilding CXX object CMakeFiles/interfaces__rosidl_typesupport_cpp.dir/rosidl_typesupport_cpp/interfaces/msg/ir__type_support.cpp.o[0m
[35m[1mConsolidate compiler generated dependencies of target interfaces__rosidl_typesupport_introspection_cpp[0m
[35m[1mConsolidate compiler generated dependencies of target interfaces__rosidl_typesupport_fastrtps_cpp[0m
[ 38%] [32mBuilding CXX object CMakeFiles/interfaces__rosidl_typesupport_introspection_cpp.dir/rosidl_typesupport_introspection_cpp/interfaces/msg/detail/ir__type_support.cpp.o[0m
[ 41%] [32mBuilding CXX object CMakeFiles/interfaces__rosidl_typesupport_fastrtps_cpp.dir/rosidl_typesupport_fastrtps_cpp/interfaces/msg/detail/dds_fastrtps/ir__type_support.cpp.o[0m
[35m[1mConsolidate compiler generated dependencies of target interfaces__rosidl_typesupport_c[0m
[ 45%] [32mBuilding CXX object CMakeFiles/interfaces__rosidl_typesupport_c.dir/rosidl_typesupport_c/interfaces/msg/ir__type_support.cpp.o[0m
[35m[1mConsolidate compiler generated dependencies of target interfaces__rosidl_typesupport_introspection_c[0m
[35m[1mConsolidate compiler generated dependencies of target interfaces__rosidl_typesupport_fastrtps_c[0m
[ 48%] [32mBuilding C object CMakeFiles/interfaces__rosidl_typesupport_introspection_c.dir/rosidl_typesupport_introspection_c/interfaces/msg/detail/ir__type_support.c.o[0m
[ 51%] [32mBuilding CXX object CMakeFiles/interfaces__rosidl_typesupport_fastrtps_c.dir/rosidl_typesupport_fastrtps_c/interfaces/msg/detail/ir__type_support_c.cpp.o[0m
[ 54%] [32m[1mLinking CXX shared library libinterfaces__rosidl_typesupport_c.so[0m
[ 58%] [32m[1mLinking C shared library libinterfaces__rosidl_typesupport_introspection_c.so[0m
[ 58%] Built target interfaces__rosidl_typesupport_c
[ 58%] Built target interfaces__rosidl_typesupport_introspection_c
[ 61%] [32m[1mLinking CXX shared library libinterfaces__rosidl_typesupport_cpp.so[0m
[ 61%] Built target interfaces__rosidl_typesupport_cpp
[ 64%] [32m[1mLinking CXX shared library libinterfaces__rosidl_typesupport_introspection_cpp.so[0m
[ 67%] [32m[1mLinking CXX shared library libinterfaces__rosidl_typesupport_fastrtps_c.so[0m
[ 70%] [32m[1mLinking CXX shared library libinterfaces__rosidl_typesupport_fastrtps_cpp.so[0m
[ 70%] Built target interfaces__rosidl_typesupport_introspection_cpp
[ 70%] Built target interfaces__rosidl_typesupport_fastrtps_c
[ 70%] Built target interfaces__rosidl_typesupport_fastrtps_cpp
[ 70%] Built target interfaces
[ 74%] [34m[1mGenerating Python code for ROS interfaces[0m
[ 74%] Built target interfaces__py
[35m[1mConsolidate compiler generated dependencies of target interfaces__rosidl_generator_py[0m
[ 77%] [32mBuilding C object CMakeFiles/interfaces__rosidl_generator_py.dir/rosidl_generator_py/interfaces/msg/_ir_s.c.o[0m
[ 80%] [32m[1mLinking C shared library rosidl_generator_py/interfaces/libinterfaces__rosidl_generator_py.so[0m
[ 80%] Built target interfaces__rosidl_generator_py
[35m[1mConsolidate compiler generated dependencies of target interfaces__rosidl_typesupport_fastrtps_c__pyext[0m
[35m[1mConsolidate compiler generated dependencies of target interfaces__rosidl_typesupport_c__pyext[0m
[35m[1mConsolidate compiler generated dependencies of target interfaces__rosidl_typesupport_introspection_c__pyext[0m
[ 90%] [32mBuilding C object CMakeFiles/interfaces__rosidl_typesupport_c__pyext.dir/rosidl_generator_py/interfaces/_interfaces_s.ep.rosidl_typesupport_c.c.o[0m
[ 90%] [32mBuilding C object CMakeFiles/interfaces__rosidl_typesupport_introspection_c__pyext.dir/rosidl_generator_py/interfaces/_interfaces_s.ep.rosidl_typesupport_introspection_c.c.o[0m
[ 90%] [32mBuilding C object CMakeFiles/interfaces__rosidl_typesupport_fastrtps_c__pyext.dir/rosidl_generator_py/interfaces/_interfaces_s.ep.rosidl_typesupport_fastrtps_c.c.o[0m
[ 96%] [32m[1mLinking C shared library rosidl_generator_py/interfaces/interfaces_s__rosidl_typesupport_c.cpython-310-x86_64-linux-gnu.so[0m
[ 96%] [32m[1mLinking C shared library rosidl_generator_py/interfaces/interfaces_s__rosidl_typesupport_introspection_c.cpython-310-x86_64-linux-gnu.so[0m
[100%] [32m[1mLinking C shared library rosidl_generator_py/interfaces/interfaces_s__rosidl_typesupport_fastrtps_c.cpython-310-x86_64-linux-gnu.so[0m
[100%] Built target interfaces__rosidl_typesupport_fastrtps_c__pyext
[100%] Built target interfaces__rosidl_typesupport_c__pyext
[100%] Built target interfaces__rosidl_typesupport_introspection_c__pyext
-- Install configuration: ""
-- Up-to-date: /workspace/BMI/install/interfaces/share/ament_index/resource_index/rosidl_interfaces/interfaces
-- Up-to-date: /workspace/BMI/install/interfaces/include/interfaces/interfaces
-- Up-to-date: /workspace/BMI/install/interfaces/include/interfaces/interfaces/msg
-- Up-to-date: /workspace/BMI/install/interfaces/include/interfaces/interfaces/msg/rosidl_generator_c__visibility_control.h
-- Up-to-date: /workspace/BMI/install/interfaces/include/interfaces/interfaces/msg/num.h
-- Up-to-date: /workspace/BMI/install/interfaces/include/interfaces/interfaces/msg/detail
-- Installing: /workspace/BMI/install/interfaces/include/interfaces/interfaces/msg/detail/ir__functions.h
-- Up-to-date: /workspace/BMI/install/interfaces/include/interfaces/interfaces/msg/detail/num__type_support.h
-- Installing: /workspace/BMI/install/interfaces/include/interfaces/interfaces/msg/detail/ir__type_support.h
-- Installing: /workspace/BMI/install/interfaces/include/interfaces/interfaces/msg/detail/ir__struct.h
-- Up-to-date: /workspace/BMI/install/interfaces/include/interfaces/interfaces/msg/detail/num__struct.h
-- Up-to-date: /workspace/BMI/install/interfaces/include/interfaces/interfaces/msg/detail/num__functions.h
-- Up-to-date: /workspace/BMI/install/interfaces/include/interfaces/interfaces/msg/detail/num__functions.c
-- Installing: /workspace/BMI/install/interfaces/include/interfaces/interfaces/msg/detail/ir__functions.c
-- Installing: /workspace/BMI/install/interfaces/include/interfaces/interfaces/msg/ir.h
-- Up-to-date: /workspace/BMI/install/interfaces/share/interfaces/environment/library_path.sh
-- Installing: /workspace/BMI/install/interfaces/share/interfaces/environment/library_path.dsv
-- Installing: /workspace/BMI/install/interfaces/lib/libinterfaces__rosidl_generator_c.so
-- Set runtime path of "/workspace/BMI/install/interfaces/lib/libinterfaces__rosidl_generator_c.so" to ""
-- Up-to-date: /workspace/BMI/install/interfaces/include/interfaces/interfaces
-- Up-to-date: /workspace/BMI/install/interfaces/include/interfaces/interfaces/msg
-- Up-to-date: /workspace/BMI/install/interfaces/include/interfaces/interfaces/msg/detail
-- Up-to-date: /workspace/BMI/install/interfaces/include/interfaces/interfaces/msg/detail/num__rosidl_typesupport_fastrtps_c.h
-- Installing: /workspace/BMI/install/interfaces/include/interfaces/interfaces/msg/detail/ir__rosidl_typesupport_fastrtps_c.h
-- Up-to-date: /workspace/BMI/install/interfaces/include/interfaces/interfaces/msg/rosidl_typesupport_fastrtps_c__visibility_control.h
-- Installing: /workspace/BMI/install/interfaces/lib/libinterfaces__rosidl_typesupport_fastrtps_c.so
-- Set runtime path of "/workspace/BMI/install/interfaces/lib/libinterfaces__rosidl_typesupport_fastrtps_c.so" to ""
-- Up-to-date: /workspace/BMI/install/interfaces/include/interfaces/interfaces
-- Up-to-date: /workspace/BMI/install/interfaces/include/interfaces/interfaces/msg
-- Up-to-date: /workspace/BMI/install/interfaces/include/interfaces/interfaces/msg/rosidl_typesupport_introspection_c__visibility_control.h
-- Up-to-date: /workspace/BMI/install/interfaces/include/interfaces/interfaces/msg/detail
-- Installing: /workspace/BMI/install/interfaces/include/interfaces/interfaces/msg/detail/ir__type_support.c
-- Up-to-date: /workspace/BMI/install/interfaces/include/interfaces/interfaces/msg/detail/num__rosidl_typesupport_introspection_c.h
-- Installing: /workspace/BMI/install/interfaces/include/interfaces/interfaces/msg/detail/ir__rosidl_typesupport_introspection_c.h
-- Up-to-date: /workspace/BMI/install/interfaces/include/interfaces/interfaces/msg/detail/num__type_support.c
-- Installing: /workspace/BMI/install/interfaces/lib/libinterfaces__rosidl_typesupport_introspection_c.so
-- Set runtime path of "/workspace/BMI/install/interfaces/lib/libinterfaces__rosidl_typesupport_introspection_c.so" to ""
-- Installing: /workspace/BMI/install/interfaces/lib/libinterfaces__rosidl_typesupport_c.so
-- Set runtime path of "/workspace/BMI/install/interfaces/lib/libinterfaces__rosidl_typesupport_c.so" to ""
-- Up-to-date: /workspace/BMI/install/interfaces/include/interfaces/interfaces
-- Up-to-date: /workspace/BMI/install/interfaces/include/interfaces/interfaces/msg
-- Installing: /workspace/BMI/install/interfaces/include/interfaces/interfaces/msg/ir.hpp
-- Up-to-date: /workspace/BMI/install/interfaces/include/interfaces/interfaces/msg/detail
-- Up-to-date: /workspace/BMI/install/interfaces/include/interfaces/interfaces/msg/detail/num__builder.hpp
-- Up-to-date: /workspace/BMI/install/interfaces/include/interfaces/interfaces/msg/detail/num__traits.hpp
-- Installing: /workspace/BMI/install/interfaces/include/interfaces/interfaces/msg/detail/ir__traits.hpp
-- Installing: /workspace/BMI/install/interfaces/include/interfaces/interfaces/msg/detail/ir__builder.hpp
-- Up-to-date: /workspace/BMI/install/interfaces/include/interfaces/interfaces/msg/detail/num__struct.hpp
-- Installing: /workspace/BMI/install/interfaces/include/interfaces/interfaces/msg/detail/ir__struct.hpp
-- Up-to-date: /workspace/BMI/install/interfaces/include/interfaces/interfaces/msg/num.hpp
-- Up-to-date: /workspace/BMI/install/interfaces/include/interfaces/interfaces
-- Up-to-date: /workspace/BMI/install/interfaces/include/interfaces/interfaces/msg
-- Up-to-date: /workspace/BMI/install/interfaces/include/interfaces/interfaces/msg/rosidl_typesupport_fastrtps_cpp__visibility_control.h
-- Up-to-date: /workspace/BMI/install/interfaces/include/interfaces/interfaces/msg/detail
-- Up-to-date: /workspace/BMI/install/interfaces/include/interfaces/interfaces/msg/detail/num__rosidl_typesupport_fastrtps_cpp.hpp
-- Installing: /workspace/BMI/install/interfaces/include/interfaces/interfaces/msg/detail/ir__rosidl_typesupport_fastrtps_cpp.hpp
-- Up-to-date: /workspace/BMI/install/interfaces/include/interfaces/interfaces/msg/detail/dds_fastrtps
-- Installing: /workspace/BMI/install/interfaces/lib/libinterfaces__rosidl_typesupport_fastrtps_cpp.so
-- Set runtime path of "/workspace/BMI/install/interfaces/lib/libinterfaces__rosidl_typesupport_fastrtps_cpp.so" to ""
-- Up-to-date: /workspace/BMI/install/interfaces/include/interfaces/interfaces
-- Up-to-date: /workspace/BMI/install/interfaces/include/interfaces/interfaces/msg
-- Up-to-date: /workspace/BMI/install/interfaces/include/interfaces/interfaces/msg/detail
-- Installing: /workspace/BMI/install/interfaces/include/interfaces/interfaces/msg/detail/ir__type_support.cpp
-- Installing: /workspace/BMI/install/interfaces/include/interfaces/interfaces/msg/detail/ir__rosidl_typesupport_introspection_cpp.hpp
-- Up-to-date: /workspace/BMI/install/interfaces/include/interfaces/interfaces/msg/detail/num__rosidl_typesupport_introspection_cpp.hpp
-- Up-to-date: /workspace/BMI/install/interfaces/include/interfaces/interfaces/msg/detail/num__type_support.cpp
-- Installing: /workspace/BMI/install/interfaces/lib/libinterfaces__rosidl_typesupport_introspection_cpp.so
-- Set runtime path of "/workspace/BMI/install/interfaces/lib/libinterfaces__rosidl_typesupport_introspection_cpp.so" to ""
-- Installing: /workspace/BMI/install/interfaces/lib/libinterfaces__rosidl_typesupport_cpp.so
-- Set runtime path of "/workspace/BMI/install/interfaces/lib/libinterfaces__rosidl_typesupport_cpp.so" to ""
-- Up-to-date: /workspace/BMI/install/interfaces/share/interfaces/environment/pythonpath.sh
-- Installing: /workspace/BMI/install/interfaces/share/interfaces/environment/pythonpath.dsv
-- Up-to-date: /workspace/BMI/install/interfaces/local/lib/python3.10/dist-packages/interfaces-0.0.0-py3.10.egg-info
-- Installing: /workspace/BMI/install/interfaces/local/lib/python3.10/dist-packages/interfaces-0.0.0-py3.10.egg-info/PKG-INFO
-- Installing: /workspace/BMI/install/interfaces/local/lib/python3.10/dist-packages/interfaces-0.0.0-py3.10.egg-info/dependency_links.txt
-- Installing: /workspace/BMI/install/interfaces/local/lib/python3.10/dist-packages/interfaces-0.0.0-py3.10.egg-info/top_level.txt
-- Installing: /workspace/BMI/install/interfaces/local/lib/python3.10/dist-packages/interfaces-0.0.0-py3.10.egg-info/SOURCES.txt
-- Up-to-date: /workspace/BMI/install/interfaces/local/lib/python3.10/dist-packages/interfaces
-- Up-to-date: /workspace/BMI/install/interfaces/local/lib/python3.10/dist-packages/interfaces/msg
-- Installing: /workspace/BMI/install/interfaces/local/lib/python3.10/dist-packages/interfaces/msg/_ir_s.c
-- Installing: /workspace/BMI/install/interfaces/local/lib/python3.10/dist-packages/interfaces/msg/_ir.py
-- Installing: /workspace/BMI/install/interfaces/local/lib/python3.10/dist-packages/interfaces/msg/__init__.py
-- Up-to-date: /workspace/BMI/install/interfaces/local/lib/python3.10/dist-packages/interfaces/msg/_num.py
-- Up-to-date: /workspace/BMI/install/interfaces/local/lib/python3.10/dist-packages/interfaces/msg/_num_s.c
-- Installing: /workspace/BMI/install/interfaces/local/lib/python3.10/dist-packages/interfaces/_interfaces_s.ep.rosidl_typesupport_fastrtps_c.c
-- Installing: /workspace/BMI/install/interfaces/local/lib/python3.10/dist-packages/interfaces/libinterfaces__rosidl_generator_py.so
-- Installing: /workspace/BMI/install/interfaces/local/lib/python3.10/dist-packages/interfaces/interfaces_s__rosidl_typesupport_introspection_c.cpython-310-x86_64-linux-gnu.so
-- Installing: /workspace/BMI/install/interfaces/local/lib/python3.10/dist-packages/interfaces/interfaces_s__rosidl_typesupport_c.cpython-310-x86_64-linux-gnu.so
-- Installing: /workspace/BMI/install/interfaces/local/lib/python3.10/dist-packages/interfaces/_interfaces_s.ep.rosidl_typesupport_c.c
-- Installing: /workspace/BMI/install/interfaces/local/lib/python3.10/dist-packages/interfaces/__init__.py
-- Installing: /workspace/BMI/install/interfaces/local/lib/python3.10/dist-packages/interfaces/interfaces_s__rosidl_typesupport_fastrtps_c.cpython-310-x86_64-linux-gnu.so
-- Installing: /workspace/BMI/install/interfaces/local/lib/python3.10/dist-packages/interfaces/_interfaces_s.ep.rosidl_typesupport_introspection_c.c
Listing '/workspace/BMI/install/interfaces/local/lib/python3.10/dist-packages/interfaces'...
Compiling '/workspace/BMI/install/interfaces/local/lib/python3.10/dist-packages/interfaces/__init__.py'...
Listing '/workspace/BMI/install/interfaces/local/lib/python3.10/dist-packages/interfaces/msg'...
Compiling '/workspace/BMI/install/interfaces/local/lib/python3.10/dist-packages/interfaces/msg/__init__.py'...
Compiling '/workspace/BMI/install/interfaces/local/lib/python3.10/dist-packages/interfaces/msg/_ir.py'...
-- Installing: /workspace/BMI/install/interfaces/local/lib/python3.10/dist-packages/interfaces/interfaces_s__rosidl_typesupport_fastrtps_c.cpython-310-x86_64-linux-gnu.so
-- Set runtime path of "/workspace/BMI/install/interfaces/local/lib/python3.10/dist-packages/interfaces/interfaces_s__rosidl_typesupport_fastrtps_c.cpython-310-x86_64-linux-gnu.so" to ""
-- Installing: /workspace/BMI/install/interfaces/local/lib/python3.10/dist-packages/interfaces/interfaces_s__rosidl_typesupport_introspection_c.cpython-310-x86_64-linux-gnu.so
-- Set runtime path of "/workspace/BMI/install/interfaces/local/lib/python3.10/dist-packages/interfaces/interfaces_s__rosidl_typesupport_introspection_c.cpython-310-x86_64-linux-gnu.so" to ""
-- Installing: /workspace/BMI/install/interfaces/local/lib/python3.10/dist-packages/interfaces/interfaces_s__rosidl_typesupport_c.cpython-310-x86_64-linux-gnu.so
-- Set runtime path of "/workspace/BMI/install/interfaces/local/lib/python3.10/dist-packages/interfaces/interfaces_s__rosidl_typesupport_c.cpython-310-x86_64-linux-gnu.so" to ""
-- Installing: /workspace/BMI/install/interfaces/lib/libinterfaces__rosidl_generator_py.so
-- Set runtime path of "/workspace/BMI/install/interfaces/lib/libinterfaces__rosidl_generator_py.so" to ""
-- Installing: /workspace/BMI/install/interfaces/share/interfaces/msg/Ir.idl
-- Installing: /workspace/BMI/install/interfaces/share/interfaces/msg/Ir.msg
-- Up-to-date: /workspace/BMI/install/interfaces/share/ament_index/resource_index/package_run_dependencies/interfaces
-- Installing: /workspace/BMI/install/interfaces/share/ament_index/resource_index/parent_prefix_path/interfaces
-- Up-to-date: /workspace/BMI/install/interfaces/share/interfaces/environment/ament_prefix_path.sh
-- Installing: /workspace/BMI/install/interfaces/share/interfaces/environment/ament_prefix_path.dsv
-- Up-to-date: /workspace/BMI/install/interfaces/share/interfaces/environment/path.sh
-- Installing: /workspace/BMI/install/interfaces/share/interfaces/environment/path.dsv
-- Up-to-date: /workspace/BMI/install/interfaces/share/interfaces/local_setup.bash
-- Up-to-date: /workspace/BMI/install/interfaces/share/interfaces/local_setup.sh
-- Up-to-date: /workspace/BMI/install/interfaces/share/interfaces/local_setup.zsh
-- Installing: /workspace/BMI/install/interfaces/share/interfaces/local_setup.dsv
-- Installing: /workspace/BMI/install/interfaces/share/interfaces/package.dsv
-- Up-to-date: /workspace/BMI/install/interfaces/share/ament_index/resource_index/packages/interfaces
-- Up-to-date: /workspace/BMI/install/interfaces/share/interfaces/cmake/export_interfaces__rosidl_generator_cExport.cmake
-- Up-to-date: /workspace/BMI/install/interfaces/share/interfaces/cmake/export_interfaces__rosidl_generator_cExport-noconfig.cmake
-- Up-to-date: /workspace/BMI/install/interfaces/share/interfaces/cmake/export_interfaces__rosidl_typesupport_fastrtps_cExport.cmake
-- Up-to-date: /workspace/BMI/install/interfaces/share/interfaces/cmake/export_interfaces__rosidl_typesupport_fastrtps_cExport-noconfig.cmake
-- Up-to-date: /workspace/BMI/install/interfaces/share/interfaces/cmake/interfaces__rosidl_typesupport_introspection_cExport.cmake
-- Up-to-date: /workspace/BMI/install/interfaces/share/interfaces/cmake/interfaces__rosidl_typesupport_introspection_cExport-noconfig.cmake
-- Up-to-date: /workspace/BMI/install/interfaces/share/interfaces/cmake/interfaces__rosidl_typesupport_cExport.cmake
-- Up-to-date: /workspace/BMI/install/interfaces/share/interfaces/cmake/interfaces__rosidl_typesupport_cExport-noconfig.cmake
-- Up-to-date: /workspace/BMI/install/interfaces/share/interfaces/cmake/export_interfaces__rosidl_generator_cppExport.cmake
-- Up-to-date: /workspace/BMI/install/interfaces/share/interfaces/cmake/export_interfaces__rosidl_typesupport_fastrtps_cppExport.cmake
-- Up-to-date: /workspace/BMI/install/interfaces/share/interfaces/cmake/export_interfaces__rosidl_typesupport_fastrtps_cppExport-noconfig.cmake
-- Up-to-date: /workspace/BMI/install/interfaces/share/interfaces/cmake/interfaces__rosidl_typesupport_introspection_cppExport.cmake
-- Up-to-date: /workspace/BMI/install/interfaces/share/interfaces/cmake/interfaces__rosidl_typesupport_introspection_cppExport-noconfig.cmake
-- Up-to-date: /workspace/BMI/install/interfaces/share/interfaces/cmake/interfaces__rosidl_typesupport_cppExport.cmake
-- Up-to-date: /workspace/BMI/install/interfaces/share/interfaces/cmake/interfaces__rosidl_typesupport_cppExport-noconfig.cmake
-- Up-to-date: /workspace/BMI/install/interfaces/share/interfaces/cmake/export_interfaces__rosidl_generator_pyExport.cmake
-- Up-to-date: /workspace/BMI/install/interfaces/share/interfaces/cmake/export_interfaces__rosidl_generator_pyExport-noconfig.cmake
-- Up-to-date: /workspace/BMI/install/interfaces/share/interfaces/cmake/rosidl_cmake-extras.cmake
-- Up-to-date: /workspace/BMI/install/interfaces/share/interfaces/cmake/ament_cmake_export_include_directories-extras.cmake
-- Up-to-date: /workspace/BMI/install/interfaces/share/interfaces/cmake/ament_cmake_export_libraries-extras.cmake
-- Up-to-date: /workspace/BMI/install/interfaces/share/interfaces/cmake/ament_cmake_export_targets-extras.cmake
-- Up-to-date: /workspace/BMI/install/interfaces/share/interfaces/cmake/rosidl_cmake_export_typesupport_targets-extras.cmake
-- Up-to-date: /workspace/BMI/install/interfaces/share/interfaces/cmake/ament_cmake_export_dependencies-extras.cmake
-- Up-to-date: /workspace/BMI/install/interfaces/share/interfaces/cmake/rosidl_cmake_export_typesupport_libraries-extras.cmake
-- Up-to-date: /workspace/BMI/install/interfaces/share/interfaces/cmake/interfacesConfig.cmake
-- Up-to-date: /workspace/BMI/install/interfaces/share/interfaces/cmake/interfacesConfig-version.cmake
-- Up-to-date: /workspace/BMI/install/interfaces/share/interfaces/package.xml
