[1.005s] Invoking command in '/workspace/BMI/src/state_reader': PYTHONPATH=/workspace/BMI/install/state_reader/lib/python3.10/site-packages:${PYTHONPATH} /usr/bin/python3 setup.py egg_info --egg-base ../../build/state_reader build --build-base /workspace/BMI/build/state_reader/build install --prefix /workspace/BMI/install/state_reader --record /workspace/BMI/build/state_reader/install.log --single-version-externally-managed
[1.168s] running egg_info
[1.168s] writing ../../build/state_reader/state_reader.egg-info/PKG-INFO
[1.168s] writing dependency_links to ../../build/state_reader/state_reader.egg-info/dependency_links.txt
[1.168s] writing entry points to ../../build/state_reader/state_reader.egg-info/entry_points.txt
[1.168s] writing requirements to ../../build/state_reader/state_reader.egg-info/requires.txt
[1.168s] writing top-level names to ../../build/state_reader/state_reader.egg-info/top_level.txt
[1.169s] reading manifest file '../../build/state_reader/state_reader.egg-info/SOURCES.txt'
[1.170s] writing manifest file '../../build/state_reader/state_reader.egg-info/SOURCES.txt'
[1.170s] running build
[1.170s] running build_py
[1.170s] copying state_reader/monkeylogic_interception.py -> /workspace/BMI/build/state_reader/build/lib/state_reader
[1.170s] running install
[1.171s] /usr/lib/python3/dist-packages/setuptools/command/install.py:34: SetuptoolsDeprecationWarning: setup.py install is deprecated. Use build and pip and other standards-based tools.
[1.171s]   warnings.warn(
[1.171s] running install_lib
[1.171s] copying /workspace/BMI/build/state_reader/build/lib/state_reader/monkeylogic_interception.py -> /workspace/BMI/install/state_reader/lib/python3.10/site-packages/state_reader
[1.172s] byte-compiling /workspace/BMI/install/state_reader/lib/python3.10/site-packages/state_reader/monkeylogic_interception.py to monkeylogic_interception.cpython-310.pyc
[1.172s] running install_data
[1.173s] running install_egg_info
[1.174s] removing '/workspace/BMI/install/state_reader/lib/python3.10/site-packages/state_reader-0.0.0-py3.10.egg-info' (and everything under it)
[1.174s] Copying ../../build/state_reader/state_reader.egg-info to /workspace/BMI/install/state_reader/lib/python3.10/site-packages/state_reader-0.0.0-py3.10.egg-info
[1.174s] running install_scripts
[1.188s] Installing monkeylogic_server script to /workspace/BMI/install/state_reader/lib/state_reader
[1.188s] Installing psychopy_1D_center_out script to /workspace/BMI/install/state_reader/lib/state_reader
[1.189s] writing list of installed files to '/workspace/BMI/build/state_reader/install.log'
[1.213s] Invoked command in '/workspace/BMI/src/state_reader' returned '0': PYTHONPATH=/workspace/BMI/install/state_reader/lib/python3.10/site-packages:${PYTHONPATH} /usr/bin/python3 setup.py egg_info --egg-base ../../build/state_reader build --build-base /workspace/BMI/build/state_reader/build install --prefix /workspace/BMI/install/state_reader --record /workspace/BMI/build/state_reader/install.log --single-version-externally-managed
