[0.207s] DEBUG:colcon:Command line arguments: ['/usr/bin/colcon', 'build']
[0.208s] DEBUG:colcon:Parsed command line arguments: Namespace(log_base=None, log_level=None, verb_name='build', build_base='build', install_base='install', merge_install=False, symlink_install=False, test_result_base=None, continue_on_error=False, executor='parallel', parallel_workers=20, event_handlers=None, ignore_user_meta=False, metas=['./colcon.meta'], base_paths=['.'], packages_ignore=None, packages_ignore_regex=None, paths=None, packages_up_to=None, packages_up_to_regex=None, packages_above=None, packages_above_and_dependencies=None, packages_above_depth=None, packages_select_by_dep=None, packages_skip_by_dep=None, packages_skip_up_to=None, packages_select_build_failed=False, packages_skip_build_finished=False, packages_select_test_failures=False, packages_skip_test_passed=False, packages_select=None, packages_skip=None, packages_select_regex=None, packages_skip_regex=None, packages_start=None, packages_end=None, cmake_args=None, cmake_target=None, cmake_target_skip_unavailable=False, cmake_clean_cache=False, cmake_clean_first=False, cmake_force_configure=False, ament_cmake_args=None, catkin_cmake_args=None, catkin_skip_building_tests=False, mixin_files=None, mixin=None, verb_parser=<colcon_mixin.mixin.mixin_argument.MixinArgumentDecorator object at 0x7f8a6c1d9060>, verb_extension=<colcon_core.verb.build.BuildVerb object at 0x7f8a6c334d60>, main=<bound method BuildVerb.main of <colcon_core.verb.build.BuildVerb object at 0x7f8a6c334d60>>, mixin_verb=('build',))
[0.224s] Level 1:colcon.colcon_core.package_discovery:discover_packages(colcon_meta) check parameters
[0.224s] INFO:colcon.colcon_metadata.package_discovery.colcon_meta:Using configuration from '/root/.colcon/metadata/default/Gazebo.meta'
[0.225s] INFO:colcon.colcon_metadata.package_discovery.colcon_meta:Using configuration from '/root/.colcon/metadata/default/fastrtps.meta'
[0.225s] Level 1:colcon.colcon_core.package_discovery:discover_packages(recursive) check parameters
[0.225s] Level 1:colcon.colcon_core.package_discovery:discover_packages(ignore) check parameters
[0.225s] Level 1:colcon.colcon_core.package_discovery:discover_packages(path) check parameters
[0.225s] Level 1:colcon.colcon_core.package_discovery:discover_packages(colcon_meta) discover
[0.225s] Level 1:colcon.colcon_core.package_discovery:discover_packages(recursive) discover
[0.225s] INFO:colcon.colcon_core.package_discovery:Crawling recursively for packages in '/workspace/BMI'
[0.225s] Level 1:colcon.colcon_core.package_identification:_identify(.) by extensions ['ignore', 'ignore_ament_install']
[0.225s] Level 1:colcon.colcon_core.package_identification:_identify(.) by extension 'ignore'
[0.225s] Level 1:colcon.colcon_core.package_identification:_identify(.) by extension 'ignore_ament_install'
[0.225s] Level 1:colcon.colcon_core.package_identification:_identify(.) by extensions ['colcon_pkg']
[0.225s] Level 1:colcon.colcon_core.package_identification:_identify(.) by extension 'colcon_pkg'
[0.225s] Level 1:colcon.colcon_core.package_identification:_identify(.) by extensions ['colcon_meta']
[0.225s] Level 1:colcon.colcon_core.package_identification:_identify(.) by extension 'colcon_meta'
[0.225s] Level 1:colcon.colcon_core.package_identification:_identify(.) by extensions ['ros']
[0.225s] Level 1:colcon.colcon_core.package_identification:_identify(.) by extension 'ros'
[0.232s] Level 1:colcon.colcon_core.package_identification:_identify(.) by extensions ['cmake', 'python']
[0.232s] Level 1:colcon.colcon_core.package_identification:_identify(.) by extension 'cmake'
[0.233s] Level 1:colcon.colcon_core.package_identification:_identify(.) by extension 'python'
[0.233s] Level 1:colcon.colcon_core.package_identification:_identify(.) by extensions ['python_setup_py']
[0.233s] Level 1:colcon.colcon_core.package_identification:_identify(.) by extension 'python_setup_py'
[0.233s] Level 1:colcon.colcon_core.package_identification:_identify(build) by extensions ['ignore', 'ignore_ament_install']
[0.233s] Level 1:colcon.colcon_core.package_identification:_identify(build) by extension 'ignore'
[0.233s] Level 1:colcon.colcon_core.package_identification:_identify(build) ignored
[0.233s] Level 1:colcon.colcon_core.package_identification:_identify(install) by extensions ['ignore', 'ignore_ament_install']
[0.233s] Level 1:colcon.colcon_core.package_identification:_identify(install) by extension 'ignore'
[0.233s] Level 1:colcon.colcon_core.package_identification:_identify(install) ignored
[0.233s] Level 1:colcon.colcon_core.package_identification:_identify(launch) by extensions ['ignore', 'ignore_ament_install']
[0.233s] Level 1:colcon.colcon_core.package_identification:_identify(launch) by extension 'ignore'
[0.233s] Level 1:colcon.colcon_core.package_identification:_identify(launch) by extension 'ignore_ament_install'
[0.233s] Level 1:colcon.colcon_core.package_identification:_identify(launch) by extensions ['colcon_pkg']
[0.233s] Level 1:colcon.colcon_core.package_identification:_identify(launch) by extension 'colcon_pkg'
[0.233s] Level 1:colcon.colcon_core.package_identification:_identify(launch) by extensions ['colcon_meta']
[0.233s] Level 1:colcon.colcon_core.package_identification:_identify(launch) by extension 'colcon_meta'
[0.233s] Level 1:colcon.colcon_core.package_identification:_identify(launch) by extensions ['ros']
[0.233s] Level 1:colcon.colcon_core.package_identification:_identify(launch) by extension 'ros'
[0.233s] Level 1:colcon.colcon_core.package_identification:_identify(launch) by extensions ['cmake', 'python']
[0.233s] Level 1:colcon.colcon_core.package_identification:_identify(launch) by extension 'cmake'
[0.233s] Level 1:colcon.colcon_core.package_identification:_identify(launch) by extension 'python'
[0.233s] Level 1:colcon.colcon_core.package_identification:_identify(launch) by extensions ['python_setup_py']
[0.233s] Level 1:colcon.colcon_core.package_identification:_identify(launch) by extension 'python_setup_py'
[0.233s] Level 1:colcon.colcon_core.package_identification:_identify(launch/__pycache__) by extensions ['ignore', 'ignore_ament_install']
[0.234s] Level 1:colcon.colcon_core.package_identification:_identify(launch/__pycache__) by extension 'ignore'
[0.234s] Level 1:colcon.colcon_core.package_identification:_identify(launch/__pycache__) by extension 'ignore_ament_install'
[0.234s] Level 1:colcon.colcon_core.package_identification:_identify(launch/__pycache__) by extensions ['colcon_pkg']
[0.234s] Level 1:colcon.colcon_core.package_identification:_identify(launch/__pycache__) by extension 'colcon_pkg'
[0.234s] Level 1:colcon.colcon_core.package_identification:_identify(launch/__pycache__) by extensions ['colcon_meta']
[0.234s] Level 1:colcon.colcon_core.package_identification:_identify(launch/__pycache__) by extension 'colcon_meta'
[0.234s] Level 1:colcon.colcon_core.package_identification:_identify(launch/__pycache__) by extensions ['ros']
[0.234s] Level 1:colcon.colcon_core.package_identification:_identify(launch/__pycache__) by extension 'ros'
[0.234s] Level 1:colcon.colcon_core.package_identification:_identify(launch/__pycache__) by extensions ['cmake', 'python']
[0.234s] Level 1:colcon.colcon_core.package_identification:_identify(launch/__pycache__) by extension 'cmake'
[0.234s] Level 1:colcon.colcon_core.package_identification:_identify(launch/__pycache__) by extension 'python'
[0.234s] Level 1:colcon.colcon_core.package_identification:_identify(launch/__pycache__) by extensions ['python_setup_py']
[0.234s] Level 1:colcon.colcon_core.package_identification:_identify(launch/__pycache__) by extension 'python_setup_py'
[0.234s] Level 1:colcon.colcon_core.package_identification:_identify(log) by extensions ['ignore', 'ignore_ament_install']
[0.234s] Level 1:colcon.colcon_core.package_identification:_identify(log) by extension 'ignore'
[0.234s] Level 1:colcon.colcon_core.package_identification:_identify(log) ignored
[0.234s] Level 1:colcon.colcon_core.package_identification:_identify(src) by extensions ['ignore', 'ignore_ament_install']
[0.234s] Level 1:colcon.colcon_core.package_identification:_identify(src) by extension 'ignore'
[0.234s] Level 1:colcon.colcon_core.package_identification:_identify(src) by extension 'ignore_ament_install'
[0.234s] Level 1:colcon.colcon_core.package_identification:_identify(src) by extensions ['colcon_pkg']
[0.234s] Level 1:colcon.colcon_core.package_identification:_identify(src) by extension 'colcon_pkg'
[0.234s] Level 1:colcon.colcon_core.package_identification:_identify(src) by extensions ['colcon_meta']
[0.234s] Level 1:colcon.colcon_core.package_identification:_identify(src) by extension 'colcon_meta'
[0.234s] Level 1:colcon.colcon_core.package_identification:_identify(src) by extensions ['ros']
[0.234s] Level 1:colcon.colcon_core.package_identification:_identify(src) by extension 'ros'
[0.234s] Level 1:colcon.colcon_core.package_identification:_identify(src) by extensions ['cmake', 'python']
[0.234s] Level 1:colcon.colcon_core.package_identification:_identify(src) by extension 'cmake'
[0.234s] Level 1:colcon.colcon_core.package_identification:_identify(src) by extension 'python'
[0.235s] Level 1:colcon.colcon_core.package_identification:_identify(src) by extensions ['python_setup_py']
[0.235s] Level 1:colcon.colcon_core.package_identification:_identify(src) by extension 'python_setup_py'
[0.235s] Level 1:colcon.colcon_core.package_identification:_identify(src/decoder) by extensions ['ignore', 'ignore_ament_install']
[0.235s] Level 1:colcon.colcon_core.package_identification:_identify(src/decoder) by extension 'ignore'
[0.235s] Level 1:colcon.colcon_core.package_identification:_identify(src/decoder) by extension 'ignore_ament_install'
[0.235s] Level 1:colcon.colcon_core.package_identification:_identify(src/decoder) by extensions ['colcon_pkg']
[0.235s] Level 1:colcon.colcon_core.package_identification:_identify(src/decoder) by extension 'colcon_pkg'
[0.235s] Level 1:colcon.colcon_core.package_identification:_identify(src/decoder) by extensions ['colcon_meta']
[0.235s] Level 1:colcon.colcon_core.package_identification:_identify(src/decoder) by extension 'colcon_meta'
[0.235s] Level 1:colcon.colcon_core.package_identification:_identify(src/decoder) by extensions ['ros']
[0.235s] Level 1:colcon.colcon_core.package_identification:_identify(src/decoder) by extension 'ros'
[0.236s] DEBUG:colcon.colcon_core.package_identification:Package 'src/decoder' with type 'ros.ament_python' and name 'decoder'
[0.236s] Level 1:colcon.colcon_core.package_identification:_identify(src/interfaces) by extensions ['ignore', 'ignore_ament_install']
[0.237s] Level 1:colcon.colcon_core.package_identification:_identify(src/interfaces) by extension 'ignore'
[0.237s] Level 1:colcon.colcon_core.package_identification:_identify(src/interfaces) by extension 'ignore_ament_install'
[0.237s] Level 1:colcon.colcon_core.package_identification:_identify(src/interfaces) by extensions ['colcon_pkg']
[0.237s] Level 1:colcon.colcon_core.package_identification:_identify(src/interfaces) by extension 'colcon_pkg'
[0.237s] Level 1:colcon.colcon_core.package_identification:_identify(src/interfaces) by extensions ['colcon_meta']
[0.237s] Level 1:colcon.colcon_core.package_identification:_identify(src/interfaces) by extension 'colcon_meta'
[0.237s] Level 1:colcon.colcon_core.package_identification:_identify(src/interfaces) by extensions ['ros']
[0.237s] Level 1:colcon.colcon_core.package_identification:_identify(src/interfaces) by extension 'ros'
[0.237s] DEBUG:colcon.colcon_core.package_identification:Package 'src/interfaces' with type 'ros.ament_cmake' and name 'interfaces'
[0.237s] Level 1:colcon.colcon_core.package_identification:_identify(src/neural_data_generator) by extensions ['ignore', 'ignore_ament_install']
[0.237s] Level 1:colcon.colcon_core.package_identification:_identify(src/neural_data_generator) by extension 'ignore'
[0.237s] Level 1:colcon.colcon_core.package_identification:_identify(src/neural_data_generator) by extension 'ignore_ament_install'
[0.237s] Level 1:colcon.colcon_core.package_identification:_identify(src/neural_data_generator) by extensions ['colcon_pkg']
[0.237s] Level 1:colcon.colcon_core.package_identification:_identify(src/neural_data_generator) by extension 'colcon_pkg'
[0.237s] Level 1:colcon.colcon_core.package_identification:_identify(src/neural_data_generator) by extensions ['colcon_meta']
[0.237s] Level 1:colcon.colcon_core.package_identification:_identify(src/neural_data_generator) by extension 'colcon_meta'
[0.237s] Level 1:colcon.colcon_core.package_identification:_identify(src/neural_data_generator) by extensions ['ros']
[0.237s] Level 1:colcon.colcon_core.package_identification:_identify(src/neural_data_generator) by extension 'ros'
[0.238s] DEBUG:colcon.colcon_core.package_identification:Package 'src/neural_data_generator' with type 'ros.ament_python' and name 'neural_data_generator'
[0.238s] Level 1:colcon.colcon_core.package_identification:_identify(src/presenter) by extensions ['ignore', 'ignore_ament_install']
[0.238s] Level 1:colcon.colcon_core.package_identification:_identify(src/presenter) by extension 'ignore'
[0.238s] Level 1:colcon.colcon_core.package_identification:_identify(src/presenter) by extension 'ignore_ament_install'
[0.238s] Level 1:colcon.colcon_core.package_identification:_identify(src/presenter) by extensions ['colcon_pkg']
[0.238s] Level 1:colcon.colcon_core.package_identification:_identify(src/presenter) by extension 'colcon_pkg'
[0.238s] Level 1:colcon.colcon_core.package_identification:_identify(src/presenter) by extensions ['colcon_meta']
[0.238s] Level 1:colcon.colcon_core.package_identification:_identify(src/presenter) by extension 'colcon_meta'
[0.238s] Level 1:colcon.colcon_core.package_identification:_identify(src/presenter) by extensions ['ros']
[0.238s] Level 1:colcon.colcon_core.package_identification:_identify(src/presenter) by extension 'ros'
[0.239s] DEBUG:colcon.colcon_core.package_identification:Package 'src/presenter' with type 'ros.ament_python' and name 'presenter'
[0.239s] Level 1:colcon.colcon_core.package_identification:_identify(src/test_pkg) by extensions ['ignore', 'ignore_ament_install']
[0.239s] Level 1:colcon.colcon_core.package_identification:_identify(src/test_pkg) by extension 'ignore'
[0.239s] Level 1:colcon.colcon_core.package_identification:_identify(src/test_pkg) by extension 'ignore_ament_install'
[0.239s] Level 1:colcon.colcon_core.package_identification:_identify(src/test_pkg) by extensions ['colcon_pkg']
[0.239s] Level 1:colcon.colcon_core.package_identification:_identify(src/test_pkg) by extension 'colcon_pkg'
[0.239s] Level 1:colcon.colcon_core.package_identification:_identify(src/test_pkg) by extensions ['colcon_meta']
[0.239s] Level 1:colcon.colcon_core.package_identification:_identify(src/test_pkg) by extension 'colcon_meta'
[0.239s] Level 1:colcon.colcon_core.package_identification:_identify(src/test_pkg) by extensions ['ros']
[0.239s] Level 1:colcon.colcon_core.package_identification:_identify(src/test_pkg) by extension 'ros'
[0.239s] DEBUG:colcon.colcon_core.package_identification:Package 'src/test_pkg' with type 'ros.ament_python' and name 'test_pkg'
[0.239s] Level 1:colcon.colcon_core.package_discovery:discover_packages(recursive) using defaults
[0.239s] Level 1:colcon.colcon_core.package_discovery:discover_packages(ignore) discover
[0.239s] Level 1:colcon.colcon_core.package_discovery:discover_packages(ignore) using defaults
[0.239s] Level 1:colcon.colcon_core.package_discovery:discover_packages(path) discover
[0.239s] Level 1:colcon.colcon_core.package_discovery:discover_packages(path) using defaults
[0.261s] Level 5:colcon.colcon_core.verb:set package 'decoder' build argument 'cmake_args' from command line to 'None'
[0.261s] Level 5:colcon.colcon_core.verb:set package 'decoder' build argument 'cmake_target' from command line to 'None'
[0.261s] Level 5:colcon.colcon_core.verb:set package 'decoder' build argument 'cmake_target_skip_unavailable' from command line to 'False'
[0.261s] Level 5:colcon.colcon_core.verb:set package 'decoder' build argument 'cmake_clean_cache' from command line to 'False'
[0.261s] Level 5:colcon.colcon_core.verb:set package 'decoder' build argument 'cmake_clean_first' from command line to 'False'
[0.261s] Level 5:colcon.colcon_core.verb:set package 'decoder' build argument 'cmake_force_configure' from command line to 'False'
[0.261s] Level 5:colcon.colcon_core.verb:set package 'decoder' build argument 'ament_cmake_args' from command line to 'None'
[0.261s] Level 5:colcon.colcon_core.verb:set package 'decoder' build argument 'catkin_cmake_args' from command line to 'None'
[0.261s] Level 5:colcon.colcon_core.verb:set package 'decoder' build argument 'catkin_skip_building_tests' from command line to 'False'
[0.261s] DEBUG:colcon.colcon_core.verb:Building package 'decoder' with the following arguments: {'ament_cmake_args': None, 'build_base': '/workspace/BMI/build/decoder', 'catkin_cmake_args': None, 'catkin_skip_building_tests': False, 'cmake_args': None, 'cmake_clean_cache': False, 'cmake_clean_first': False, 'cmake_force_configure': False, 'cmake_target': None, 'cmake_target_skip_unavailable': False, 'install_base': '/workspace/BMI/install/decoder', 'merge_install': False, 'path': '/workspace/BMI/src/decoder', 'symlink_install': False, 'test_result_base': None}
[0.262s] Level 5:colcon.colcon_core.verb:set package 'interfaces' build argument 'cmake_args' from command line to 'None'
[0.262s] Level 5:colcon.colcon_core.verb:set package 'interfaces' build argument 'cmake_target' from command line to 'None'
[0.262s] Level 5:colcon.colcon_core.verb:set package 'interfaces' build argument 'cmake_target_skip_unavailable' from command line to 'False'
[0.262s] Level 5:colcon.colcon_core.verb:set package 'interfaces' build argument 'cmake_clean_cache' from command line to 'False'
[0.262s] Level 5:colcon.colcon_core.verb:set package 'interfaces' build argument 'cmake_clean_first' from command line to 'False'
[0.262s] Level 5:colcon.colcon_core.verb:set package 'interfaces' build argument 'cmake_force_configure' from command line to 'False'
[0.262s] Level 5:colcon.colcon_core.verb:set package 'interfaces' build argument 'ament_cmake_args' from command line to 'None'
[0.262s] Level 5:colcon.colcon_core.verb:set package 'interfaces' build argument 'catkin_cmake_args' from command line to 'None'
[0.262s] Level 5:colcon.colcon_core.verb:set package 'interfaces' build argument 'catkin_skip_building_tests' from command line to 'False'
[0.262s] DEBUG:colcon.colcon_core.verb:Building package 'interfaces' with the following arguments: {'ament_cmake_args': None, 'build_base': '/workspace/BMI/build/interfaces', 'catkin_cmake_args': None, 'catkin_skip_building_tests': False, 'cmake_args': None, 'cmake_clean_cache': False, 'cmake_clean_first': False, 'cmake_force_configure': False, 'cmake_target': None, 'cmake_target_skip_unavailable': False, 'install_base': '/workspace/BMI/install/interfaces', 'merge_install': False, 'path': '/workspace/BMI/src/interfaces', 'symlink_install': False, 'test_result_base': None}
[0.262s] Level 5:colcon.colcon_core.verb:set package 'neural_data_generator' build argument 'cmake_args' from command line to 'None'
[0.262s] Level 5:colcon.colcon_core.verb:set package 'neural_data_generator' build argument 'cmake_target' from command line to 'None'
[0.263s] Level 5:colcon.colcon_core.verb:set package 'neural_data_generator' build argument 'cmake_target_skip_unavailable' from command line to 'False'
[0.263s] Level 5:colcon.colcon_core.verb:set package 'neural_data_generator' build argument 'cmake_clean_cache' from command line to 'False'
[0.263s] Level 5:colcon.colcon_core.verb:set package 'neural_data_generator' build argument 'cmake_clean_first' from command line to 'False'
[0.263s] Level 5:colcon.colcon_core.verb:set package 'neural_data_generator' build argument 'cmake_force_configure' from command line to 'False'
[0.263s] Level 5:colcon.colcon_core.verb:set package 'neural_data_generator' build argument 'ament_cmake_args' from command line to 'None'
[0.263s] Level 5:colcon.colcon_core.verb:set package 'neural_data_generator' build argument 'catkin_cmake_args' from command line to 'None'
[0.263s] Level 5:colcon.colcon_core.verb:set package 'neural_data_generator' build argument 'catkin_skip_building_tests' from command line to 'False'
[0.263s] DEBUG:colcon.colcon_core.verb:Building package 'neural_data_generator' with the following arguments: {'ament_cmake_args': None, 'build_base': '/workspace/BMI/build/neural_data_generator', 'catkin_cmake_args': None, 'catkin_skip_building_tests': False, 'cmake_args': None, 'cmake_clean_cache': False, 'cmake_clean_first': False, 'cmake_force_configure': False, 'cmake_target': None, 'cmake_target_skip_unavailable': False, 'install_base': '/workspace/BMI/install/neural_data_generator', 'merge_install': False, 'path': '/workspace/BMI/src/neural_data_generator', 'symlink_install': False, 'test_result_base': None}
[0.263s] Level 5:colcon.colcon_core.verb:set package 'presenter' build argument 'cmake_args' from command line to 'None'
[0.263s] Level 5:colcon.colcon_core.verb:set package 'presenter' build argument 'cmake_target' from command line to 'None'
[0.263s] Level 5:colcon.colcon_core.verb:set package 'presenter' build argument 'cmake_target_skip_unavailable' from command line to 'False'
[0.263s] Level 5:colcon.colcon_core.verb:set package 'presenter' build argument 'cmake_clean_cache' from command line to 'False'
[0.263s] Level 5:colcon.colcon_core.verb:set package 'presenter' build argument 'cmake_clean_first' from command line to 'False'
[0.263s] Level 5:colcon.colcon_core.verb:set package 'presenter' build argument 'cmake_force_configure' from command line to 'False'
[0.263s] Level 5:colcon.colcon_core.verb:set package 'presenter' build argument 'ament_cmake_args' from command line to 'None'
[0.263s] Level 5:colcon.colcon_core.verb:set package 'presenter' build argument 'catkin_cmake_args' from command line to 'None'
[0.263s] Level 5:colcon.colcon_core.verb:set package 'presenter' build argument 'catkin_skip_building_tests' from command line to 'False'
[0.263s] DEBUG:colcon.colcon_core.verb:Building package 'presenter' with the following arguments: {'ament_cmake_args': None, 'build_base': '/workspace/BMI/build/presenter', 'catkin_cmake_args': None, 'catkin_skip_building_tests': False, 'cmake_args': None, 'cmake_clean_cache': False, 'cmake_clean_first': False, 'cmake_force_configure': False, 'cmake_target': None, 'cmake_target_skip_unavailable': False, 'install_base': '/workspace/BMI/install/presenter', 'merge_install': False, 'path': '/workspace/BMI/src/presenter', 'symlink_install': False, 'test_result_base': None}
[0.264s] Level 5:colcon.colcon_core.verb:set package 'test_pkg' build argument 'cmake_args' from command line to 'None'
[0.264s] Level 5:colcon.colcon_core.verb:set package 'test_pkg' build argument 'cmake_target' from command line to 'None'
[0.264s] Level 5:colcon.colcon_core.verb:set package 'test_pkg' build argument 'cmake_target_skip_unavailable' from command line to 'False'
[0.264s] Level 5:colcon.colcon_core.verb:set package 'test_pkg' build argument 'cmake_clean_cache' from command line to 'False'
[0.264s] Level 5:colcon.colcon_core.verb:set package 'test_pkg' build argument 'cmake_clean_first' from command line to 'False'
[0.264s] Level 5:colcon.colcon_core.verb:set package 'test_pkg' build argument 'cmake_force_configure' from command line to 'False'
[0.264s] Level 5:colcon.colcon_core.verb:set package 'test_pkg' build argument 'ament_cmake_args' from command line to 'None'
[0.264s] Level 5:colcon.colcon_core.verb:set package 'test_pkg' build argument 'catkin_cmake_args' from command line to 'None'
[0.264s] Level 5:colcon.colcon_core.verb:set package 'test_pkg' build argument 'catkin_skip_building_tests' from command line to 'False'
[0.264s] DEBUG:colcon.colcon_core.verb:Building package 'test_pkg' with the following arguments: {'ament_cmake_args': None, 'build_base': '/workspace/BMI/build/test_pkg', 'catkin_cmake_args': None, 'catkin_skip_building_tests': False, 'cmake_args': None, 'cmake_clean_cache': False, 'cmake_clean_first': False, 'cmake_force_configure': False, 'cmake_target': None, 'cmake_target_skip_unavailable': False, 'install_base': '/workspace/BMI/install/test_pkg', 'merge_install': False, 'path': '/workspace/BMI/src/test_pkg', 'symlink_install': False, 'test_result_base': None}
[0.265s] INFO:colcon.colcon_core.executor:Executing jobs using 'parallel' executor
[0.267s] DEBUG:colcon.colcon_parallel_executor.executor.parallel:run_until_complete
[0.268s] INFO:colcon.colcon_ros.task.ament_python.build:Building ROS package in '/workspace/BMI/src/decoder' with build type 'ament_python'
[0.268s] Level 1:colcon.colcon_core.shell:create_environment_hook('decoder', 'ament_prefix_path')
[0.271s] INFO:colcon.colcon_core.plugin_system:Skipping extension 'colcon_core.shell.bat': Not used on non-Windows systems
[0.271s] INFO:colcon.colcon_core.shell:Creating environment hook '/workspace/BMI/install/decoder/share/decoder/hook/ament_prefix_path.ps1'
[0.271s] INFO:colcon.colcon_core.shell:Creating environment descriptor '/workspace/BMI/install/decoder/share/decoder/hook/ament_prefix_path.dsv'
[0.271s] INFO:colcon.colcon_core.shell:Creating environment hook '/workspace/BMI/install/decoder/share/decoder/hook/ament_prefix_path.sh'
[0.273s] INFO:colcon.colcon_core.shell:Skip shell extension 'powershell' for command environment: Not usable outside of PowerShell
[0.273s] DEBUG:colcon.colcon_core.shell:Skip shell extension 'dsv' for command environment
[0.277s] INFO:colcon.colcon_ros.task.ament_cmake.build:Building ROS package in '/workspace/BMI/src/interfaces' with build type 'ament_cmake'
[0.277s] INFO:colcon.colcon_cmake.task.cmake.build:Building CMake package in '/workspace/BMI/src/interfaces'
[0.278s] INFO:colcon.colcon_core.shell:Skip shell extension 'powershell' for command environment: Not usable outside of PowerShell
[0.278s] DEBUG:colcon.colcon_core.shell:Skip shell extension 'dsv' for command environment
[0.281s] INFO:colcon.colcon_ros.task.ament_python.build:Building ROS package in '/workspace/BMI/src/neural_data_generator' with build type 'ament_python'
[0.281s] Level 1:colcon.colcon_core.shell:create_environment_hook('neural_data_generator', 'ament_prefix_path')
[0.282s] INFO:colcon.colcon_core.shell:Creating environment hook '/workspace/BMI/install/neural_data_generator/share/neural_data_generator/hook/ament_prefix_path.ps1'
[0.283s] INFO:colcon.colcon_core.shell:Creating environment descriptor '/workspace/BMI/install/neural_data_generator/share/neural_data_generator/hook/ament_prefix_path.dsv'
[0.283s] INFO:colcon.colcon_core.shell:Creating environment hook '/workspace/BMI/install/neural_data_generator/share/neural_data_generator/hook/ament_prefix_path.sh'
[0.284s] INFO:colcon.colcon_core.shell:Skip shell extension 'powershell' for command environment: Not usable outside of PowerShell
[0.284s] DEBUG:colcon.colcon_core.shell:Skip shell extension 'dsv' for command environment
[0.287s] INFO:colcon.colcon_ros.task.ament_python.build:Building ROS package in '/workspace/BMI/src/presenter' with build type 'ament_python'
[0.287s] Level 1:colcon.colcon_core.shell:create_environment_hook('presenter', 'ament_prefix_path')
[0.288s] INFO:colcon.colcon_core.shell:Creating environment hook '/workspace/BMI/install/presenter/share/presenter/hook/ament_prefix_path.ps1'
[0.288s] INFO:colcon.colcon_core.shell:Creating environment descriptor '/workspace/BMI/install/presenter/share/presenter/hook/ament_prefix_path.dsv'
[0.288s] INFO:colcon.colcon_core.shell:Creating environment hook '/workspace/BMI/install/presenter/share/presenter/hook/ament_prefix_path.sh'
[0.289s] INFO:colcon.colcon_core.shell:Skip shell extension 'powershell' for command environment: Not usable outside of PowerShell
[0.289s] DEBUG:colcon.colcon_core.shell:Skip shell extension 'dsv' for command environment
[0.293s] INFO:colcon.colcon_ros.task.ament_python.build:Building ROS package in '/workspace/BMI/src/test_pkg' with build type 'ament_python'
[0.293s] Level 1:colcon.colcon_core.shell:create_environment_hook('test_pkg', 'ament_prefix_path')
[0.294s] INFO:colcon.colcon_core.shell:Creating environment hook '/workspace/BMI/install/test_pkg/share/test_pkg/hook/ament_prefix_path.ps1'
[0.294s] INFO:colcon.colcon_core.shell:Creating environment descriptor '/workspace/BMI/install/test_pkg/share/test_pkg/hook/ament_prefix_path.dsv'
[0.294s] INFO:colcon.colcon_core.shell:Creating environment hook '/workspace/BMI/install/test_pkg/share/test_pkg/hook/ament_prefix_path.sh'
[0.295s] INFO:colcon.colcon_core.shell:Skip shell extension 'powershell' for command environment: Not usable outside of PowerShell
[0.295s] DEBUG:colcon.colcon_core.shell:Skip shell extension 'dsv' for command environment
[0.464s] INFO:colcon.colcon_core.task.python.build:Building Python package in '/workspace/BMI/src/decoder'
[0.465s] INFO:colcon.colcon_core.shell:Skip shell extension 'powershell' for command environment: Not usable outside of PowerShell
[0.465s] DEBUG:colcon.colcon_core.shell:Skip shell extension 'dsv' for command environment
[0.470s] DEBUG:colcon.colcon_core.event_handler.log_command:Invoking command in '/workspace/BMI/build/interfaces': CMAKE_PREFIX_PATH=${CMAKE_PREFIX_PATH}:/workspace/srv_test/install/py_srvcli:/workspace/BMI/install/test_pkg:/workspace/BMI/install/presenter:/workspace/BMI/install/neural_data_generator:/workspace/BMI/install/decoder:/opt/ros/humble /usr/bin/cmake --build /workspace/BMI/build/interfaces -- -j20 -l20
[0.638s] INFO:colcon.colcon_core.task.python.build:Building Python package in '/workspace/BMI/src/neural_data_generator'
[0.639s] INFO:colcon.colcon_core.shell:Skip shell extension 'powershell' for command environment: Not usable outside of PowerShell
[0.639s] DEBUG:colcon.colcon_core.shell:Skip shell extension 'dsv' for command environment
[0.808s] INFO:colcon.colcon_core.task.python.build:Building Python package in '/workspace/BMI/src/presenter'
[0.809s] INFO:colcon.colcon_core.shell:Skip shell extension 'powershell' for command environment: Not usable outside of PowerShell
[0.809s] DEBUG:colcon.colcon_core.shell:Skip shell extension 'dsv' for command environment
[0.980s] INFO:colcon.colcon_core.task.python.build:Building Python package in '/workspace/BMI/src/test_pkg'
[0.981s] INFO:colcon.colcon_core.shell:Skip shell extension 'powershell' for command environment: Not usable outside of PowerShell
[0.981s] DEBUG:colcon.colcon_core.shell:Skip shell extension 'dsv' for command environment
[0.989s] DEBUG:colcon.colcon_core.event_handler.log_command:Invoked command in '/workspace/BMI/build/interfaces' returned '0': CMAKE_PREFIX_PATH=${CMAKE_PREFIX_PATH}:/workspace/srv_test/install/py_srvcli:/workspace/BMI/install/test_pkg:/workspace/BMI/install/presenter:/workspace/BMI/install/neural_data_generator:/workspace/BMI/install/decoder:/opt/ros/humble /usr/bin/cmake --build /workspace/BMI/build/interfaces -- -j20 -l20
[1.040s] DEBUG:colcon.colcon_core.event_handler.log_command:Invoking command in '/workspace/BMI/build/interfaces': CMAKE_PREFIX_PATH=${CMAKE_PREFIX_PATH}:/workspace/srv_test/install/py_srvcli:/workspace/BMI/install/test_pkg:/workspace/BMI/install/presenter:/workspace/BMI/install/neural_data_generator:/workspace/BMI/install/decoder:/opt/ros/humble /usr/bin/cmake --install /workspace/BMI/build/interfaces
[1.076s] Level 1:colcon.colcon_core.environment:create_environment_scripts_only(interfaces)
[1.076s] DEBUG:colcon.colcon_core.event_handler.log_command:Invoked command in '/workspace/BMI/build/interfaces' returned '0': CMAKE_PREFIX_PATH=${CMAKE_PREFIX_PATH}:/workspace/srv_test/install/py_srvcli:/workspace/BMI/install/test_pkg:/workspace/BMI/install/presenter:/workspace/BMI/install/neural_data_generator:/workspace/BMI/install/decoder:/opt/ros/humble /usr/bin/cmake --install /workspace/BMI/build/interfaces
[1.079s] Level 1:colcon.colcon_core.environment:checking '/workspace/BMI/install/interfaces' for CMake module files
[1.080s] Level 1:colcon.colcon_core.environment:checking '/workspace/BMI/install/interfaces' for CMake config files
[1.080s] Level 1:colcon.colcon_core.shell:create_environment_hook('interfaces', 'cmake_prefix_path')
[1.081s] INFO:colcon.colcon_core.shell:Creating environment hook '/workspace/BMI/install/interfaces/share/interfaces/hook/cmake_prefix_path.ps1'
[1.081s] INFO:colcon.colcon_core.shell:Creating environment descriptor '/workspace/BMI/install/interfaces/share/interfaces/hook/cmake_prefix_path.dsv'
[1.081s] INFO:colcon.colcon_core.shell:Creating environment hook '/workspace/BMI/install/interfaces/share/interfaces/hook/cmake_prefix_path.sh'
[1.082s] Level 1:colcon.colcon_core.environment:checking '/workspace/BMI/install/interfaces/lib'
[1.082s] Level 1:colcon.colcon_core.shell:create_environment_hook('interfaces', 'ld_library_path_lib')
[1.083s] INFO:colcon.colcon_core.shell:Creating environment hook '/workspace/BMI/install/interfaces/share/interfaces/hook/ld_library_path_lib.ps1'
[1.083s] INFO:colcon.colcon_core.shell:Creating environment descriptor '/workspace/BMI/install/interfaces/share/interfaces/hook/ld_library_path_lib.dsv'
[1.083s] INFO:colcon.colcon_core.shell:Creating environment hook '/workspace/BMI/install/interfaces/share/interfaces/hook/ld_library_path_lib.sh'
[1.084s] Level 1:colcon.colcon_core.environment:checking '/workspace/BMI/install/interfaces/bin'
[1.084s] Level 1:colcon.colcon_core.environment:checking '/workspace/BMI/install/interfaces/lib/pkgconfig/interfaces.pc'
[1.084s] Level 1:colcon.colcon_core.environment:checking '/workspace/BMI/install/interfaces/lib/python3.10/site-packages'
[1.084s] Level 1:colcon.colcon_core.environment:checking '/workspace/BMI/install/interfaces/bin'
[1.085s] INFO:colcon.colcon_core.shell:Creating package script '/workspace/BMI/install/interfaces/share/interfaces/package.ps1'
[1.085s] INFO:colcon.colcon_core.shell:Creating package descriptor '/workspace/BMI/install/interfaces/share/interfaces/package.dsv'
[1.086s] INFO:colcon.colcon_core.shell:Creating package script '/workspace/BMI/install/interfaces/share/interfaces/package.sh'
[1.086s] INFO:colcon.colcon_core.shell:Creating package script '/workspace/BMI/install/interfaces/share/interfaces/package.bash'
[1.087s] INFO:colcon.colcon_core.shell:Creating package script '/workspace/BMI/install/interfaces/share/interfaces/package.zsh'
[1.087s] Level 1:colcon.colcon_core.environment:create_file_with_runtime_dependencies(/workspace/BMI/install/interfaces/share/colcon-core/packages/interfaces)
[1.137s] Level 1:colcon.colcon_core.environment:create_environment_scripts_only(interfaces)
[1.139s] Level 1:colcon.colcon_core.environment:checking '/workspace/BMI/install/interfaces' for CMake module files
[1.139s] Level 1:colcon.colcon_core.environment:checking '/workspace/BMI/install/interfaces' for CMake config files
[1.139s] Level 1:colcon.colcon_core.shell:create_environment_hook('interfaces', 'cmake_prefix_path')
[1.140s] INFO:colcon.colcon_core.shell:Creating environment hook '/workspace/BMI/install/interfaces/share/interfaces/hook/cmake_prefix_path.ps1'
[1.140s] INFO:colcon.colcon_core.shell:Creating environment descriptor '/workspace/BMI/install/interfaces/share/interfaces/hook/cmake_prefix_path.dsv'
[1.141s] INFO:colcon.colcon_core.shell:Creating environment hook '/workspace/BMI/install/interfaces/share/interfaces/hook/cmake_prefix_path.sh'
[1.141s] Level 1:colcon.colcon_core.environment:checking '/workspace/BMI/install/interfaces/lib'
[1.141s] Level 1:colcon.colcon_core.shell:create_environment_hook('interfaces', 'ld_library_path_lib')
[1.142s] INFO:colcon.colcon_core.shell:Creating environment hook '/workspace/BMI/install/interfaces/share/interfaces/hook/ld_library_path_lib.ps1'
[1.142s] INFO:colcon.colcon_core.shell:Creating environment descriptor '/workspace/BMI/install/interfaces/share/interfaces/hook/ld_library_path_lib.dsv'
[1.142s] INFO:colcon.colcon_core.shell:Creating environment hook '/workspace/BMI/install/interfaces/share/interfaces/hook/ld_library_path_lib.sh'
[1.142s] Level 1:colcon.colcon_core.environment:checking '/workspace/BMI/install/interfaces/bin'
[1.143s] Level 1:colcon.colcon_core.environment:checking '/workspace/BMI/install/interfaces/lib/pkgconfig/interfaces.pc'
[1.143s] Level 1:colcon.colcon_core.environment:checking '/workspace/BMI/install/interfaces/lib/python3.10/site-packages'
[1.143s] Level 1:colcon.colcon_core.environment:checking '/workspace/BMI/install/interfaces/bin'
[1.144s] INFO:colcon.colcon_core.shell:Creating package script '/workspace/BMI/install/interfaces/share/interfaces/package.ps1'
[1.144s] INFO:colcon.colcon_core.shell:Creating package descriptor '/workspace/BMI/install/interfaces/share/interfaces/package.dsv'
[1.145s] INFO:colcon.colcon_core.shell:Creating package script '/workspace/BMI/install/interfaces/share/interfaces/package.sh'
[1.145s] INFO:colcon.colcon_core.shell:Creating package script '/workspace/BMI/install/interfaces/share/interfaces/package.bash'
[1.145s] INFO:colcon.colcon_core.shell:Creating package script '/workspace/BMI/install/interfaces/share/interfaces/package.zsh'
[1.145s] Level 1:colcon.colcon_core.environment:create_file_with_runtime_dependencies(/workspace/BMI/install/interfaces/share/colcon-core/packages/interfaces)
[1.245s] DEBUG:colcon.colcon_core.event_handler.log_command:Invoking command in '/workspace/BMI/src/presenter': PYTHONPATH=/workspace/BMI/install/presenter/lib/python3.10/site-packages:${PYTHONPATH} /usr/bin/python3 setup.py egg_info --egg-base ../../build/presenter build --build-base /workspace/BMI/build/presenter/build install --prefix /workspace/BMI/install/presenter --record /workspace/BMI/build/presenter/install.log --single-version-externally-managed
[1.250s] DEBUG:colcon.colcon_core.event_handler.log_command:Invoking command in '/workspace/BMI/src/decoder': PYTHONPATH=/workspace/BMI/install/decoder/lib/python3.10/site-packages:${PYTHONPATH} /usr/bin/python3 setup.py egg_info --egg-base ../../build/decoder build --build-base /workspace/BMI/build/decoder/build install --prefix /workspace/BMI/install/decoder --record /workspace/BMI/build/decoder/install.log --single-version-externally-managed
[1.251s] DEBUG:colcon.colcon_core.event_handler.log_command:Invoking command in '/workspace/BMI/src/test_pkg': PYTHONPATH=/workspace/BMI/install/test_pkg/lib/python3.10/site-packages:${PYTHONPATH} /usr/bin/python3 setup.py egg_info --egg-base ../../build/test_pkg build --build-base /workspace/BMI/build/test_pkg/build install --prefix /workspace/BMI/install/test_pkg --record /workspace/BMI/build/test_pkg/install.log --single-version-externally-managed
[1.252s] DEBUG:colcon.colcon_core.event_handler.log_command:Invoking command in '/workspace/BMI/src/neural_data_generator': PYTHONPATH=/workspace/BMI/install/neural_data_generator/lib/python3.10/site-packages:${PYTHONPATH} /usr/bin/python3 setup.py egg_info --egg-base ../../build/neural_data_generator build --build-base /workspace/BMI/build/neural_data_generator/build install --prefix /workspace/BMI/install/neural_data_generator --record /workspace/BMI/build/neural_data_generator/install.log --single-version-externally-managed
[1.451s] Level 1:colcon.colcon_core.environment:checking '/workspace/BMI/install/decoder' for CMake module files
[1.452s] DEBUG:colcon.colcon_core.event_handler.log_command:Invoked command in '/workspace/BMI/src/decoder' returned '0': PYTHONPATH=/workspace/BMI/install/decoder/lib/python3.10/site-packages:${PYTHONPATH} /usr/bin/python3 setup.py egg_info --egg-base ../../build/decoder build --build-base /workspace/BMI/build/decoder/build install --prefix /workspace/BMI/install/decoder --record /workspace/BMI/build/decoder/install.log --single-version-externally-managed
[1.452s] Level 1:colcon.colcon_core.environment:checking '/workspace/BMI/install/decoder' for CMake config files
[1.452s] Level 1:colcon.colcon_core.environment:checking '/workspace/BMI/install/decoder/lib'
[1.452s] Level 1:colcon.colcon_core.environment:checking '/workspace/BMI/install/decoder/bin'
[1.452s] Level 1:colcon.colcon_core.environment:checking '/workspace/BMI/install/decoder/lib/pkgconfig/decoder.pc'
[1.452s] Level 1:colcon.colcon_core.environment:checking '/workspace/BMI/install/decoder/lib/python3.10/site-packages'
[1.453s] Level 1:colcon.colcon_core.shell:create_environment_hook('decoder', 'pythonpath')
[1.453s] INFO:colcon.colcon_core.shell:Creating environment hook '/workspace/BMI/install/decoder/share/decoder/hook/pythonpath.ps1'
[1.454s] INFO:colcon.colcon_core.shell:Creating environment descriptor '/workspace/BMI/install/decoder/share/decoder/hook/pythonpath.dsv'
[1.454s] INFO:colcon.colcon_core.shell:Creating environment hook '/workspace/BMI/install/decoder/share/decoder/hook/pythonpath.sh'
[1.454s] Level 1:colcon.colcon_core.environment:checking '/workspace/BMI/install/decoder/bin'
[1.454s] Level 1:colcon.colcon_core.environment:create_environment_scripts_only(decoder)
[1.455s] INFO:colcon.colcon_core.shell:Creating package script '/workspace/BMI/install/decoder/share/decoder/package.ps1'
[1.456s] INFO:colcon.colcon_core.shell:Creating package descriptor '/workspace/BMI/install/decoder/share/decoder/package.dsv'
[1.456s] INFO:colcon.colcon_core.shell:Creating package script '/workspace/BMI/install/decoder/share/decoder/package.sh'
[1.456s] INFO:colcon.colcon_core.shell:Creating package script '/workspace/BMI/install/decoder/share/decoder/package.bash'
[1.456s] INFO:colcon.colcon_core.shell:Creating package script '/workspace/BMI/install/decoder/share/decoder/package.zsh'
[1.457s] Level 1:colcon.colcon_core.environment:create_file_with_runtime_dependencies(/workspace/BMI/install/decoder/share/colcon-core/packages/decoder)
[1.459s] Level 1:colcon.colcon_core.environment:checking '/workspace/BMI/install/presenter' for CMake module files
[1.459s] Level 1:colcon.colcon_core.environment:checking '/workspace/BMI/install/presenter' for CMake config files
[1.459s] DEBUG:colcon.colcon_core.event_handler.log_command:Invoked command in '/workspace/BMI/src/presenter' returned '0': PYTHONPATH=/workspace/BMI/install/presenter/lib/python3.10/site-packages:${PYTHONPATH} /usr/bin/python3 setup.py egg_info --egg-base ../../build/presenter build --build-base /workspace/BMI/build/presenter/build install --prefix /workspace/BMI/install/presenter --record /workspace/BMI/build/presenter/install.log --single-version-externally-managed
[1.460s] Level 1:colcon.colcon_core.environment:checking '/workspace/BMI/install/presenter/lib'
[1.460s] Level 1:colcon.colcon_core.environment:checking '/workspace/BMI/install/presenter/bin'
[1.460s] Level 1:colcon.colcon_core.environment:checking '/workspace/BMI/install/presenter/lib/pkgconfig/presenter.pc'
[1.460s] Level 1:colcon.colcon_core.environment:checking '/workspace/BMI/install/presenter/lib/python3.10/site-packages'
[1.460s] Level 1:colcon.colcon_core.shell:create_environment_hook('presenter', 'pythonpath')
[1.461s] INFO:colcon.colcon_core.shell:Creating environment hook '/workspace/BMI/install/presenter/share/presenter/hook/pythonpath.ps1'
[1.461s] INFO:colcon.colcon_core.shell:Creating environment descriptor '/workspace/BMI/install/presenter/share/presenter/hook/pythonpath.dsv'
[1.461s] INFO:colcon.colcon_core.shell:Creating environment hook '/workspace/BMI/install/presenter/share/presenter/hook/pythonpath.sh'
[1.462s] Level 1:colcon.colcon_core.environment:checking '/workspace/BMI/install/presenter/bin'
[1.462s] Level 1:colcon.colcon_core.environment:create_environment_scripts_only(presenter)
[1.462s] INFO:colcon.colcon_core.shell:Creating package script '/workspace/BMI/install/presenter/share/presenter/package.ps1'
[1.463s] INFO:colcon.colcon_core.shell:Creating package descriptor '/workspace/BMI/install/presenter/share/presenter/package.dsv'
[1.463s] INFO:colcon.colcon_core.shell:Creating package script '/workspace/BMI/install/presenter/share/presenter/package.sh'
[1.463s] INFO:colcon.colcon_core.shell:Creating package script '/workspace/BMI/install/presenter/share/presenter/package.bash'
[1.463s] INFO:colcon.colcon_core.shell:Creating package script '/workspace/BMI/install/presenter/share/presenter/package.zsh'
[1.464s] Level 1:colcon.colcon_core.environment:create_file_with_runtime_dependencies(/workspace/BMI/install/presenter/share/colcon-core/packages/presenter)
[1.465s] Level 1:colcon.colcon_core.environment:checking '/workspace/BMI/install/neural_data_generator' for CMake module files
[1.466s] DEBUG:colcon.colcon_core.event_handler.log_command:Invoked command in '/workspace/BMI/src/neural_data_generator' returned '0': PYTHONPATH=/workspace/BMI/install/neural_data_generator/lib/python3.10/site-packages:${PYTHONPATH} /usr/bin/python3 setup.py egg_info --egg-base ../../build/neural_data_generator build --build-base /workspace/BMI/build/neural_data_generator/build install --prefix /workspace/BMI/install/neural_data_generator --record /workspace/BMI/build/neural_data_generator/install.log --single-version-externally-managed
[1.466s] Level 1:colcon.colcon_core.environment:checking '/workspace/BMI/install/neural_data_generator' for CMake config files
[1.466s] Level 1:colcon.colcon_core.environment:checking '/workspace/BMI/install/neural_data_generator/lib'
[1.466s] Level 1:colcon.colcon_core.environment:checking '/workspace/BMI/install/neural_data_generator/bin'
[1.466s] Level 1:colcon.colcon_core.environment:checking '/workspace/BMI/install/neural_data_generator/lib/pkgconfig/neural_data_generator.pc'
[1.466s] Level 1:colcon.colcon_core.environment:checking '/workspace/BMI/install/neural_data_generator/lib/python3.10/site-packages'
[1.466s] Level 1:colcon.colcon_core.shell:create_environment_hook('neural_data_generator', 'pythonpath')
[1.467s] INFO:colcon.colcon_core.shell:Creating environment hook '/workspace/BMI/install/neural_data_generator/share/neural_data_generator/hook/pythonpath.ps1'
[1.468s] INFO:colcon.colcon_core.shell:Creating environment descriptor '/workspace/BMI/install/neural_data_generator/share/neural_data_generator/hook/pythonpath.dsv'
[1.468s] INFO:colcon.colcon_core.shell:Creating environment hook '/workspace/BMI/install/neural_data_generator/share/neural_data_generator/hook/pythonpath.sh'
[1.468s] Level 1:colcon.colcon_core.environment:checking '/workspace/BMI/install/neural_data_generator/bin'
[1.468s] Level 1:colcon.colcon_core.environment:create_environment_scripts_only(neural_data_generator)
[1.469s] INFO:colcon.colcon_core.shell:Creating package script '/workspace/BMI/install/neural_data_generator/share/neural_data_generator/package.ps1'
[1.469s] INFO:colcon.colcon_core.shell:Creating package descriptor '/workspace/BMI/install/neural_data_generator/share/neural_data_generator/package.dsv'
[1.470s] INFO:colcon.colcon_core.shell:Creating package script '/workspace/BMI/install/neural_data_generator/share/neural_data_generator/package.sh'
[1.470s] INFO:colcon.colcon_core.shell:Creating package script '/workspace/BMI/install/neural_data_generator/share/neural_data_generator/package.bash'
[1.470s] INFO:colcon.colcon_core.shell:Creating package script '/workspace/BMI/install/neural_data_generator/share/neural_data_generator/package.zsh'
[1.470s] Level 1:colcon.colcon_core.environment:create_file_with_runtime_dependencies(/workspace/BMI/install/neural_data_generator/share/colcon-core/packages/neural_data_generator)
[1.472s] Level 1:colcon.colcon_core.environment:checking '/workspace/BMI/install/test_pkg' for CMake module files
[1.472s] Level 1:colcon.colcon_core.environment:checking '/workspace/BMI/install/test_pkg' for CMake config files
[1.472s] DEBUG:colcon.colcon_core.event_handler.log_command:Invoked command in '/workspace/BMI/src/test_pkg' returned '0': PYTHONPATH=/workspace/BMI/install/test_pkg/lib/python3.10/site-packages:${PYTHONPATH} /usr/bin/python3 setup.py egg_info --egg-base ../../build/test_pkg build --build-base /workspace/BMI/build/test_pkg/build install --prefix /workspace/BMI/install/test_pkg --record /workspace/BMI/build/test_pkg/install.log --single-version-externally-managed
[1.473s] Level 1:colcon.colcon_core.environment:checking '/workspace/BMI/install/test_pkg/lib'
[1.473s] Level 1:colcon.colcon_core.environment:checking '/workspace/BMI/install/test_pkg/bin'
[1.473s] Level 1:colcon.colcon_core.environment:checking '/workspace/BMI/install/test_pkg/lib/pkgconfig/test_pkg.pc'
[1.473s] Level 1:colcon.colcon_core.environment:checking '/workspace/BMI/install/test_pkg/lib/python3.10/site-packages'
[1.473s] Level 1:colcon.colcon_core.shell:create_environment_hook('test_pkg', 'pythonpath')
[1.474s] INFO:colcon.colcon_core.shell:Creating environment hook '/workspace/BMI/install/test_pkg/share/test_pkg/hook/pythonpath.ps1'
[1.474s] INFO:colcon.colcon_core.shell:Creating environment descriptor '/workspace/BMI/install/test_pkg/share/test_pkg/hook/pythonpath.dsv'
[1.474s] INFO:colcon.colcon_core.shell:Creating environment hook '/workspace/BMI/install/test_pkg/share/test_pkg/hook/pythonpath.sh'
[1.475s] Level 1:colcon.colcon_core.environment:checking '/workspace/BMI/install/test_pkg/bin'
[1.475s] Level 1:colcon.colcon_core.environment:create_environment_scripts_only(test_pkg)
[1.476s] INFO:colcon.colcon_core.shell:Creating package script '/workspace/BMI/install/test_pkg/share/test_pkg/package.ps1'
[1.476s] INFO:colcon.colcon_core.shell:Creating package descriptor '/workspace/BMI/install/test_pkg/share/test_pkg/package.dsv'
[1.476s] INFO:colcon.colcon_core.shell:Creating package script '/workspace/BMI/install/test_pkg/share/test_pkg/package.sh'
[1.476s] INFO:colcon.colcon_core.shell:Creating package script '/workspace/BMI/install/test_pkg/share/test_pkg/package.bash'
[1.477s] INFO:colcon.colcon_core.shell:Creating package script '/workspace/BMI/install/test_pkg/share/test_pkg/package.zsh'
[1.477s] Level 1:colcon.colcon_core.environment:create_file_with_runtime_dependencies(/workspace/BMI/install/test_pkg/share/colcon-core/packages/test_pkg)
[1.477s] DEBUG:colcon.colcon_parallel_executor.executor.parallel:closing loop
[1.477s] DEBUG:colcon.colcon_parallel_executor.executor.parallel:loop closed
[1.477s] DEBUG:colcon.colcon_parallel_executor.executor.parallel:run_until_complete finished with '0'
[1.477s] DEBUG:colcon.colcon_core.event_reactor:joining thread
[1.482s] INFO:colcon.colcon_core.plugin_system:Skipping extension 'colcon_notification.desktop_notification.notify_send': Could not find 'notify-send'
[1.482s] INFO:colcon.colcon_core.plugin_system:Skipping extension 'colcon_notification.desktop_notification.terminal_notifier': Not used on non-Darwin systems
[1.482s] INFO:colcon.colcon_core.plugin_system:Skipping extension 'colcon_notification.desktop_notification.win32': Not used on non-Windows systems
[1.482s] INFO:colcon.colcon_notification.desktop_notification:Sending desktop notification using 'notify2'
[1.484s] DEBUG:colcon.colcon_notification.desktop_notification.notify2:Failed to initialize notify2: org.freedesktop.DBus.Error.Spawn.ExecFailed: /usr/bin/dbus-launch terminated abnormally without any error message
[1.484s] DEBUG:colcon.colcon_core.event_reactor:joined thread
[1.485s] INFO:colcon.colcon_core.shell:Creating prefix script '/workspace/BMI/install/local_setup.ps1'
[1.486s] INFO:colcon.colcon_core.shell:Creating prefix util module '/workspace/BMI/install/_local_setup_util_ps1.py'
[1.486s] INFO:colcon.colcon_core.shell:Creating prefix chain script '/workspace/BMI/install/setup.ps1'
[1.487s] INFO:colcon.colcon_core.shell:Creating prefix script '/workspace/BMI/install/local_setup.sh'
[1.488s] INFO:colcon.colcon_core.shell:Creating prefix util module '/workspace/BMI/install/_local_setup_util_sh.py'
[1.488s] INFO:colcon.colcon_core.shell:Creating prefix chain script '/workspace/BMI/install/setup.sh'
[1.489s] INFO:colcon.colcon_core.shell:Creating prefix script '/workspace/BMI/install/local_setup.bash'
[1.489s] INFO:colcon.colcon_core.shell:Creating prefix chain script '/workspace/BMI/install/setup.bash'
[1.490s] INFO:colcon.colcon_core.shell:Creating prefix script '/workspace/BMI/install/local_setup.zsh'
[1.490s] INFO:colcon.colcon_core.shell:Creating prefix chain script '/workspace/BMI/install/setup.zsh'
