running egg_info
creating ../../build/decoder/decoder.egg-info
writing ../../build/decoder/decoder.egg-info/PKG-INFO
writing dependency_links to ../../build/decoder/decoder.egg-info/dependency_links.txt
writing entry points to ../../build/decoder/decoder.egg-info/entry_points.txt
writing requirements to ../../build/decoder/decoder.egg-info/requires.txt
writing top-level names to ../../build/decoder/decoder.egg-info/top_level.txt
writing manifest file '../../build/decoder/decoder.egg-info/SOURCES.txt'
reading manifest file '../../build/decoder/decoder.egg-info/SOURCES.txt'
writing manifest file '../../build/decoder/decoder.egg-info/SOURCES.txt'
running build
running build_py
creating /workspace/BMI/build/decoder/build
creating /workspace/BMI/build/decoder/build/lib
creating /workspace/BMI/build/decoder/build/lib/decoder
copying decoder/__init__.py -> /workspace/BMI/build/decoder/build/lib/decoder
copying decoder/data_integrator.py -> /workspace/BMI/build/decoder/build/lib/decoder
running install
/usr/lib/python3/dist-packages/setuptools/command/install.py:34: SetuptoolsDeprecationWarning: setup.py install is deprecated. Use build and pip and other standards-based tools.
  warnings.warn(
running install_lib
creating /workspace/BMI/install/decoder/lib/python3.10/site-packages/decoder
copying /workspace/BMI/build/decoder/build/lib/decoder/__init__.py -> /workspace/BMI/install/decoder/lib/python3.10/site-packages/decoder
copying /workspace/BMI/build/decoder/build/lib/decoder/data_integrator.py -> /workspace/BMI/install/decoder/lib/python3.10/site-packages/decoder
byte-compiling /workspace/BMI/install/decoder/lib/python3.10/site-packages/decoder/__init__.py to __init__.cpython-310.pyc
byte-compiling /workspace/BMI/install/decoder/lib/python3.10/site-packages/decoder/data_integrator.py to data_integrator.cpython-310.pyc
running install_data
creating /workspace/BMI/install/decoder/share/ament_index
creating /workspace/BMI/install/decoder/share/ament_index/resource_index
creating /workspace/BMI/install/decoder/share/ament_index/resource_index/packages
copying resource/decoder -> /workspace/BMI/install/decoder/share/ament_index/resource_index/packages
copying package.xml -> /workspace/BMI/install/decoder/share/decoder
running install_egg_info
Copying ../../build/decoder/decoder.egg-info to /workspace/BMI/install/decoder/lib/python3.10/site-packages/decoder-0.0.0-py3.10.egg-info
running install_scripts
writing list of installed files to '/workspace/BMI/build/decoder/install.log'
