[0.569s] Invoking command in '/workspace/BMI/src/decoder': PYTHONPATH=/workspace/BMI/install/decoder/lib/python3.10/site-packages:${PYTHONPATH} /usr/bin/python3 setup.py egg_info --egg-base ../../build/decoder build --build-base /workspace/BMI/build/decoder/build install --prefix /workspace/BMI/install/decoder --record /workspace/BMI/build/decoder/install.log --single-version-externally-managed
[0.712s] running egg_info
[0.713s] creating ../../build/decoder/decoder.egg-info
[0.713s] writing ../../build/decoder/decoder.egg-info/PKG-INFO
[0.713s] writing dependency_links to ../../build/decoder/decoder.egg-info/dependency_links.txt
[0.713s] writing entry points to ../../build/decoder/decoder.egg-info/entry_points.txt
[0.713s] writing requirements to ../../build/decoder/decoder.egg-info/requires.txt
[0.713s] writing top-level names to ../../build/decoder/decoder.egg-info/top_level.txt
[0.713s] writing manifest file '../../build/decoder/decoder.egg-info/SOURCES.txt'
[0.714s] reading manifest file '../../build/decoder/decoder.egg-info/SOURCES.txt'
[0.714s] writing manifest file '../../build/decoder/decoder.egg-info/SOURCES.txt'
[0.715s] running build
[0.715s] running build_py
[0.715s] creating /workspace/BMI/build/decoder/build
[0.715s] creating /workspace/BMI/build/decoder/build/lib
[0.715s] creating /workspace/BMI/build/decoder/build/lib/decoder
[0.715s] copying decoder/__init__.py -> /workspace/BMI/build/decoder/build/lib/decoder
[0.715s] copying decoder/data_integrator.py -> /workspace/BMI/build/decoder/build/lib/decoder
[0.715s] running install
[0.715s] /usr/lib/python3/dist-packages/setuptools/command/install.py:34: SetuptoolsDeprecationWarning: setup.py install is deprecated. Use build and pip and other standards-based tools.
[0.715s]   warnings.warn(
[0.715s] running install_lib
[0.716s] creating /workspace/BMI/install/decoder/lib/python3.10/site-packages/decoder
[0.716s] copying /workspace/BMI/build/decoder/build/lib/decoder/__init__.py -> /workspace/BMI/install/decoder/lib/python3.10/site-packages/decoder
[0.716s] copying /workspace/BMI/build/decoder/build/lib/decoder/data_integrator.py -> /workspace/BMI/install/decoder/lib/python3.10/site-packages/decoder
[0.716s] byte-compiling /workspace/BMI/install/decoder/lib/python3.10/site-packages/decoder/__init__.py to __init__.cpython-310.pyc
[0.716s] byte-compiling /workspace/BMI/install/decoder/lib/python3.10/site-packages/decoder/data_integrator.py to data_integrator.cpython-310.pyc
[0.717s] running install_data
[0.717s] creating /workspace/BMI/install/decoder/share/ament_index
[0.717s] creating /workspace/BMI/install/decoder/share/ament_index/resource_index
[0.717s] creating /workspace/BMI/install/decoder/share/ament_index/resource_index/packages
[0.717s] copying resource/decoder -> /workspace/BMI/install/decoder/share/ament_index/resource_index/packages
[0.717s] copying package.xml -> /workspace/BMI/install/decoder/share/decoder
[0.717s] running install_egg_info
[0.718s] Copying ../../build/decoder/decoder.egg-info to /workspace/BMI/install/decoder/lib/python3.10/site-packages/decoder-0.0.0-py3.10.egg-info
[0.719s] running install_scripts
[0.732s] writing list of installed files to '/workspace/BMI/build/decoder/install.log'
[0.760s] Invoked command in '/workspace/BMI/src/decoder' returned '0': PYTHONPATH=/workspace/BMI/install/decoder/lib/python3.10/site-packages:${PYTHONPATH} /usr/bin/python3 setup.py egg_info --egg-base ../../build/decoder build --build-base /workspace/BMI/build/decoder/build install --prefix /workspace/BMI/install/decoder --record /workspace/BMI/build/decoder/install.log --single-version-externally-managed
