[INFO] [1664177651.132820811] [decoding_element_trainer]: Parameters: system: 0
[INFO] [1664177651.133168274] [decoding_element_trainer]: Parameters: group: 0
[INFO] [1664177651.133437824] [decoding_element_trainer]: Parameters: decoding_element: decoder
[INFO] [1664177651.133699539] [decoding_element_trainer]: Parameters: algorithm: wiener_filter_synchronous
Process Process-1:
Traceback (most recent call last):
  File "/workspace/BMI/install/decoding_element/lib/decoding_element/trainer", line 33, in <module>
    sys.exit(load_entry_point('decoding-element==0.0.0', 'console_scripts', 'trainer')())
  File "/workspace/BMI/install/decoding_element/lib/python3.10/site-packages/decoding_element/decoding_element_trainer.py", line 118, in main
    rclpy.spin(decoding_element_trainer)
  File "/opt/ros/humble/local/lib/python3.10/dist-packages/rclpy/__init__.py", line 222, in spin
    executor.spin_once()
  File "/opt/ros/humble/local/lib/python3.10/dist-packages/rclpy/executors.py", line 704, in spin_once
    handler, entity, node = self.wait_for_ready_callbacks(timeout_sec=timeout_sec)
  File "/opt/ros/humble/local/lib/python3.10/dist-packages/rclpy/executors.py", line 690, in wait_for_ready_callbacks
    return next(self._cb_iter)
  File "/opt/ros/humble/local/lib/python3.10/dist-packages/rclpy/executors.py", line 588, in _wait_for_ready_callbacks
    wait_set.wait(timeout_nsec)
KeyboardInterrupt
Traceback (most recent call last):
  File "/usr/lib/python3.10/multiprocessing/process.py", line 315, in _bootstrap
    self.run()
  File "/usr/lib/python3.10/multiprocessing/process.py", line 108, in run
    self._target(*self._args, **self._kwargs)
  File "/workspace/BMI/install/decoding_element/lib/python3.10/site-packages/decoding_element/decoding_element_trainer.py", line 33, in trainer
    if not sample_buffer.empty():
  File "/usr/lib/python3.10/multiprocessing/queues.py", line 129, in empty
    return not self._poll()
  File "/usr/lib/python3.10/multiprocessing/connection.py", line 262, in poll
    return self._poll(timeout)
  File "/usr/lib/python3.10/multiprocessing/connection.py", line 429, in _poll
    r = wait([self], timeout)
  File "/usr/lib/python3.10/multiprocessing/connection.py", line 936, in wait
    ready = selector.select(timeout)
  File "/usr/lib/python3.10/selectors.py", line 416, in select
    fd_event_list = self._selector.poll(timeout)
KeyboardInterrupt
