[  1%] Built target interfaces__cpp
[ 12%] Built target interfaces__rosidl_generator_c
[ 12%] Built target ament_cmake_python_copy_interfaces
[ 23%] Built target interfaces__rosidl_typesupport_c
[ 35%] Built target interfaces__rosidl_typesupport_introspection_c
[ 46%] Built target interfaces__rosidl_typesupport_cpp
[ 57%] Built target interfaces__rosidl_typesupport_introspection_cpp
[ 78%] Built target interfaces__rosidl_typesupport_fastrtps_cpp
[ 80%] Built target interfaces__rosidl_typesupport_fastrtps_c
[ 80%] Built target interfaces
[ 81%] Built target interfaces__py
[ 91%] Built target interfaces__rosidl_generator_py
[100%] Built target interfaces__rosidl_typesupport_fastrtps_c__pyext
[100%] Built target interfaces__rosidl_typesupport_introspection_c__pyext
[100%] Built target interfaces__rosidl_typesupport_c__pyext
running egg_info
writing interfaces.egg-info/PKG-INFO
writing dependency_links to interfaces.egg-info/dependency_links.txt
writing top-level names to interfaces.egg-info/top_level.txt
reading manifest file 'interfaces.egg-info/SOURCES.txt'
writing manifest file 'interfaces.egg-info/SOURCES.txt'
[100%] Built target ament_cmake_python_build_interfaces_egg
-- Install configuration: ""
-- Up-to-date: /workspace/BMI/install/interfaces/share/ament_index/resource_index/rosidl_interfaces/interfaces
-- Up-to-date: /workspace/BMI/install/interfaces/include/interfaces/interfaces
-- Up-to-date: /workspace/BMI/install/interfaces/include/interfaces/interfaces/msg
-- Up-to-date: /workspace/BMI/install/interfaces/include/interfaces/interfaces/msg/rosidl_generator_c__visibility_control.h
-- Up-to-date: /workspace/BMI/install/interfaces/include/interfaces/interfaces/msg/state.h
-- Up-to-date: /workspace/BMI/install/interfaces/include/interfaces/interfaces/msg/decoder_element.h
-- Up-to-date: /workspace/BMI/install/interfaces/include/interfaces/interfaces/msg/num.h
-- Up-to-date: /workspace/BMI/install/interfaces/include/interfaces/interfaces/msg/sample.h
-- Up-to-date: /workspace/BMI/install/interfaces/include/interfaces/interfaces/msg/detail
-- Up-to-date: /workspace/BMI/install/interfaces/include/interfaces/interfaces/msg/detail/state__struct.h
-- Up-to-date: /workspace/BMI/install/interfaces/include/interfaces/interfaces/msg/detail/decoder_element__functions.c
-- Up-to-date: /workspace/BMI/install/interfaces/include/interfaces/interfaces/msg/detail/ir__functions.h
-- Up-to-date: /workspace/BMI/install/interfaces/include/interfaces/interfaces/msg/detail/decoder_element__struct.h
-- Up-to-date: /workspace/BMI/install/interfaces/include/interfaces/interfaces/msg/detail/num__type_support.h
-- Up-to-date: /workspace/BMI/install/interfaces/include/interfaces/interfaces/msg/detail/passive_observation__type_support.h
-- Up-to-date: /workspace/BMI/install/interfaces/include/interfaces/interfaces/msg/detail/ir__type_support.h
-- Up-to-date: /workspace/BMI/install/interfaces/include/interfaces/interfaces/msg/detail/state__type_support.h
-- Up-to-date: /workspace/BMI/install/interfaces/include/interfaces/interfaces/msg/detail/ir__struct.h
-- Up-to-date: /workspace/BMI/install/interfaces/include/interfaces/interfaces/msg/detail/passive_observation__functions.c
-- Up-to-date: /workspace/BMI/install/interfaces/include/interfaces/interfaces/msg/detail/num__struct.h
-- Up-to-date: /workspace/BMI/install/interfaces/include/interfaces/interfaces/msg/detail/sample__functions.h
-- Up-to-date: /workspace/BMI/install/interfaces/include/interfaces/interfaces/msg/detail/sample__type_support.h
-- Up-to-date: /workspace/BMI/install/interfaces/include/interfaces/interfaces/msg/detail/passive_observation__functions.h
-- Up-to-date: /workspace/BMI/install/interfaces/include/interfaces/interfaces/msg/detail/state__functions.h
-- Up-to-date: /workspace/BMI/install/interfaces/include/interfaces/interfaces/msg/detail/state__functions.c
-- Up-to-date: /workspace/BMI/install/interfaces/include/interfaces/interfaces/msg/detail/num__functions.h
-- Up-to-date: /workspace/BMI/install/interfaces/include/interfaces/interfaces/msg/detail/decoder_element__type_support.h
-- Up-to-date: /workspace/BMI/install/interfaces/include/interfaces/interfaces/msg/detail/passive_observation__struct.h
-- Up-to-date: /workspace/BMI/install/interfaces/include/interfaces/interfaces/msg/detail/sample__functions.c
-- Up-to-date: /workspace/BMI/install/interfaces/include/interfaces/interfaces/msg/detail/sample__struct.h
-- Up-to-date: /workspace/BMI/install/interfaces/include/interfaces/interfaces/msg/detail/num__functions.c
-- Up-to-date: /workspace/BMI/install/interfaces/include/interfaces/interfaces/msg/detail/decoder_element__functions.h
-- Up-to-date: /workspace/BMI/install/interfaces/include/interfaces/interfaces/msg/detail/ir__functions.c
-- Up-to-date: /workspace/BMI/install/interfaces/include/interfaces/interfaces/msg/ir.h
-- Up-to-date: /workspace/BMI/install/interfaces/include/interfaces/interfaces/msg/passive_observation.h
-- Up-to-date: /workspace/BMI/install/interfaces/include/interfaces/interfaces/srv
-- Up-to-date: /workspace/BMI/install/interfaces/include/interfaces/interfaces/srv/decoder.h
-- Up-to-date: /workspace/BMI/install/interfaces/include/interfaces/interfaces/srv/detail
-- Up-to-date: /workspace/BMI/install/interfaces/include/interfaces/interfaces/srv/detail/decoder__type_support.h
-- Up-to-date: /workspace/BMI/install/interfaces/include/interfaces/interfaces/srv/detail/decoder__functions.h
-- Up-to-date: /workspace/BMI/install/interfaces/include/interfaces/interfaces/srv/detail/decoder__functions.c
-- Up-to-date: /workspace/BMI/install/interfaces/include/interfaces/interfaces/srv/detail/decoder__struct.h
-- Up-to-date: /workspace/BMI/install/interfaces/share/interfaces/environment/library_path.sh
-- Up-to-date: /workspace/BMI/install/interfaces/share/interfaces/environment/library_path.dsv
-- Up-to-date: /workspace/BMI/install/interfaces/lib/libinterfaces__rosidl_generator_c.so
-- Up-to-date: /workspace/BMI/install/interfaces/include/interfaces/interfaces
-- Up-to-date: /workspace/BMI/install/interfaces/include/interfaces/interfaces/msg
-- Up-to-date: /workspace/BMI/install/interfaces/include/interfaces/interfaces/msg/detail
-- Up-to-date: /workspace/BMI/install/interfaces/include/interfaces/interfaces/msg/detail/sample__rosidl_typesupport_fastrtps_c.h
-- Up-to-date: /workspace/BMI/install/interfaces/include/interfaces/interfaces/msg/detail/passive_observation__rosidl_typesupport_fastrtps_c.h
-- Up-to-date: /workspace/BMI/install/interfaces/include/interfaces/interfaces/msg/detail/num__rosidl_typesupport_fastrtps_c.h
-- Up-to-date: /workspace/BMI/install/interfaces/include/interfaces/interfaces/msg/detail/ir__rosidl_typesupport_fastrtps_c.h
-- Up-to-date: /workspace/BMI/install/interfaces/include/interfaces/interfaces/msg/detail/state__rosidl_typesupport_fastrtps_c.h
-- Up-to-date: /workspace/BMI/install/interfaces/include/interfaces/interfaces/msg/detail/decoder_element__rosidl_typesupport_fastrtps_c.h
-- Up-to-date: /workspace/BMI/install/interfaces/include/interfaces/interfaces/msg/rosidl_typesupport_fastrtps_c__visibility_control.h
-- Up-to-date: /workspace/BMI/install/interfaces/include/interfaces/interfaces/srv
-- Up-to-date: /workspace/BMI/install/interfaces/include/interfaces/interfaces/srv/detail
-- Up-to-date: /workspace/BMI/install/interfaces/include/interfaces/interfaces/srv/detail/decoder__rosidl_typesupport_fastrtps_c.h
-- Up-to-date: /workspace/BMI/install/interfaces/lib/libinterfaces__rosidl_typesupport_fastrtps_c.so
-- Up-to-date: /workspace/BMI/install/interfaces/include/interfaces/interfaces
-- Up-to-date: /workspace/BMI/install/interfaces/include/interfaces/interfaces/msg
-- Up-to-date: /workspace/BMI/install/interfaces/include/interfaces/interfaces/msg/rosidl_typesupport_introspection_c__visibility_control.h
-- Up-to-date: /workspace/BMI/install/interfaces/include/interfaces/interfaces/msg/detail
-- Up-to-date: /workspace/BMI/install/interfaces/include/interfaces/interfaces/msg/detail/decoder_element__type_support.c
-- Up-to-date: /workspace/BMI/install/interfaces/include/interfaces/interfaces/msg/detail/ir__type_support.c
-- Up-to-date: /workspace/BMI/install/interfaces/include/interfaces/interfaces/msg/detail/num__rosidl_typesupport_introspection_c.h
-- Up-to-date: /workspace/BMI/install/interfaces/include/interfaces/interfaces/msg/detail/sample__rosidl_typesupport_introspection_c.h
-- Up-to-date: /workspace/BMI/install/interfaces/include/interfaces/interfaces/msg/detail/decoder_element__rosidl_typesupport_introspection_c.h
-- Up-to-date: /workspace/BMI/install/interfaces/include/interfaces/interfaces/msg/detail/state__type_support.c
-- Up-to-date: /workspace/BMI/install/interfaces/include/interfaces/interfaces/msg/detail/ir__rosidl_typesupport_introspection_c.h
-- Up-to-date: /workspace/BMI/install/interfaces/include/interfaces/interfaces/msg/detail/num__type_support.c
-- Up-to-date: /workspace/BMI/install/interfaces/include/interfaces/interfaces/msg/detail/sample__type_support.c
-- Up-to-date: /workspace/BMI/install/interfaces/include/interfaces/interfaces/msg/detail/state__rosidl_typesupport_introspection_c.h
-- Up-to-date: /workspace/BMI/install/interfaces/include/interfaces/interfaces/msg/detail/passive_observation__type_support.c
-- Up-to-date: /workspace/BMI/install/interfaces/include/interfaces/interfaces/msg/detail/passive_observation__rosidl_typesupport_introspection_c.h
-- Up-to-date: /workspace/BMI/install/interfaces/include/interfaces/interfaces/srv
-- Up-to-date: /workspace/BMI/install/interfaces/include/interfaces/interfaces/srv/detail
-- Up-to-date: /workspace/BMI/install/interfaces/include/interfaces/interfaces/srv/detail/decoder__type_support.c
-- Up-to-date: /workspace/BMI/install/interfaces/include/interfaces/interfaces/srv/detail/decoder__rosidl_typesupport_introspection_c.h
-- Up-to-date: /workspace/BMI/install/interfaces/lib/libinterfaces__rosidl_typesupport_introspection_c.so
-- Up-to-date: /workspace/BMI/install/interfaces/lib/libinterfaces__rosidl_typesupport_c.so
-- Up-to-date: /workspace/BMI/install/interfaces/include/interfaces/interfaces
-- Up-to-date: /workspace/BMI/install/interfaces/include/interfaces/interfaces/msg
-- Up-to-date: /workspace/BMI/install/interfaces/include/interfaces/interfaces/msg/ir.hpp
-- Up-to-date: /workspace/BMI/install/interfaces/include/interfaces/interfaces/msg/decoder_element.hpp
-- Up-to-date: /workspace/BMI/install/interfaces/include/interfaces/interfaces/msg/state.hpp
-- Up-to-date: /workspace/BMI/install/interfaces/include/interfaces/interfaces/msg/detail
-- Up-to-date: /workspace/BMI/install/interfaces/include/interfaces/interfaces/msg/detail/num__builder.hpp
-- Up-to-date: /workspace/BMI/install/interfaces/include/interfaces/interfaces/msg/detail/passive_observation__struct.hpp
-- Up-to-date: /workspace/BMI/install/interfaces/include/interfaces/interfaces/msg/detail/decoder_element__traits.hpp
-- Up-to-date: /workspace/BMI/install/interfaces/include/interfaces/interfaces/msg/detail/sample__traits.hpp
-- Up-to-date: /workspace/BMI/install/interfaces/include/interfaces/interfaces/msg/detail/state__traits.hpp
-- Up-to-date: /workspace/BMI/install/interfaces/include/interfaces/interfaces/msg/detail/num__traits.hpp
-- Up-to-date: /workspace/BMI/install/interfaces/include/interfaces/interfaces/msg/detail/ir__traits.hpp
-- Up-to-date: /workspace/BMI/install/interfaces/include/interfaces/interfaces/msg/detail/ir__builder.hpp
-- Up-to-date: /workspace/BMI/install/interfaces/include/interfaces/interfaces/msg/detail/num__struct.hpp
-- Up-to-date: /workspace/BMI/install/interfaces/include/interfaces/interfaces/msg/detail/sample__builder.hpp
-- Up-to-date: /workspace/BMI/install/interfaces/include/interfaces/interfaces/msg/detail/decoder_element__struct.hpp
-- Up-to-date: /workspace/BMI/install/interfaces/include/interfaces/interfaces/msg/detail/state__struct.hpp
-- Up-to-date: /workspace/BMI/install/interfaces/include/interfaces/interfaces/msg/detail/decoder_element__builder.hpp
-- Up-to-date: /workspace/BMI/install/interfaces/include/interfaces/interfaces/msg/detail/state__builder.hpp
-- Up-to-date: /workspace/BMI/install/interfaces/include/interfaces/interfaces/msg/detail/ir__struct.hpp
-- Up-to-date: /workspace/BMI/install/interfaces/include/interfaces/interfaces/msg/detail/sample__struct.hpp
-- Up-to-date: /workspace/BMI/install/interfaces/include/interfaces/interfaces/msg/detail/passive_observation__builder.hpp
-- Up-to-date: /workspace/BMI/install/interfaces/include/interfaces/interfaces/msg/detail/passive_observation__traits.hpp
-- Up-to-date: /workspace/BMI/install/interfaces/include/interfaces/interfaces/msg/num.hpp
-- Up-to-date: /workspace/BMI/install/interfaces/include/interfaces/interfaces/msg/sample.hpp
-- Up-to-date: /workspace/BMI/install/interfaces/include/interfaces/interfaces/msg/passive_observation.hpp
-- Up-to-date: /workspace/BMI/install/interfaces/include/interfaces/interfaces/srv
-- Up-to-date: /workspace/BMI/install/interfaces/include/interfaces/interfaces/srv/decoder.hpp
-- Up-to-date: /workspace/BMI/install/interfaces/include/interfaces/interfaces/srv/detail
-- Up-to-date: /workspace/BMI/install/interfaces/include/interfaces/interfaces/srv/detail/decoder__struct.hpp
-- Up-to-date: /workspace/BMI/install/interfaces/include/interfaces/interfaces/srv/detail/decoder__traits.hpp
-- Up-to-date: /workspace/BMI/install/interfaces/include/interfaces/interfaces/srv/detail/decoder__builder.hpp
-- Up-to-date: /workspace/BMI/install/interfaces/include/interfaces/interfaces
-- Up-to-date: /workspace/BMI/install/interfaces/include/interfaces/interfaces/msg
-- Up-to-date: /workspace/BMI/install/interfaces/include/interfaces/interfaces/msg/rosidl_typesupport_fastrtps_cpp__visibility_control.h
-- Up-to-date: /workspace/BMI/install/interfaces/include/interfaces/interfaces/msg/detail
-- Up-to-date: /workspace/BMI/install/interfaces/include/interfaces/interfaces/msg/detail/decoder_element__rosidl_typesupport_fastrtps_cpp.hpp
-- Up-to-date: /workspace/BMI/install/interfaces/include/interfaces/interfaces/msg/detail/passive_observation__rosidl_typesupport_fastrtps_cpp.hpp
-- Up-to-date: /workspace/BMI/install/interfaces/include/interfaces/interfaces/msg/detail/num__rosidl_typesupport_fastrtps_cpp.hpp
-- Up-to-date: /workspace/BMI/install/interfaces/include/interfaces/interfaces/msg/detail/ir__rosidl_typesupport_fastrtps_cpp.hpp
-- Up-to-date: /workspace/BMI/install/interfaces/include/interfaces/interfaces/msg/detail/dds_fastrtps
-- Up-to-date: /workspace/BMI/install/interfaces/include/interfaces/interfaces/msg/detail/sample__rosidl_typesupport_fastrtps_cpp.hpp
-- Up-to-date: /workspace/BMI/install/interfaces/include/interfaces/interfaces/msg/detail/state__rosidl_typesupport_fastrtps_cpp.hpp
-- Up-to-date: /workspace/BMI/install/interfaces/include/interfaces/interfaces/srv
-- Up-to-date: /workspace/BMI/install/interfaces/include/interfaces/interfaces/srv/detail
-- Up-to-date: /workspace/BMI/install/interfaces/include/interfaces/interfaces/srv/detail/dds_fastrtps
-- Up-to-date: /workspace/BMI/install/interfaces/include/interfaces/interfaces/srv/detail/decoder__rosidl_typesupport_fastrtps_cpp.hpp
-- Up-to-date: /workspace/BMI/install/interfaces/lib/libinterfaces__rosidl_typesupport_fastrtps_cpp.so
-- Up-to-date: /workspace/BMI/install/interfaces/include/interfaces/interfaces
-- Up-to-date: /workspace/BMI/install/interfaces/include/interfaces/interfaces/msg
-- Up-to-date: /workspace/BMI/install/interfaces/include/interfaces/interfaces/msg/detail
-- Up-to-date: /workspace/BMI/install/interfaces/include/interfaces/interfaces/msg/detail/ir__type_support.cpp
-- Up-to-date: /workspace/BMI/install/interfaces/include/interfaces/interfaces/msg/detail/ir__rosidl_typesupport_introspection_cpp.hpp
-- Up-to-date: /workspace/BMI/install/interfaces/include/interfaces/interfaces/msg/detail/sample__type_support.cpp
-- Up-to-date: /workspace/BMI/install/interfaces/include/interfaces/interfaces/msg/detail/passive_observation__rosidl_typesupport_introspection_cpp.hpp
-- Up-to-date: /workspace/BMI/install/interfaces/include/interfaces/interfaces/msg/detail/passive_observation__type_support.cpp
-- Up-to-date: /workspace/BMI/install/interfaces/include/interfaces/interfaces/msg/detail/decoder_element__rosidl_typesupport_introspection_cpp.hpp
-- Up-to-date: /workspace/BMI/install/interfaces/include/interfaces/interfaces/msg/detail/state__type_support.cpp
-- Up-to-date: /workspace/BMI/install/interfaces/include/interfaces/interfaces/msg/detail/state__rosidl_typesupport_introspection_cpp.hpp
-- Up-to-date: /workspace/BMI/install/interfaces/include/interfaces/interfaces/msg/detail/num__rosidl_typesupport_introspection_cpp.hpp
-- Up-to-date: /workspace/BMI/install/interfaces/include/interfaces/interfaces/msg/detail/num__type_support.cpp
-- Up-to-date: /workspace/BMI/install/interfaces/include/interfaces/interfaces/msg/detail/sample__rosidl_typesupport_introspection_cpp.hpp
-- Up-to-date: /workspace/BMI/install/interfaces/include/interfaces/interfaces/msg/detail/decoder_element__type_support.cpp
-- Up-to-date: /workspace/BMI/install/interfaces/include/interfaces/interfaces/srv
-- Up-to-date: /workspace/BMI/install/interfaces/include/interfaces/interfaces/srv/detail
-- Up-to-date: /workspace/BMI/install/interfaces/include/interfaces/interfaces/srv/detail/decoder__type_support.cpp
-- Up-to-date: /workspace/BMI/install/interfaces/include/interfaces/interfaces/srv/detail/decoder__rosidl_typesupport_introspection_cpp.hpp
-- Up-to-date: /workspace/BMI/install/interfaces/lib/libinterfaces__rosidl_typesupport_introspection_cpp.so
-- Up-to-date: /workspace/BMI/install/interfaces/lib/libinterfaces__rosidl_typesupport_cpp.so
-- Up-to-date: /workspace/BMI/install/interfaces/share/interfaces/environment/pythonpath.sh
-- Up-to-date: /workspace/BMI/install/interfaces/share/interfaces/environment/pythonpath.dsv
-- Up-to-date: /workspace/BMI/install/interfaces/local/lib/python3.10/dist-packages/interfaces-0.0.0-py3.10.egg-info
-- Installing: /workspace/BMI/install/interfaces/local/lib/python3.10/dist-packages/interfaces-0.0.0-py3.10.egg-info/PKG-INFO
-- Installing: /workspace/BMI/install/interfaces/local/lib/python3.10/dist-packages/interfaces-0.0.0-py3.10.egg-info/dependency_links.txt
-- Installing: /workspace/BMI/install/interfaces/local/lib/python3.10/dist-packages/interfaces-0.0.0-py3.10.egg-info/top_level.txt
-- Installing: /workspace/BMI/install/interfaces/local/lib/python3.10/dist-packages/interfaces-0.0.0-py3.10.egg-info/SOURCES.txt
-- Up-to-date: /workspace/BMI/install/interfaces/local/lib/python3.10/dist-packages/interfaces
-- Up-to-date: /workspace/BMI/install/interfaces/local/lib/python3.10/dist-packages/interfaces/msg
-- Up-to-date: /workspace/BMI/install/interfaces/local/lib/python3.10/dist-packages/interfaces/msg/_decoder_element.py
-- Up-to-date: /workspace/BMI/install/interfaces/local/lib/python3.10/dist-packages/interfaces/msg/_ir_s.c
-- Up-to-date: /workspace/BMI/install/interfaces/local/lib/python3.10/dist-packages/interfaces/msg/_ir.py
-- Up-to-date: /workspace/BMI/install/interfaces/local/lib/python3.10/dist-packages/interfaces/msg/_passive_observation.py
-- Up-to-date: /workspace/BMI/install/interfaces/local/lib/python3.10/dist-packages/interfaces/msg/_state.py
-- Up-to-date: /workspace/BMI/install/interfaces/local/lib/python3.10/dist-packages/interfaces/msg/_state_s.c
-- Up-to-date: /workspace/BMI/install/interfaces/local/lib/python3.10/dist-packages/interfaces/msg/_sample_s.c
-- Up-to-date: /workspace/BMI/install/interfaces/local/lib/python3.10/dist-packages/interfaces/msg/__init__.py
-- Up-to-date: /workspace/BMI/install/interfaces/local/lib/python3.10/dist-packages/interfaces/msg/_decoder_element_s.c
-- Up-to-date: /workspace/BMI/install/interfaces/local/lib/python3.10/dist-packages/interfaces/msg/_num.py
-- Up-to-date: /workspace/BMI/install/interfaces/local/lib/python3.10/dist-packages/interfaces/msg/_passive_observation_s.c
-- Up-to-date: /workspace/BMI/install/interfaces/local/lib/python3.10/dist-packages/interfaces/msg/_num_s.c
-- Up-to-date: /workspace/BMI/install/interfaces/local/lib/python3.10/dist-packages/interfaces/msg/_sample.py
-- Up-to-date: /workspace/BMI/install/interfaces/local/lib/python3.10/dist-packages/interfaces/_interfaces_s.ep.rosidl_typesupport_fastrtps_c.c
-- Up-to-date: /workspace/BMI/install/interfaces/local/lib/python3.10/dist-packages/interfaces/srv
-- Up-to-date: /workspace/BMI/install/interfaces/local/lib/python3.10/dist-packages/interfaces/srv/_decoder.py
-- Up-to-date: /workspace/BMI/install/interfaces/local/lib/python3.10/dist-packages/interfaces/srv/_decoder_s.c
-- Up-to-date: /workspace/BMI/install/interfaces/local/lib/python3.10/dist-packages/interfaces/srv/__init__.py
-- Up-to-date: /workspace/BMI/install/interfaces/local/lib/python3.10/dist-packages/interfaces/libinterfaces__rosidl_generator_py.so
-- Up-to-date: /workspace/BMI/install/interfaces/local/lib/python3.10/dist-packages/interfaces/interfaces_s__rosidl_typesupport_introspection_c.cpython-310-x86_64-linux-gnu.so
-- Up-to-date: /workspace/BMI/install/interfaces/local/lib/python3.10/dist-packages/interfaces/interfaces_s__rosidl_typesupport_c.cpython-310-x86_64-linux-gnu.so
-- Up-to-date: /workspace/BMI/install/interfaces/local/lib/python3.10/dist-packages/interfaces/_interfaces_s.ep.rosidl_typesupport_c.c
-- Up-to-date: /workspace/BMI/install/interfaces/local/lib/python3.10/dist-packages/interfaces/__init__.py
-- Up-to-date: /workspace/BMI/install/interfaces/local/lib/python3.10/dist-packages/interfaces/interfaces_s__rosidl_typesupport_fastrtps_c.cpython-310-x86_64-linux-gnu.so
-- Up-to-date: /workspace/BMI/install/interfaces/local/lib/python3.10/dist-packages/interfaces/_interfaces_s.ep.rosidl_typesupport_introspection_c.c
Listing '/workspace/BMI/install/interfaces/local/lib/python3.10/dist-packages/interfaces'...
Listing '/workspace/BMI/install/interfaces/local/lib/python3.10/dist-packages/interfaces/msg'...
Listing '/workspace/BMI/install/interfaces/local/lib/python3.10/dist-packages/interfaces/srv'...
-- Up-to-date: /workspace/BMI/install/interfaces/local/lib/python3.10/dist-packages/interfaces/interfaces_s__rosidl_typesupport_fastrtps_c.cpython-310-x86_64-linux-gnu.so
-- Up-to-date: /workspace/BMI/install/interfaces/local/lib/python3.10/dist-packages/interfaces/interfaces_s__rosidl_typesupport_introspection_c.cpython-310-x86_64-linux-gnu.so
-- Up-to-date: /workspace/BMI/install/interfaces/local/lib/python3.10/dist-packages/interfaces/interfaces_s__rosidl_typesupport_c.cpython-310-x86_64-linux-gnu.so
-- Up-to-date: /workspace/BMI/install/interfaces/lib/libinterfaces__rosidl_generator_py.so
-- Up-to-date: /workspace/BMI/install/interfaces/share/interfaces/msg/Ir.idl
-- Up-to-date: /workspace/BMI/install/interfaces/share/interfaces/msg/Sample.idl
-- Up-to-date: /workspace/BMI/install/interfaces/share/interfaces/msg/State.idl
-- Up-to-date: /workspace/BMI/install/interfaces/share/interfaces/msg/DecoderElement.idl
-- Up-to-date: /workspace/BMI/install/interfaces/share/interfaces/msg/PassiveObservation.idl
-- Up-to-date: /workspace/BMI/install/interfaces/share/interfaces/srv/Decoder.idl
-- Up-to-date: /workspace/BMI/install/interfaces/share/interfaces/msg/Ir.msg
-- Up-to-date: /workspace/BMI/install/interfaces/share/interfaces/msg/Sample.msg
-- Up-to-date: /workspace/BMI/install/interfaces/share/interfaces/msg/State.msg
-- Up-to-date: /workspace/BMI/install/interfaces/share/interfaces/msg/DecoderElement.msg
-- Up-to-date: /workspace/BMI/install/interfaces/share/interfaces/msg/PassiveObservation.msg
-- Up-to-date: /workspace/BMI/install/interfaces/share/interfaces/srv/Decoder.srv
-- Up-to-date: /workspace/BMI/install/interfaces/share/interfaces/srv/Decoder_Request.msg
-- Up-to-date: /workspace/BMI/install/interfaces/share/interfaces/srv/Decoder_Response.msg
-- Up-to-date: /workspace/BMI/install/interfaces/share/ament_index/resource_index/package_run_dependencies/interfaces
-- Up-to-date: /workspace/BMI/install/interfaces/share/ament_index/resource_index/parent_prefix_path/interfaces
-- Up-to-date: /workspace/BMI/install/interfaces/share/interfaces/environment/ament_prefix_path.sh
-- Up-to-date: /workspace/BMI/install/interfaces/share/interfaces/environment/ament_prefix_path.dsv
-- Up-to-date: /workspace/BMI/install/interfaces/share/interfaces/environment/path.sh
-- Up-to-date: /workspace/BMI/install/interfaces/share/interfaces/environment/path.dsv
-- Up-to-date: /workspace/BMI/install/interfaces/share/interfaces/local_setup.bash
-- Up-to-date: /workspace/BMI/install/interfaces/share/interfaces/local_setup.sh
-- Up-to-date: /workspace/BMI/install/interfaces/share/interfaces/local_setup.zsh
-- Up-to-date: /workspace/BMI/install/interfaces/share/interfaces/local_setup.dsv
-- Installing: /workspace/BMI/install/interfaces/share/interfaces/package.dsv
-- Up-to-date: /workspace/BMI/install/interfaces/share/ament_index/resource_index/packages/interfaces
-- Up-to-date: /workspace/BMI/install/interfaces/share/interfaces/cmake/export_interfaces__rosidl_generator_cExport.cmake
-- Up-to-date: /workspace/BMI/install/interfaces/share/interfaces/cmake/export_interfaces__rosidl_generator_cExport-noconfig.cmake
-- Up-to-date: /workspace/BMI/install/interfaces/share/interfaces/cmake/export_interfaces__rosidl_typesupport_fastrtps_cExport.cmake
-- Up-to-date: /workspace/BMI/install/interfaces/share/interfaces/cmake/export_interfaces__rosidl_typesupport_fastrtps_cExport-noconfig.cmake
-- Up-to-date: /workspace/BMI/install/interfaces/share/interfaces/cmake/interfaces__rosidl_typesupport_introspection_cExport.cmake
-- Up-to-date: /workspace/BMI/install/interfaces/share/interfaces/cmake/interfaces__rosidl_typesupport_introspection_cExport-noconfig.cmake
-- Up-to-date: /workspace/BMI/install/interfaces/share/interfaces/cmake/interfaces__rosidl_typesupport_cExport.cmake
-- Up-to-date: /workspace/BMI/install/interfaces/share/interfaces/cmake/interfaces__rosidl_typesupport_cExport-noconfig.cmake
-- Up-to-date: /workspace/BMI/install/interfaces/share/interfaces/cmake/export_interfaces__rosidl_generator_cppExport.cmake
-- Up-to-date: /workspace/BMI/install/interfaces/share/interfaces/cmake/export_interfaces__rosidl_typesupport_fastrtps_cppExport.cmake
-- Up-to-date: /workspace/BMI/install/interfaces/share/interfaces/cmake/export_interfaces__rosidl_typesupport_fastrtps_cppExport-noconfig.cmake
-- Up-to-date: /workspace/BMI/install/interfaces/share/interfaces/cmake/interfaces__rosidl_typesupport_introspection_cppExport.cmake
-- Up-to-date: /workspace/BMI/install/interfaces/share/interfaces/cmake/interfaces__rosidl_typesupport_introspection_cppExport-noconfig.cmake
-- Up-to-date: /workspace/BMI/install/interfaces/share/interfaces/cmake/interfaces__rosidl_typesupport_cppExport.cmake
-- Up-to-date: /workspace/BMI/install/interfaces/share/interfaces/cmake/interfaces__rosidl_typesupport_cppExport-noconfig.cmake
-- Up-to-date: /workspace/BMI/install/interfaces/share/interfaces/cmake/export_interfaces__rosidl_generator_pyExport.cmake
-- Up-to-date: /workspace/BMI/install/interfaces/share/interfaces/cmake/export_interfaces__rosidl_generator_pyExport-noconfig.cmake
-- Up-to-date: /workspace/BMI/install/interfaces/share/interfaces/cmake/rosidl_cmake-extras.cmake
-- Up-to-date: /workspace/BMI/install/interfaces/share/interfaces/cmake/ament_cmake_export_include_directories-extras.cmake
-- Up-to-date: /workspace/BMI/install/interfaces/share/interfaces/cmake/ament_cmake_export_libraries-extras.cmake
-- Up-to-date: /workspace/BMI/install/interfaces/share/interfaces/cmake/ament_cmake_export_targets-extras.cmake
-- Up-to-date: /workspace/BMI/install/interfaces/share/interfaces/cmake/rosidl_cmake_export_typesupport_targets-extras.cmake
-- Up-to-date: /workspace/BMI/install/interfaces/share/interfaces/cmake/ament_cmake_export_dependencies-extras.cmake
-- Up-to-date: /workspace/BMI/install/interfaces/share/interfaces/cmake/rosidl_cmake_export_typesupport_libraries-extras.cmake
-- Up-to-date: /workspace/BMI/install/interfaces/share/interfaces/cmake/interfacesConfig.cmake
-- Up-to-date: /workspace/BMI/install/interfaces/share/interfaces/cmake/interfacesConfig-version.cmake
-- Up-to-date: /workspace/BMI/install/interfaces/share/interfaces/package.xml
