[0.009s] Invoking command in '/workspace/BMI/build/interfaces': CMAKE_PREFIX_PATH=/workspace/synchronous_BMI/install/neural_data_generator:/opt/ros/humble /usr/bin/cmake --build /workspace/BMI/build/interfaces -- -j20 -l20
[0.024s] -- Found ament_cmake: 1.3.2 (/opt/ros/humble/share/ament_cmake/cmake)
[0.114s] -- Found rosidl_default_generators: 1.2.0 (/opt/ros/humble/share/rosidl_default_generators/cmake)
[0.116s] -- Using all available rosidl_typesupport_c: rosidl_typesupport_fastrtps_c;rosidl_typesupport_introspection_c
[0.117s] -- Found rosidl_adapter: 3.1.3 (/opt/ros/humble/share/rosidl_adapter/cmake)
[0.137s] -- Using all available rosidl_typesupport_cpp: rosidl_typesupport_fastrtps_cpp;rosidl_typesupport_introspection_cpp
[0.220s] [31mCMake Error at /opt/ros/humble/share/rosidl_adapter/cmake/rosidl_adapt_interfaces.cmake:59 (message):
[0.221s]   execute_process(/usr/bin/python3.10 -m rosidl_adapter --package-name
[0.221s]   interfaces --arguments-file
[0.221s]   /workspace/BMI/build/interfaces/rosidl_adapter__arguments__interfaces.json
[0.221s]   --output-dir /workspace/BMI/build/interfaces/rosidl_adapter/interfaces
[0.221s]   --output-file
[0.221s]   /workspace/BMI/build/interfaces/rosidl_adapter/interfaces.idls) returned
[0.221s]   error code 1:
[0.221s] 
[0.221s]   Traceback (most recent call last):
[0.221s] 
[0.221s]     File "/usr/lib/python3.10/runpy.py", line 196, in _run_module_as_main
[0.221s]       return _run_code(code, main_globals, None,
[0.221s]     File "/usr/lib/python3.10/runpy.py", line 86, in _run_code
[0.221s]       exec(code, run_globals)
[0.221s]     File "/opt/ros/humble/local/lib/python3.10/dist-packages/rosidl_adapter/__main__.py", line 19, in <module>
[0.221s]       sys.exit(main())
[0.221s]     File "/opt/ros/humble/local/lib/python3.10/dist-packages/rosidl_adapter/main.py", line 53, in main
[0.221s]       abs_idl_file = convert_to_idl(
[0.221s]     File "/opt/ros/humble/local/lib/python3.10/dist-packages/rosidl_adapter/__init__.py", line 19, in convert_to_idl
[0.221s]       return convert_msg_to_idl(
[0.221s]     File "/opt/ros/humble/local/lib/python3.10/dist-packages/rosidl_adapter/msg/__init__.py", line 28, in convert_msg_to_idl
[0.221s]       msg = parse_message_string(package_name, input_file.stem, content)
[0.222s]     File "/opt/ros/humble/local/lib/python3.10/dist-packages/rosidl_adapter/parser.py", line 544, in parse_message_string
[0.222s]       msg = MessageSpecification(pkg_name, msg_name, fields, constants)
[0.222s]     File "/opt/ros/humble/local/lib/python3.10/dist-packages/rosidl_adapter/parser.py", line 388, in __init__
[0.222s]       self.base_type = BaseType(
[0.222s]     File "/opt/ros/humble/local/lib/python3.10/dist-packages/rosidl_adapter/parser.py", line 205, in __init__
[0.222s]       raise InvalidResourceName(
[0.222s] 
[0.222s]   rosidl_adapter.parser.InvalidResourceName: 'ir' is an invalid message name.
[0.222s]   It should have the pattern '^[A-Z][A-Za-z0-9]*$'
[0.222s] 
[0.222s] Call Stack (most recent call first):
[0.222s]   /opt/ros/humble/share/rosidl_cmake/cmake/rosidl_generate_interfaces.cmake:130 (rosidl_adapt_interfaces)
[0.222s]   CMakeLists.txt:16 (rosidl_generate_interfaces)
[0.222s] 
[0.222s] [0m
[0.222s] -- Configuring incomplete, errors occurred!
[0.222s] See also "/workspace/BMI/build/interfaces/CMakeFiles/CMakeOutput.log".
[0.224s] gmake: *** [Makefile:747: cmake_check_build_system] Error 1
[0.225s] Invoked command in '/workspace/BMI/build/interfaces' returned '2': CMAKE_PREFIX_PATH=/workspace/synchronous_BMI/install/neural_data_generator:/opt/ros/humble /usr/bin/cmake --build /workspace/BMI/build/interfaces -- -j20 -l20
