running egg_info
creating ../../build/state_reader/state_reader.egg-info
writing ../../build/state_reader/state_reader.egg-info/PKG-INFO
writing dependency_links to ../../build/state_reader/state_reader.egg-info/dependency_links.txt
writing entry points to ../../build/state_reader/state_reader.egg-info/entry_points.txt
writing requirements to ../../build/state_reader/state_reader.egg-info/requires.txt
writing top-level names to ../../build/state_reader/state_reader.egg-info/top_level.txt
writing manifest file '../../build/state_reader/state_reader.egg-info/SOURCES.txt'
reading manifest file '../../build/state_reader/state_reader.egg-info/SOURCES.txt'
writing manifest file '../../build/state_reader/state_reader.egg-info/SOURCES.txt'
running build
running build_py
creating /workspace/BMI/build/state_reader/build
creating /workspace/BMI/build/state_reader/build/lib
creating /workspace/BMI/build/state_reader/build/lib/state_reader
copying state_reader/__init__.py -> /workspace/BMI/build/state_reader/build/lib/state_reader
running install
running install_lib
creating /workspace/BMI/install/state_reader/lib/python3.10/site-packages/state_reader
copying /workspace/BMI/build/state_reader/build/lib/state_reader/__init__.py -> /workspace/BMI/install/state_reader/lib/python3.10/site-packages/state_reader
byte-compiling /workspace/BMI/install/state_reader/lib/python3.10/site-packages/state_reader/__init__.py to __init__.cpython-310.pyc
running install_data
creating /workspace/BMI/install/state_reader/share/ament_index
creating /workspace/BMI/install/state_reader/share/ament_index/resource_index
creating /workspace/BMI/install/state_reader/share/ament_index/resource_index/packages
copying resource/state_reader -> /workspace/BMI/install/state_reader/share/ament_index/resource_index/packages
copying package.xml -> /workspace/BMI/install/state_reader/share/state_reader
running install_egg_info
Copying ../../build/state_reader/state_reader.egg-info to /workspace/BMI/install/state_reader/lib/python3.10/site-packages/state_reader-0.0.0-py3.10.egg-info
running install_scripts
writing list of installed files to '/workspace/BMI/build/state_reader/install.log'
