[0.996s] Invoking command in '/workspace/BMI/src/state_reader': PYTHONPATH=/workspace/BMI/install/state_reader/lib/python3.10/site-packages:${PYTHONPATH} /usr/bin/python3 setup.py egg_info --egg-base ../../build/state_reader build --build-base /workspace/BMI/build/state_reader/build install --prefix /workspace/BMI/install/state_reader --record /workspace/BMI/build/state_reader/install.log --single-version-externally-managed
[1.161s] running egg_info
[1.162s] creating ../../build/state_reader/state_reader.egg-info
[1.162s] writing ../../build/state_reader/state_reader.egg-info/PKG-INFO
[1.162s] writing dependency_links to ../../build/state_reader/state_reader.egg-info/dependency_links.txt
[1.162s] writing entry points to ../../build/state_reader/state_reader.egg-info/entry_points.txt
[1.162s] writing requirements to ../../build/state_reader/state_reader.egg-info/requires.txt
[1.162s] writing top-level names to ../../build/state_reader/state_reader.egg-info/top_level.txt
[1.162s] writing manifest file '../../build/state_reader/state_reader.egg-info/SOURCES.txt'
[1.163s] reading manifest file '../../build/state_reader/state_reader.egg-info/SOURCES.txt'
[1.164s] writing manifest file '../../build/state_reader/state_reader.egg-info/SOURCES.txt'
[1.164s] running build
[1.164s] running build_py
[1.164s] creating /workspace/BMI/build/state_reader/build
[1.164s] creating /workspace/BMI/build/state_reader/build/lib
[1.164s] creating /workspace/BMI/build/state_reader/build/lib/state_reader
[1.164s] copying state_reader/__init__.py -> /workspace/BMI/build/state_reader/build/lib/state_reader
[1.164s] running install
[1.164s] /usr/lib/python3/dist-packages/setuptools/command/install.py:34: SetuptoolsDeprecationWarning: setup.py install is deprecated. Use build and pip and other standards-based tools.
[1.164s]   warnings.warn(
[1.165s] running install_lib
[1.165s] creating /workspace/BMI/install/state_reader/lib/python3.10/site-packages/state_reader
[1.165s] copying /workspace/BMI/build/state_reader/build/lib/state_reader/__init__.py -> /workspace/BMI/install/state_reader/lib/python3.10/site-packages/state_reader
[1.166s] byte-compiling /workspace/BMI/install/state_reader/lib/python3.10/site-packages/state_reader/__init__.py to __init__.cpython-310.pyc
[1.166s] running install_data
[1.166s] creating /workspace/BMI/install/state_reader/share/ament_index
[1.166s] creating /workspace/BMI/install/state_reader/share/ament_index/resource_index
[1.166s] creating /workspace/BMI/install/state_reader/share/ament_index/resource_index/packages
[1.166s] copying resource/state_reader -> /workspace/BMI/install/state_reader/share/ament_index/resource_index/packages
[1.166s] copying package.xml -> /workspace/BMI/install/state_reader/share/state_reader
[1.166s] running install_egg_info
[1.167s] Copying ../../build/state_reader/state_reader.egg-info to /workspace/BMI/install/state_reader/lib/python3.10/site-packages/state_reader-0.0.0-py3.10.egg-info
[1.168s] running install_scripts
[1.185s] writing list of installed files to '/workspace/BMI/build/state_reader/install.log'
[1.204s] Invoked command in '/workspace/BMI/src/state_reader' returned '0': PYTHONPATH=/workspace/BMI/install/state_reader/lib/python3.10/site-packages:${PYTHONPATH} /usr/bin/python3 setup.py egg_info --egg-base ../../build/state_reader build --build-base /workspace/BMI/build/state_reader/build install --prefix /workspace/BMI/install/state_reader --record /workspace/BMI/build/state_reader/install.log --single-version-externally-managed
