[0.989s] Invoking command in '/workspace/BMI/src/observation_reader': PYTHONPATH=/workspace/BMI/install/observation_reader/lib/python3.10/site-packages:${PYTHONPATH} /usr/bin/python3 setup.py egg_info --egg-base ../../build/observation_reader build --build-base /workspace/BMI/build/observation_reader/build install --prefix /workspace/BMI/install/observation_reader --record /workspace/BMI/build/observation_reader/install.log --single-version-externally-managed
[1.149s] running egg_info
[1.149s] creating ../../build/observation_reader/observation_reader.egg-info
[1.149s] writing ../../build/observation_reader/observation_reader.egg-info/PKG-INFO
[1.149s] writing dependency_links to ../../build/observation_reader/observation_reader.egg-info/dependency_links.txt
[1.149s] writing entry points to ../../build/observation_reader/observation_reader.egg-info/entry_points.txt
[1.149s] writing requirements to ../../build/observation_reader/observation_reader.egg-info/requires.txt
[1.149s] writing top-level names to ../../build/observation_reader/observation_reader.egg-info/top_level.txt
[1.149s] writing manifest file '../../build/observation_reader/observation_reader.egg-info/SOURCES.txt'
[1.150s] reading manifest file '../../build/observation_reader/observation_reader.egg-info/SOURCES.txt'
[1.151s] writing manifest file '../../build/observation_reader/observation_reader.egg-info/SOURCES.txt'
[1.151s] running build
[1.151s] running build_py
[1.151s] creating /workspace/BMI/build/observation_reader/build
[1.151s] creating /workspace/BMI/build/observation_reader/build/lib
[1.151s] creating /workspace/BMI/build/observation_reader/build/lib/observation_reader
[1.152s] copying observation_reader/__init__.py -> /workspace/BMI/build/observation_reader/build/lib/observation_reader
[1.152s] running install
[1.152s] /usr/lib/python3/dist-packages/setuptools/command/install.py:34: SetuptoolsDeprecationWarning: setup.py install is deprecated. Use build and pip and other standards-based tools.
[1.152s]   warnings.warn(
[1.152s] running install_lib
[1.152s] creating /workspace/BMI/install/observation_reader/lib/python3.10/site-packages/observation_reader
[1.152s] copying /workspace/BMI/build/observation_reader/build/lib/observation_reader/__init__.py -> /workspace/BMI/install/observation_reader/lib/python3.10/site-packages/observation_reader
[1.152s] byte-compiling /workspace/BMI/install/observation_reader/lib/python3.10/site-packages/observation_reader/__init__.py to __init__.cpython-310.pyc
[1.153s] running install_data
[1.153s] creating /workspace/BMI/install/observation_reader/share/ament_index
[1.153s] creating /workspace/BMI/install/observation_reader/share/ament_index/resource_index
[1.153s] creating /workspace/BMI/install/observation_reader/share/ament_index/resource_index/packages
[1.153s] copying resource/observation_reader -> /workspace/BMI/install/observation_reader/share/ament_index/resource_index/packages
[1.153s] copying package.xml -> /workspace/BMI/install/observation_reader/share/observation_reader
[1.153s] running install_egg_info
[1.154s] Copying ../../build/observation_reader/observation_reader.egg-info to /workspace/BMI/install/observation_reader/lib/python3.10/site-packages/observation_reader-0.0.0-py3.10.egg-info
[1.155s] running install_scripts
[1.169s] writing list of installed files to '/workspace/BMI/build/observation_reader/install.log'
[1.196s] Invoked command in '/workspace/BMI/src/observation_reader' returned '0': PYTHONPATH=/workspace/BMI/install/observation_reader/lib/python3.10/site-packages:${PYTHONPATH} /usr/bin/python3 setup.py egg_info --egg-base ../../build/observation_reader build --build-base /workspace/BMI/build/observation_reader/build install --prefix /workspace/BMI/install/observation_reader --record /workspace/BMI/build/observation_reader/install.log --single-version-externally-managed
