[0.543s] Invoking command in '/workspace/BMI/src/neural_data_generator': PYTHONPATH=/workspace/BMI/install/neural_data_generator/lib/python3.10/site-packages:${PYTHONPATH} /usr/bin/python3 setup.py egg_info --egg-base ../../build/neural_data_generator build --build-base /workspace/BMI/build/neural_data_generator/build install --prefix /workspace/BMI/install/neural_data_generator --record /workspace/BMI/build/neural_data_generator/install.log --single-version-externally-managed
[0.684s] running egg_info
[0.685s] writing ../../build/neural_data_generator/neural_data_generator.egg-info/PKG-INFO
[0.685s] writing dependency_links to ../../build/neural_data_generator/neural_data_generator.egg-info/dependency_links.txt
[0.685s] writing entry points to ../../build/neural_data_generator/neural_data_generator.egg-info/entry_points.txt
[0.685s] writing requirements to ../../build/neural_data_generator/neural_data_generator.egg-info/requires.txt
[0.685s] writing top-level names to ../../build/neural_data_generator/neural_data_generator.egg-info/top_level.txt
[0.686s] reading manifest file '../../build/neural_data_generator/neural_data_generator.egg-info/SOURCES.txt'
[0.686s] writing manifest file '../../build/neural_data_generator/neural_data_generator.egg-info/SOURCES.txt'
[0.687s] running build
[0.687s] running build_py
[0.687s] copying neural_data_generator/blackrock_ir_reader.py -> /workspace/BMI/build/neural_data_generator/build/lib/neural_data_generator
[0.687s] running install
[0.687s] /usr/lib/python3/dist-packages/setuptools/command/install.py:34: SetuptoolsDeprecationWarning: setup.py install is deprecated. Use build and pip and other standards-based tools.
[0.687s]   warnings.warn(
[0.687s] running install_lib
[0.688s] copying /workspace/BMI/build/neural_data_generator/build/lib/neural_data_generator/blackrock_ir_reader.py -> /workspace/BMI/install/neural_data_generator/lib/python3.10/site-packages/neural_data_generator
[0.688s] byte-compiling /workspace/BMI/install/neural_data_generator/lib/python3.10/site-packages/neural_data_generator/blackrock_ir_reader.py to blackrock_ir_reader.cpython-310.pyc
[0.688s] running install_data
[0.688s]   File "/workspace/BMI/install/neural_data_generator/lib/python3.10/site-packages/neural_data_generator/blackrock_ir_reader.py", line 25
[0.688s]     return list(np.array(neural_buffer_deque).T*smoothed_parameter).sum(1))
[0.688s]                                                                           ^
[0.688s] SyntaxError: unmatched ')'
[0.688s] 
[0.688s] running install_egg_info
[0.689s] removing '/workspace/BMI/install/neural_data_generator/lib/python3.10/site-packages/neural_data_generator-0.0.0-py3.10.egg-info' (and everything under it)
[0.690s] Copying ../../build/neural_data_generator/neural_data_generator.egg-info to /workspace/BMI/install/neural_data_generator/lib/python3.10/site-packages/neural_data_generator-0.0.0-py3.10.egg-info
[0.690s] running install_scripts
[0.703s] Installing br_ir_talker script to /workspace/BMI/install/neural_data_generator/lib/neural_data_generator
[0.704s] writing list of installed files to '/workspace/BMI/build/neural_data_generator/install.log'
[0.720s] Invoked command in '/workspace/BMI/src/neural_data_generator' returned '0': PYTHONPATH=/workspace/BMI/install/neural_data_generator/lib/python3.10/site-packages:${PYTHONPATH} /usr/bin/python3 setup.py egg_info --egg-base ../../build/neural_data_generator build --build-base /workspace/BMI/build/neural_data_generator/build install --prefix /workspace/BMI/install/neural_data_generator --record /workspace/BMI/build/neural_data_generator/install.log --single-version-externally-managed
