[1.036s] Invoking command in '/workspace/BMI/src/decoding_element': PYTHONPATH=/workspace/BMI/install/decoding_element/lib/python3.10/site-packages:${PYTHONPATH} /usr/bin/python3 setup.py egg_info --egg-base ../../build/decoding_element build --build-base /workspace/BMI/build/decoding_element/build install --prefix /workspace/BMI/install/decoding_element --record /workspace/BMI/build/decoding_element/install.log --single-version-externally-managed
[1.213s] running egg_info
[1.213s] writing ../../build/decoding_element/decoding_element.egg-info/PKG-INFO
[1.213s] writing dependency_links to ../../build/decoding_element/decoding_element.egg-info/dependency_links.txt
[1.213s] writing entry points to ../../build/decoding_element/decoding_element.egg-info/entry_points.txt
[1.213s] writing requirements to ../../build/decoding_element/decoding_element.egg-info/requires.txt
[1.214s] writing top-level names to ../../build/decoding_element/decoding_element.egg-info/top_level.txt
[1.215s] reading manifest file '../../build/decoding_element/decoding_element.egg-info/SOURCES.txt'
[1.215s] writing manifest file '../../build/decoding_element/decoding_element.egg-info/SOURCES.txt'
[1.215s] running build
[1.216s] running build_py
[1.216s] copying decoding_element/decoding_element_trainer.py -> /workspace/BMI/build/decoding_element/build/lib/decoding_element
[1.216s] running install
[1.216s] /usr/lib/python3/dist-packages/setuptools/command/install.py:34: SetuptoolsDeprecationWarning: setup.py install is deprecated. Use build and pip and other standards-based tools.
[1.216s]   warnings.warn(
[1.216s] running install_lib
[1.217s] copying /workspace/BMI/build/decoding_element/build/lib/decoding_element/decoding_element_trainer.py -> /workspace/BMI/install/decoding_element/lib/python3.10/site-packages/decoding_element
[1.217s] byte-compiling /workspace/BMI/install/decoding_element/lib/python3.10/site-packages/decoding_element/decoding_element_trainer.py to decoding_element_trainer.cpython-310.pyc
[1.218s] running install_data
[1.218s] running install_egg_info
[1.220s] removing '/workspace/BMI/install/decoding_element/lib/python3.10/site-packages/decoding_element-0.0.0-py3.10.egg-info' (and everything under it)
[1.220s] Copying ../../build/decoding_element/decoding_element.egg-info to /workspace/BMI/install/decoding_element/lib/python3.10/site-packages/decoding_element-0.0.0-py3.10.egg-info
[1.220s] running install_scripts
[1.238s] Installing integrator script to /workspace/BMI/install/decoding_element/lib/decoding_element
[1.238s] Installing trainer script to /workspace/BMI/install/decoding_element/lib/decoding_element
[1.238s] writing list of installed files to '/workspace/BMI/build/decoding_element/install.log'
[1.269s] Invoked command in '/workspace/BMI/src/decoding_element' returned '0': PYTHONPATH=/workspace/BMI/install/decoding_element/lib/python3.10/site-packages:${PYTHONPATH} /usr/bin/python3 setup.py egg_info --egg-base ../../build/decoding_element build --build-base /workspace/BMI/build/decoding_element/build install --prefix /workspace/BMI/install/decoding_element --record /workspace/BMI/build/decoding_element/install.log --single-version-externally-managed
