[0.773s] Invoking command in '/workspace/BMI/src/presenter': PYTHONPATH=/workspace/BMI/install/presenter/lib/python3.10/site-packages:${PYTHONPATH} /usr/bin/python3 setup.py egg_info --egg-base ../../build/presenter build --build-base /workspace/BMI/build/presenter/build install --prefix /workspace/BMI/install/presenter --record /workspace/BMI/build/presenter/install.log --single-version-externally-managed
[0.928s] running egg_info
[0.928s] writing ../../build/presenter/presenter.egg-info/PKG-INFO
[0.929s] writing dependency_links to ../../build/presenter/presenter.egg-info/dependency_links.txt
[0.929s] writing entry points to ../../build/presenter/presenter.egg-info/entry_points.txt
[0.929s] writing requirements to ../../build/presenter/presenter.egg-info/requires.txt
[0.929s] writing top-level names to ../../build/presenter/presenter.egg-info/top_level.txt
[0.929s] reading manifest file '../../build/presenter/presenter.egg-info/SOURCES.txt'
[0.930s] writing manifest file '../../build/presenter/presenter.egg-info/SOURCES.txt'
[0.930s] running build
[0.930s] running build_py
[0.930s] copying presenter/psychopy_presenter_2D_center_out.py -> /workspace/BMI/build/presenter/build/lib/presenter
[0.931s] running install
[0.931s] /usr/lib/python3/dist-packages/setuptools/command/install.py:34: SetuptoolsDeprecationWarning: setup.py install is deprecated. Use build and pip and other standards-based tools.
[0.931s]   warnings.warn(
[0.931s] running install_lib
[0.931s] copying /workspace/BMI/build/presenter/build/lib/presenter/psychopy_presenter_2D_center_out.py -> /workspace/BMI/install/presenter/lib/python3.10/site-packages/presenter
[0.931s] byte-compiling /workspace/BMI/install/presenter/lib/python3.10/site-packages/presenter/psychopy_presenter_2D_center_out.py to psychopy_presenter_2D_center_out.cpython-310.pyc
[0.932s] running install_data
[0.932s] running install_egg_info
[0.933s] removing '/workspace/BMI/install/presenter/lib/python3.10/site-packages/presenter-0.0.0-py3.10.egg-info' (and everything under it)
[0.933s] Copying ../../build/presenter/presenter.egg-info to /workspace/BMI/install/presenter/lib/python3.10/site-packages/presenter-0.0.0-py3.10.egg-info
[0.934s] running install_scripts
[0.947s] Installing center_out_2D script to /workspace/BMI/install/presenter/lib/presenter
[0.948s] writing list of installed files to '/workspace/BMI/build/presenter/install.log'
[0.968s] Invoked command in '/workspace/BMI/src/presenter' returned '0': PYTHONPATH=/workspace/BMI/install/presenter/lib/python3.10/site-packages:${PYTHONPATH} /usr/bin/python3 setup.py egg_info --egg-base ../../build/presenter build --build-base /workspace/BMI/build/presenter/build install --prefix /workspace/BMI/install/presenter --record /workspace/BMI/build/presenter/install.log --single-version-externally-managed
