[1.371s] Invoking command in '/workspace/BMI/src/decoding_element': PYTHONPATH=/workspace/BMI/install/decoding_element/lib/python3.10/site-packages:${PYTHONPATH} /usr/bin/python3 setup.py egg_info --egg-base ../../build/decoding_element build --build-base /workspace/BMI/build/decoding_element/build install --prefix /workspace/BMI/install/decoding_element --record /workspace/BMI/build/decoding_element/install.log --single-version-externally-managed
[1.557s] running egg_info
[1.558s] writing ../../build/decoding_element/decoding_element.egg-info/PKG-INFO
[1.558s] writing dependency_links to ../../build/decoding_element/decoding_element.egg-info/dependency_links.txt
[1.558s] writing entry points to ../../build/decoding_element/decoding_element.egg-info/entry_points.txt
[1.558s] writing requirements to ../../build/decoding_element/decoding_element.egg-info/requires.txt
[1.558s] writing top-level names to ../../build/decoding_element/decoding_element.egg-info/top_level.txt
[1.559s] reading manifest file '../../build/decoding_element/decoding_element.egg-info/SOURCES.txt'
[1.561s] writing manifest file '../../build/decoding_element/decoding_element.egg-info/SOURCES.txt'
[1.561s] running build
[1.561s] running build_py
[1.562s] copying decoding_element/decoding_element_trainer.py -> /workspace/BMI/build/decoding_element/build/lib/decoding_element
[1.562s] copying decoding_element/decoding_element_predictor.py -> /workspace/BMI/build/decoding_element/build/lib/decoding_element
[1.562s] running install
[1.562s] /usr/lib/python3/dist-packages/setuptools/command/install.py:34: SetuptoolsDeprecationWarning: setup.py install is deprecated. Use build and pip and other standards-based tools.
[1.562s]   warnings.warn(
[1.563s] running install_lib
[1.564s] copying /workspace/BMI/build/decoding_element/build/lib/decoding_element/decoding_element_trainer.py -> /workspace/BMI/install/decoding_element/lib/python3.10/site-packages/decoding_element
[1.564s] copying /workspace/BMI/build/decoding_element/build/lib/decoding_element/decoding_element_predictor.py -> /workspace/BMI/install/decoding_element/lib/python3.10/site-packages/decoding_element
[1.565s] byte-compiling /workspace/BMI/install/decoding_element/lib/python3.10/site-packages/decoding_element/decoding_element_trainer.py to decoding_element_trainer.cpython-310.pyc
[1.565s] byte-compiling /workspace/BMI/install/decoding_element/lib/python3.10/site-packages/decoding_element/decoding_element_predictor.py to decoding_element_predictor.cpython-310.pyc
[1.566s] running install_data
[1.566s] running install_egg_info
[1.568s] removing '/workspace/BMI/install/decoding_element/lib/python3.10/site-packages/decoding_element-0.0.0-py3.10.egg-info' (and everything under it)
[1.568s] Copying ../../build/decoding_element/decoding_element.egg-info to /workspace/BMI/install/decoding_element/lib/python3.10/site-packages/decoding_element-0.0.0-py3.10.egg-info
[1.569s] running install_scripts
[1.586s] Installing integrator script to /workspace/BMI/install/decoding_element/lib/decoding_element
[1.586s] Installing predictor script to /workspace/BMI/install/decoding_element/lib/decoding_element
[1.587s] Installing trainer script to /workspace/BMI/install/decoding_element/lib/decoding_element
[1.587s] writing list of installed files to '/workspace/BMI/build/decoding_element/install.log'
[1.649s] Invoked command in '/workspace/BMI/src/decoding_element' returned '0': PYTHONPATH=/workspace/BMI/install/decoding_element/lib/python3.10/site-packages:${PYTHONPATH} /usr/bin/python3 setup.py egg_info --egg-base ../../build/decoding_element build --build-base /workspace/BMI/build/decoding_element/build install --prefix /workspace/BMI/install/decoding_element --record /workspace/BMI/build/decoding_element/install.log --single-version-externally-managed
