[0.315s] DEBUG:colcon:Command line arguments: ['/usr/bin/colcon', 'build']
[0.315s] DEBUG:colcon:Parsed command line arguments: Namespace(log_base=None, log_level=None, verb_name='build', build_base='build', install_base='install', merge_install=False, symlink_install=False, test_result_base=None, continue_on_error=False, executor='parallel', parallel_workers=20, event_handlers=None, ignore_user_meta=False, metas=['./colcon.meta'], base_paths=['.'], packages_ignore=None, packages_ignore_regex=None, paths=None, packages_up_to=None, packages_up_to_regex=None, packages_above=None, packages_above_and_dependencies=None, packages_above_depth=None, packages_select_by_dep=None, packages_skip_by_dep=None, packages_skip_up_to=None, packages_select_build_failed=False, packages_skip_build_finished=False, packages_select_test_failures=False, packages_skip_test_passed=False, packages_select=None, packages_skip=None, packages_select_regex=None, packages_skip_regex=None, packages_start=None, packages_end=None, cmake_args=None, cmake_target=None, cmake_target_skip_unavailable=False, cmake_clean_cache=False, cmake_clean_first=False, cmake_force_configure=False, ament_cmake_args=None, catkin_cmake_args=None, catkin_skip_building_tests=False, mixin_files=None, mixin=None, verb_parser=<colcon_mixin.mixin.mixin_argument.MixinArgumentDecorator object at 0x7fcf019574c0>, verb_extension=<colcon_core.verb.build.BuildVerb object at 0x7fcf0248e800>, main=<bound method BuildVerb.main of <colcon_core.verb.build.BuildVerb object at 0x7fcf0248e800>>, mixin_verb=('build',))
[0.342s] Level 1:colcon.colcon_core.package_discovery:discover_packages(colcon_meta) check parameters
[0.343s] INFO:colcon.colcon_metadata.package_discovery.colcon_meta:Using configuration from '/root/.colcon/metadata/default/Gazebo.meta'
[0.343s] INFO:colcon.colcon_metadata.package_discovery.colcon_meta:Using configuration from '/root/.colcon/metadata/default/fastrtps.meta'
[0.343s] Level 1:colcon.colcon_core.package_discovery:discover_packages(recursive) check parameters
[0.343s] Level 1:colcon.colcon_core.package_discovery:discover_packages(ignore) check parameters
[0.343s] Level 1:colcon.colcon_core.package_discovery:discover_packages(path) check parameters
[0.343s] Level 1:colcon.colcon_core.package_discovery:discover_packages(colcon_meta) discover
[0.343s] Level 1:colcon.colcon_core.package_discovery:discover_packages(recursive) discover
[0.343s] INFO:colcon.colcon_core.package_discovery:Crawling recursively for packages in '/workspace/BMI'
[0.343s] Level 1:colcon.colcon_core.package_identification:_identify(.) by extensions ['ignore', 'ignore_ament_install']
[0.343s] Level 1:colcon.colcon_core.package_identification:_identify(.) by extension 'ignore'
[0.343s] Level 1:colcon.colcon_core.package_identification:_identify(.) by extension 'ignore_ament_install'
[0.343s] Level 1:colcon.colcon_core.package_identification:_identify(.) by extensions ['colcon_pkg']
[0.344s] Level 1:colcon.colcon_core.package_identification:_identify(.) by extension 'colcon_pkg'
[0.344s] Level 1:colcon.colcon_core.package_identification:_identify(.) by extensions ['colcon_meta']
[0.344s] Level 1:colcon.colcon_core.package_identification:_identify(.) by extension 'colcon_meta'
[0.344s] Level 1:colcon.colcon_core.package_identification:_identify(.) by extensions ['ros']
[0.344s] Level 1:colcon.colcon_core.package_identification:_identify(.) by extension 'ros'
[0.353s] Level 1:colcon.colcon_core.package_identification:_identify(.) by extensions ['cmake', 'python']
[0.353s] Level 1:colcon.colcon_core.package_identification:_identify(.) by extension 'cmake'
[0.353s] Level 1:colcon.colcon_core.package_identification:_identify(.) by extension 'python'
[0.353s] Level 1:colcon.colcon_core.package_identification:_identify(.) by extensions ['python_setup_py']
[0.353s] Level 1:colcon.colcon_core.package_identification:_identify(.) by extension 'python_setup_py'
[0.353s] Level 1:colcon.colcon_core.package_identification:_identify(build) by extensions ['ignore', 'ignore_ament_install']
[0.353s] Level 1:colcon.colcon_core.package_identification:_identify(build) by extension 'ignore'
[0.353s] Level 1:colcon.colcon_core.package_identification:_identify(build) ignored
[0.353s] Level 1:colcon.colcon_core.package_identification:_identify(install) by extensions ['ignore', 'ignore_ament_install']
[0.353s] Level 1:colcon.colcon_core.package_identification:_identify(install) by extension 'ignore'
[0.353s] Level 1:colcon.colcon_core.package_identification:_identify(install) ignored
[0.353s] Level 1:colcon.colcon_core.package_identification:_identify(launch) by extensions ['ignore', 'ignore_ament_install']
[0.353s] Level 1:colcon.colcon_core.package_identification:_identify(launch) by extension 'ignore'
[0.353s] Level 1:colcon.colcon_core.package_identification:_identify(launch) by extension 'ignore_ament_install'
[0.353s] Level 1:colcon.colcon_core.package_identification:_identify(launch) by extensions ['colcon_pkg']
[0.353s] Level 1:colcon.colcon_core.package_identification:_identify(launch) by extension 'colcon_pkg'
[0.353s] Level 1:colcon.colcon_core.package_identification:_identify(launch) by extensions ['colcon_meta']
[0.353s] Level 1:colcon.colcon_core.package_identification:_identify(launch) by extension 'colcon_meta'
[0.354s] Level 1:colcon.colcon_core.package_identification:_identify(launch) by extensions ['ros']
[0.354s] Level 1:colcon.colcon_core.package_identification:_identify(launch) by extension 'ros'
[0.354s] Level 1:colcon.colcon_core.package_identification:_identify(launch) by extensions ['cmake', 'python']
[0.354s] Level 1:colcon.colcon_core.package_identification:_identify(launch) by extension 'cmake'
[0.354s] Level 1:colcon.colcon_core.package_identification:_identify(launch) by extension 'python'
[0.354s] Level 1:colcon.colcon_core.package_identification:_identify(launch) by extensions ['python_setup_py']
[0.354s] Level 1:colcon.colcon_core.package_identification:_identify(launch) by extension 'python_setup_py'
[0.354s] Level 1:colcon.colcon_core.package_identification:_identify(launch/__pycache__) by extensions ['ignore', 'ignore_ament_install']
[0.354s] Level 1:colcon.colcon_core.package_identification:_identify(launch/__pycache__) by extension 'ignore'
[0.354s] Level 1:colcon.colcon_core.package_identification:_identify(launch/__pycache__) by extension 'ignore_ament_install'
[0.354s] Level 1:colcon.colcon_core.package_identification:_identify(launch/__pycache__) by extensions ['colcon_pkg']
[0.354s] Level 1:colcon.colcon_core.package_identification:_identify(launch/__pycache__) by extension 'colcon_pkg'
[0.354s] Level 1:colcon.colcon_core.package_identification:_identify(launch/__pycache__) by extensions ['colcon_meta']
[0.354s] Level 1:colcon.colcon_core.package_identification:_identify(launch/__pycache__) by extension 'colcon_meta'
[0.354s] Level 1:colcon.colcon_core.package_identification:_identify(launch/__pycache__) by extensions ['ros']
[0.354s] Level 1:colcon.colcon_core.package_identification:_identify(launch/__pycache__) by extension 'ros'
[0.354s] Level 1:colcon.colcon_core.package_identification:_identify(launch/__pycache__) by extensions ['cmake', 'python']
[0.354s] Level 1:colcon.colcon_core.package_identification:_identify(launch/__pycache__) by extension 'cmake'
[0.354s] Level 1:colcon.colcon_core.package_identification:_identify(launch/__pycache__) by extension 'python'
[0.354s] Level 1:colcon.colcon_core.package_identification:_identify(launch/__pycache__) by extensions ['python_setup_py']
[0.354s] Level 1:colcon.colcon_core.package_identification:_identify(launch/__pycache__) by extension 'python_setup_py'
[0.354s] Level 1:colcon.colcon_core.package_identification:_identify(log) by extensions ['ignore', 'ignore_ament_install']
[0.354s] Level 1:colcon.colcon_core.package_identification:_identify(log) by extension 'ignore'
[0.354s] Level 1:colcon.colcon_core.package_identification:_identify(log) ignored
[0.354s] Level 1:colcon.colcon_core.package_identification:_identify(src) by extensions ['ignore', 'ignore_ament_install']
[0.355s] Level 1:colcon.colcon_core.package_identification:_identify(src) by extension 'ignore'
[0.355s] Level 1:colcon.colcon_core.package_identification:_identify(src) by extension 'ignore_ament_install'
[0.355s] Level 1:colcon.colcon_core.package_identification:_identify(src) by extensions ['colcon_pkg']
[0.355s] Level 1:colcon.colcon_core.package_identification:_identify(src) by extension 'colcon_pkg'
[0.355s] Level 1:colcon.colcon_core.package_identification:_identify(src) by extensions ['colcon_meta']
[0.355s] Level 1:colcon.colcon_core.package_identification:_identify(src) by extension 'colcon_meta'
[0.355s] Level 1:colcon.colcon_core.package_identification:_identify(src) by extensions ['ros']
[0.355s] Level 1:colcon.colcon_core.package_identification:_identify(src) by extension 'ros'
[0.355s] Level 1:colcon.colcon_core.package_identification:_identify(src) by extensions ['cmake', 'python']
[0.355s] Level 1:colcon.colcon_core.package_identification:_identify(src) by extension 'cmake'
[0.355s] Level 1:colcon.colcon_core.package_identification:_identify(src) by extension 'python'
[0.355s] Level 1:colcon.colcon_core.package_identification:_identify(src) by extensions ['python_setup_py']
[0.355s] Level 1:colcon.colcon_core.package_identification:_identify(src) by extension 'python_setup_py'
[0.355s] Level 1:colcon.colcon_core.package_identification:_identify(src/decoder) by extensions ['ignore', 'ignore_ament_install']
[0.355s] Level 1:colcon.colcon_core.package_identification:_identify(src/decoder) by extension 'ignore'
[0.355s] Level 1:colcon.colcon_core.package_identification:_identify(src/decoder) by extension 'ignore_ament_install'
[0.355s] Level 1:colcon.colcon_core.package_identification:_identify(src/decoder) by extensions ['colcon_pkg']
[0.355s] Level 1:colcon.colcon_core.package_identification:_identify(src/decoder) by extension 'colcon_pkg'
[0.355s] Level 1:colcon.colcon_core.package_identification:_identify(src/decoder) by extensions ['colcon_meta']
[0.355s] Level 1:colcon.colcon_core.package_identification:_identify(src/decoder) by extension 'colcon_meta'
[0.355s] Level 1:colcon.colcon_core.package_identification:_identify(src/decoder) by extensions ['ros']
[0.355s] Level 1:colcon.colcon_core.package_identification:_identify(src/decoder) by extension 'ros'
[0.357s] DEBUG:colcon.colcon_core.package_identification:Package 'src/decoder' with type 'ros.ament_python' and name 'decoder'
[0.357s] Level 1:colcon.colcon_core.package_identification:_identify(src/interfaces) by extensions ['ignore', 'ignore_ament_install']
[0.357s] Level 1:colcon.colcon_core.package_identification:_identify(src/interfaces) by extension 'ignore'
[0.357s] Level 1:colcon.colcon_core.package_identification:_identify(src/interfaces) by extension 'ignore_ament_install'
[0.357s] Level 1:colcon.colcon_core.package_identification:_identify(src/interfaces) by extensions ['colcon_pkg']
[0.357s] Level 1:colcon.colcon_core.package_identification:_identify(src/interfaces) by extension 'colcon_pkg'
[0.357s] Level 1:colcon.colcon_core.package_identification:_identify(src/interfaces) by extensions ['colcon_meta']
[0.357s] Level 1:colcon.colcon_core.package_identification:_identify(src/interfaces) by extension 'colcon_meta'
[0.357s] Level 1:colcon.colcon_core.package_identification:_identify(src/interfaces) by extensions ['ros']
[0.358s] Level 1:colcon.colcon_core.package_identification:_identify(src/interfaces) by extension 'ros'
[0.358s] DEBUG:colcon.colcon_core.package_identification:Package 'src/interfaces' with type 'ros.ament_cmake' and name 'interfaces'
[0.358s] Level 1:colcon.colcon_core.package_identification:_identify(src/neural_data_generator) by extensions ['ignore', 'ignore_ament_install']
[0.358s] Level 1:colcon.colcon_core.package_identification:_identify(src/neural_data_generator) by extension 'ignore'
[0.358s] Level 1:colcon.colcon_core.package_identification:_identify(src/neural_data_generator) by extension 'ignore_ament_install'
[0.358s] Level 1:colcon.colcon_core.package_identification:_identify(src/neural_data_generator) by extensions ['colcon_pkg']
[0.358s] Level 1:colcon.colcon_core.package_identification:_identify(src/neural_data_generator) by extension 'colcon_pkg'
[0.358s] Level 1:colcon.colcon_core.package_identification:_identify(src/neural_data_generator) by extensions ['colcon_meta']
[0.358s] Level 1:colcon.colcon_core.package_identification:_identify(src/neural_data_generator) by extension 'colcon_meta'
[0.358s] Level 1:colcon.colcon_core.package_identification:_identify(src/neural_data_generator) by extensions ['ros']
[0.358s] Level 1:colcon.colcon_core.package_identification:_identify(src/neural_data_generator) by extension 'ros'
[0.359s] DEBUG:colcon.colcon_core.package_identification:Package 'src/neural_data_generator' with type 'ros.ament_python' and name 'neural_data_generator'
[0.359s] Level 1:colcon.colcon_core.package_discovery:discover_packages(recursive) using defaults
[0.359s] Level 1:colcon.colcon_core.package_discovery:discover_packages(ignore) discover
[0.359s] Level 1:colcon.colcon_core.package_discovery:discover_packages(ignore) using defaults
[0.359s] Level 1:colcon.colcon_core.package_discovery:discover_packages(path) discover
[0.359s] Level 1:colcon.colcon_core.package_discovery:discover_packages(path) using defaults
[0.386s] Level 5:colcon.colcon_core.verb:set package 'decoder' build argument 'cmake_args' from command line to 'None'
[0.386s] Level 5:colcon.colcon_core.verb:set package 'decoder' build argument 'cmake_target' from command line to 'None'
[0.386s] Level 5:colcon.colcon_core.verb:set package 'decoder' build argument 'cmake_target_skip_unavailable' from command line to 'False'
[0.386s] Level 5:colcon.colcon_core.verb:set package 'decoder' build argument 'cmake_clean_cache' from command line to 'False'
[0.386s] Level 5:colcon.colcon_core.verb:set package 'decoder' build argument 'cmake_clean_first' from command line to 'False'
[0.386s] Level 5:colcon.colcon_core.verb:set package 'decoder' build argument 'cmake_force_configure' from command line to 'False'
[0.386s] Level 5:colcon.colcon_core.verb:set package 'decoder' build argument 'ament_cmake_args' from command line to 'None'
[0.386s] Level 5:colcon.colcon_core.verb:set package 'decoder' build argument 'catkin_cmake_args' from command line to 'None'
[0.386s] Level 5:colcon.colcon_core.verb:set package 'decoder' build argument 'catkin_skip_building_tests' from command line to 'False'
[0.386s] DEBUG:colcon.colcon_core.verb:Building package 'decoder' with the following arguments: {'ament_cmake_args': None, 'build_base': '/workspace/BMI/build/decoder', 'catkin_cmake_args': None, 'catkin_skip_building_tests': False, 'cmake_args': None, 'cmake_clean_cache': False, 'cmake_clean_first': False, 'cmake_force_configure': False, 'cmake_target': None, 'cmake_target_skip_unavailable': False, 'install_base': '/workspace/BMI/install/decoder', 'merge_install': False, 'path': '/workspace/BMI/src/decoder', 'symlink_install': False, 'test_result_base': None}
[0.387s] Level 5:colcon.colcon_core.verb:set package 'interfaces' build argument 'cmake_args' from command line to 'None'
[0.387s] Level 5:colcon.colcon_core.verb:set package 'interfaces' build argument 'cmake_target' from command line to 'None'
[0.387s] Level 5:colcon.colcon_core.verb:set package 'interfaces' build argument 'cmake_target_skip_unavailable' from command line to 'False'
[0.387s] Level 5:colcon.colcon_core.verb:set package 'interfaces' build argument 'cmake_clean_cache' from command line to 'False'
[0.387s] Level 5:colcon.colcon_core.verb:set package 'interfaces' build argument 'cmake_clean_first' from command line to 'False'
[0.387s] Level 5:colcon.colcon_core.verb:set package 'interfaces' build argument 'cmake_force_configure' from command line to 'False'
[0.387s] Level 5:colcon.colcon_core.verb:set package 'interfaces' build argument 'ament_cmake_args' from command line to 'None'
[0.387s] Level 5:colcon.colcon_core.verb:set package 'interfaces' build argument 'catkin_cmake_args' from command line to 'None'
[0.387s] Level 5:colcon.colcon_core.verb:set package 'interfaces' build argument 'catkin_skip_building_tests' from command line to 'False'
[0.387s] DEBUG:colcon.colcon_core.verb:Building package 'interfaces' with the following arguments: {'ament_cmake_args': None, 'build_base': '/workspace/BMI/build/interfaces', 'catkin_cmake_args': None, 'catkin_skip_building_tests': False, 'cmake_args': None, 'cmake_clean_cache': False, 'cmake_clean_first': False, 'cmake_force_configure': False, 'cmake_target': None, 'cmake_target_skip_unavailable': False, 'install_base': '/workspace/BMI/install/interfaces', 'merge_install': False, 'path': '/workspace/BMI/src/interfaces', 'symlink_install': False, 'test_result_base': None}
[0.388s] Level 5:colcon.colcon_core.verb:set package 'neural_data_generator' build argument 'cmake_args' from command line to 'None'
[0.388s] Level 5:colcon.colcon_core.verb:set package 'neural_data_generator' build argument 'cmake_target' from command line to 'None'
[0.388s] Level 5:colcon.colcon_core.verb:set package 'neural_data_generator' build argument 'cmake_target_skip_unavailable' from command line to 'False'
[0.388s] Level 5:colcon.colcon_core.verb:set package 'neural_data_generator' build argument 'cmake_clean_cache' from command line to 'False'
[0.388s] Level 5:colcon.colcon_core.verb:set package 'neural_data_generator' build argument 'cmake_clean_first' from command line to 'False'
[0.388s] Level 5:colcon.colcon_core.verb:set package 'neural_data_generator' build argument 'cmake_force_configure' from command line to 'False'
[0.388s] Level 5:colcon.colcon_core.verb:set package 'neural_data_generator' build argument 'ament_cmake_args' from command line to 'None'
[0.388s] Level 5:colcon.colcon_core.verb:set package 'neural_data_generator' build argument 'catkin_cmake_args' from command line to 'None'
[0.388s] Level 5:colcon.colcon_core.verb:set package 'neural_data_generator' build argument 'catkin_skip_building_tests' from command line to 'False'
[0.388s] DEBUG:colcon.colcon_core.verb:Building package 'neural_data_generator' with the following arguments: {'ament_cmake_args': None, 'build_base': '/workspace/BMI/build/neural_data_generator', 'catkin_cmake_args': None, 'catkin_skip_building_tests': False, 'cmake_args': None, 'cmake_clean_cache': False, 'cmake_clean_first': False, 'cmake_force_configure': False, 'cmake_target': None, 'cmake_target_skip_unavailable': False, 'install_base': '/workspace/BMI/install/neural_data_generator', 'merge_install': False, 'path': '/workspace/BMI/src/neural_data_generator', 'symlink_install': False, 'test_result_base': None}
[0.388s] INFO:colcon.colcon_core.executor:Executing jobs using 'parallel' executor
[0.391s] DEBUG:colcon.colcon_parallel_executor.executor.parallel:run_until_complete
[0.391s] INFO:colcon.colcon_ros.task.ament_python.build:Building ROS package in '/workspace/BMI/src/decoder' with build type 'ament_python'
[0.391s] Level 1:colcon.colcon_core.shell:create_environment_hook('decoder', 'ament_prefix_path')
[0.396s] INFO:colcon.colcon_core.plugin_system:Skipping extension 'colcon_core.shell.bat': Not used on non-Windows systems
[0.396s] INFO:colcon.colcon_core.shell:Creating environment hook '/workspace/BMI/install/decoder/share/decoder/hook/ament_prefix_path.ps1'
[0.397s] INFO:colcon.colcon_core.shell:Creating environment descriptor '/workspace/BMI/install/decoder/share/decoder/hook/ament_prefix_path.dsv'
[0.398s] INFO:colcon.colcon_core.shell:Creating environment hook '/workspace/BMI/install/decoder/share/decoder/hook/ament_prefix_path.sh'
[0.399s] INFO:colcon.colcon_core.shell:Skip shell extension 'powershell' for command environment: Not usable outside of PowerShell
[0.399s] DEBUG:colcon.colcon_core.shell:Skip shell extension 'dsv' for command environment
[0.403s] INFO:colcon.colcon_ros.task.ament_cmake.build:Building ROS package in '/workspace/BMI/src/interfaces' with build type 'ament_cmake'
[0.403s] INFO:colcon.colcon_cmake.task.cmake.build:Building CMake package in '/workspace/BMI/src/interfaces'
[0.404s] INFO:colcon.colcon_core.shell:Skip shell extension 'powershell' for command environment: Not usable outside of PowerShell
[0.404s] DEBUG:colcon.colcon_core.shell:Skip shell extension 'dsv' for command environment
[0.406s] INFO:colcon.colcon_ros.task.ament_python.build:Building ROS package in '/workspace/BMI/src/neural_data_generator' with build type 'ament_python'
[0.407s] Level 1:colcon.colcon_core.shell:create_environment_hook('neural_data_generator', 'ament_prefix_path')
[0.407s] INFO:colcon.colcon_core.shell:Creating environment hook '/workspace/BMI/install/neural_data_generator/share/neural_data_generator/hook/ament_prefix_path.ps1'
[0.408s] INFO:colcon.colcon_core.shell:Creating environment descriptor '/workspace/BMI/install/neural_data_generator/share/neural_data_generator/hook/ament_prefix_path.dsv'
[0.408s] INFO:colcon.colcon_core.shell:Creating environment hook '/workspace/BMI/install/neural_data_generator/share/neural_data_generator/hook/ament_prefix_path.sh'
[0.409s] INFO:colcon.colcon_core.shell:Skip shell extension 'powershell' for command environment: Not usable outside of PowerShell
[0.409s] DEBUG:colcon.colcon_core.shell:Skip shell extension 'dsv' for command environment
[0.558s] INFO:colcon.colcon_core.task.python.build:Building Python package in '/workspace/BMI/src/decoder'
[0.559s] INFO:colcon.colcon_core.shell:Skip shell extension 'powershell' for command environment: Not usable outside of PowerShell
[0.559s] DEBUG:colcon.colcon_core.shell:Skip shell extension 'dsv' for command environment
[0.563s] DEBUG:colcon.colcon_core.event_handler.log_command:Invoking command in '/workspace/BMI/build/interfaces': CMAKE_PREFIX_PATH=/opt/ros/humble /usr/bin/cmake --build /workspace/BMI/build/interfaces -- -j20 -l20
[0.711s] INFO:colcon.colcon_core.task.python.build:Building Python package in '/workspace/BMI/src/neural_data_generator'
[0.712s] INFO:colcon.colcon_core.shell:Skip shell extension 'powershell' for command environment: Not usable outside of PowerShell
[0.712s] DEBUG:colcon.colcon_core.shell:Skip shell extension 'dsv' for command environment
[0.961s] DEBUG:colcon.colcon_core.event_handler.log_command:Invoking command in '/workspace/BMI/src/neural_data_generator': PYTHONPATH=/workspace/BMI/install/neural_data_generator/lib/python3.10/site-packages:${PYTHONPATH} /usr/bin/python3 setup.py egg_info --egg-base ../../build/neural_data_generator build --build-base /workspace/BMI/build/neural_data_generator/build install --prefix /workspace/BMI/install/neural_data_generator --record /workspace/BMI/build/neural_data_generator/install.log --single-version-externally-managed
[0.961s] DEBUG:colcon.colcon_core.event_handler.log_command:Invoking command in '/workspace/BMI/src/decoder': PYTHONPATH=/workspace/BMI/install/decoder/lib/python3.10/site-packages:${PYTHONPATH} /usr/bin/python3 setup.py egg_info --egg-base ../../build/decoder build --build-base /workspace/BMI/build/decoder/build install --prefix /workspace/BMI/install/decoder --record /workspace/BMI/build/decoder/install.log --single-version-externally-managed
[1.137s] DEBUG:colcon.colcon_core.event_handler.log_command:Invoked command in '/workspace/BMI/src/neural_data_generator' returned '0': PYTHONPATH=/workspace/BMI/install/neural_data_generator/lib/python3.10/site-packages:${PYTHONPATH} /usr/bin/python3 setup.py egg_info --egg-base ../../build/neural_data_generator build --build-base /workspace/BMI/build/neural_data_generator/build install --prefix /workspace/BMI/install/neural_data_generator --record /workspace/BMI/build/neural_data_generator/install.log --single-version-externally-managed
[1.142s] Level 1:colcon.colcon_core.environment:checking '/workspace/BMI/install/neural_data_generator' for CMake module files
[1.143s] Level 1:colcon.colcon_core.environment:checking '/workspace/BMI/install/neural_data_generator' for CMake config files
[1.143s] Level 1:colcon.colcon_core.environment:checking '/workspace/BMI/install/neural_data_generator/lib'
[1.143s] Level 1:colcon.colcon_core.environment:checking '/workspace/BMI/install/neural_data_generator/bin'
[1.143s] Level 1:colcon.colcon_core.environment:checking '/workspace/BMI/install/neural_data_generator/lib/pkgconfig/neural_data_generator.pc'
[1.143s] Level 1:colcon.colcon_core.environment:checking '/workspace/BMI/install/neural_data_generator/lib/python3.10/site-packages'
[1.143s] Level 1:colcon.colcon_core.shell:create_environment_hook('neural_data_generator', 'pythonpath')
[1.144s] INFO:colcon.colcon_core.shell:Creating environment hook '/workspace/BMI/install/neural_data_generator/share/neural_data_generator/hook/pythonpath.ps1'
[1.145s] INFO:colcon.colcon_core.shell:Creating environment descriptor '/workspace/BMI/install/neural_data_generator/share/neural_data_generator/hook/pythonpath.dsv'
[1.145s] INFO:colcon.colcon_core.shell:Creating environment hook '/workspace/BMI/install/neural_data_generator/share/neural_data_generator/hook/pythonpath.sh'
[1.145s] Level 1:colcon.colcon_core.environment:checking '/workspace/BMI/install/neural_data_generator/bin'
[1.145s] Level 1:colcon.colcon_core.environment:create_environment_scripts_only(neural_data_generator)
[1.146s] INFO:colcon.colcon_core.shell:Creating package script '/workspace/BMI/install/neural_data_generator/share/neural_data_generator/package.ps1'
[1.147s] INFO:colcon.colcon_core.shell:Creating package descriptor '/workspace/BMI/install/neural_data_generator/share/neural_data_generator/package.dsv'
[1.147s] INFO:colcon.colcon_core.shell:Creating package script '/workspace/BMI/install/neural_data_generator/share/neural_data_generator/package.sh'
[1.148s] INFO:colcon.colcon_core.shell:Creating package script '/workspace/BMI/install/neural_data_generator/share/neural_data_generator/package.bash'
[1.149s] INFO:colcon.colcon_core.shell:Creating package script '/workspace/BMI/install/neural_data_generator/share/neural_data_generator/package.zsh'
[1.149s] Level 1:colcon.colcon_core.environment:create_file_with_runtime_dependencies(/workspace/BMI/install/neural_data_generator/share/colcon-core/packages/neural_data_generator)
[1.151s] Level 1:colcon.colcon_core.environment:checking '/workspace/BMI/install/decoder' for CMake module files
[1.152s] DEBUG:colcon.colcon_core.event_handler.log_command:Invoked command in '/workspace/BMI/src/decoder' returned '0': PYTHONPATH=/workspace/BMI/install/decoder/lib/python3.10/site-packages:${PYTHONPATH} /usr/bin/python3 setup.py egg_info --egg-base ../../build/decoder build --build-base /workspace/BMI/build/decoder/build install --prefix /workspace/BMI/install/decoder --record /workspace/BMI/build/decoder/install.log --single-version-externally-managed
[1.152s] Level 1:colcon.colcon_core.environment:checking '/workspace/BMI/install/decoder' for CMake config files
[1.152s] Level 1:colcon.colcon_core.environment:checking '/workspace/BMI/install/decoder/lib'
[1.152s] Level 1:colcon.colcon_core.environment:checking '/workspace/BMI/install/decoder/bin'
[1.152s] Level 1:colcon.colcon_core.environment:checking '/workspace/BMI/install/decoder/lib/pkgconfig/decoder.pc'
[1.152s] Level 1:colcon.colcon_core.environment:checking '/workspace/BMI/install/decoder/lib/python3.10/site-packages'
[1.152s] Level 1:colcon.colcon_core.shell:create_environment_hook('decoder', 'pythonpath')
[1.153s] INFO:colcon.colcon_core.shell:Creating environment hook '/workspace/BMI/install/decoder/share/decoder/hook/pythonpath.ps1'
[1.153s] INFO:colcon.colcon_core.shell:Creating environment descriptor '/workspace/BMI/install/decoder/share/decoder/hook/pythonpath.dsv'
[1.153s] INFO:colcon.colcon_core.shell:Creating environment hook '/workspace/BMI/install/decoder/share/decoder/hook/pythonpath.sh'
[1.154s] Level 1:colcon.colcon_core.environment:checking '/workspace/BMI/install/decoder/bin'
[1.154s] Level 1:colcon.colcon_core.environment:create_environment_scripts_only(decoder)
[1.155s] INFO:colcon.colcon_core.shell:Creating package script '/workspace/BMI/install/decoder/share/decoder/package.ps1'
[1.155s] INFO:colcon.colcon_core.shell:Creating package descriptor '/workspace/BMI/install/decoder/share/decoder/package.dsv'
[1.155s] INFO:colcon.colcon_core.shell:Creating package script '/workspace/BMI/install/decoder/share/decoder/package.sh'
[1.156s] INFO:colcon.colcon_core.shell:Creating package script '/workspace/BMI/install/decoder/share/decoder/package.bash'
[1.156s] INFO:colcon.colcon_core.shell:Creating package script '/workspace/BMI/install/decoder/share/decoder/package.zsh'
[1.156s] Level 1:colcon.colcon_core.environment:create_file_with_runtime_dependencies(/workspace/BMI/install/decoder/share/colcon-core/packages/decoder)
[2.758s] DEBUG:colcon.colcon_core.event_handler.log_command:Invoked command in '/workspace/BMI/build/interfaces' returned '0': CMAKE_PREFIX_PATH=/opt/ros/humble /usr/bin/cmake --build /workspace/BMI/build/interfaces -- -j20 -l20
[2.801s] DEBUG:colcon.colcon_core.event_handler.log_command:Invoking command in '/workspace/BMI/build/interfaces': CMAKE_PREFIX_PATH=/opt/ros/humble /usr/bin/cmake --install /workspace/BMI/build/interfaces
[2.841s] Level 1:colcon.colcon_core.environment:create_environment_scripts_only(interfaces)
[2.842s] Level 1:colcon.colcon_core.environment:checking '/workspace/BMI/install/interfaces' for CMake module files
[2.842s] DEBUG:colcon.colcon_core.event_handler.log_command:Invoked command in '/workspace/BMI/build/interfaces' returned '0': CMAKE_PREFIX_PATH=/opt/ros/humble /usr/bin/cmake --install /workspace/BMI/build/interfaces
[2.843s] Level 1:colcon.colcon_core.environment:checking '/workspace/BMI/install/interfaces' for CMake config files
[2.843s] Level 1:colcon.colcon_core.shell:create_environment_hook('interfaces', 'cmake_prefix_path')
[2.844s] INFO:colcon.colcon_core.shell:Creating environment hook '/workspace/BMI/install/interfaces/share/interfaces/hook/cmake_prefix_path.ps1'
[2.844s] INFO:colcon.colcon_core.shell:Creating environment descriptor '/workspace/BMI/install/interfaces/share/interfaces/hook/cmake_prefix_path.dsv'
[2.844s] INFO:colcon.colcon_core.shell:Creating environment hook '/workspace/BMI/install/interfaces/share/interfaces/hook/cmake_prefix_path.sh'
[2.845s] Level 1:colcon.colcon_core.environment:checking '/workspace/BMI/install/interfaces/lib'
[2.845s] Level 1:colcon.colcon_core.shell:create_environment_hook('interfaces', 'ld_library_path_lib')
[2.845s] INFO:colcon.colcon_core.shell:Creating environment hook '/workspace/BMI/install/interfaces/share/interfaces/hook/ld_library_path_lib.ps1'
[2.846s] INFO:colcon.colcon_core.shell:Creating environment descriptor '/workspace/BMI/install/interfaces/share/interfaces/hook/ld_library_path_lib.dsv'
[2.846s] INFO:colcon.colcon_core.shell:Creating environment hook '/workspace/BMI/install/interfaces/share/interfaces/hook/ld_library_path_lib.sh'
[2.846s] Level 1:colcon.colcon_core.environment:checking '/workspace/BMI/install/interfaces/bin'
[2.847s] Level 1:colcon.colcon_core.environment:checking '/workspace/BMI/install/interfaces/lib/pkgconfig/interfaces.pc'
[2.847s] Level 1:colcon.colcon_core.environment:checking '/workspace/BMI/install/interfaces/lib/python3.10/site-packages'
[2.847s] Level 1:colcon.colcon_core.environment:checking '/workspace/BMI/install/interfaces/bin'
[2.848s] INFO:colcon.colcon_core.shell:Creating package script '/workspace/BMI/install/interfaces/share/interfaces/package.ps1'
[2.848s] INFO:colcon.colcon_core.shell:Creating package descriptor '/workspace/BMI/install/interfaces/share/interfaces/package.dsv'
[2.848s] INFO:colcon.colcon_core.shell:Creating package script '/workspace/BMI/install/interfaces/share/interfaces/package.sh'
[2.849s] INFO:colcon.colcon_core.shell:Creating package script '/workspace/BMI/install/interfaces/share/interfaces/package.bash'
[2.849s] INFO:colcon.colcon_core.shell:Creating package script '/workspace/BMI/install/interfaces/share/interfaces/package.zsh'
[2.849s] Level 1:colcon.colcon_core.environment:create_file_with_runtime_dependencies(/workspace/BMI/install/interfaces/share/colcon-core/packages/interfaces)
[2.889s] Level 1:colcon.colcon_core.environment:create_environment_scripts_only(interfaces)
[2.890s] Level 1:colcon.colcon_core.environment:checking '/workspace/BMI/install/interfaces' for CMake module files
[2.891s] Level 1:colcon.colcon_core.environment:checking '/workspace/BMI/install/interfaces' for CMake config files
[2.891s] Level 1:colcon.colcon_core.shell:create_environment_hook('interfaces', 'cmake_prefix_path')
[2.892s] INFO:colcon.colcon_core.shell:Creating environment hook '/workspace/BMI/install/interfaces/share/interfaces/hook/cmake_prefix_path.ps1'
[2.892s] INFO:colcon.colcon_core.shell:Creating environment descriptor '/workspace/BMI/install/interfaces/share/interfaces/hook/cmake_prefix_path.dsv'
[2.892s] INFO:colcon.colcon_core.shell:Creating environment hook '/workspace/BMI/install/interfaces/share/interfaces/hook/cmake_prefix_path.sh'
[2.892s] Level 1:colcon.colcon_core.environment:checking '/workspace/BMI/install/interfaces/lib'
[2.893s] Level 1:colcon.colcon_core.shell:create_environment_hook('interfaces', 'ld_library_path_lib')
[2.893s] INFO:colcon.colcon_core.shell:Creating environment hook '/workspace/BMI/install/interfaces/share/interfaces/hook/ld_library_path_lib.ps1'
[2.894s] INFO:colcon.colcon_core.shell:Creating environment descriptor '/workspace/BMI/install/interfaces/share/interfaces/hook/ld_library_path_lib.dsv'
[2.894s] INFO:colcon.colcon_core.shell:Creating environment hook '/workspace/BMI/install/interfaces/share/interfaces/hook/ld_library_path_lib.sh'
[2.894s] Level 1:colcon.colcon_core.environment:checking '/workspace/BMI/install/interfaces/bin'
[2.894s] Level 1:colcon.colcon_core.environment:checking '/workspace/BMI/install/interfaces/lib/pkgconfig/interfaces.pc'
[2.894s] Level 1:colcon.colcon_core.environment:checking '/workspace/BMI/install/interfaces/lib/python3.10/site-packages'
[2.894s] Level 1:colcon.colcon_core.environment:checking '/workspace/BMI/install/interfaces/bin'
[2.895s] INFO:colcon.colcon_core.shell:Creating package script '/workspace/BMI/install/interfaces/share/interfaces/package.ps1'
[2.896s] INFO:colcon.colcon_core.shell:Creating package descriptor '/workspace/BMI/install/interfaces/share/interfaces/package.dsv'
[2.896s] INFO:colcon.colcon_core.shell:Creating package script '/workspace/BMI/install/interfaces/share/interfaces/package.sh'
[2.896s] INFO:colcon.colcon_core.shell:Creating package script '/workspace/BMI/install/interfaces/share/interfaces/package.bash'
[2.897s] INFO:colcon.colcon_core.shell:Creating package script '/workspace/BMI/install/interfaces/share/interfaces/package.zsh'
[2.897s] Level 1:colcon.colcon_core.environment:create_file_with_runtime_dependencies(/workspace/BMI/install/interfaces/share/colcon-core/packages/interfaces)
[2.897s] DEBUG:colcon.colcon_parallel_executor.executor.parallel:closing loop
[2.897s] DEBUG:colcon.colcon_parallel_executor.executor.parallel:loop closed
[2.897s] DEBUG:colcon.colcon_parallel_executor.executor.parallel:run_until_complete finished with '0'
[2.897s] DEBUG:colcon.colcon_core.event_reactor:joining thread
[2.904s] INFO:colcon.colcon_core.plugin_system:Skipping extension 'colcon_notification.desktop_notification.notify_send': Could not find 'notify-send'
[2.904s] INFO:colcon.colcon_core.plugin_system:Skipping extension 'colcon_notification.desktop_notification.terminal_notifier': Not used on non-Darwin systems
[2.904s] INFO:colcon.colcon_core.plugin_system:Skipping extension 'colcon_notification.desktop_notification.win32': Not used on non-Windows systems
[2.904s] INFO:colcon.colcon_notification.desktop_notification:Sending desktop notification using 'notify2'
[2.905s] DEBUG:colcon.colcon_notification.desktop_notification.notify2:Failed to initialize notify2: org.freedesktop.DBus.Error.Spawn.ExecFailed: /usr/bin/dbus-launch terminated abnormally without any error message
[2.905s] DEBUG:colcon.colcon_core.event_reactor:joined thread
[2.906s] INFO:colcon.colcon_core.shell:Creating prefix script '/workspace/BMI/install/local_setup.ps1'
[2.907s] INFO:colcon.colcon_core.shell:Creating prefix util module '/workspace/BMI/install/_local_setup_util_ps1.py'
[2.908s] INFO:colcon.colcon_core.shell:Creating prefix chain script '/workspace/BMI/install/setup.ps1'
[2.909s] INFO:colcon.colcon_core.shell:Creating prefix script '/workspace/BMI/install/local_setup.sh'
[2.909s] INFO:colcon.colcon_core.shell:Creating prefix util module '/workspace/BMI/install/_local_setup_util_sh.py'
[2.909s] INFO:colcon.colcon_core.shell:Creating prefix chain script '/workspace/BMI/install/setup.sh'
[2.910s] INFO:colcon.colcon_core.shell:Creating prefix script '/workspace/BMI/install/local_setup.bash'
[2.911s] INFO:colcon.colcon_core.shell:Creating prefix chain script '/workspace/BMI/install/setup.bash'
[2.911s] INFO:colcon.colcon_core.shell:Creating prefix script '/workspace/BMI/install/local_setup.zsh'
[2.912s] INFO:colcon.colcon_core.shell:Creating prefix chain script '/workspace/BMI/install/setup.zsh'
