[0.192s] Invoking command in '/workspace/BMI/build/interfaces': CMAKE_PREFIX_PATH=${CMAKE_PREFIX_PATH}:/workspace/BMI/install/test_pkg:/workspace/BMI/install/state_reader:/workspace/BMI/install/presenter:/workspace/BMI/install/observation_reader:/workspace/BMI/install/neural_data_generator:/workspace/BMI/install/decoding_element:/workspace/BMI/install/decoder:/opt/ros/humble /usr/bin/cmake --build /workspace/BMI/build/interfaces -- -j20 -l20
[0.549s] -- Found ament_cmake: 1.3.2 (/opt/ros/humble/share/ament_cmake/cmake)
[0.549s] -- Found rosidl_default_generators: 1.2.0 (/opt/ros/humble/share/rosidl_default_generators/cmake)
[0.550s] -- Using all available rosidl_typesupport_c: rosidl_typesupport_fastrtps_c;rosidl_typesupport_introspection_c
[0.550s] -- Found rosidl_adapter: 3.1.3 (/opt/ros/humble/share/rosidl_adapter/cmake)
[0.550s] -- Using all available rosidl_typesupport_cpp: rosidl_typesupport_fastrtps_cpp;rosidl_typesupport_introspection_cpp
[0.550s] -- Found ament_cmake_ros: 0.10.0 (/opt/ros/humble/share/ament_cmake_ros/cmake)
[0.663s] -- Using all available rosidl_typesupport_c: rosidl_typesupport_fastrtps_c;rosidl_typesupport_introspection_c
[0.831s] -- Using all available rosidl_typesupport_cpp: rosidl_typesupport_fastrtps_cpp;rosidl_typesupport_introspection_cpp
[0.848s] -- Found python_cmake_module: 0.10.0 (/opt/ros/humble/share/python_cmake_module/cmake)
[0.864s] -- Using PYTHON_EXECUTABLE: /usr/bin/python3
[0.864s] -- Using PYTHON_INCLUDE_DIRS: /usr/include/python3.10
[0.864s] -- Using PYTHON_LIBRARIES: /usr/lib/x86_64-linux-gnu/libpython3.10.so
[0.873s] -- Found ament_lint_auto: 0.12.4 (/opt/ros/humble/share/ament_lint_auto/cmake)
[0.879s] -- Added test 'lint_cmake' to check CMake code style
[0.880s] -- Added test 'xmllint' to check XML markup files
[0.881s] -- Configuring done
[0.907s] -- Generating done
[0.909s] -- Build files have been written to: /workspace/BMI/build/interfaces
[0.923s] [  1%] [34m[1mGenerating C code for ROS interfaces[0m
[0.929s] [  2%] [34m[1mGenerating C++ code for ROS interfaces[0m
[0.935s] [  2%] Built target ament_cmake_python_copy_interfaces
[1.128s] running egg_info
[1.129s] writing interfaces.egg-info/PKG-INFO
[1.129s] writing dependency_links to interfaces.egg-info/dependency_links.txt
[1.129s] writing top-level names to interfaces.egg-info/top_level.txt
[1.131s] reading manifest file 'interfaces.egg-info/SOURCES.txt'
[1.131s] writing manifest file 'interfaces.egg-info/SOURCES.txt'
[1.152s] [  2%] Built target ament_cmake_python_build_interfaces_egg
[1.293s] [35m[1mConsolidate compiler generated dependencies of target interfaces__rosidl_generator_c[0m
[1.300s] [  7%] [32mBuilding C object CMakeFiles/interfaces__rosidl_generator_c.dir/rosidl_generator_c/interfaces/msg/detail/sample__functions.c.o[0m
[1.300s] [  7%] [32mBuilding C object CMakeFiles/interfaces__rosidl_generator_c.dir/rosidl_generator_c/interfaces/msg/detail/state__functions.c.o[0m
[1.300s] [  8%] [32mBuilding C object CMakeFiles/interfaces__rosidl_generator_c.dir/rosidl_generator_c/interfaces/msg/detail/passive_observation__functions.c.o[0m
[1.301s] [  8%] [32mBuilding C object CMakeFiles/interfaces__rosidl_generator_c.dir/rosidl_generator_c/interfaces/msg/detail/ir__functions.c.o[0m
[1.301s] [  9%] [32mBuilding C object CMakeFiles/interfaces__rosidl_generator_c.dir/rosidl_generator_c/interfaces/msg/detail/decoder_element__functions.c.o[0m
[1.301s] [ 11%] [32mBuilding C object CMakeFiles/interfaces__rosidl_generator_c.dir/rosidl_generator_c/interfaces/srv/detail/decoding_service__functions.c.o[0m
[1.324s] [ 11%] Built target interfaces__cpp
[1.331s] [ 15%] [34m[1mGenerating C++ introspection for ROS interfaces[0m
[1.331s] [ 15%] [34m[1mGenerating C++ type support dispatch for ROS interfaces[0m
[1.331s] [ 15%] [34m[1mGenerating C++ type support for eProsima Fast-RTPS[0m
[1.349s] [ 16%] [32m[1mLinking C shared library libinterfaces__rosidl_generator_c.so[0m
[1.373s] [ 16%] Built target interfaces__rosidl_generator_c
[1.380s] [ 21%] [34m[1mGenerating C introspection for ROS interfaces[0m
[1.380s] [ 21%] [34m[1mGenerating C type support dispatch for ROS interfaces[0m
[1.380s] [ 21%] [34m[1mGenerating C type support for eProsima Fast-RTPS[0m
[1.557s] [35m[1mConsolidate compiler generated dependencies of target interfaces__rosidl_typesupport_cpp[0m
[1.567s] [ 25%] [32mBuilding CXX object CMakeFiles/interfaces__rosidl_typesupport_cpp.dir/rosidl_typesupport_cpp/interfaces/msg/ir__type_support.cpp.o[0m
[1.568s] [ 25%] [32mBuilding CXX object CMakeFiles/interfaces__rosidl_typesupport_cpp.dir/rosidl_typesupport_cpp/interfaces/msg/sample__type_support.cpp.o[0m
[1.568s] [ 25%] [32mBuilding CXX object CMakeFiles/interfaces__rosidl_typesupport_cpp.dir/rosidl_typesupport_cpp/interfaces/msg/state__type_support.cpp.o[0m
[1.569s] [ 29%] [32mBuilding CXX object CMakeFiles/interfaces__rosidl_typesupport_cpp.dir/rosidl_typesupport_cpp/interfaces/srv/decoding_service__type_support.cpp.o[0m
[1.569s] [ 29%] [32mBuilding CXX object CMakeFiles/interfaces__rosidl_typesupport_cpp.dir/rosidl_typesupport_cpp/interfaces/msg/decoder_element__type_support.cpp.o[0m
[1.569s] [ 29%] [32mBuilding CXX object CMakeFiles/interfaces__rosidl_typesupport_cpp.dir/rosidl_typesupport_cpp/interfaces/msg/passive_observation__type_support.cpp.o[0m
[1.629s] [35m[1mConsolidate compiler generated dependencies of target interfaces__rosidl_typesupport_introspection_cpp[0m
[1.645s] [ 33%] [32mBuilding CXX object CMakeFiles/interfaces__rosidl_typesupport_introspection_cpp.dir/rosidl_typesupport_introspection_cpp/interfaces/msg/detail/state__type_support.cpp.o[0m
[1.645s] [ 33%] [32mBuilding CXX object CMakeFiles/interfaces__rosidl_typesupport_introspection_cpp.dir/rosidl_typesupport_introspection_cpp/interfaces/msg/detail/passive_observation__type_support.cpp.o[0m
[1.645s] [ 35%] [32mBuilding CXX object CMakeFiles/interfaces__rosidl_typesupport_introspection_cpp.dir/rosidl_typesupport_introspection_cpp/interfaces/srv/detail/decoding_service__type_support.cpp.o[0m
[1.645s] [ 33%] [32mBuilding CXX object CMakeFiles/interfaces__rosidl_typesupport_introspection_cpp.dir/rosidl_typesupport_introspection_cpp/interfaces/msg/detail/sample__type_support.cpp.o[0m
[1.646s] [ 38%] [32mBuilding CXX object CMakeFiles/interfaces__rosidl_typesupport_introspection_cpp.dir/rosidl_typesupport_introspection_cpp/interfaces/msg/detail/decoder_element__type_support.cpp.o[0m
[1.646s] [ 38%] [32mBuilding CXX object CMakeFiles/interfaces__rosidl_typesupport_introspection_cpp.dir/rosidl_typesupport_introspection_cpp/interfaces/msg/detail/ir__type_support.cpp.o[0m
[1.702s] [35m[1mConsolidate compiler generated dependencies of target interfaces__rosidl_typesupport_c[0m
[1.703s] [35m[1mConsolidate compiler generated dependencies of target interfaces__rosidl_typesupport_fastrtps_cpp[0m
[1.714s] [ 40%] [32mBuilding CXX object CMakeFiles/interfaces__rosidl_typesupport_c.dir/rosidl_typesupport_c/interfaces/msg/state__type_support.cpp.o[0m
[1.715s] [ 40%] [32mBuilding CXX object CMakeFiles/interfaces__rosidl_typesupport_c.dir/rosidl_typesupport_c/interfaces/msg/ir__type_support.cpp.o[0m
[1.721s] [ 42%] [32mBuilding CXX object CMakeFiles/interfaces__rosidl_typesupport_c.dir/rosidl_typesupport_c/interfaces/msg/sample__type_support.cpp.o[0m
[1.744s] [ 45%] [32mBuilding CXX object CMakeFiles/interfaces__rosidl_typesupport_c.dir/rosidl_typesupport_c/interfaces/msg/passive_observation__type_support.cpp.o[0m
[1.744s] [ 45%] [32mBuilding CXX object CMakeFiles/interfaces__rosidl_typesupport_fastrtps_cpp.dir/rosidl_typesupport_fastrtps_cpp/interfaces/msg/detail/dds_fastrtps/ir__type_support.cpp.o[0m
[1.744s] [ 46%] [32mBuilding CXX object CMakeFiles/interfaces__rosidl_typesupport_c.dir/rosidl_typesupport_c/interfaces/msg/decoder_element__type_support.cpp.o[0m
[1.747s] [ 47%] [32mBuilding CXX object CMakeFiles/interfaces__rosidl_typesupport_fastrtps_cpp.dir/rosidl_typesupport_fastrtps_cpp/interfaces/msg/detail/dds_fastrtps/sample__type_support.cpp.o[0m
[1.749s] [ 49%] [32mBuilding CXX object CMakeFiles/interfaces__rosidl_typesupport_fastrtps_cpp.dir/rosidl_typesupport_fastrtps_cpp/interfaces/msg/detail/dds_fastrtps/state__type_support.cpp.o[0m
[1.770s] [ 50%] [32mBuilding CXX object CMakeFiles/interfaces__rosidl_typesupport_c.dir/rosidl_typesupport_c/interfaces/srv/decoding_service__type_support.cpp.o[0m
[1.792s] [35m[1mConsolidate compiler generated dependencies of target interfaces__rosidl_typesupport_fastrtps_c[0m
[1.804s] [ 52%] [32mBuilding CXX object CMakeFiles/interfaces__rosidl_typesupport_fastrtps_cpp.dir/rosidl_typesupport_fastrtps_cpp/interfaces/msg/detail/dds_fastrtps/decoder_element__type_support.cpp.o[0m
[1.812s] [ 54%] [32m[1mLinking CXX shared library libinterfaces__rosidl_typesupport_c.so[0m
[1.812s] [ 54%] [32mBuilding CXX object CMakeFiles/interfaces__rosidl_typesupport_fastrtps_cpp.dir/rosidl_typesupport_fastrtps_cpp/interfaces/msg/detail/dds_fastrtps/passive_observation__type_support.cpp.o[0m
[1.831s] [ 56%] [32mBuilding CXX object CMakeFiles/interfaces__rosidl_typesupport_fastrtps_c.dir/rosidl_typesupport_fastrtps_c/interfaces/msg/detail/ir__type_support_c.cpp.o[0m
[1.843s] [ 57%] [32mBuilding CXX object CMakeFiles/interfaces__rosidl_typesupport_fastrtps_cpp.dir/rosidl_typesupport_fastrtps_cpp/interfaces/srv/detail/dds_fastrtps/decoding_service__type_support.cpp.o[0m
[1.848s] [ 59%] [32mBuilding CXX object CMakeFiles/interfaces__rosidl_typesupport_fastrtps_c.dir/rosidl_typesupport_fastrtps_c/interfaces/msg/detail/sample__type_support_c.cpp.o[0m
[1.872s] [ 59%] Built target interfaces__rosidl_typesupport_c
[1.873s] [ 60%] [32mBuilding CXX object CMakeFiles/interfaces__rosidl_typesupport_fastrtps_c.dir/rosidl_typesupport_fastrtps_c/interfaces/msg/detail/decoder_element__type_support_c.cpp.o[0m
[1.878s] [ 61%] [32mBuilding CXX object CMakeFiles/interfaces__rosidl_typesupport_fastrtps_c.dir/rosidl_typesupport_fastrtps_c/interfaces/msg/detail/state__type_support_c.cpp.o[0m
[1.883s] [35m[1mConsolidate compiler generated dependencies of target interfaces__rosidl_typesupport_introspection_c[0m
[1.892s] [ 63%] [32mBuilding CXX object CMakeFiles/interfaces__rosidl_typesupport_fastrtps_c.dir/rosidl_typesupport_fastrtps_c/interfaces/msg/detail/passive_observation__type_support_c.cpp.o[0m
[1.899s] [ 64%] [32mBuilding C object CMakeFiles/interfaces__rosidl_typesupport_introspection_c.dir/rosidl_typesupport_introspection_c/interfaces/msg/detail/ir__type_support.c.o[0m
[1.907s] [ 66%] [32mBuilding CXX object CMakeFiles/interfaces__rosidl_typesupport_fastrtps_c.dir/rosidl_typesupport_fastrtps_c/interfaces/srv/detail/decoding_service__type_support_c.cpp.o[0m
[1.918s] [ 67%] [32m[1mLinking CXX shared library libinterfaces__rosidl_typesupport_cpp.so[0m
[1.991s] [ 69%] [32mBuilding C object CMakeFiles/interfaces__rosidl_typesupport_introspection_c.dir/rosidl_typesupport_introspection_c/interfaces/msg/detail/sample__type_support.c.o[0m
[2.011s] [ 69%] Built target interfaces__rosidl_typesupport_cpp
[2.062s] [ 70%] [32mBuilding C object CMakeFiles/interfaces__rosidl_typesupport_introspection_c.dir/rosidl_typesupport_introspection_c/interfaces/msg/detail/state__type_support.c.o[0m
[2.111s] [ 71%] [32mBuilding C object CMakeFiles/interfaces__rosidl_typesupport_introspection_c.dir/rosidl_typesupport_introspection_c/interfaces/msg/detail/decoder_element__type_support.c.o[0m
[2.133s] [ 73%] [32mBuilding C object CMakeFiles/interfaces__rosidl_typesupport_introspection_c.dir/rosidl_typesupport_introspection_c/interfaces/msg/detail/passive_observation__type_support.c.o[0m
[2.146s] [ 74%] [32mBuilding C object CMakeFiles/interfaces__rosidl_typesupport_introspection_c.dir/rosidl_typesupport_introspection_c/interfaces/srv/detail/decoding_service__type_support.c.o[0m
[2.189s] [ 76%] [32m[1mLinking C shared library libinterfaces__rosidl_typesupport_introspection_c.so[0m
[2.204s] [ 77%] [32m[1mLinking CXX shared library libinterfaces__rosidl_typesupport_introspection_cpp.so[0m
[2.220s] [ 77%] Built target interfaces__rosidl_typesupport_introspection_c
[2.301s] [ 77%] Built target interfaces__rosidl_typesupport_introspection_cpp
[2.325s] [ 78%] [32m[1mLinking CXX shared library libinterfaces__rosidl_typesupport_fastrtps_c.so[0m
[2.369s] [ 80%] [32m[1mLinking CXX shared library libinterfaces__rosidl_typesupport_fastrtps_cpp.so[0m
[2.382s] [ 80%] Built target interfaces__rosidl_typesupport_fastrtps_c
[2.428s] [ 80%] Built target interfaces__rosidl_typesupport_fastrtps_cpp
[2.440s] [ 80%] Built target interfaces
[2.450s] [ 81%] [34m[1mGenerating Python code for ROS interfaces[0m
[2.989s] [ 81%] Built target interfaces__py
[2.994s] [35m[1mConsolidate compiler generated dependencies of target interfaces__rosidl_generator_py[0m
[3.003s] [ 85%] [32mBuilding C object CMakeFiles/interfaces__rosidl_generator_py.dir/rosidl_generator_py/interfaces/msg/_ir_s.c.o[0m
[3.003s] [ 85%] [32mBuilding C object CMakeFiles/interfaces__rosidl_generator_py.dir/rosidl_generator_py/interfaces/msg/_sample_s.c.o[0m
[3.004s] [ 85%] [32mBuilding C object CMakeFiles/interfaces__rosidl_generator_py.dir/rosidl_generator_py/interfaces/msg/_state_s.c.o[0m
[3.004s] [ 87%] [32mBuilding C object CMakeFiles/interfaces__rosidl_generator_py.dir/rosidl_generator_py/interfaces/msg/_decoder_element_s.c.o[0m
[3.004s] [ 88%] [32mBuilding C object CMakeFiles/interfaces__rosidl_generator_py.dir/rosidl_generator_py/interfaces/msg/_passive_observation_s.c.o[0m
[3.004s] [ 90%] [32mBuilding C object CMakeFiles/interfaces__rosidl_generator_py.dir/rosidl_generator_py/interfaces/srv/_decoding_service_s.c.o[0m
[3.076s] [ 91%] [32m[1mLinking C shared library rosidl_generator_py/interfaces/libinterfaces__rosidl_generator_py.so[0m
[3.098s] [ 91%] Built target interfaces__rosidl_generator_py
[3.103s] [35m[1mConsolidate compiler generated dependencies of target interfaces__rosidl_typesupport_introspection_c__pyext[0m
[3.103s] [35m[1mConsolidate compiler generated dependencies of target interfaces__rosidl_typesupport_c__pyext[0m
[3.104s] [35m[1mConsolidate compiler generated dependencies of target interfaces__rosidl_typesupport_fastrtps_c__pyext[0m
[3.111s] [ 95%] [32mBuilding C object CMakeFiles/interfaces__rosidl_typesupport_introspection_c__pyext.dir/rosidl_generator_py/interfaces/_interfaces_s.ep.rosidl_typesupport_introspection_c.c.o[0m
[3.111s] [ 95%] [32mBuilding C object CMakeFiles/interfaces__rosidl_typesupport_c__pyext.dir/rosidl_generator_py/interfaces/_interfaces_s.ep.rosidl_typesupport_c.c.o[0m
[3.111s] [ 95%] [32mBuilding C object CMakeFiles/interfaces__rosidl_typesupport_fastrtps_c__pyext.dir/rosidl_generator_py/interfaces/_interfaces_s.ep.rosidl_typesupport_fastrtps_c.c.o[0m
[3.178s] [ 97%] [32m[1mLinking C shared library rosidl_generator_py/interfaces/interfaces_s__rosidl_typesupport_introspection_c.cpython-310-x86_64-linux-gnu.so[0m
[3.179s] [ 98%] [32m[1mLinking C shared library rosidl_generator_py/interfaces/interfaces_s__rosidl_typesupport_c.cpython-310-x86_64-linux-gnu.so[0m
[3.179s] [100%] [32m[1mLinking C shared library rosidl_generator_py/interfaces/interfaces_s__rosidl_typesupport_fastrtps_c.cpython-310-x86_64-linux-gnu.so[0m
[3.197s] [100%] Built target interfaces__rosidl_typesupport_introspection_c__pyext
[3.197s] [100%] Built target interfaces__rosidl_typesupport_c__pyext
[3.197s] [100%] Built target interfaces__rosidl_typesupport_fastrtps_c__pyext
[3.204s] Invoked command in '/workspace/BMI/build/interfaces' returned '0': CMAKE_PREFIX_PATH=${CMAKE_PREFIX_PATH}:/workspace/BMI/install/test_pkg:/workspace/BMI/install/state_reader:/workspace/BMI/install/presenter:/workspace/BMI/install/observation_reader:/workspace/BMI/install/neural_data_generator:/workspace/BMI/install/decoding_element:/workspace/BMI/install/decoder:/opt/ros/humble /usr/bin/cmake --build /workspace/BMI/build/interfaces -- -j20 -l20
[3.272s] Invoking command in '/workspace/BMI/build/interfaces': CMAKE_PREFIX_PATH=${CMAKE_PREFIX_PATH}:/workspace/BMI/install/test_pkg:/workspace/BMI/install/state_reader:/workspace/BMI/install/presenter:/workspace/BMI/install/observation_reader:/workspace/BMI/install/neural_data_generator:/workspace/BMI/install/decoding_element:/workspace/BMI/install/decoder:/opt/ros/humble /usr/bin/cmake --install /workspace/BMI/build/interfaces
[3.276s] -- Install configuration: ""
[3.276s] -- Installing: /workspace/BMI/install/interfaces/share/ament_index/resource_index/rosidl_interfaces/interfaces
[3.276s] -- Up-to-date: /workspace/BMI/install/interfaces/include/interfaces/interfaces
[3.276s] -- Up-to-date: /workspace/BMI/install/interfaces/include/interfaces/interfaces/msg
[3.276s] -- Up-to-date: /workspace/BMI/install/interfaces/include/interfaces/interfaces/msg/rosidl_generator_c__visibility_control.h
[3.276s] -- Installing: /workspace/BMI/install/interfaces/include/interfaces/interfaces/msg/state.h
[3.276s] -- Installing: /workspace/BMI/install/interfaces/include/interfaces/interfaces/msg/decoder_element.h
[3.276s] -- Up-to-date: /workspace/BMI/install/interfaces/include/interfaces/interfaces/msg/num.h
[3.276s] -- Installing: /workspace/BMI/install/interfaces/include/interfaces/interfaces/msg/sample.h
[3.277s] -- Up-to-date: /workspace/BMI/install/interfaces/include/interfaces/interfaces/msg/detail
[3.277s] -- Installing: /workspace/BMI/install/interfaces/include/interfaces/interfaces/msg/detail/state__struct.h
[3.277s] -- Installing: /workspace/BMI/install/interfaces/include/interfaces/interfaces/msg/detail/decoder_element__functions.c
[3.277s] -- Installing: /workspace/BMI/install/interfaces/include/interfaces/interfaces/msg/detail/ir__functions.h
[3.277s] -- Installing: /workspace/BMI/install/interfaces/include/interfaces/interfaces/msg/detail/decoder_element__struct.h
[3.277s] -- Up-to-date: /workspace/BMI/install/interfaces/include/interfaces/interfaces/msg/detail/num__type_support.h
[3.277s] -- Installing: /workspace/BMI/install/interfaces/include/interfaces/interfaces/msg/detail/passive_observation__type_support.h
[3.277s] -- Installing: /workspace/BMI/install/interfaces/include/interfaces/interfaces/msg/detail/ir__type_support.h
[3.277s] -- Installing: /workspace/BMI/install/interfaces/include/interfaces/interfaces/msg/detail/state__type_support.h
[3.277s] -- Installing: /workspace/BMI/install/interfaces/include/interfaces/interfaces/msg/detail/ir__struct.h
[3.277s] -- Installing: /workspace/BMI/install/interfaces/include/interfaces/interfaces/msg/detail/passive_observation__functions.c
[3.277s] -- Up-to-date: /workspace/BMI/install/interfaces/include/interfaces/interfaces/msg/detail/num__struct.h
[3.277s] -- Installing: /workspace/BMI/install/interfaces/include/interfaces/interfaces/msg/detail/sample__functions.h
[3.277s] -- Installing: /workspace/BMI/install/interfaces/include/interfaces/interfaces/msg/detail/sample__type_support.h
[3.277s] -- Installing: /workspace/BMI/install/interfaces/include/interfaces/interfaces/msg/detail/passive_observation__functions.h
[3.277s] -- Installing: /workspace/BMI/install/interfaces/include/interfaces/interfaces/msg/detail/state__functions.h
[3.278s] -- Installing: /workspace/BMI/install/interfaces/include/interfaces/interfaces/msg/detail/state__functions.c
[3.278s] -- Up-to-date: /workspace/BMI/install/interfaces/include/interfaces/interfaces/msg/detail/num__functions.h
[3.278s] -- Installing: /workspace/BMI/install/interfaces/include/interfaces/interfaces/msg/detail/decoder_element__type_support.h
[3.278s] -- Installing: /workspace/BMI/install/interfaces/include/interfaces/interfaces/msg/detail/passive_observation__struct.h
[3.278s] -- Installing: /workspace/BMI/install/interfaces/include/interfaces/interfaces/msg/detail/sample__functions.c
[3.278s] -- Installing: /workspace/BMI/install/interfaces/include/interfaces/interfaces/msg/detail/sample__struct.h
[3.278s] -- Up-to-date: /workspace/BMI/install/interfaces/include/interfaces/interfaces/msg/detail/num__functions.c
[3.278s] -- Installing: /workspace/BMI/install/interfaces/include/interfaces/interfaces/msg/detail/decoder_element__functions.h
[3.278s] -- Installing: /workspace/BMI/install/interfaces/include/interfaces/interfaces/msg/detail/ir__functions.c
[3.278s] -- Installing: /workspace/BMI/install/interfaces/include/interfaces/interfaces/msg/ir.h
[3.278s] -- Installing: /workspace/BMI/install/interfaces/include/interfaces/interfaces/msg/passive_observation.h
[3.278s] -- Up-to-date: /workspace/BMI/install/interfaces/include/interfaces/interfaces/srv
[3.278s] -- Up-to-date: /workspace/BMI/install/interfaces/include/interfaces/interfaces/srv/decoder.h
[3.278s] -- Installing: /workspace/BMI/install/interfaces/include/interfaces/interfaces/srv/decoding_service.h
[3.278s] -- Up-to-date: /workspace/BMI/install/interfaces/include/interfaces/interfaces/srv/detail
[3.278s] -- Up-to-date: /workspace/BMI/install/interfaces/include/interfaces/interfaces/srv/detail/decoder__type_support.h
[3.279s] -- Up-to-date: /workspace/BMI/install/interfaces/include/interfaces/interfaces/srv/detail/decoder__functions.h
[3.279s] -- Up-to-date: /workspace/BMI/install/interfaces/include/interfaces/interfaces/srv/detail/decoder__functions.c
[3.279s] -- Installing: /workspace/BMI/install/interfaces/include/interfaces/interfaces/srv/detail/decoding_service__type_support.h
[3.279s] -- Installing: /workspace/BMI/install/interfaces/include/interfaces/interfaces/srv/detail/decoding_service__functions.h
[3.279s] -- Up-to-date: /workspace/BMI/install/interfaces/include/interfaces/interfaces/srv/detail/decoder__struct.h
[3.279s] -- Installing: /workspace/BMI/install/interfaces/include/interfaces/interfaces/srv/detail/decoding_service__struct.h
[3.279s] -- Installing: /workspace/BMI/install/interfaces/include/interfaces/interfaces/srv/detail/decoding_service__functions.c
[3.279s] -- Up-to-date: /workspace/BMI/install/interfaces/share/interfaces/environment/library_path.sh
[3.279s] -- Installing: /workspace/BMI/install/interfaces/share/interfaces/environment/library_path.dsv
[3.279s] -- Installing: /workspace/BMI/install/interfaces/lib/libinterfaces__rosidl_generator_c.so
[3.279s] -- Set runtime path of "/workspace/BMI/install/interfaces/lib/libinterfaces__rosidl_generator_c.so" to ""
[3.279s] -- Up-to-date: /workspace/BMI/install/interfaces/include/interfaces/interfaces
[3.279s] -- Up-to-date: /workspace/BMI/install/interfaces/include/interfaces/interfaces/msg
[3.279s] -- Up-to-date: /workspace/BMI/install/interfaces/include/interfaces/interfaces/msg/detail
[3.279s] -- Installing: /workspace/BMI/install/interfaces/include/interfaces/interfaces/msg/detail/sample__rosidl_typesupport_fastrtps_c.h
[3.279s] -- Installing: /workspace/BMI/install/interfaces/include/interfaces/interfaces/msg/detail/passive_observation__rosidl_typesupport_fastrtps_c.h
[3.279s] -- Up-to-date: /workspace/BMI/install/interfaces/include/interfaces/interfaces/msg/detail/num__rosidl_typesupport_fastrtps_c.h
[3.280s] -- Installing: /workspace/BMI/install/interfaces/include/interfaces/interfaces/msg/detail/ir__rosidl_typesupport_fastrtps_c.h
[3.280s] -- Installing: /workspace/BMI/install/interfaces/include/interfaces/interfaces/msg/detail/state__rosidl_typesupport_fastrtps_c.h
[3.280s] -- Installing: /workspace/BMI/install/interfaces/include/interfaces/interfaces/msg/detail/decoder_element__rosidl_typesupport_fastrtps_c.h
[3.280s] -- Up-to-date: /workspace/BMI/install/interfaces/include/interfaces/interfaces/msg/rosidl_typesupport_fastrtps_c__visibility_control.h
[3.280s] -- Up-to-date: /workspace/BMI/install/interfaces/include/interfaces/interfaces/srv
[3.280s] -- Up-to-date: /workspace/BMI/install/interfaces/include/interfaces/interfaces/srv/detail
[3.280s] -- Up-to-date: /workspace/BMI/install/interfaces/include/interfaces/interfaces/srv/detail/decoder__rosidl_typesupport_fastrtps_c.h
[3.280s] -- Installing: /workspace/BMI/install/interfaces/include/interfaces/interfaces/srv/detail/decoding_service__rosidl_typesupport_fastrtps_c.h
[3.280s] -- Installing: /workspace/BMI/install/interfaces/lib/libinterfaces__rosidl_typesupport_fastrtps_c.so
[3.280s] -- Set runtime path of "/workspace/BMI/install/interfaces/lib/libinterfaces__rosidl_typesupport_fastrtps_c.so" to ""
[3.280s] -- Up-to-date: /workspace/BMI/install/interfaces/include/interfaces/interfaces
[3.280s] -- Up-to-date: /workspace/BMI/install/interfaces/include/interfaces/interfaces/msg
[3.280s] -- Up-to-date: /workspace/BMI/install/interfaces/include/interfaces/interfaces/msg/rosidl_typesupport_introspection_c__visibility_control.h
[3.280s] -- Up-to-date: /workspace/BMI/install/interfaces/include/interfaces/interfaces/msg/detail
[3.280s] -- Installing: /workspace/BMI/install/interfaces/include/interfaces/interfaces/msg/detail/decoder_element__type_support.c
[3.280s] -- Installing: /workspace/BMI/install/interfaces/include/interfaces/interfaces/msg/detail/ir__type_support.c
[3.280s] -- Up-to-date: /workspace/BMI/install/interfaces/include/interfaces/interfaces/msg/detail/num__rosidl_typesupport_introspection_c.h
[3.281s] -- Installing: /workspace/BMI/install/interfaces/include/interfaces/interfaces/msg/detail/sample__rosidl_typesupport_introspection_c.h
[3.281s] -- Installing: /workspace/BMI/install/interfaces/include/interfaces/interfaces/msg/detail/decoder_element__rosidl_typesupport_introspection_c.h
[3.281s] -- Installing: /workspace/BMI/install/interfaces/include/interfaces/interfaces/msg/detail/state__type_support.c
[3.281s] -- Installing: /workspace/BMI/install/interfaces/include/interfaces/interfaces/msg/detail/ir__rosidl_typesupport_introspection_c.h
[3.281s] -- Up-to-date: /workspace/BMI/install/interfaces/include/interfaces/interfaces/msg/detail/num__type_support.c
[3.281s] -- Installing: /workspace/BMI/install/interfaces/include/interfaces/interfaces/msg/detail/sample__type_support.c
[3.281s] -- Installing: /workspace/BMI/install/interfaces/include/interfaces/interfaces/msg/detail/state__rosidl_typesupport_introspection_c.h
[3.281s] -- Installing: /workspace/BMI/install/interfaces/include/interfaces/interfaces/msg/detail/passive_observation__type_support.c
[3.281s] -- Installing: /workspace/BMI/install/interfaces/include/interfaces/interfaces/msg/detail/passive_observation__rosidl_typesupport_introspection_c.h
[3.281s] -- Up-to-date: /workspace/BMI/install/interfaces/include/interfaces/interfaces/srv
[3.281s] -- Up-to-date: /workspace/BMI/install/interfaces/include/interfaces/interfaces/srv/detail
[3.281s] -- Installing: /workspace/BMI/install/interfaces/include/interfaces/interfaces/srv/detail/decoding_service__type_support.c
[3.281s] -- Installing: /workspace/BMI/install/interfaces/include/interfaces/interfaces/srv/detail/decoding_service__rosidl_typesupport_introspection_c.h
[3.281s] -- Up-to-date: /workspace/BMI/install/interfaces/include/interfaces/interfaces/srv/detail/decoder__type_support.c
[3.281s] -- Up-to-date: /workspace/BMI/install/interfaces/include/interfaces/interfaces/srv/detail/decoder__rosidl_typesupport_introspection_c.h
[3.281s] -- Installing: /workspace/BMI/install/interfaces/lib/libinterfaces__rosidl_typesupport_introspection_c.so
[3.281s] -- Set runtime path of "/workspace/BMI/install/interfaces/lib/libinterfaces__rosidl_typesupport_introspection_c.so" to ""
[3.282s] -- Installing: /workspace/BMI/install/interfaces/lib/libinterfaces__rosidl_typesupport_c.so
[3.282s] -- Set runtime path of "/workspace/BMI/install/interfaces/lib/libinterfaces__rosidl_typesupport_c.so" to ""
[3.282s] -- Up-to-date: /workspace/BMI/install/interfaces/include/interfaces/interfaces
[3.282s] -- Up-to-date: /workspace/BMI/install/interfaces/include/interfaces/interfaces/msg
[3.282s] -- Installing: /workspace/BMI/install/interfaces/include/interfaces/interfaces/msg/ir.hpp
[3.282s] -- Installing: /workspace/BMI/install/interfaces/include/interfaces/interfaces/msg/decoder_element.hpp
[3.282s] -- Installing: /workspace/BMI/install/interfaces/include/interfaces/interfaces/msg/state.hpp
[3.282s] -- Up-to-date: /workspace/BMI/install/interfaces/include/interfaces/interfaces/msg/detail
[3.282s] -- Up-to-date: /workspace/BMI/install/interfaces/include/interfaces/interfaces/msg/detail/num__builder.hpp
[3.282s] -- Installing: /workspace/BMI/install/interfaces/include/interfaces/interfaces/msg/detail/passive_observation__struct.hpp
[3.282s] -- Installing: /workspace/BMI/install/interfaces/include/interfaces/interfaces/msg/detail/decoder_element__traits.hpp
[3.282s] -- Installing: /workspace/BMI/install/interfaces/include/interfaces/interfaces/msg/detail/sample__traits.hpp
[3.282s] -- Installing: /workspace/BMI/install/interfaces/include/interfaces/interfaces/msg/detail/state__traits.hpp
[3.282s] -- Up-to-date: /workspace/BMI/install/interfaces/include/interfaces/interfaces/msg/detail/num__traits.hpp
[3.283s] -- Installing: /workspace/BMI/install/interfaces/include/interfaces/interfaces/msg/detail/ir__traits.hpp
[3.283s] -- Installing: /workspace/BMI/install/interfaces/include/interfaces/interfaces/msg/detail/ir__builder.hpp
[3.283s] -- Up-to-date: /workspace/BMI/install/interfaces/include/interfaces/interfaces/msg/detail/num__struct.hpp
[3.283s] -- Installing: /workspace/BMI/install/interfaces/include/interfaces/interfaces/msg/detail/sample__builder.hpp
[3.283s] -- Installing: /workspace/BMI/install/interfaces/include/interfaces/interfaces/msg/detail/decoder_element__struct.hpp
[3.283s] -- Installing: /workspace/BMI/install/interfaces/include/interfaces/interfaces/msg/detail/state__struct.hpp
[3.283s] -- Installing: /workspace/BMI/install/interfaces/include/interfaces/interfaces/msg/detail/decoder_element__builder.hpp
[3.283s] -- Installing: /workspace/BMI/install/interfaces/include/interfaces/interfaces/msg/detail/state__builder.hpp
[3.283s] -- Installing: /workspace/BMI/install/interfaces/include/interfaces/interfaces/msg/detail/ir__struct.hpp
[3.283s] -- Installing: /workspace/BMI/install/interfaces/include/interfaces/interfaces/msg/detail/sample__struct.hpp
[3.283s] -- Installing: /workspace/BMI/install/interfaces/include/interfaces/interfaces/msg/detail/passive_observation__builder.hpp
[3.283s] -- Installing: /workspace/BMI/install/interfaces/include/interfaces/interfaces/msg/detail/passive_observation__traits.hpp
[3.283s] -- Up-to-date: /workspace/BMI/install/interfaces/include/interfaces/interfaces/msg/num.hpp
[3.283s] -- Installing: /workspace/BMI/install/interfaces/include/interfaces/interfaces/msg/sample.hpp
[3.283s] -- Installing: /workspace/BMI/install/interfaces/include/interfaces/interfaces/msg/passive_observation.hpp
[3.283s] -- Up-to-date: /workspace/BMI/install/interfaces/include/interfaces/interfaces/srv
[3.283s] -- Up-to-date: /workspace/BMI/install/interfaces/include/interfaces/interfaces/srv/decoder.hpp
[3.284s] -- Installing: /workspace/BMI/install/interfaces/include/interfaces/interfaces/srv/decoding_service.hpp
[3.284s] -- Up-to-date: /workspace/BMI/install/interfaces/include/interfaces/interfaces/srv/detail
[3.284s] -- Up-to-date: /workspace/BMI/install/interfaces/include/interfaces/interfaces/srv/detail/decoder__struct.hpp
[3.284s] -- Up-to-date: /workspace/BMI/install/interfaces/include/interfaces/interfaces/srv/detail/decoder__traits.hpp
[3.284s] -- Installing: /workspace/BMI/install/interfaces/include/interfaces/interfaces/srv/detail/decoding_service__traits.hpp
[3.284s] -- Installing: /workspace/BMI/install/interfaces/include/interfaces/interfaces/srv/detail/decoding_service__builder.hpp
[3.284s] -- Up-to-date: /workspace/BMI/install/interfaces/include/interfaces/interfaces/srv/detail/decoder__builder.hpp
[3.284s] -- Installing: /workspace/BMI/install/interfaces/include/interfaces/interfaces/srv/detail/decoding_service__struct.hpp
[3.284s] -- Up-to-date: /workspace/BMI/install/interfaces/include/interfaces/interfaces
[3.284s] -- Up-to-date: /workspace/BMI/install/interfaces/include/interfaces/interfaces/msg
[3.284s] -- Up-to-date: /workspace/BMI/install/interfaces/include/interfaces/interfaces/msg/rosidl_typesupport_fastrtps_cpp__visibility_control.h
[3.284s] -- Up-to-date: /workspace/BMI/install/interfaces/include/interfaces/interfaces/msg/detail
[3.284s] -- Installing: /workspace/BMI/install/interfaces/include/interfaces/interfaces/msg/detail/decoder_element__rosidl_typesupport_fastrtps_cpp.hpp
[3.284s] -- Installing: /workspace/BMI/install/interfaces/include/interfaces/interfaces/msg/detail/passive_observation__rosidl_typesupport_fastrtps_cpp.hpp
[3.284s] -- Up-to-date: /workspace/BMI/install/interfaces/include/interfaces/interfaces/msg/detail/num__rosidl_typesupport_fastrtps_cpp.hpp
[3.284s] -- Installing: /workspace/BMI/install/interfaces/include/interfaces/interfaces/msg/detail/ir__rosidl_typesupport_fastrtps_cpp.hpp
[3.284s] -- Up-to-date: /workspace/BMI/install/interfaces/include/interfaces/interfaces/msg/detail/dds_fastrtps
[3.284s] -- Installing: /workspace/BMI/install/interfaces/include/interfaces/interfaces/msg/detail/sample__rosidl_typesupport_fastrtps_cpp.hpp
[3.284s] -- Installing: /workspace/BMI/install/interfaces/include/interfaces/interfaces/msg/detail/state__rosidl_typesupport_fastrtps_cpp.hpp
[3.285s] -- Up-to-date: /workspace/BMI/install/interfaces/include/interfaces/interfaces/srv
[3.285s] -- Up-to-date: /workspace/BMI/install/interfaces/include/interfaces/interfaces/srv/detail
[3.285s] -- Installing: /workspace/BMI/install/interfaces/include/interfaces/interfaces/srv/detail/decoding_service__rosidl_typesupport_fastrtps_cpp.hpp
[3.285s] -- Up-to-date: /workspace/BMI/install/interfaces/include/interfaces/interfaces/srv/detail/dds_fastrtps
[3.285s] -- Up-to-date: /workspace/BMI/install/interfaces/include/interfaces/interfaces/srv/detail/decoder__rosidl_typesupport_fastrtps_cpp.hpp
[3.285s] -- Installing: /workspace/BMI/install/interfaces/lib/libinterfaces__rosidl_typesupport_fastrtps_cpp.so
[3.285s] -- Set runtime path of "/workspace/BMI/install/interfaces/lib/libinterfaces__rosidl_typesupport_fastrtps_cpp.so" to ""
[3.285s] -- Up-to-date: /workspace/BMI/install/interfaces/include/interfaces/interfaces
[3.285s] -- Up-to-date: /workspace/BMI/install/interfaces/include/interfaces/interfaces/msg
[3.285s] -- Up-to-date: /workspace/BMI/install/interfaces/include/interfaces/interfaces/msg/detail
[3.285s] -- Installing: /workspace/BMI/install/interfaces/include/interfaces/interfaces/msg/detail/ir__type_support.cpp
[3.285s] -- Installing: /workspace/BMI/install/interfaces/include/interfaces/interfaces/msg/detail/ir__rosidl_typesupport_introspection_cpp.hpp
[3.285s] -- Installing: /workspace/BMI/install/interfaces/include/interfaces/interfaces/msg/detail/sample__type_support.cpp
[3.285s] -- Installing: /workspace/BMI/install/interfaces/include/interfaces/interfaces/msg/detail/passive_observation__rosidl_typesupport_introspection_cpp.hpp
[3.285s] -- Installing: /workspace/BMI/install/interfaces/include/interfaces/interfaces/msg/detail/passive_observation__type_support.cpp
[3.285s] -- Installing: /workspace/BMI/install/interfaces/include/interfaces/interfaces/msg/detail/decoder_element__rosidl_typesupport_introspection_cpp.hpp
[3.286s] -- Installing: /workspace/BMI/install/interfaces/include/interfaces/interfaces/msg/detail/state__type_support.cpp
[3.286s] -- Installing: /workspace/BMI/install/interfaces/include/interfaces/interfaces/msg/detail/state__rosidl_typesupport_introspection_cpp.hpp
[3.286s] -- Up-to-date: /workspace/BMI/install/interfaces/include/interfaces/interfaces/msg/detail/num__rosidl_typesupport_introspection_cpp.hpp
[3.286s] -- Up-to-date: /workspace/BMI/install/interfaces/include/interfaces/interfaces/msg/detail/num__type_support.cpp
[3.286s] -- Installing: /workspace/BMI/install/interfaces/include/interfaces/interfaces/msg/detail/sample__rosidl_typesupport_introspection_cpp.hpp
[3.286s] -- Installing: /workspace/BMI/install/interfaces/include/interfaces/interfaces/msg/detail/decoder_element__type_support.cpp
[3.286s] -- Up-to-date: /workspace/BMI/install/interfaces/include/interfaces/interfaces/srv
[3.286s] -- Up-to-date: /workspace/BMI/install/interfaces/include/interfaces/interfaces/srv/detail
[3.286s] -- Installing: /workspace/BMI/install/interfaces/include/interfaces/interfaces/srv/detail/decoding_service__type_support.cpp
[3.286s] -- Up-to-date: /workspace/BMI/install/interfaces/include/interfaces/interfaces/srv/detail/decoder__type_support.cpp
[3.286s] -- Up-to-date: /workspace/BMI/install/interfaces/include/interfaces/interfaces/srv/detail/decoder__rosidl_typesupport_introspection_cpp.hpp
[3.286s] -- Installing: /workspace/BMI/install/interfaces/include/interfaces/interfaces/srv/detail/decoding_service__rosidl_typesupport_introspection_cpp.hpp
[3.286s] -- Installing: /workspace/BMI/install/interfaces/lib/libinterfaces__rosidl_typesupport_introspection_cpp.so
[3.286s] -- Set runtime path of "/workspace/BMI/install/interfaces/lib/libinterfaces__rosidl_typesupport_introspection_cpp.so" to ""
[3.286s] -- Installing: /workspace/BMI/install/interfaces/lib/libinterfaces__rosidl_typesupport_cpp.so
[3.286s] -- Set runtime path of "/workspace/BMI/install/interfaces/lib/libinterfaces__rosidl_typesupport_cpp.so" to ""
[3.286s] -- Up-to-date: /workspace/BMI/install/interfaces/share/interfaces/environment/pythonpath.sh
[3.286s] -- Installing: /workspace/BMI/install/interfaces/share/interfaces/environment/pythonpath.dsv
[3.286s] -- Up-to-date: /workspace/BMI/install/interfaces/local/lib/python3.10/dist-packages/interfaces-0.0.0-py3.10.egg-info
[3.286s] -- Installing: /workspace/BMI/install/interfaces/local/lib/python3.10/dist-packages/interfaces-0.0.0-py3.10.egg-info/PKG-INFO
[3.286s] -- Installing: /workspace/BMI/install/interfaces/local/lib/python3.10/dist-packages/interfaces-0.0.0-py3.10.egg-info/dependency_links.txt
[3.287s] -- Installing: /workspace/BMI/install/interfaces/local/lib/python3.10/dist-packages/interfaces-0.0.0-py3.10.egg-info/top_level.txt
[3.287s] -- Installing: /workspace/BMI/install/interfaces/local/lib/python3.10/dist-packages/interfaces-0.0.0-py3.10.egg-info/SOURCES.txt
[3.287s] -- Up-to-date: /workspace/BMI/install/interfaces/local/lib/python3.10/dist-packages/interfaces
[3.287s] -- Up-to-date: /workspace/BMI/install/interfaces/local/lib/python3.10/dist-packages/interfaces/msg
[3.287s] -- Installing: /workspace/BMI/install/interfaces/local/lib/python3.10/dist-packages/interfaces/msg/_decoder_element.py
[3.287s] -- Installing: /workspace/BMI/install/interfaces/local/lib/python3.10/dist-packages/interfaces/msg/_ir_s.c
[3.287s] -- Installing: /workspace/BMI/install/interfaces/local/lib/python3.10/dist-packages/interfaces/msg/_ir.py
[3.287s] -- Installing: /workspace/BMI/install/interfaces/local/lib/python3.10/dist-packages/interfaces/msg/_passive_observation.py
[3.287s] -- Installing: /workspace/BMI/install/interfaces/local/lib/python3.10/dist-packages/interfaces/msg/_state.py
[3.287s] -- Installing: /workspace/BMI/install/interfaces/local/lib/python3.10/dist-packages/interfaces/msg/_state_s.c
[3.287s] -- Installing: /workspace/BMI/install/interfaces/local/lib/python3.10/dist-packages/interfaces/msg/_sample_s.c
[3.287s] -- Installing: /workspace/BMI/install/interfaces/local/lib/python3.10/dist-packages/interfaces/msg/__init__.py
[3.287s] -- Installing: /workspace/BMI/install/interfaces/local/lib/python3.10/dist-packages/interfaces/msg/_decoder_element_s.c
[3.287s] -- Up-to-date: /workspace/BMI/install/interfaces/local/lib/python3.10/dist-packages/interfaces/msg/_num.py
[3.287s] -- Installing: /workspace/BMI/install/interfaces/local/lib/python3.10/dist-packages/interfaces/msg/_passive_observation_s.c
[3.287s] -- Up-to-date: /workspace/BMI/install/interfaces/local/lib/python3.10/dist-packages/interfaces/msg/_num_s.c
[3.287s] -- Installing: /workspace/BMI/install/interfaces/local/lib/python3.10/dist-packages/interfaces/msg/_sample.py
[3.287s] -- Installing: /workspace/BMI/install/interfaces/local/lib/python3.10/dist-packages/interfaces/_interfaces_s.ep.rosidl_typesupport_fastrtps_c.c
[3.287s] -- Up-to-date: /workspace/BMI/install/interfaces/local/lib/python3.10/dist-packages/interfaces/srv
[3.287s] -- Up-to-date: /workspace/BMI/install/interfaces/local/lib/python3.10/dist-packages/interfaces/srv/_decoder.py
[3.287s] -- Up-to-date: /workspace/BMI/install/interfaces/local/lib/python3.10/dist-packages/interfaces/srv/_decoder_s.c
[3.287s] -- Installing: /workspace/BMI/install/interfaces/local/lib/python3.10/dist-packages/interfaces/srv/_decoding_service_s.c
[3.287s] -- Installing: /workspace/BMI/install/interfaces/local/lib/python3.10/dist-packages/interfaces/srv/__init__.py
[3.287s] -- Installing: /workspace/BMI/install/interfaces/local/lib/python3.10/dist-packages/interfaces/srv/_decoding_service.py
[3.288s] -- Installing: /workspace/BMI/install/interfaces/local/lib/python3.10/dist-packages/interfaces/libinterfaces__rosidl_generator_py.so
[3.288s] -- Installing: /workspace/BMI/install/interfaces/local/lib/python3.10/dist-packages/interfaces/interfaces_s__rosidl_typesupport_introspection_c.cpython-310-x86_64-linux-gnu.so
[3.288s] -- Installing: /workspace/BMI/install/interfaces/local/lib/python3.10/dist-packages/interfaces/interfaces_s__rosidl_typesupport_c.cpython-310-x86_64-linux-gnu.so
[3.288s] -- Installing: /workspace/BMI/install/interfaces/local/lib/python3.10/dist-packages/interfaces/_interfaces_s.ep.rosidl_typesupport_c.c
[3.288s] -- Installing: /workspace/BMI/install/interfaces/local/lib/python3.10/dist-packages/interfaces/__init__.py
[3.288s] -- Installing: /workspace/BMI/install/interfaces/local/lib/python3.10/dist-packages/interfaces/interfaces_s__rosidl_typesupport_fastrtps_c.cpython-310-x86_64-linux-gnu.so
[3.288s] -- Installing: /workspace/BMI/install/interfaces/local/lib/python3.10/dist-packages/interfaces/_interfaces_s.ep.rosidl_typesupport_introspection_c.c
[3.315s] Listing '/workspace/BMI/install/interfaces/local/lib/python3.10/dist-packages/interfaces'...
[3.315s] Compiling '/workspace/BMI/install/interfaces/local/lib/python3.10/dist-packages/interfaces/__init__.py'...
[3.315s] Listing '/workspace/BMI/install/interfaces/local/lib/python3.10/dist-packages/interfaces/msg'...
[3.315s] Compiling '/workspace/BMI/install/interfaces/local/lib/python3.10/dist-packages/interfaces/msg/__init__.py'...
[3.315s] Compiling '/workspace/BMI/install/interfaces/local/lib/python3.10/dist-packages/interfaces/msg/_decoder_element.py'...
[3.315s] Compiling '/workspace/BMI/install/interfaces/local/lib/python3.10/dist-packages/interfaces/msg/_ir.py'...
[3.315s] Compiling '/workspace/BMI/install/interfaces/local/lib/python3.10/dist-packages/interfaces/msg/_passive_observation.py'...
[3.315s] Compiling '/workspace/BMI/install/interfaces/local/lib/python3.10/dist-packages/interfaces/msg/_sample.py'...
[3.315s] Compiling '/workspace/BMI/install/interfaces/local/lib/python3.10/dist-packages/interfaces/msg/_state.py'...
[3.315s] Listing '/workspace/BMI/install/interfaces/local/lib/python3.10/dist-packages/interfaces/srv'...
[3.315s] Compiling '/workspace/BMI/install/interfaces/local/lib/python3.10/dist-packages/interfaces/srv/__init__.py'...
[3.315s] Compiling '/workspace/BMI/install/interfaces/local/lib/python3.10/dist-packages/interfaces/srv/_decoding_service.py'...
[3.317s] -- Installing: /workspace/BMI/install/interfaces/local/lib/python3.10/dist-packages/interfaces/interfaces_s__rosidl_typesupport_fastrtps_c.cpython-310-x86_64-linux-gnu.so
[3.318s] -- Set runtime path of "/workspace/BMI/install/interfaces/local/lib/python3.10/dist-packages/interfaces/interfaces_s__rosidl_typesupport_fastrtps_c.cpython-310-x86_64-linux-gnu.so" to ""
[3.318s] -- Installing: /workspace/BMI/install/interfaces/local/lib/python3.10/dist-packages/interfaces/interfaces_s__rosidl_typesupport_introspection_c.cpython-310-x86_64-linux-gnu.so
[3.318s] -- Set runtime path of "/workspace/BMI/install/interfaces/local/lib/python3.10/dist-packages/interfaces/interfaces_s__rosidl_typesupport_introspection_c.cpython-310-x86_64-linux-gnu.so" to ""
[3.318s] -- Installing: /workspace/BMI/install/interfaces/local/lib/python3.10/dist-packages/interfaces/interfaces_s__rosidl_typesupport_c.cpython-310-x86_64-linux-gnu.so
[3.318s] -- Set runtime path of "/workspace/BMI/install/interfaces/local/lib/python3.10/dist-packages/interfaces/interfaces_s__rosidl_typesupport_c.cpython-310-x86_64-linux-gnu.so" to ""
[3.318s] -- Installing: /workspace/BMI/install/interfaces/lib/libinterfaces__rosidl_generator_py.so
[3.318s] -- Set runtime path of "/workspace/BMI/install/interfaces/lib/libinterfaces__rosidl_generator_py.so" to ""
[3.319s] -- Up-to-date: /workspace/BMI/install/interfaces/share/interfaces/msg/Ir.idl
[3.319s] -- Up-to-date: /workspace/BMI/install/interfaces/share/interfaces/msg/Sample.idl
[3.319s] -- Up-to-date: /workspace/BMI/install/interfaces/share/interfaces/msg/State.idl
[3.319s] -- Up-to-date: /workspace/BMI/install/interfaces/share/interfaces/msg/DecoderElement.idl
[3.319s] -- Up-to-date: /workspace/BMI/install/interfaces/share/interfaces/msg/PassiveObservation.idl
[3.319s] -- Installing: /workspace/BMI/install/interfaces/share/interfaces/srv/DecodingService.idl
[3.319s] -- Up-to-date: /workspace/BMI/install/interfaces/share/interfaces/msg/Ir.msg
[3.319s] -- Up-to-date: /workspace/BMI/install/interfaces/share/interfaces/msg/Sample.msg
[3.319s] -- Up-to-date: /workspace/BMI/install/interfaces/share/interfaces/msg/State.msg
[3.319s] -- Up-to-date: /workspace/BMI/install/interfaces/share/interfaces/msg/DecoderElement.msg
[3.319s] -- Up-to-date: /workspace/BMI/install/interfaces/share/interfaces/msg/PassiveObservation.msg
[3.319s] -- Installing: /workspace/BMI/install/interfaces/share/interfaces/srv/DecodingService.srv
[3.319s] -- Installing: /workspace/BMI/install/interfaces/share/interfaces/srv/DecodingService_Request.msg
[3.319s] -- Installing: /workspace/BMI/install/interfaces/share/interfaces/srv/DecodingService_Response.msg
[3.319s] -- Up-to-date: /workspace/BMI/install/interfaces/share/ament_index/resource_index/package_run_dependencies/interfaces
[3.320s] -- Up-to-date: /workspace/BMI/install/interfaces/share/ament_index/resource_index/parent_prefix_path/interfaces
[3.320s] -- Up-to-date: /workspace/BMI/install/interfaces/share/interfaces/environment/ament_prefix_path.sh
[3.320s] -- Installing: /workspace/BMI/install/interfaces/share/interfaces/environment/ament_prefix_path.dsv
[3.320s] -- Up-to-date: /workspace/BMI/install/interfaces/share/interfaces/environment/path.sh
[3.320s] -- Installing: /workspace/BMI/install/interfaces/share/interfaces/environment/path.dsv
[3.320s] -- Up-to-date: /workspace/BMI/install/interfaces/share/interfaces/local_setup.bash
[3.320s] -- Up-to-date: /workspace/BMI/install/interfaces/share/interfaces/local_setup.sh
[3.320s] -- Up-to-date: /workspace/BMI/install/interfaces/share/interfaces/local_setup.zsh
[3.320s] -- Installing: /workspace/BMI/install/interfaces/share/interfaces/local_setup.dsv
[3.320s] -- Installing: /workspace/BMI/install/interfaces/share/interfaces/package.dsv
[3.320s] -- Up-to-date: /workspace/BMI/install/interfaces/share/ament_index/resource_index/packages/interfaces
[3.320s] -- Up-to-date: /workspace/BMI/install/interfaces/share/interfaces/cmake/export_interfaces__rosidl_generator_cExport.cmake
[3.320s] -- Up-to-date: /workspace/BMI/install/interfaces/share/interfaces/cmake/export_interfaces__rosidl_generator_cExport-noconfig.cmake
[3.320s] -- Up-to-date: /workspace/BMI/install/interfaces/share/interfaces/cmake/export_interfaces__rosidl_typesupport_fastrtps_cExport.cmake
[3.320s] -- Up-to-date: /workspace/BMI/install/interfaces/share/interfaces/cmake/export_interfaces__rosidl_typesupport_fastrtps_cExport-noconfig.cmake
[3.320s] -- Up-to-date: /workspace/BMI/install/interfaces/share/interfaces/cmake/interfaces__rosidl_typesupport_introspection_cExport.cmake
[3.321s] -- Up-to-date: /workspace/BMI/install/interfaces/share/interfaces/cmake/interfaces__rosidl_typesupport_introspection_cExport-noconfig.cmake
[3.321s] -- Up-to-date: /workspace/BMI/install/interfaces/share/interfaces/cmake/interfaces__rosidl_typesupport_cExport.cmake
[3.321s] -- Up-to-date: /workspace/BMI/install/interfaces/share/interfaces/cmake/interfaces__rosidl_typesupport_cExport-noconfig.cmake
[3.321s] -- Up-to-date: /workspace/BMI/install/interfaces/share/interfaces/cmake/export_interfaces__rosidl_generator_cppExport.cmake
[3.321s] -- Up-to-date: /workspace/BMI/install/interfaces/share/interfaces/cmake/export_interfaces__rosidl_typesupport_fastrtps_cppExport.cmake
[3.321s] -- Up-to-date: /workspace/BMI/install/interfaces/share/interfaces/cmake/export_interfaces__rosidl_typesupport_fastrtps_cppExport-noconfig.cmake
[3.321s] -- Up-to-date: /workspace/BMI/install/interfaces/share/interfaces/cmake/interfaces__rosidl_typesupport_introspection_cppExport.cmake
[3.321s] -- Up-to-date: /workspace/BMI/install/interfaces/share/interfaces/cmake/interfaces__rosidl_typesupport_introspection_cppExport-noconfig.cmake
[3.321s] -- Up-to-date: /workspace/BMI/install/interfaces/share/interfaces/cmake/interfaces__rosidl_typesupport_cppExport.cmake
[3.321s] -- Up-to-date: /workspace/BMI/install/interfaces/share/interfaces/cmake/interfaces__rosidl_typesupport_cppExport-noconfig.cmake
[3.321s] -- Up-to-date: /workspace/BMI/install/interfaces/share/interfaces/cmake/export_interfaces__rosidl_generator_pyExport.cmake
[3.321s] -- Up-to-date: /workspace/BMI/install/interfaces/share/interfaces/cmake/export_interfaces__rosidl_generator_pyExport-noconfig.cmake
[3.321s] -- Installing: /workspace/BMI/install/interfaces/share/interfaces/cmake/rosidl_cmake-extras.cmake
[3.321s] -- Up-to-date: /workspace/BMI/install/interfaces/share/interfaces/cmake/ament_cmake_export_include_directories-extras.cmake
[3.321s] -- Up-to-date: /workspace/BMI/install/interfaces/share/interfaces/cmake/ament_cmake_export_libraries-extras.cmake
[3.321s] -- Up-to-date: /workspace/BMI/install/interfaces/share/interfaces/cmake/ament_cmake_export_targets-extras.cmake
[3.321s] -- Up-to-date: /workspace/BMI/install/interfaces/share/interfaces/cmake/rosidl_cmake_export_typesupport_targets-extras.cmake
[3.321s] -- Up-to-date: /workspace/BMI/install/interfaces/share/interfaces/cmake/ament_cmake_export_dependencies-extras.cmake
[3.322s] -- Up-to-date: /workspace/BMI/install/interfaces/share/interfaces/cmake/rosidl_cmake_export_typesupport_libraries-extras.cmake
[3.323s] -- Up-to-date: /workspace/BMI/install/interfaces/share/interfaces/cmake/interfacesConfig.cmake
[3.323s] -- Up-to-date: /workspace/BMI/install/interfaces/share/interfaces/cmake/interfacesConfig-version.cmake
[3.324s] -- Up-to-date: /workspace/BMI/install/interfaces/share/interfaces/package.xml
[3.324s] Invoked command in '/workspace/BMI/build/interfaces' returned '0': CMAKE_PREFIX_PATH=${CMAKE_PREFIX_PATH}:/workspace/BMI/install/test_pkg:/workspace/BMI/install/state_reader:/workspace/BMI/install/presenter:/workspace/BMI/install/observation_reader:/workspace/BMI/install/neural_data_generator:/workspace/BMI/install/decoding_element:/workspace/BMI/install/decoder:/opt/ros/humble /usr/bin/cmake --install /workspace/BMI/build/interfaces
