[0.287s] Invoking command in '/workspace/BMI/build/interfaces': CMAKE_PREFIX_PATH=${CMAKE_PREFIX_PATH}:/workspace/BMI/install/state_reader:/workspace/BMI/install/observation_reader:/workspace/BMI/install/decoding_element:/workspace/BMI/install/test_pkg:/workspace/BMI/install/presenter:/workspace/BMI/install/neural_data_generator:/workspace/BMI/install/decoder:/opt/ros/humble /usr/bin/cmake --build /workspace/BMI/build/interfaces -- -j20 -l20
[0.786s] [  1%] Built target interfaces__cpp
[0.787s] [ 12%] Built target interfaces__rosidl_generator_c
[0.787s] [ 12%] Built target ament_cmake_python_copy_interfaces
[0.787s] [ 66%] Built target interfaces__rosidl_typesupport_introspection_cpp
[0.787s] [ 66%] Built target interfaces__rosidl_typesupport_introspection_c
[0.787s] [ 70%] Built target interfaces__rosidl_typesupport_fastrtps_cpp
[0.787s] [ 70%] Built target interfaces__rosidl_typesupport_fastrtps_c
[0.787s] [ 70%] Built target interfaces__rosidl_typesupport_cpp
[0.787s] [ 80%] Built target interfaces__rosidl_typesupport_c
[0.787s] [ 80%] Built target interfaces
[0.787s] [ 81%] Built target interfaces__py
[0.787s] [ 91%] Built target interfaces__rosidl_generator_py
[0.787s] [100%] Built target interfaces__rosidl_typesupport_fastrtps_c__pyext
[0.787s] [100%] Built target interfaces__rosidl_typesupport_introspection_c__pyext
[0.787s] [100%] Built target interfaces__rosidl_typesupport_c__pyext
[0.787s] running egg_info
[0.787s] writing interfaces.egg-info/PKG-INFO
[0.788s] writing dependency_links to interfaces.egg-info/dependency_links.txt
[0.788s] writing top-level names to interfaces.egg-info/top_level.txt
[0.788s] reading manifest file 'interfaces.egg-info/SOURCES.txt'
[0.788s] writing manifest file 'interfaces.egg-info/SOURCES.txt'
[0.788s] [100%] Built target ament_cmake_python_build_interfaces_egg
[1.025s] Invoked command in '/workspace/BMI/build/interfaces' returned '0': CMAKE_PREFIX_PATH=${CMAKE_PREFIX_PATH}:/workspace/BMI/install/state_reader:/workspace/BMI/install/observation_reader:/workspace/BMI/install/decoding_element:/workspace/BMI/install/test_pkg:/workspace/BMI/install/presenter:/workspace/BMI/install/neural_data_generator:/workspace/BMI/install/decoder:/opt/ros/humble /usr/bin/cmake --build /workspace/BMI/build/interfaces -- -j20 -l20
[1.119s] Invoking command in '/workspace/BMI/build/interfaces': CMAKE_PREFIX_PATH=${CMAKE_PREFIX_PATH}:/workspace/BMI/install/state_reader:/workspace/BMI/install/observation_reader:/workspace/BMI/install/decoding_element:/workspace/BMI/install/test_pkg:/workspace/BMI/install/presenter:/workspace/BMI/install/neural_data_generator:/workspace/BMI/install/decoder:/opt/ros/humble /usr/bin/cmake --install /workspace/BMI/build/interfaces
[1.124s] -- Install configuration: ""
[1.124s] -- Up-to-date: /workspace/BMI/install/interfaces/share/ament_index/resource_index/rosidl_interfaces/interfaces
[1.125s] -- Up-to-date: /workspace/BMI/install/interfaces/include/interfaces/interfaces
[1.125s] -- Up-to-date: /workspace/BMI/install/interfaces/include/interfaces/interfaces/msg
[1.125s] -- Up-to-date: /workspace/BMI/install/interfaces/include/interfaces/interfaces/msg/rosidl_generator_c__visibility_control.h
[1.125s] -- Up-to-date: /workspace/BMI/install/interfaces/include/interfaces/interfaces/msg/state.h
[1.125s] -- Up-to-date: /workspace/BMI/install/interfaces/include/interfaces/interfaces/msg/decoder_element.h
[1.125s] -- Up-to-date: /workspace/BMI/install/interfaces/include/interfaces/interfaces/msg/num.h
[1.125s] -- Up-to-date: /workspace/BMI/install/interfaces/include/interfaces/interfaces/msg/sample.h
[1.126s] -- Up-to-date: /workspace/BMI/install/interfaces/include/interfaces/interfaces/msg/detail
[1.126s] -- Up-to-date: /workspace/BMI/install/interfaces/include/interfaces/interfaces/msg/detail/state__struct.h
[1.126s] -- Up-to-date: /workspace/BMI/install/interfaces/include/interfaces/interfaces/msg/detail/decoder_element__functions.c
[1.126s] -- Up-to-date: /workspace/BMI/install/interfaces/include/interfaces/interfaces/msg/detail/ir__functions.h
[1.126s] -- Up-to-date: /workspace/BMI/install/interfaces/include/interfaces/interfaces/msg/detail/decoder_element__struct.h
[1.126s] -- Up-to-date: /workspace/BMI/install/interfaces/include/interfaces/interfaces/msg/detail/num__type_support.h
[1.126s] -- Up-to-date: /workspace/BMI/install/interfaces/include/interfaces/interfaces/msg/detail/passive_observation__type_support.h
[1.126s] -- Up-to-date: /workspace/BMI/install/interfaces/include/interfaces/interfaces/msg/detail/ir__type_support.h
[1.126s] -- Up-to-date: /workspace/BMI/install/interfaces/include/interfaces/interfaces/msg/detail/state__type_support.h
[1.126s] -- Up-to-date: /workspace/BMI/install/interfaces/include/interfaces/interfaces/msg/detail/ir__struct.h
[1.127s] -- Up-to-date: /workspace/BMI/install/interfaces/include/interfaces/interfaces/msg/detail/passive_observation__functions.c
[1.127s] -- Up-to-date: /workspace/BMI/install/interfaces/include/interfaces/interfaces/msg/detail/num__struct.h
[1.127s] -- Up-to-date: /workspace/BMI/install/interfaces/include/interfaces/interfaces/msg/detail/sample__functions.h
[1.127s] -- Up-to-date: /workspace/BMI/install/interfaces/include/interfaces/interfaces/msg/detail/sample__type_support.h
[1.127s] -- Up-to-date: /workspace/BMI/install/interfaces/include/interfaces/interfaces/msg/detail/passive_observation__functions.h
[1.127s] -- Up-to-date: /workspace/BMI/install/interfaces/include/interfaces/interfaces/msg/detail/state__functions.h
[1.127s] -- Up-to-date: /workspace/BMI/install/interfaces/include/interfaces/interfaces/msg/detail/state__functions.c
[1.127s] -- Up-to-date: /workspace/BMI/install/interfaces/include/interfaces/interfaces/msg/detail/num__functions.h
[1.127s] -- Up-to-date: /workspace/BMI/install/interfaces/include/interfaces/interfaces/msg/detail/decoder_element__type_support.h
[1.127s] -- Up-to-date: /workspace/BMI/install/interfaces/include/interfaces/interfaces/msg/detail/passive_observation__struct.h
[1.127s] -- Up-to-date: /workspace/BMI/install/interfaces/include/interfaces/interfaces/msg/detail/sample__functions.c
[1.127s] -- Up-to-date: /workspace/BMI/install/interfaces/include/interfaces/interfaces/msg/detail/sample__struct.h
[1.127s] -- Up-to-date: /workspace/BMI/install/interfaces/include/interfaces/interfaces/msg/detail/num__functions.c
[1.127s] -- Up-to-date: /workspace/BMI/install/interfaces/include/interfaces/interfaces/msg/detail/decoder_element__functions.h
[1.127s] -- Up-to-date: /workspace/BMI/install/interfaces/include/interfaces/interfaces/msg/detail/ir__functions.c
[1.127s] -- Up-to-date: /workspace/BMI/install/interfaces/include/interfaces/interfaces/msg/ir.h
[1.128s] -- Up-to-date: /workspace/BMI/install/interfaces/include/interfaces/interfaces/msg/passive_observation.h
[1.128s] -- Up-to-date: /workspace/BMI/install/interfaces/include/interfaces/interfaces/srv
[1.128s] -- Up-to-date: /workspace/BMI/install/interfaces/include/interfaces/interfaces/srv/decoder.h
[1.128s] -- Up-to-date: /workspace/BMI/install/interfaces/include/interfaces/interfaces/srv/decoding_service.h
[1.128s] -- Up-to-date: /workspace/BMI/install/interfaces/include/interfaces/interfaces/srv/detail
[1.128s] -- Up-to-date: /workspace/BMI/install/interfaces/include/interfaces/interfaces/srv/detail/decoder__type_support.h
[1.128s] -- Up-to-date: /workspace/BMI/install/interfaces/include/interfaces/interfaces/srv/detail/decoder__functions.h
[1.128s] -- Up-to-date: /workspace/BMI/install/interfaces/include/interfaces/interfaces/srv/detail/decoder__functions.c
[1.128s] -- Up-to-date: /workspace/BMI/install/interfaces/include/interfaces/interfaces/srv/detail/decoding_service__type_support.h
[1.128s] -- Up-to-date: /workspace/BMI/install/interfaces/include/interfaces/interfaces/srv/detail/decoding_service__functions.h
[1.128s] -- Up-to-date: /workspace/BMI/install/interfaces/include/interfaces/interfaces/srv/detail/decoder__struct.h
[1.128s] -- Up-to-date: /workspace/BMI/install/interfaces/include/interfaces/interfaces/srv/detail/decoding_service__struct.h
[1.128s] -- Up-to-date: /workspace/BMI/install/interfaces/include/interfaces/interfaces/srv/detail/decoding_service__functions.c
[1.128s] -- Up-to-date: /workspace/BMI/install/interfaces/share/interfaces/environment/library_path.sh
[1.128s] -- Up-to-date: /workspace/BMI/install/interfaces/share/interfaces/environment/library_path.dsv
[1.128s] -- Up-to-date: /workspace/BMI/install/interfaces/lib/libinterfaces__rosidl_generator_c.so
[1.128s] -- Up-to-date: /workspace/BMI/install/interfaces/include/interfaces/interfaces
[1.128s] -- Up-to-date: /workspace/BMI/install/interfaces/include/interfaces/interfaces/msg
[1.129s] -- Up-to-date: /workspace/BMI/install/interfaces/include/interfaces/interfaces/msg/detail
[1.129s] -- Up-to-date: /workspace/BMI/install/interfaces/include/interfaces/interfaces/msg/detail/sample__rosidl_typesupport_fastrtps_c.h
[1.129s] -- Up-to-date: /workspace/BMI/install/interfaces/include/interfaces/interfaces/msg/detail/passive_observation__rosidl_typesupport_fastrtps_c.h
[1.129s] -- Up-to-date: /workspace/BMI/install/interfaces/include/interfaces/interfaces/msg/detail/num__rosidl_typesupport_fastrtps_c.h
[1.129s] -- Up-to-date: /workspace/BMI/install/interfaces/include/interfaces/interfaces/msg/detail/ir__rosidl_typesupport_fastrtps_c.h
[1.129s] -- Up-to-date: /workspace/BMI/install/interfaces/include/interfaces/interfaces/msg/detail/state__rosidl_typesupport_fastrtps_c.h
[1.129s] -- Up-to-date: /workspace/BMI/install/interfaces/include/interfaces/interfaces/msg/detail/decoder_element__rosidl_typesupport_fastrtps_c.h
[1.129s] -- Up-to-date: /workspace/BMI/install/interfaces/include/interfaces/interfaces/msg/rosidl_typesupport_fastrtps_c__visibility_control.h
[1.129s] -- Up-to-date: /workspace/BMI/install/interfaces/include/interfaces/interfaces/srv
[1.129s] -- Up-to-date: /workspace/BMI/install/interfaces/include/interfaces/interfaces/srv/detail
[1.129s] -- Up-to-date: /workspace/BMI/install/interfaces/include/interfaces/interfaces/srv/detail/decoder__rosidl_typesupport_fastrtps_c.h
[1.129s] -- Up-to-date: /workspace/BMI/install/interfaces/include/interfaces/interfaces/srv/detail/decoding_service__rosidl_typesupport_fastrtps_c.h
[1.129s] -- Up-to-date: /workspace/BMI/install/interfaces/lib/libinterfaces__rosidl_typesupport_fastrtps_c.so
[1.129s] -- Up-to-date: /workspace/BMI/install/interfaces/include/interfaces/interfaces
[1.129s] -- Up-to-date: /workspace/BMI/install/interfaces/include/interfaces/interfaces/msg
[1.129s] -- Up-to-date: /workspace/BMI/install/interfaces/include/interfaces/interfaces/msg/rosidl_typesupport_introspection_c__visibility_control.h
[1.129s] -- Up-to-date: /workspace/BMI/install/interfaces/include/interfaces/interfaces/msg/detail
[1.129s] -- Up-to-date: /workspace/BMI/install/interfaces/include/interfaces/interfaces/msg/detail/decoder_element__type_support.c
[1.129s] -- Up-to-date: /workspace/BMI/install/interfaces/include/interfaces/interfaces/msg/detail/ir__type_support.c
[1.129s] -- Up-to-date: /workspace/BMI/install/interfaces/include/interfaces/interfaces/msg/detail/num__rosidl_typesupport_introspection_c.h
[1.129s] -- Up-to-date: /workspace/BMI/install/interfaces/include/interfaces/interfaces/msg/detail/sample__rosidl_typesupport_introspection_c.h
[1.129s] -- Up-to-date: /workspace/BMI/install/interfaces/include/interfaces/interfaces/msg/detail/decoder_element__rosidl_typesupport_introspection_c.h
[1.130s] -- Up-to-date: /workspace/BMI/install/interfaces/include/interfaces/interfaces/msg/detail/state__type_support.c
[1.130s] -- Up-to-date: /workspace/BMI/install/interfaces/include/interfaces/interfaces/msg/detail/ir__rosidl_typesupport_introspection_c.h
[1.130s] -- Up-to-date: /workspace/BMI/install/interfaces/include/interfaces/interfaces/msg/detail/num__type_support.c
[1.130s] -- Up-to-date: /workspace/BMI/install/interfaces/include/interfaces/interfaces/msg/detail/sample__type_support.c
[1.130s] -- Up-to-date: /workspace/BMI/install/interfaces/include/interfaces/interfaces/msg/detail/state__rosidl_typesupport_introspection_c.h
[1.130s] -- Up-to-date: /workspace/BMI/install/interfaces/include/interfaces/interfaces/msg/detail/passive_observation__type_support.c
[1.130s] -- Up-to-date: /workspace/BMI/install/interfaces/include/interfaces/interfaces/msg/detail/passive_observation__rosidl_typesupport_introspection_c.h
[1.130s] -- Up-to-date: /workspace/BMI/install/interfaces/include/interfaces/interfaces/srv
[1.130s] -- Up-to-date: /workspace/BMI/install/interfaces/include/interfaces/interfaces/srv/detail
[1.130s] -- Up-to-date: /workspace/BMI/install/interfaces/include/interfaces/interfaces/srv/detail/decoding_service__type_support.c
[1.130s] -- Up-to-date: /workspace/BMI/install/interfaces/include/interfaces/interfaces/srv/detail/decoding_service__rosidl_typesupport_introspection_c.h
[1.130s] -- Up-to-date: /workspace/BMI/install/interfaces/include/interfaces/interfaces/srv/detail/decoder__type_support.c
[1.130s] -- Up-to-date: /workspace/BMI/install/interfaces/include/interfaces/interfaces/srv/detail/decoder__rosidl_typesupport_introspection_c.h
[1.130s] -- Up-to-date: /workspace/BMI/install/interfaces/lib/libinterfaces__rosidl_typesupport_introspection_c.so
[1.130s] -- Up-to-date: /workspace/BMI/install/interfaces/lib/libinterfaces__rosidl_typesupport_c.so
[1.130s] -- Up-to-date: /workspace/BMI/install/interfaces/include/interfaces/interfaces
[1.130s] -- Up-to-date: /workspace/BMI/install/interfaces/include/interfaces/interfaces/msg
[1.130s] -- Up-to-date: /workspace/BMI/install/interfaces/include/interfaces/interfaces/msg/ir.hpp
[1.130s] -- Up-to-date: /workspace/BMI/install/interfaces/include/interfaces/interfaces/msg/decoder_element.hpp
[1.130s] -- Up-to-date: /workspace/BMI/install/interfaces/include/interfaces/interfaces/msg/state.hpp
[1.130s] -- Up-to-date: /workspace/BMI/install/interfaces/include/interfaces/interfaces/msg/detail
[1.130s] -- Up-to-date: /workspace/BMI/install/interfaces/include/interfaces/interfaces/msg/detail/num__builder.hpp
[1.131s] -- Up-to-date: /workspace/BMI/install/interfaces/include/interfaces/interfaces/msg/detail/passive_observation__struct.hpp
[1.131s] -- Up-to-date: /workspace/BMI/install/interfaces/include/interfaces/interfaces/msg/detail/decoder_element__traits.hpp
[1.131s] -- Up-to-date: /workspace/BMI/install/interfaces/include/interfaces/interfaces/msg/detail/sample__traits.hpp
[1.131s] -- Up-to-date: /workspace/BMI/install/interfaces/include/interfaces/interfaces/msg/detail/state__traits.hpp
[1.131s] -- Up-to-date: /workspace/BMI/install/interfaces/include/interfaces/interfaces/msg/detail/num__traits.hpp
[1.131s] -- Up-to-date: /workspace/BMI/install/interfaces/include/interfaces/interfaces/msg/detail/ir__traits.hpp
[1.131s] -- Up-to-date: /workspace/BMI/install/interfaces/include/interfaces/interfaces/msg/detail/ir__builder.hpp
[1.131s] -- Up-to-date: /workspace/BMI/install/interfaces/include/interfaces/interfaces/msg/detail/num__struct.hpp
[1.131s] -- Up-to-date: /workspace/BMI/install/interfaces/include/interfaces/interfaces/msg/detail/sample__builder.hpp
[1.131s] -- Up-to-date: /workspace/BMI/install/interfaces/include/interfaces/interfaces/msg/detail/decoder_element__struct.hpp
[1.131s] -- Up-to-date: /workspace/BMI/install/interfaces/include/interfaces/interfaces/msg/detail/state__struct.hpp
[1.131s] -- Up-to-date: /workspace/BMI/install/interfaces/include/interfaces/interfaces/msg/detail/decoder_element__builder.hpp
[1.131s] -- Up-to-date: /workspace/BMI/install/interfaces/include/interfaces/interfaces/msg/detail/state__builder.hpp
[1.131s] -- Up-to-date: /workspace/BMI/install/interfaces/include/interfaces/interfaces/msg/detail/ir__struct.hpp
[1.131s] -- Up-to-date: /workspace/BMI/install/interfaces/include/interfaces/interfaces/msg/detail/sample__struct.hpp
[1.131s] -- Up-to-date: /workspace/BMI/install/interfaces/include/interfaces/interfaces/msg/detail/passive_observation__builder.hpp
[1.131s] -- Up-to-date: /workspace/BMI/install/interfaces/include/interfaces/interfaces/msg/detail/passive_observation__traits.hpp
[1.131s] -- Up-to-date: /workspace/BMI/install/interfaces/include/interfaces/interfaces/msg/num.hpp
[1.131s] -- Up-to-date: /workspace/BMI/install/interfaces/include/interfaces/interfaces/msg/sample.hpp
[1.131s] -- Up-to-date: /workspace/BMI/install/interfaces/include/interfaces/interfaces/msg/passive_observation.hpp
[1.131s] -- Up-to-date: /workspace/BMI/install/interfaces/include/interfaces/interfaces/srv
[1.131s] -- Up-to-date: /workspace/BMI/install/interfaces/include/interfaces/interfaces/srv/decoder.hpp
[1.132s] -- Up-to-date: /workspace/BMI/install/interfaces/include/interfaces/interfaces/srv/decoding_service.hpp
[1.132s] -- Up-to-date: /workspace/BMI/install/interfaces/include/interfaces/interfaces/srv/detail
[1.132s] -- Up-to-date: /workspace/BMI/install/interfaces/include/interfaces/interfaces/srv/detail/decoder__struct.hpp
[1.132s] -- Up-to-date: /workspace/BMI/install/interfaces/include/interfaces/interfaces/srv/detail/decoder__traits.hpp
[1.132s] -- Up-to-date: /workspace/BMI/install/interfaces/include/interfaces/interfaces/srv/detail/decoding_service__traits.hpp
[1.132s] -- Up-to-date: /workspace/BMI/install/interfaces/include/interfaces/interfaces/srv/detail/decoding_service__builder.hpp
[1.132s] -- Up-to-date: /workspace/BMI/install/interfaces/include/interfaces/interfaces/srv/detail/decoder__builder.hpp
[1.132s] -- Up-to-date: /workspace/BMI/install/interfaces/include/interfaces/interfaces/srv/detail/decoding_service__struct.hpp
[1.132s] -- Up-to-date: /workspace/BMI/install/interfaces/include/interfaces/interfaces
[1.132s] -- Up-to-date: /workspace/BMI/install/interfaces/include/interfaces/interfaces/msg
[1.132s] -- Up-to-date: /workspace/BMI/install/interfaces/include/interfaces/interfaces/msg/rosidl_typesupport_fastrtps_cpp__visibility_control.h
[1.132s] -- Up-to-date: /workspace/BMI/install/interfaces/include/interfaces/interfaces/msg/detail
[1.132s] -- Up-to-date: /workspace/BMI/install/interfaces/include/interfaces/interfaces/msg/detail/decoder_element__rosidl_typesupport_fastrtps_cpp.hpp
[1.132s] -- Up-to-date: /workspace/BMI/install/interfaces/include/interfaces/interfaces/msg/detail/passive_observation__rosidl_typesupport_fastrtps_cpp.hpp
[1.132s] -- Up-to-date: /workspace/BMI/install/interfaces/include/interfaces/interfaces/msg/detail/num__rosidl_typesupport_fastrtps_cpp.hpp
[1.132s] -- Up-to-date: /workspace/BMI/install/interfaces/include/interfaces/interfaces/msg/detail/ir__rosidl_typesupport_fastrtps_cpp.hpp
[1.132s] -- Up-to-date: /workspace/BMI/install/interfaces/include/interfaces/interfaces/msg/detail/dds_fastrtps
[1.132s] -- Up-to-date: /workspace/BMI/install/interfaces/include/interfaces/interfaces/msg/detail/sample__rosidl_typesupport_fastrtps_cpp.hpp
[1.132s] -- Up-to-date: /workspace/BMI/install/interfaces/include/interfaces/interfaces/msg/detail/state__rosidl_typesupport_fastrtps_cpp.hpp
[1.132s] -- Up-to-date: /workspace/BMI/install/interfaces/include/interfaces/interfaces/srv
[1.132s] -- Up-to-date: /workspace/BMI/install/interfaces/include/interfaces/interfaces/srv/detail
[1.133s] -- Up-to-date: /workspace/BMI/install/interfaces/include/interfaces/interfaces/srv/detail/decoding_service__rosidl_typesupport_fastrtps_cpp.hpp
[1.133s] -- Up-to-date: /workspace/BMI/install/interfaces/include/interfaces/interfaces/srv/detail/dds_fastrtps
[1.133s] -- Up-to-date: /workspace/BMI/install/interfaces/include/interfaces/interfaces/srv/detail/decoder__rosidl_typesupport_fastrtps_cpp.hpp
[1.133s] -- Up-to-date: /workspace/BMI/install/interfaces/lib/libinterfaces__rosidl_typesupport_fastrtps_cpp.so
[1.133s] -- Up-to-date: /workspace/BMI/install/interfaces/include/interfaces/interfaces
[1.133s] -- Up-to-date: /workspace/BMI/install/interfaces/include/interfaces/interfaces/msg
[1.133s] -- Up-to-date: /workspace/BMI/install/interfaces/include/interfaces/interfaces/msg/detail
[1.133s] -- Up-to-date: /workspace/BMI/install/interfaces/include/interfaces/interfaces/msg/detail/ir__type_support.cpp
[1.133s] -- Up-to-date: /workspace/BMI/install/interfaces/include/interfaces/interfaces/msg/detail/ir__rosidl_typesupport_introspection_cpp.hpp
[1.133s] -- Up-to-date: /workspace/BMI/install/interfaces/include/interfaces/interfaces/msg/detail/sample__type_support.cpp
[1.133s] -- Up-to-date: /workspace/BMI/install/interfaces/include/interfaces/interfaces/msg/detail/passive_observation__rosidl_typesupport_introspection_cpp.hpp
[1.133s] -- Up-to-date: /workspace/BMI/install/interfaces/include/interfaces/interfaces/msg/detail/passive_observation__type_support.cpp
[1.133s] -- Up-to-date: /workspace/BMI/install/interfaces/include/interfaces/interfaces/msg/detail/decoder_element__rosidl_typesupport_introspection_cpp.hpp
[1.133s] -- Up-to-date: /workspace/BMI/install/interfaces/include/interfaces/interfaces/msg/detail/state__type_support.cpp
[1.133s] -- Up-to-date: /workspace/BMI/install/interfaces/include/interfaces/interfaces/msg/detail/state__rosidl_typesupport_introspection_cpp.hpp
[1.133s] -- Up-to-date: /workspace/BMI/install/interfaces/include/interfaces/interfaces/msg/detail/num__rosidl_typesupport_introspection_cpp.hpp
[1.133s] -- Up-to-date: /workspace/BMI/install/interfaces/include/interfaces/interfaces/msg/detail/num__type_support.cpp
[1.133s] -- Up-to-date: /workspace/BMI/install/interfaces/include/interfaces/interfaces/msg/detail/sample__rosidl_typesupport_introspection_cpp.hpp
[1.133s] -- Up-to-date: /workspace/BMI/install/interfaces/include/interfaces/interfaces/msg/detail/decoder_element__type_support.cpp
[1.133s] -- Up-to-date: /workspace/BMI/install/interfaces/include/interfaces/interfaces/srv
[1.133s] -- Up-to-date: /workspace/BMI/install/interfaces/include/interfaces/interfaces/srv/detail
[1.134s] -- Up-to-date: /workspace/BMI/install/interfaces/include/interfaces/interfaces/srv/detail/decoding_service__type_support.cpp
[1.134s] -- Up-to-date: /workspace/BMI/install/interfaces/include/interfaces/interfaces/srv/detail/decoder__type_support.cpp
[1.134s] -- Up-to-date: /workspace/BMI/install/interfaces/include/interfaces/interfaces/srv/detail/decoder__rosidl_typesupport_introspection_cpp.hpp
[1.134s] -- Up-to-date: /workspace/BMI/install/interfaces/include/interfaces/interfaces/srv/detail/decoding_service__rosidl_typesupport_introspection_cpp.hpp
[1.134s] -- Up-to-date: /workspace/BMI/install/interfaces/lib/libinterfaces__rosidl_typesupport_introspection_cpp.so
[1.134s] -- Up-to-date: /workspace/BMI/install/interfaces/lib/libinterfaces__rosidl_typesupport_cpp.so
[1.134s] -- Up-to-date: /workspace/BMI/install/interfaces/share/interfaces/environment/pythonpath.sh
[1.134s] -- Up-to-date: /workspace/BMI/install/interfaces/share/interfaces/environment/pythonpath.dsv
[1.134s] -- Up-to-date: /workspace/BMI/install/interfaces/local/lib/python3.10/dist-packages/interfaces-0.0.0-py3.10.egg-info
[1.134s] -- Installing: /workspace/BMI/install/interfaces/local/lib/python3.10/dist-packages/interfaces-0.0.0-py3.10.egg-info/PKG-INFO
[1.134s] -- Installing: /workspace/BMI/install/interfaces/local/lib/python3.10/dist-packages/interfaces-0.0.0-py3.10.egg-info/dependency_links.txt
[1.134s] -- Installing: /workspace/BMI/install/interfaces/local/lib/python3.10/dist-packages/interfaces-0.0.0-py3.10.egg-info/top_level.txt
[1.134s] -- Installing: /workspace/BMI/install/interfaces/local/lib/python3.10/dist-packages/interfaces-0.0.0-py3.10.egg-info/SOURCES.txt
[1.134s] -- Up-to-date: /workspace/BMI/install/interfaces/local/lib/python3.10/dist-packages/interfaces
[1.135s] -- Up-to-date: /workspace/BMI/install/interfaces/local/lib/python3.10/dist-packages/interfaces/msg
[1.135s] -- Up-to-date: /workspace/BMI/install/interfaces/local/lib/python3.10/dist-packages/interfaces/msg/_decoder_element.py
[1.135s] -- Up-to-date: /workspace/BMI/install/interfaces/local/lib/python3.10/dist-packages/interfaces/msg/_ir_s.c
[1.135s] -- Up-to-date: /workspace/BMI/install/interfaces/local/lib/python3.10/dist-packages/interfaces/msg/_ir.py
[1.135s] -- Up-to-date: /workspace/BMI/install/interfaces/local/lib/python3.10/dist-packages/interfaces/msg/_passive_observation.py
[1.135s] -- Up-to-date: /workspace/BMI/install/interfaces/local/lib/python3.10/dist-packages/interfaces/msg/_state.py
[1.135s] -- Up-to-date: /workspace/BMI/install/interfaces/local/lib/python3.10/dist-packages/interfaces/msg/_state_s.c
[1.135s] -- Up-to-date: /workspace/BMI/install/interfaces/local/lib/python3.10/dist-packages/interfaces/msg/_sample_s.c
[1.135s] -- Up-to-date: /workspace/BMI/install/interfaces/local/lib/python3.10/dist-packages/interfaces/msg/__init__.py
[1.135s] -- Up-to-date: /workspace/BMI/install/interfaces/local/lib/python3.10/dist-packages/interfaces/msg/_decoder_element_s.c
[1.135s] -- Up-to-date: /workspace/BMI/install/interfaces/local/lib/python3.10/dist-packages/interfaces/msg/_num.py
[1.135s] -- Up-to-date: /workspace/BMI/install/interfaces/local/lib/python3.10/dist-packages/interfaces/msg/_passive_observation_s.c
[1.135s] -- Up-to-date: /workspace/BMI/install/interfaces/local/lib/python3.10/dist-packages/interfaces/msg/_num_s.c
[1.135s] -- Up-to-date: /workspace/BMI/install/interfaces/local/lib/python3.10/dist-packages/interfaces/msg/_sample.py
[1.136s] -- Up-to-date: /workspace/BMI/install/interfaces/local/lib/python3.10/dist-packages/interfaces/_interfaces_s.ep.rosidl_typesupport_fastrtps_c.c
[1.136s] -- Up-to-date: /workspace/BMI/install/interfaces/local/lib/python3.10/dist-packages/interfaces/srv
[1.136s] -- Up-to-date: /workspace/BMI/install/interfaces/local/lib/python3.10/dist-packages/interfaces/srv/_decoder.py
[1.136s] -- Up-to-date: /workspace/BMI/install/interfaces/local/lib/python3.10/dist-packages/interfaces/srv/_decoder_s.c
[1.136s] -- Up-to-date: /workspace/BMI/install/interfaces/local/lib/python3.10/dist-packages/interfaces/srv/_decoding_service_s.c
[1.136s] -- Up-to-date: /workspace/BMI/install/interfaces/local/lib/python3.10/dist-packages/interfaces/srv/__init__.py
[1.136s] -- Up-to-date: /workspace/BMI/install/interfaces/local/lib/python3.10/dist-packages/interfaces/srv/_decoding_service.py
[1.136s] -- Up-to-date: /workspace/BMI/install/interfaces/local/lib/python3.10/dist-packages/interfaces/libinterfaces__rosidl_generator_py.so
[1.136s] -- Up-to-date: /workspace/BMI/install/interfaces/local/lib/python3.10/dist-packages/interfaces/interfaces_s__rosidl_typesupport_introspection_c.cpython-310-x86_64-linux-gnu.so
[1.136s] -- Up-to-date: /workspace/BMI/install/interfaces/local/lib/python3.10/dist-packages/interfaces/interfaces_s__rosidl_typesupport_c.cpython-310-x86_64-linux-gnu.so
[1.136s] -- Up-to-date: /workspace/BMI/install/interfaces/local/lib/python3.10/dist-packages/interfaces/_interfaces_s.ep.rosidl_typesupport_c.c
[1.136s] -- Up-to-date: /workspace/BMI/install/interfaces/local/lib/python3.10/dist-packages/interfaces/__init__.py
[1.136s] -- Up-to-date: /workspace/BMI/install/interfaces/local/lib/python3.10/dist-packages/interfaces/interfaces_s__rosidl_typesupport_fastrtps_c.cpython-310-x86_64-linux-gnu.so
[1.136s] -- Up-to-date: /workspace/BMI/install/interfaces/local/lib/python3.10/dist-packages/interfaces/_interfaces_s.ep.rosidl_typesupport_introspection_c.c
[1.155s] Listing '/workspace/BMI/install/interfaces/local/lib/python3.10/dist-packages/interfaces'...
[1.155s] Listing '/workspace/BMI/install/interfaces/local/lib/python3.10/dist-packages/interfaces/msg'...
[1.155s] Listing '/workspace/BMI/install/interfaces/local/lib/python3.10/dist-packages/interfaces/srv'...
[1.158s] -- Up-to-date: /workspace/BMI/install/interfaces/local/lib/python3.10/dist-packages/interfaces/interfaces_s__rosidl_typesupport_fastrtps_c.cpython-310-x86_64-linux-gnu.so
[1.159s] -- Up-to-date: /workspace/BMI/install/interfaces/local/lib/python3.10/dist-packages/interfaces/interfaces_s__rosidl_typesupport_introspection_c.cpython-310-x86_64-linux-gnu.so
[1.159s] -- Up-to-date: /workspace/BMI/install/interfaces/local/lib/python3.10/dist-packages/interfaces/interfaces_s__rosidl_typesupport_c.cpython-310-x86_64-linux-gnu.so
[1.159s] -- Up-to-date: /workspace/BMI/install/interfaces/lib/libinterfaces__rosidl_generator_py.so
[1.159s] -- Up-to-date: /workspace/BMI/install/interfaces/share/interfaces/msg/Ir.idl
[1.159s] -- Up-to-date: /workspace/BMI/install/interfaces/share/interfaces/msg/Sample.idl
[1.159s] -- Up-to-date: /workspace/BMI/install/interfaces/share/interfaces/msg/State.idl
[1.159s] -- Up-to-date: /workspace/BMI/install/interfaces/share/interfaces/msg/DecoderElement.idl
[1.159s] -- Up-to-date: /workspace/BMI/install/interfaces/share/interfaces/msg/PassiveObservation.idl
[1.159s] -- Up-to-date: /workspace/BMI/install/interfaces/share/interfaces/srv/DecodingService.idl
[1.159s] -- Up-to-date: /workspace/BMI/install/interfaces/share/interfaces/msg/Ir.msg
[1.160s] -- Up-to-date: /workspace/BMI/install/interfaces/share/interfaces/msg/Sample.msg
[1.160s] -- Up-to-date: /workspace/BMI/install/interfaces/share/interfaces/msg/State.msg
[1.160s] -- Up-to-date: /workspace/BMI/install/interfaces/share/interfaces/msg/DecoderElement.msg
[1.160s] -- Up-to-date: /workspace/BMI/install/interfaces/share/interfaces/msg/PassiveObservation.msg
[1.160s] -- Up-to-date: /workspace/BMI/install/interfaces/share/interfaces/srv/DecodingService.srv
[1.160s] -- Up-to-date: /workspace/BMI/install/interfaces/share/interfaces/srv/DecodingService_Request.msg
[1.160s] -- Up-to-date: /workspace/BMI/install/interfaces/share/interfaces/srv/DecodingService_Response.msg
[1.160s] -- Up-to-date: /workspace/BMI/install/interfaces/share/ament_index/resource_index/package_run_dependencies/interfaces
[1.160s] -- Up-to-date: /workspace/BMI/install/interfaces/share/ament_index/resource_index/parent_prefix_path/interfaces
[1.160s] -- Up-to-date: /workspace/BMI/install/interfaces/share/interfaces/environment/ament_prefix_path.sh
[1.160s] -- Up-to-date: /workspace/BMI/install/interfaces/share/interfaces/environment/ament_prefix_path.dsv
[1.160s] -- Up-to-date: /workspace/BMI/install/interfaces/share/interfaces/environment/path.sh
[1.160s] -- Up-to-date: /workspace/BMI/install/interfaces/share/interfaces/environment/path.dsv
[1.160s] -- Up-to-date: /workspace/BMI/install/interfaces/share/interfaces/local_setup.bash
[1.160s] -- Up-to-date: /workspace/BMI/install/interfaces/share/interfaces/local_setup.sh
[1.160s] -- Up-to-date: /workspace/BMI/install/interfaces/share/interfaces/local_setup.zsh
[1.161s] -- Up-to-date: /workspace/BMI/install/interfaces/share/interfaces/local_setup.dsv
[1.161s] -- Installing: /workspace/BMI/install/interfaces/share/interfaces/package.dsv
[1.161s] -- Up-to-date: /workspace/BMI/install/interfaces/share/ament_index/resource_index/packages/interfaces
[1.161s] -- Up-to-date: /workspace/BMI/install/interfaces/share/interfaces/cmake/export_interfaces__rosidl_generator_cExport.cmake
[1.161s] -- Up-to-date: /workspace/BMI/install/interfaces/share/interfaces/cmake/export_interfaces__rosidl_generator_cExport-noconfig.cmake
[1.161s] -- Up-to-date: /workspace/BMI/install/interfaces/share/interfaces/cmake/export_interfaces__rosidl_typesupport_fastrtps_cExport.cmake
[1.161s] -- Up-to-date: /workspace/BMI/install/interfaces/share/interfaces/cmake/export_interfaces__rosidl_typesupport_fastrtps_cExport-noconfig.cmake
[1.161s] -- Up-to-date: /workspace/BMI/install/interfaces/share/interfaces/cmake/interfaces__rosidl_typesupport_introspection_cExport.cmake
[1.161s] -- Up-to-date: /workspace/BMI/install/interfaces/share/interfaces/cmake/interfaces__rosidl_typesupport_introspection_cExport-noconfig.cmake
[1.161s] -- Up-to-date: /workspace/BMI/install/interfaces/share/interfaces/cmake/interfaces__rosidl_typesupport_cExport.cmake
[1.161s] -- Up-to-date: /workspace/BMI/install/interfaces/share/interfaces/cmake/interfaces__rosidl_typesupport_cExport-noconfig.cmake
[1.161s] -- Up-to-date: /workspace/BMI/install/interfaces/share/interfaces/cmake/export_interfaces__rosidl_generator_cppExport.cmake
[1.161s] -- Up-to-date: /workspace/BMI/install/interfaces/share/interfaces/cmake/export_interfaces__rosidl_typesupport_fastrtps_cppExport.cmake
[1.161s] -- Up-to-date: /workspace/BMI/install/interfaces/share/interfaces/cmake/export_interfaces__rosidl_typesupport_fastrtps_cppExport-noconfig.cmake
[1.161s] -- Up-to-date: /workspace/BMI/install/interfaces/share/interfaces/cmake/interfaces__rosidl_typesupport_introspection_cppExport.cmake
[1.161s] -- Up-to-date: /workspace/BMI/install/interfaces/share/interfaces/cmake/interfaces__rosidl_typesupport_introspection_cppExport-noconfig.cmake
[1.161s] -- Up-to-date: /workspace/BMI/install/interfaces/share/interfaces/cmake/interfaces__rosidl_typesupport_cppExport.cmake
[1.161s] -- Up-to-date: /workspace/BMI/install/interfaces/share/interfaces/cmake/interfaces__rosidl_typesupport_cppExport-noconfig.cmake
[1.161s] -- Up-to-date: /workspace/BMI/install/interfaces/share/interfaces/cmake/export_interfaces__rosidl_generator_pyExport.cmake
[1.161s] -- Up-to-date: /workspace/BMI/install/interfaces/share/interfaces/cmake/export_interfaces__rosidl_generator_pyExport-noconfig.cmake
[1.161s] -- Up-to-date: /workspace/BMI/install/interfaces/share/interfaces/cmake/rosidl_cmake-extras.cmake
[1.162s] -- Up-to-date: /workspace/BMI/install/interfaces/share/interfaces/cmake/ament_cmake_export_include_directories-extras.cmake
[1.162s] -- Up-to-date: /workspace/BMI/install/interfaces/share/interfaces/cmake/ament_cmake_export_libraries-extras.cmake
[1.162s] -- Up-to-date: /workspace/BMI/install/interfaces/share/interfaces/cmake/ament_cmake_export_targets-extras.cmake
[1.162s] -- Up-to-date: /workspace/BMI/install/interfaces/share/interfaces/cmake/rosidl_cmake_export_typesupport_targets-extras.cmake
[1.163s] -- Up-to-date: /workspace/BMI/install/interfaces/share/interfaces/cmake/ament_cmake_export_dependencies-extras.cmake
[1.163s] -- Up-to-date: /workspace/BMI/install/interfaces/share/interfaces/cmake/rosidl_cmake_export_typesupport_libraries-extras.cmake
[1.163s] -- Up-to-date: /workspace/BMI/install/interfaces/share/interfaces/cmake/interfacesConfig.cmake
[1.163s] -- Up-to-date: /workspace/BMI/install/interfaces/share/interfaces/cmake/interfacesConfig-version.cmake
[1.163s] -- Up-to-date: /workspace/BMI/install/interfaces/share/interfaces/package.xml
[1.163s] Invoked command in '/workspace/BMI/build/interfaces' returned '0': CMAKE_PREFIX_PATH=${CMAKE_PREFIX_PATH}:/workspace/BMI/install/state_reader:/workspace/BMI/install/observation_reader:/workspace/BMI/install/decoding_element:/workspace/BMI/install/test_pkg:/workspace/BMI/install/presenter:/workspace/BMI/install/neural_data_generator:/workspace/BMI/install/decoder:/opt/ros/humble /usr/bin/cmake --install /workspace/BMI/build/interfaces
