running egg_info
writing ../../build/decoder/decoder.egg-info/PKG-INFO
writing dependency_links to ../../build/decoder/decoder.egg-info/dependency_links.txt
writing entry points to ../../build/decoder/decoder.egg-info/entry_points.txt
writing requirements to ../../build/decoder/decoder.egg-info/requires.txt
writing top-level names to ../../build/decoder/decoder.egg-info/top_level.txt
reading manifest file '../../build/decoder/decoder.egg-info/SOURCES.txt'
writing manifest file '../../build/decoder/decoder.egg-info/SOURCES.txt'
running build
/usr/lib/python3/dist-packages/setuptools/command/install.py:34: SetuptoolsDeprecationWarning: setup.py install is deprecated. Use build and pip and other standards-based tools.
  warnings.warn(
running build_py
running install
running install_lib
running install_data
running install_egg_info
removing '/workspace/BMI/install/decoder/lib/python3.10/site-packages/decoder-0.0.0-py3.10.egg-info' (and everything under it)
Copying ../../build/decoder/decoder.egg-info to /workspace/BMI/install/decoder/lib/python3.10/site-packages/decoder-0.0.0-py3.10.egg-info
running install_scripts
Installing passive_data_integrator script to /workspace/BMI/install/decoder/lib/decoder
writing list of installed files to '/workspace/BMI/build/decoder/install.log'
