[0.988s] Invoking command in '/workspace/BMI/src/decoding_element': PYTHONPATH=/workspace/BMI/install/decoding_element/lib/python3.10/site-packages:${PYTHONPATH} /usr/bin/python3 setup.py egg_info --egg-base ../../build/decoding_element build --build-base /workspace/BMI/build/decoding_element/build install --prefix /workspace/BMI/install/decoding_element --record /workspace/BMI/build/decoding_element/install.log --single-version-externally-managed
[1.155s] running egg_info
[1.155s] writing ../../build/decoding_element/decoding_element.egg-info/PKG-INFO
[1.156s] writing dependency_links to ../../build/decoding_element/decoding_element.egg-info/dependency_links.txt
[1.156s] writing entry points to ../../build/decoding_element/decoding_element.egg-info/entry_points.txt
[1.156s] writing requirements to ../../build/decoding_element/decoding_element.egg-info/requires.txt
[1.156s] writing top-level names to ../../build/decoding_element/decoding_element.egg-info/top_level.txt
[1.157s] reading manifest file '../../build/decoding_element/decoding_element.egg-info/SOURCES.txt'
[1.157s] writing manifest file '../../build/decoding_element/decoding_element.egg-info/SOURCES.txt'
[1.158s] running build
[1.158s] running build_py
[1.158s] copying decoding_element/data_integrator.py -> /workspace/BMI/build/decoding_element/build/lib/decoding_element
[1.158s] running install
[1.158s] /usr/lib/python3/dist-packages/setuptools/command/install.py:34: SetuptoolsDeprecationWarning: setup.py install is deprecated. Use build and pip and other standards-based tools.
[1.158s]   warnings.warn(
[1.158s] running install_lib
[1.159s] copying /workspace/BMI/build/decoding_element/build/lib/decoding_element/data_integrator.py -> /workspace/BMI/install/decoding_element/lib/python3.10/site-packages/decoding_element
[1.159s] byte-compiling /workspace/BMI/install/decoding_element/lib/python3.10/site-packages/decoding_element/data_integrator.py to data_integrator.cpython-310.pyc
[1.160s] /workspace/BMI/install/decoding_element/lib/python3.10/site-packages/decoding_element/data_integrator.py:103: SyntaxWarning: "is" with a literal. Did you mean "=="?
[1.160s]   if data_type is 'observation':
[1.160s] running install_data
[1.160s] running install_egg_info
[1.161s] removing '/workspace/BMI/install/decoding_element/lib/python3.10/site-packages/decoding_element-0.0.0-py3.10.egg-info' (and everything under it)
[1.162s] Copying ../../build/decoding_element/decoding_element.egg-info to /workspace/BMI/install/decoding_element/lib/python3.10/site-packages/decoding_element-0.0.0-py3.10.egg-info
[1.162s] running install_scripts
[1.177s] Installing integrator script to /workspace/BMI/install/decoding_element/lib/decoding_element
[1.177s] writing list of installed files to '/workspace/BMI/build/decoding_element/install.log'
[1.201s] Invoked command in '/workspace/BMI/src/decoding_element' returned '0': PYTHONPATH=/workspace/BMI/install/decoding_element/lib/python3.10/site-packages:${PYTHONPATH} /usr/bin/python3 setup.py egg_info --egg-base ../../build/decoding_element build --build-base /workspace/BMI/build/decoding_element/build install --prefix /workspace/BMI/install/decoding_element --record /workspace/BMI/build/decoding_element/install.log --single-version-externally-managed
