[0.963s] Invoking command in '/workspace/BMI/src/observation_reader': PYTHONPATH=/workspace/BMI/install/observation_reader/lib/python3.10/site-packages:${PYTHONPATH} /usr/bin/python3 setup.py egg_info --egg-base ../../build/observation_reader build --build-base /workspace/BMI/build/observation_reader/build install --prefix /workspace/BMI/install/observation_reader --record /workspace/BMI/build/observation_reader/install.log --single-version-externally-managed
[1.118s] running egg_info
[1.119s] writing ../../build/observation_reader/observation_reader.egg-info/PKG-INFO
[1.119s] writing dependency_links to ../../build/observation_reader/observation_reader.egg-info/dependency_links.txt
[1.119s] writing entry points to ../../build/observation_reader/observation_reader.egg-info/entry_points.txt
[1.119s] writing requirements to ../../build/observation_reader/observation_reader.egg-info/requires.txt
[1.119s] writing top-level names to ../../build/observation_reader/observation_reader.egg-info/top_level.txt
[1.120s] reading manifest file '../../build/observation_reader/observation_reader.egg-info/SOURCES.txt'
[1.121s] writing manifest file '../../build/observation_reader/observation_reader.egg-info/SOURCES.txt'
[1.121s] running build
[1.121s] running build_py
[1.121s] copying observation_reader/blackrock_passive_ir_publisher.py -> /workspace/BMI/build/observation_reader/build/lib/observation_reader
[1.122s] running install
[1.122s] /usr/lib/python3/dist-packages/setuptools/command/install.py:34: SetuptoolsDeprecationWarning: setup.py install is deprecated. Use build and pip and other standards-based tools.
[1.122s]   warnings.warn(
[1.122s] running install_lib
[1.122s] copying /workspace/BMI/build/observation_reader/build/lib/observation_reader/blackrock_passive_ir_publisher.py -> /workspace/BMI/install/observation_reader/lib/python3.10/site-packages/observation_reader
[1.123s] byte-compiling /workspace/BMI/install/observation_reader/lib/python3.10/site-packages/observation_reader/blackrock_passive_ir_publisher.py to blackrock_passive_ir_publisher.cpython-310.pyc
[1.123s]   File "/workspace/BMI/install/observation_reader/lib/python3.10/site-packages/observation_reader/blackrock_passive_ir_publisher.py", line 56
[1.123s]     self.declare_parameter('smoothed_parameter', list(range(280))
[1.123s]                           ^
[1.123s] SyntaxError: '(' was never closed
[1.123s] 
[1.123s] running install_data
[1.123s] running install_egg_info
[1.125s] removing '/workspace/BMI/install/observation_reader/lib/python3.10/site-packages/observation_reader-0.0.0-py3.10.egg-info' (and everything under it)
[1.125s] Copying ../../build/observation_reader/observation_reader.egg-info to /workspace/BMI/install/observation_reader/lib/python3.10/site-packages/observation_reader-0.0.0-py3.10.egg-info
[1.125s] running install_scripts
[1.140s] Installing blackrock_ir_talker script to /workspace/BMI/install/observation_reader/lib/observation_reader
[1.140s] writing list of installed files to '/workspace/BMI/build/observation_reader/install.log'
[1.165s] Invoked command in '/workspace/BMI/src/observation_reader' returned '0': PYTHONPATH=/workspace/BMI/install/observation_reader/lib/python3.10/site-packages:${PYTHONPATH} /usr/bin/python3 setup.py egg_info --egg-base ../../build/observation_reader build --build-base /workspace/BMI/build/observation_reader/build install --prefix /workspace/BMI/install/observation_reader --record /workspace/BMI/build/observation_reader/install.log --single-version-externally-managed
