[0.995s] Invoking command in '/workspace/BMI/src/decoder': PYTHONPATH=/workspace/BMI/install/decoder/lib/python3.10/site-packages:${PYTHONPATH} /usr/bin/python3 setup.py egg_info --egg-base ../../build/decoder build --build-base /workspace/BMI/build/decoder/build install --prefix /workspace/BMI/install/decoder --record /workspace/BMI/build/decoder/install.log --single-version-externally-managed
[1.165s] running egg_info
[1.165s] writing ../../build/decoder/decoder.egg-info/PKG-INFO
[1.166s] writing dependency_links to ../../build/decoder/decoder.egg-info/dependency_links.txt
[1.166s] writing entry points to ../../build/decoder/decoder.egg-info/entry_points.txt
[1.166s] writing requirements to ../../build/decoder/decoder.egg-info/requires.txt
[1.166s] writing top-level names to ../../build/decoder/decoder.egg-info/top_level.txt
[1.167s] reading manifest file '../../build/decoder/decoder.egg-info/SOURCES.txt'
[1.167s] writing manifest file '../../build/decoder/decoder.egg-info/SOURCES.txt'
[1.167s] running build
[1.167s] running build_py
[1.168s] running install
[1.168s] /usr/lib/python3/dist-packages/setuptools/command/install.py:34: SetuptoolsDeprecationWarning: setup.py install is deprecated. Use build and pip and other standards-based tools.
[1.168s]   warnings.warn(
[1.168s] running install_lib
[1.169s] running install_data
[1.169s] running install_egg_info
[1.170s] removing '/workspace/BMI/install/decoder/lib/python3.10/site-packages/decoder-0.0.0-py3.10.egg-info' (and everything under it)
[1.170s] Copying ../../build/decoder/decoder.egg-info to /workspace/BMI/install/decoder/lib/python3.10/site-packages/decoder-0.0.0-py3.10.egg-info
[1.171s] running install_scripts
[1.186s] Installing passive_data_integrator script to /workspace/BMI/install/decoder/lib/decoder
[1.186s] writing list of installed files to '/workspace/BMI/build/decoder/install.log'
[1.209s] Invoked command in '/workspace/BMI/src/decoder' returned '0': PYTHONPATH=/workspace/BMI/install/decoder/lib/python3.10/site-packages:${PYTHONPATH} /usr/bin/python3 setup.py egg_info --egg-base ../../build/decoder build --build-base /workspace/BMI/build/decoder/build install --prefix /workspace/BMI/install/decoder --record /workspace/BMI/build/decoder/install.log --single-version-externally-managed
