[0.550s] Invoking command in '/workspace/BMI/src/neural_data_generator': PYTHONPATH=/workspace/BMI/install/neural_data_generator/lib/python3.10/site-packages:${PYTHONPATH} /usr/bin/python3 setup.py egg_info --egg-base ../../build/neural_data_generator build --build-base /workspace/BMI/build/neural_data_generator/build install --prefix /workspace/BMI/install/neural_data_generator --record /workspace/BMI/build/neural_data_generator/install.log --single-version-externally-managed
[0.689s] running egg_info
[0.690s] writing ../../build/neural_data_generator/neural_data_generator.egg-info/PKG-INFO
[0.690s] writing dependency_links to ../../build/neural_data_generator/neural_data_generator.egg-info/dependency_links.txt
[0.690s] writing entry points to ../../build/neural_data_generator/neural_data_generator.egg-info/entry_points.txt
[0.690s] writing requirements to ../../build/neural_data_generator/neural_data_generator.egg-info/requires.txt
[0.690s] writing top-level names to ../../build/neural_data_generator/neural_data_generator.egg-info/top_level.txt
[0.691s] reading manifest file '../../build/neural_data_generator/neural_data_generator.egg-info/SOURCES.txt'
[0.692s] writing manifest file '../../build/neural_data_generator/neural_data_generator.egg-info/SOURCES.txt'
[0.692s] running build
[0.692s] running build_py
[0.692s] running install
[0.692s] /usr/lib/python3/dist-packages/setuptools/command/install.py:34: SetuptoolsDeprecationWarning: setup.py install is deprecated. Use build and pip and other standards-based tools.
[0.692s]   warnings.warn(
[0.692s] running install_lib
[0.693s] byte-compiling /workspace/BMI/install/neural_data_generator/lib/python3.10/site-packages/neural_data_generator/blackrock_ir_reader.py to blackrock_ir_reader.cpython-310.pyc
[0.693s] Sorry: TabError: inconsistent use of tabs and spaces in indentation (blackrock_ir_reader.py, line 101)
[0.693s] running install_data
[0.694s] running install_egg_info
[0.695s] removing '/workspace/BMI/install/neural_data_generator/lib/python3.10/site-packages/neural_data_generator-0.0.0-py3.10.egg-info' (and everything under it)
[0.695s] Copying ../../build/neural_data_generator/neural_data_generator.egg-info to /workspace/BMI/install/neural_data_generator/lib/python3.10/site-packages/neural_data_generator-0.0.0-py3.10.egg-info
[0.695s] running install_scripts
[0.709s] Installing br_ir_talker script to /workspace/BMI/install/neural_data_generator/lib/neural_data_generator
[0.709s] writing list of installed files to '/workspace/BMI/build/neural_data_generator/install.log'
[0.725s] Invoked command in '/workspace/BMI/src/neural_data_generator' returned '0': PYTHONPATH=/workspace/BMI/install/neural_data_generator/lib/python3.10/site-packages:${PYTHONPATH} /usr/bin/python3 setup.py egg_info --egg-base ../../build/neural_data_generator build --build-base /workspace/BMI/build/neural_data_generator/build install --prefix /workspace/BMI/install/neural_data_generator --record /workspace/BMI/build/neural_data_generator/install.log --single-version-externally-managed
