[1.004s] Invoking command in '/workspace/BMI/src/decoding_element': PYTHONPATH=/workspace/BMI/install/decoding_element/lib/python3.10/site-packages:${PYTHONPATH} /usr/bin/python3 setup.py egg_info --egg-base ../../build/decoding_element build --build-base /workspace/BMI/build/decoding_element/build install --prefix /workspace/BMI/install/decoding_element --record /workspace/BMI/build/decoding_element/install.log --single-version-externally-managed
[1.165s] running egg_info
[1.166s] creating ../../build/decoding_element/decoding_element.egg-info
[1.166s] writing ../../build/decoding_element/decoding_element.egg-info/PKG-INFO
[1.167s] writing dependency_links to ../../build/decoding_element/decoding_element.egg-info/dependency_links.txt
[1.167s] writing entry points to ../../build/decoding_element/decoding_element.egg-info/entry_points.txt
[1.167s] writing requirements to ../../build/decoding_element/decoding_element.egg-info/requires.txt
[1.167s] writing top-level names to ../../build/decoding_element/decoding_element.egg-info/top_level.txt
[1.167s] writing manifest file '../../build/decoding_element/decoding_element.egg-info/SOURCES.txt'
[1.167s] reading manifest file '../../build/decoding_element/decoding_element.egg-info/SOURCES.txt'
[1.168s] writing manifest file '../../build/decoding_element/decoding_element.egg-info/SOURCES.txt'
[1.168s] running build
[1.168s] running build_py
[1.168s] creating /workspace/BMI/build/decoding_element/build
[1.168s] creating /workspace/BMI/build/decoding_element/build/lib
[1.168s] creating /workspace/BMI/build/decoding_element/build/lib/decoding_element
[1.168s] copying decoding_element/decoding_element_trainer.py -> /workspace/BMI/build/decoding_element/build/lib/decoding_element
[1.168s] copying decoding_element/__init__.py -> /workspace/BMI/build/decoding_element/build/lib/decoding_element
[1.168s] copying decoding_element/decoding_element_predictor.py -> /workspace/BMI/build/decoding_element/build/lib/decoding_element
[1.168s] copying decoding_element/data_integrator.py -> /workspace/BMI/build/decoding_element/build/lib/decoding_element
[1.168s] running install
[1.169s] /usr/lib/python3/dist-packages/setuptools/command/install.py:34: SetuptoolsDeprecationWarning: setup.py install is deprecated. Use build and pip and other standards-based tools.
[1.169s]   warnings.warn(
[1.169s] running install_lib
[1.169s] creating /workspace/BMI/install/decoding_element/lib/python3.10/site-packages/decoding_element
[1.169s] copying /workspace/BMI/build/decoding_element/build/lib/decoding_element/decoding_element_trainer.py -> /workspace/BMI/install/decoding_element/lib/python3.10/site-packages/decoding_element
[1.169s] copying /workspace/BMI/build/decoding_element/build/lib/decoding_element/__init__.py -> /workspace/BMI/install/decoding_element/lib/python3.10/site-packages/decoding_element
[1.169s] copying /workspace/BMI/build/decoding_element/build/lib/decoding_element/decoding_element_predictor.py -> /workspace/BMI/install/decoding_element/lib/python3.10/site-packages/decoding_element
[1.169s] copying /workspace/BMI/build/decoding_element/build/lib/decoding_element/data_integrator.py -> /workspace/BMI/install/decoding_element/lib/python3.10/site-packages/decoding_element
[1.170s] byte-compiling /workspace/BMI/install/decoding_element/lib/python3.10/site-packages/decoding_element/decoding_element_trainer.py to decoding_element_trainer.cpython-310.pyc
[1.170s]   File "/workspace/BMI/install/decoding_element/lib/python3.10/site-packages/decoding_element/decoding_element_trainer.py", line 106
[1.170s]     def decoding_element_talker_callback(self)
[1.170s]                                               ^
[1.170s] SyntaxError: expected ':'
[1.170s] 
[1.170s] byte-compiling /workspace/BMI/install/decoding_element/lib/python3.10/site-packages/decoding_element/__init__.py to __init__.cpython-310.pyc
[1.170s] byte-compiling /workspace/BMI/install/decoding_element/lib/python3.10/site-packages/decoding_element/decoding_element_predictor.py to decoding_element_predictor.cpython-310.pyc
[1.171s] byte-compiling /workspace/BMI/install/decoding_element/lib/python3.10/site-packages/decoding_element/data_integrator.py to data_integrator.cpython-310.pyc
[1.171s]   File "/workspace/BMI/install/decoding_element/lib/python3.10/site-packages/decoding_element/data_integrator.py", line 32
[1.171s]     entry_observation_groups = ['/system_{}/active_observation'.format(str(parameters['system'])]
[1.171s]                                                                                                 ^
[1.171s] SyntaxError: closing parenthesis ']' does not match opening parenthesis '('
[1.171s] 
[1.171s] running install_data
[1.171s] creating /workspace/BMI/install/decoding_element/share/ament_index
[1.171s] creating /workspace/BMI/install/decoding_element/share/ament_index/resource_index
[1.171s] creating /workspace/BMI/install/decoding_element/share/ament_index/resource_index/packages
[1.171s] copying resource/decoding_element -> /workspace/BMI/install/decoding_element/share/ament_index/resource_index/packages
[1.171s] copying package.xml -> /workspace/BMI/install/decoding_element/share/decoding_element
[1.171s] running install_egg_info
[1.173s] Copying ../../build/decoding_element/decoding_element.egg-info to /workspace/BMI/install/decoding_element/lib/python3.10/site-packages/decoding_element-0.0.0-py3.10.egg-info
[1.173s] running install_scripts
[1.188s] writing list of installed files to '/workspace/BMI/build/decoding_element/install.log'
[1.217s] Invoked command in '/workspace/BMI/src/decoding_element' returned '0': PYTHONPATH=/workspace/BMI/install/decoding_element/lib/python3.10/site-packages:${PYTHONPATH} /usr/bin/python3 setup.py egg_info --egg-base ../../build/decoding_element build --build-base /workspace/BMI/build/decoding_element/build install --prefix /workspace/BMI/install/decoding_element --record /workspace/BMI/build/decoding_element/install.log --single-version-externally-managed
