[0.192s] Invoking command in '/workspace/BMI/build/interfaces': CMAKE_PREFIX_PATH=${CMAKE_PREFIX_PATH}:/workspace/BMI/install/test_pkg:/workspace/BMI/install/presenter:/workspace/BMI/install/neural_data_generator:/workspace/BMI/install/decoder:/opt/ros/humble /usr/bin/cmake --build /workspace/BMI/build/interfaces -- -j20 -l20
[0.704s] -- Found ament_cmake: 1.3.2 (/opt/ros/humble/share/ament_cmake/cmake)
[0.704s] -- Found rosidl_default_generators: 1.2.0 (/opt/ros/humble/share/rosidl_default_generators/cmake)
[0.704s] -- Using all available rosidl_typesupport_c: rosidl_typesupport_fastrtps_c;rosidl_typesupport_introspection_c
[0.705s] -- Found rosidl_adapter: 3.1.3 (/opt/ros/humble/share/rosidl_adapter/cmake)
[0.705s] -- Using all available rosidl_typesupport_cpp: rosidl_typesupport_fastrtps_cpp;rosidl_typesupport_introspection_cpp
[0.705s] -- Found ament_cmake_ros: 0.10.0 (/opt/ros/humble/share/ament_cmake_ros/cmake)
[0.705s] -- Using all available rosidl_typesupport_c: rosidl_typesupport_fastrtps_c;rosidl_typesupport_introspection_c
[0.802s] -- Using all available rosidl_typesupport_cpp: rosidl_typesupport_fastrtps_cpp;rosidl_typesupport_introspection_cpp
[0.818s] -- Found python_cmake_module: 0.10.0 (/opt/ros/humble/share/python_cmake_module/cmake)
[0.834s] -- Using PYTHON_EXECUTABLE: /usr/bin/python3
[0.834s] -- Using PYTHON_INCLUDE_DIRS: /usr/include/python3.10
[0.834s] -- Using PYTHON_LIBRARIES: /usr/lib/x86_64-linux-gnu/libpython3.10.so
[0.842s] -- Found ament_lint_auto: 0.12.4 (/opt/ros/humble/share/ament_lint_auto/cmake)
[0.848s] -- Added test 'lint_cmake' to check CMake code style
[0.848s] -- Added test 'xmllint' to check XML markup files
[0.850s] -- Configuring done
[0.870s] -- Generating done
[0.872s] -- Build files have been written to: /workspace/BMI/build/interfaces
[0.886s] [  1%] [34m[1mGenerating C code for ROS interfaces[0m
[0.891s] [  3%] [34m[1mGenerating C++ code for ROS interfaces[0m
[0.897s] [  3%] Built target ament_cmake_python_copy_interfaces
[1.068s] running egg_info
[1.068s] writing interfaces.egg-info/PKG-INFO
[1.069s] writing dependency_links to interfaces.egg-info/dependency_links.txt
[1.069s] writing top-level names to interfaces.egg-info/top_level.txt
[1.070s] reading manifest file 'interfaces.egg-info/SOURCES.txt'
[1.070s] writing manifest file 'interfaces.egg-info/SOURCES.txt'
[1.086s] [  3%] Built target ament_cmake_python_build_interfaces_egg
[1.159s] [  3%] Built target interfaces__cpp
[1.166s] [  9%] [34m[1mGenerating C++ type support for eProsima Fast-RTPS[0m
[1.166s] [  9%] [34m[1mGenerating C++ type support dispatch for ROS interfaces[0m
[1.166s] [  9%] [34m[1mGenerating C++ introspection for ROS interfaces[0m
[1.201s] [35m[1mConsolidate compiler generated dependencies of target interfaces__rosidl_generator_c[0m
[1.210s] [ 16%] [32mBuilding C object CMakeFiles/interfaces__rosidl_generator_c.dir/rosidl_generator_c/interfaces/msg/detail/state__functions.c.o[0m
[1.210s] [ 16%] [32mBuilding C object CMakeFiles/interfaces__rosidl_generator_c.dir/rosidl_generator_c/interfaces/msg/detail/sample__functions.c.o[0m
[1.211s] [ 16%] [32mBuilding C object CMakeFiles/interfaces__rosidl_generator_c.dir/rosidl_generator_c/interfaces/msg/detail/ir__functions.c.o[0m
[1.211s] [ 16%] [32mBuilding C object CMakeFiles/interfaces__rosidl_generator_c.dir/rosidl_generator_c/interfaces/srv/detail/decoder__functions.c.o[0m
[1.244s] [ 18%] [32m[1mLinking C shared library libinterfaces__rosidl_generator_c.so[0m
[1.265s] [ 18%] Built target interfaces__rosidl_generator_c
[1.271s] [ 23%] [34m[1mGenerating C type support for eProsima Fast-RTPS[0m
[1.271s] [ 23%] [34m[1mGenerating C type support dispatch for ROS interfaces[0m
[1.271s] [ 23%] [34m[1mGenerating C introspection for ROS interfaces[0m
[1.358s] [35m[1mConsolidate compiler generated dependencies of target interfaces__rosidl_typesupport_cpp[0m
[1.366s] [ 30%] [32mBuilding CXX object CMakeFiles/interfaces__rosidl_typesupport_cpp.dir/rosidl_typesupport_cpp/interfaces/msg/sample__type_support.cpp.o[0m
[1.366s] [ 30%] [32mBuilding CXX object CMakeFiles/interfaces__rosidl_typesupport_cpp.dir/rosidl_typesupport_cpp/interfaces/msg/state__type_support.cpp.o[0m
[1.366s] [ 30%] [32mBuilding CXX object CMakeFiles/interfaces__rosidl_typesupport_cpp.dir/rosidl_typesupport_cpp/interfaces/srv/decoder__type_support.cpp.o[0m
[1.366s] [ 30%] [32mBuilding CXX object CMakeFiles/interfaces__rosidl_typesupport_cpp.dir/rosidl_typesupport_cpp/interfaces/msg/ir__type_support.cpp.o[0m
[1.394s] [35m[1mConsolidate compiler generated dependencies of target interfaces__rosidl_typesupport_introspection_cpp[0m
[1.403s] [ 32%] [32mBuilding CXX object CMakeFiles/interfaces__rosidl_typesupport_introspection_cpp.dir/rosidl_typesupport_introspection_cpp/interfaces/msg/detail/sample__type_support.cpp.o[0m
[1.403s] [ 34%] [32mBuilding CXX object CMakeFiles/interfaces__rosidl_typesupport_introspection_cpp.dir/rosidl_typesupport_introspection_cpp/interfaces/msg/detail/ir__type_support.cpp.o[0m
[1.404s] [ 36%] [32mBuilding CXX object CMakeFiles/interfaces__rosidl_typesupport_introspection_cpp.dir/rosidl_typesupport_introspection_cpp/interfaces/msg/detail/state__type_support.cpp.o[0m
[1.404s] [ 38%] [32mBuilding CXX object CMakeFiles/interfaces__rosidl_typesupport_introspection_cpp.dir/rosidl_typesupport_introspection_cpp/interfaces/srv/detail/decoder__type_support.cpp.o[0m
[1.415s] [35m[1mConsolidate compiler generated dependencies of target interfaces__rosidl_typesupport_fastrtps_cpp[0m
[1.426s] [ 45%] [32mBuilding CXX object CMakeFiles/interfaces__rosidl_typesupport_fastrtps_cpp.dir/rosidl_typesupport_fastrtps_cpp/interfaces/srv/detail/dds_fastrtps/decoder__type_support.cpp.o[0m
[1.426s] [ 45%] [32mBuilding CXX object CMakeFiles/interfaces__rosidl_typesupport_fastrtps_cpp.dir/rosidl_typesupport_fastrtps_cpp/interfaces/msg/detail/dds_fastrtps/state__type_support.cpp.o[0m
[1.426s] [ 45%] [32mBuilding CXX object CMakeFiles/interfaces__rosidl_typesupport_fastrtps_cpp.dir/rosidl_typesupport_fastrtps_cpp/interfaces/msg/detail/dds_fastrtps/sample__type_support.cpp.o[0m
[1.426s] [ 45%] [32mBuilding CXX object CMakeFiles/interfaces__rosidl_typesupport_fastrtps_cpp.dir/rosidl_typesupport_fastrtps_cpp/interfaces/msg/detail/dds_fastrtps/ir__type_support.cpp.o[0m
[1.488s] [35m[1mConsolidate compiler generated dependencies of target interfaces__rosidl_typesupport_c[0m
[1.498s] [ 50%] [32mBuilding CXX object CMakeFiles/interfaces__rosidl_typesupport_c.dir/rosidl_typesupport_c/interfaces/srv/decoder__type_support.cpp.o[0m
[1.498s] [ 50%] [32mBuilding CXX object CMakeFiles/interfaces__rosidl_typesupport_c.dir/rosidl_typesupport_c/interfaces/msg/ir__type_support.cpp.o[0m
[1.498s] [ 50%] [32mBuilding CXX object CMakeFiles/interfaces__rosidl_typesupport_c.dir/rosidl_typesupport_c/interfaces/msg/sample__type_support.cpp.o[0m
[1.502s] [ 52%] [32mBuilding CXX object CMakeFiles/interfaces__rosidl_typesupport_c.dir/rosidl_typesupport_c/interfaces/msg/state__type_support.cpp.o[0m
[1.539s] [ 54%] [32m[1mLinking CXX shared library libinterfaces__rosidl_typesupport_c.so[0m
[1.539s] [35m[1mConsolidate compiler generated dependencies of target interfaces__rosidl_typesupport_fastrtps_c[0m
[1.550s] [ 61%] [32mBuilding CXX object CMakeFiles/interfaces__rosidl_typesupport_fastrtps_c.dir/rosidl_typesupport_fastrtps_c/interfaces/srv/detail/decoder__type_support_c.cpp.o[0m
[1.550s] [ 61%] [32mBuilding CXX object CMakeFiles/interfaces__rosidl_typesupport_fastrtps_c.dir/rosidl_typesupport_fastrtps_c/interfaces/msg/detail/state__type_support_c.cpp.o[0m
[1.551s] [ 61%] [32mBuilding CXX object CMakeFiles/interfaces__rosidl_typesupport_fastrtps_c.dir/rosidl_typesupport_fastrtps_c/interfaces/msg/detail/ir__type_support_c.cpp.o[0m
[1.551s] [ 61%] [32mBuilding CXX object CMakeFiles/interfaces__rosidl_typesupport_fastrtps_c.dir/rosidl_typesupport_fastrtps_c/interfaces/msg/detail/sample__type_support_c.cpp.o[0m
[1.581s] [ 63%] [32m[1mLinking CXX shared library libinterfaces__rosidl_typesupport_cpp.so[0m
[1.581s] [ 63%] Built target interfaces__rosidl_typesupport_c
[1.587s] [35m[1mConsolidate compiler generated dependencies of target interfaces__rosidl_typesupport_introspection_c[0m
[1.594s] [ 67%] [32mBuilding C object CMakeFiles/interfaces__rosidl_typesupport_introspection_c.dir/rosidl_typesupport_introspection_c/interfaces/msg/detail/sample__type_support.c.o[0m
[1.594s] [ 67%] [32mBuilding C object CMakeFiles/interfaces__rosidl_typesupport_introspection_c.dir/rosidl_typesupport_introspection_c/interfaces/msg/detail/ir__type_support.c.o[0m
[1.595s] [ 69%] [32mBuilding C object CMakeFiles/interfaces__rosidl_typesupport_introspection_c.dir/rosidl_typesupport_introspection_c/interfaces/srv/detail/decoder__type_support.c.o[0m
[1.595s] [ 70%] [32mBuilding C object CMakeFiles/interfaces__rosidl_typesupport_introspection_c.dir/rosidl_typesupport_introspection_c/interfaces/msg/detail/state__type_support.c.o[0m
[1.618s] [ 70%] Built target interfaces__rosidl_typesupport_cpp
[1.626s] [ 72%] [32m[1mLinking C shared library libinterfaces__rosidl_typesupport_introspection_c.so[0m
[1.646s] [ 72%] Built target interfaces__rosidl_typesupport_introspection_c
[1.846s] [ 74%] [32m[1mLinking CXX shared library libinterfaces__rosidl_typesupport_introspection_cpp.so[0m
[1.882s] [ 76%] [32m[1mLinking CXX shared library libinterfaces__rosidl_typesupport_fastrtps_cpp.so[0m
[1.895s] [ 76%] Built target interfaces__rosidl_typesupport_introspection_cpp
[1.909s] [ 78%] [32m[1mLinking CXX shared library libinterfaces__rosidl_typesupport_fastrtps_c.so[0m
[1.929s] [ 78%] Built target interfaces__rosidl_typesupport_fastrtps_cpp
[1.952s] [ 78%] Built target interfaces__rosidl_typesupport_fastrtps_c
[1.961s] [ 78%] Built target interfaces
[1.970s] [ 80%] [34m[1mGenerating Python code for ROS interfaces[0m
[2.399s] [ 80%] Built target interfaces__py
[2.405s] [35m[1mConsolidate compiler generated dependencies of target interfaces__rosidl_generator_py[0m
[2.412s] [ 83%] [32mBuilding C object CMakeFiles/interfaces__rosidl_generator_py.dir/rosidl_generator_py/interfaces/msg/_ir_s.c.o[0m
[2.412s] [ 83%] [32mBuilding C object CMakeFiles/interfaces__rosidl_generator_py.dir/rosidl_generator_py/interfaces/msg/_sample_s.c.o[0m
[2.412s] [ 85%] [32mBuilding C object CMakeFiles/interfaces__rosidl_generator_py.dir/rosidl_generator_py/interfaces/msg/_state_s.c.o[0m
[2.412s] [ 87%] [32mBuilding C object CMakeFiles/interfaces__rosidl_generator_py.dir/rosidl_generator_py/interfaces/srv/_decoder_s.c.o[0m
[2.482s] [ 89%] [32m[1mLinking C shared library rosidl_generator_py/interfaces/libinterfaces__rosidl_generator_py.so[0m
[2.503s] [ 89%] Built target interfaces__rosidl_generator_py
[2.508s] [35m[1mConsolidate compiler generated dependencies of target interfaces__rosidl_typesupport_fastrtps_c__pyext[0m
[2.508s] [35m[1mConsolidate compiler generated dependencies of target interfaces__rosidl_typesupport_introspection_c__pyext[0m
[2.508s] [35m[1mConsolidate compiler generated dependencies of target interfaces__rosidl_typesupport_c__pyext[0m
[2.516s] [ 94%] [32mBuilding C object CMakeFiles/interfaces__rosidl_typesupport_fastrtps_c__pyext.dir/rosidl_generator_py/interfaces/_interfaces_s.ep.rosidl_typesupport_fastrtps_c.c.o[0m
[2.516s] [ 94%] [32mBuilding C object CMakeFiles/interfaces__rosidl_typesupport_c__pyext.dir/rosidl_generator_py/interfaces/_interfaces_s.ep.rosidl_typesupport_c.c.o[0m
[2.516s] [ 94%] [32mBuilding C object CMakeFiles/interfaces__rosidl_typesupport_introspection_c__pyext.dir/rosidl_generator_py/interfaces/_interfaces_s.ep.rosidl_typesupport_introspection_c.c.o[0m
[2.579s] [ 96%] [32m[1mLinking C shared library rosidl_generator_py/interfaces/interfaces_s__rosidl_typesupport_c.cpython-310-x86_64-linux-gnu.so[0m
[2.579s] [ 98%] [32m[1mLinking C shared library rosidl_generator_py/interfaces/interfaces_s__rosidl_typesupport_introspection_c.cpython-310-x86_64-linux-gnu.so[0m
[2.582s] [100%] [32m[1mLinking C shared library rosidl_generator_py/interfaces/interfaces_s__rosidl_typesupport_fastrtps_c.cpython-310-x86_64-linux-gnu.so[0m
[2.597s] [100%] Built target interfaces__rosidl_typesupport_introspection_c__pyext
[2.598s] [100%] Built target interfaces__rosidl_typesupport_c__pyext
[2.601s] [100%] Built target interfaces__rosidl_typesupport_fastrtps_c__pyext
[2.607s] Invoked command in '/workspace/BMI/build/interfaces' returned '0': CMAKE_PREFIX_PATH=${CMAKE_PREFIX_PATH}:/workspace/BMI/install/test_pkg:/workspace/BMI/install/presenter:/workspace/BMI/install/neural_data_generator:/workspace/BMI/install/decoder:/opt/ros/humble /usr/bin/cmake --build /workspace/BMI/build/interfaces -- -j20 -l20
[2.659s] Invoking command in '/workspace/BMI/build/interfaces': CMAKE_PREFIX_PATH=${CMAKE_PREFIX_PATH}:/workspace/BMI/install/test_pkg:/workspace/BMI/install/presenter:/workspace/BMI/install/neural_data_generator:/workspace/BMI/install/decoder:/opt/ros/humble /usr/bin/cmake --install /workspace/BMI/build/interfaces
[2.664s] -- Install configuration: ""
[2.664s] -- Installing: /workspace/BMI/install/interfaces/share/ament_index/resource_index/rosidl_interfaces/interfaces
[2.664s] -- Up-to-date: /workspace/BMI/install/interfaces/include/interfaces/interfaces
[2.664s] -- Up-to-date: /workspace/BMI/install/interfaces/include/interfaces/interfaces/msg
[2.664s] -- Up-to-date: /workspace/BMI/install/interfaces/include/interfaces/interfaces/msg/rosidl_generator_c__visibility_control.h
[2.664s] -- Installing: /workspace/BMI/install/interfaces/include/interfaces/interfaces/msg/state.h
[2.664s] -- Up-to-date: /workspace/BMI/install/interfaces/include/interfaces/interfaces/msg/num.h
[2.664s] -- Installing: /workspace/BMI/install/interfaces/include/interfaces/interfaces/msg/sample.h
[2.664s] -- Up-to-date: /workspace/BMI/install/interfaces/include/interfaces/interfaces/msg/detail
[2.664s] -- Installing: /workspace/BMI/install/interfaces/include/interfaces/interfaces/msg/detail/state__struct.h
[2.664s] -- Installing: /workspace/BMI/install/interfaces/include/interfaces/interfaces/msg/detail/ir__functions.h
[2.664s] -- Up-to-date: /workspace/BMI/install/interfaces/include/interfaces/interfaces/msg/detail/num__type_support.h
[2.664s] -- Installing: /workspace/BMI/install/interfaces/include/interfaces/interfaces/msg/detail/ir__type_support.h
[2.664s] -- Installing: /workspace/BMI/install/interfaces/include/interfaces/interfaces/msg/detail/state__type_support.h
[2.664s] -- Installing: /workspace/BMI/install/interfaces/include/interfaces/interfaces/msg/detail/ir__struct.h
[2.664s] -- Up-to-date: /workspace/BMI/install/interfaces/include/interfaces/interfaces/msg/detail/num__struct.h
[2.664s] -- Installing: /workspace/BMI/install/interfaces/include/interfaces/interfaces/msg/detail/sample__functions.h
[2.664s] -- Installing: /workspace/BMI/install/interfaces/include/interfaces/interfaces/msg/detail/sample__type_support.h
[2.665s] -- Installing: /workspace/BMI/install/interfaces/include/interfaces/interfaces/msg/detail/state__functions.h
[2.665s] -- Installing: /workspace/BMI/install/interfaces/include/interfaces/interfaces/msg/detail/state__functions.c
[2.665s] -- Up-to-date: /workspace/BMI/install/interfaces/include/interfaces/interfaces/msg/detail/num__functions.h
[2.665s] -- Installing: /workspace/BMI/install/interfaces/include/interfaces/interfaces/msg/detail/sample__functions.c
[2.665s] -- Installing: /workspace/BMI/install/interfaces/include/interfaces/interfaces/msg/detail/sample__struct.h
[2.665s] -- Up-to-date: /workspace/BMI/install/interfaces/include/interfaces/interfaces/msg/detail/num__functions.c
[2.665s] -- Installing: /workspace/BMI/install/interfaces/include/interfaces/interfaces/msg/detail/ir__functions.c
[2.665s] -- Installing: /workspace/BMI/install/interfaces/include/interfaces/interfaces/msg/ir.h
[2.665s] -- Installing: /workspace/BMI/install/interfaces/include/interfaces/interfaces/srv
[2.665s] -- Installing: /workspace/BMI/install/interfaces/include/interfaces/interfaces/srv/decoder.h
[2.665s] -- Installing: /workspace/BMI/install/interfaces/include/interfaces/interfaces/srv/detail
[2.665s] -- Installing: /workspace/BMI/install/interfaces/include/interfaces/interfaces/srv/detail/decoder__type_support.h
[2.665s] -- Installing: /workspace/BMI/install/interfaces/include/interfaces/interfaces/srv/detail/decoder__functions.h
[2.665s] -- Installing: /workspace/BMI/install/interfaces/include/interfaces/interfaces/srv/detail/decoder__functions.c
[2.665s] -- Installing: /workspace/BMI/install/interfaces/include/interfaces/interfaces/srv/detail/decoder__struct.h
[2.665s] -- Up-to-date: /workspace/BMI/install/interfaces/share/interfaces/environment/library_path.sh
[2.665s] -- Installing: /workspace/BMI/install/interfaces/share/interfaces/environment/library_path.dsv
[2.665s] -- Installing: /workspace/BMI/install/interfaces/lib/libinterfaces__rosidl_generator_c.so
[2.665s] -- Set runtime path of "/workspace/BMI/install/interfaces/lib/libinterfaces__rosidl_generator_c.so" to ""
[2.666s] -- Up-to-date: /workspace/BMI/install/interfaces/include/interfaces/interfaces
[2.666s] -- Up-to-date: /workspace/BMI/install/interfaces/include/interfaces/interfaces/msg
[2.666s] -- Up-to-date: /workspace/BMI/install/interfaces/include/interfaces/interfaces/msg/detail
[2.666s] -- Installing: /workspace/BMI/install/interfaces/include/interfaces/interfaces/msg/detail/sample__rosidl_typesupport_fastrtps_c.h
[2.666s] -- Up-to-date: /workspace/BMI/install/interfaces/include/interfaces/interfaces/msg/detail/num__rosidl_typesupport_fastrtps_c.h
[2.666s] -- Installing: /workspace/BMI/install/interfaces/include/interfaces/interfaces/msg/detail/ir__rosidl_typesupport_fastrtps_c.h
[2.666s] -- Installing: /workspace/BMI/install/interfaces/include/interfaces/interfaces/msg/detail/state__rosidl_typesupport_fastrtps_c.h
[2.666s] -- Up-to-date: /workspace/BMI/install/interfaces/include/interfaces/interfaces/msg/rosidl_typesupport_fastrtps_c__visibility_control.h
[2.666s] -- Up-to-date: /workspace/BMI/install/interfaces/include/interfaces/interfaces/srv
[2.666s] -- Up-to-date: /workspace/BMI/install/interfaces/include/interfaces/interfaces/srv/detail
[2.666s] -- Installing: /workspace/BMI/install/interfaces/include/interfaces/interfaces/srv/detail/decoder__rosidl_typesupport_fastrtps_c.h
[2.666s] -- Installing: /workspace/BMI/install/interfaces/lib/libinterfaces__rosidl_typesupport_fastrtps_c.so
[2.666s] -- Set runtime path of "/workspace/BMI/install/interfaces/lib/libinterfaces__rosidl_typesupport_fastrtps_c.so" to ""
[2.666s] -- Up-to-date: /workspace/BMI/install/interfaces/include/interfaces/interfaces
[2.666s] -- Up-to-date: /workspace/BMI/install/interfaces/include/interfaces/interfaces/msg
[2.666s] -- Up-to-date: /workspace/BMI/install/interfaces/include/interfaces/interfaces/msg/rosidl_typesupport_introspection_c__visibility_control.h
[2.666s] -- Up-to-date: /workspace/BMI/install/interfaces/include/interfaces/interfaces/msg/detail
[2.667s] -- Installing: /workspace/BMI/install/interfaces/include/interfaces/interfaces/msg/detail/ir__type_support.c
[2.667s] -- Up-to-date: /workspace/BMI/install/interfaces/include/interfaces/interfaces/msg/detail/num__rosidl_typesupport_introspection_c.h
[2.667s] -- Installing: /workspace/BMI/install/interfaces/include/interfaces/interfaces/msg/detail/sample__rosidl_typesupport_introspection_c.h
[2.667s] -- Installing: /workspace/BMI/install/interfaces/include/interfaces/interfaces/msg/detail/state__type_support.c
[2.667s] -- Installing: /workspace/BMI/install/interfaces/include/interfaces/interfaces/msg/detail/ir__rosidl_typesupport_introspection_c.h
[2.667s] -- Up-to-date: /workspace/BMI/install/interfaces/include/interfaces/interfaces/msg/detail/num__type_support.c
[2.667s] -- Installing: /workspace/BMI/install/interfaces/include/interfaces/interfaces/msg/detail/sample__type_support.c
[2.667s] -- Installing: /workspace/BMI/install/interfaces/include/interfaces/interfaces/msg/detail/state__rosidl_typesupport_introspection_c.h
[2.667s] -- Up-to-date: /workspace/BMI/install/interfaces/include/interfaces/interfaces/srv
[2.667s] -- Up-to-date: /workspace/BMI/install/interfaces/include/interfaces/interfaces/srv/detail
[2.667s] -- Installing: /workspace/BMI/install/interfaces/include/interfaces/interfaces/srv/detail/decoder__type_support.c
[2.667s] -- Installing: /workspace/BMI/install/interfaces/include/interfaces/interfaces/srv/detail/decoder__rosidl_typesupport_introspection_c.h
[2.667s] -- Installing: /workspace/BMI/install/interfaces/lib/libinterfaces__rosidl_typesupport_introspection_c.so
[2.667s] -- Set runtime path of "/workspace/BMI/install/interfaces/lib/libinterfaces__rosidl_typesupport_introspection_c.so" to ""
[2.667s] -- Installing: /workspace/BMI/install/interfaces/lib/libinterfaces__rosidl_typesupport_c.so
[2.667s] -- Set runtime path of "/workspace/BMI/install/interfaces/lib/libinterfaces__rosidl_typesupport_c.so" to ""
[2.667s] -- Up-to-date: /workspace/BMI/install/interfaces/include/interfaces/interfaces
[2.667s] -- Up-to-date: /workspace/BMI/install/interfaces/include/interfaces/interfaces/msg
[2.667s] -- Installing: /workspace/BMI/install/interfaces/include/interfaces/interfaces/msg/ir.hpp
[2.668s] -- Installing: /workspace/BMI/install/interfaces/include/interfaces/interfaces/msg/state.hpp
[2.668s] -- Up-to-date: /workspace/BMI/install/interfaces/include/interfaces/interfaces/msg/detail
[2.668s] -- Up-to-date: /workspace/BMI/install/interfaces/include/interfaces/interfaces/msg/detail/num__builder.hpp
[2.668s] -- Installing: /workspace/BMI/install/interfaces/include/interfaces/interfaces/msg/detail/sample__traits.hpp
[2.668s] -- Installing: /workspace/BMI/install/interfaces/include/interfaces/interfaces/msg/detail/state__traits.hpp
[2.668s] -- Up-to-date: /workspace/BMI/install/interfaces/include/interfaces/interfaces/msg/detail/num__traits.hpp
[2.668s] -- Installing: /workspace/BMI/install/interfaces/include/interfaces/interfaces/msg/detail/ir__traits.hpp
[2.668s] -- Installing: /workspace/BMI/install/interfaces/include/interfaces/interfaces/msg/detail/ir__builder.hpp
[2.668s] -- Up-to-date: /workspace/BMI/install/interfaces/include/interfaces/interfaces/msg/detail/num__struct.hpp
[2.668s] -- Installing: /workspace/BMI/install/interfaces/include/interfaces/interfaces/msg/detail/sample__builder.hpp
[2.668s] -- Installing: /workspace/BMI/install/interfaces/include/interfaces/interfaces/msg/detail/state__struct.hpp
[2.668s] -- Installing: /workspace/BMI/install/interfaces/include/interfaces/interfaces/msg/detail/state__builder.hpp
[2.668s] -- Installing: /workspace/BMI/install/interfaces/include/interfaces/interfaces/msg/detail/ir__struct.hpp
[2.668s] -- Installing: /workspace/BMI/install/interfaces/include/interfaces/interfaces/msg/detail/sample__struct.hpp
[2.668s] -- Up-to-date: /workspace/BMI/install/interfaces/include/interfaces/interfaces/msg/num.hpp
[2.668s] -- Installing: /workspace/BMI/install/interfaces/include/interfaces/interfaces/msg/sample.hpp
[2.668s] -- Up-to-date: /workspace/BMI/install/interfaces/include/interfaces/interfaces/srv
[2.668s] -- Installing: /workspace/BMI/install/interfaces/include/interfaces/interfaces/srv/decoder.hpp
[2.669s] -- Up-to-date: /workspace/BMI/install/interfaces/include/interfaces/interfaces/srv/detail
[2.669s] -- Installing: /workspace/BMI/install/interfaces/include/interfaces/interfaces/srv/detail/decoder__struct.hpp
[2.669s] -- Installing: /workspace/BMI/install/interfaces/include/interfaces/interfaces/srv/detail/decoder__traits.hpp
[2.669s] -- Installing: /workspace/BMI/install/interfaces/include/interfaces/interfaces/srv/detail/decoder__builder.hpp
[2.669s] -- Up-to-date: /workspace/BMI/install/interfaces/include/interfaces/interfaces
[2.669s] -- Up-to-date: /workspace/BMI/install/interfaces/include/interfaces/interfaces/msg
[2.669s] -- Up-to-date: /workspace/BMI/install/interfaces/include/interfaces/interfaces/msg/rosidl_typesupport_fastrtps_cpp__visibility_control.h
[2.669s] -- Up-to-date: /workspace/BMI/install/interfaces/include/interfaces/interfaces/msg/detail
[2.669s] -- Up-to-date: /workspace/BMI/install/interfaces/include/interfaces/interfaces/msg/detail/num__rosidl_typesupport_fastrtps_cpp.hpp
[2.669s] -- Installing: /workspace/BMI/install/interfaces/include/interfaces/interfaces/msg/detail/ir__rosidl_typesupport_fastrtps_cpp.hpp
[2.669s] -- Up-to-date: /workspace/BMI/install/interfaces/include/interfaces/interfaces/msg/detail/dds_fastrtps
[2.669s] -- Installing: /workspace/BMI/install/interfaces/include/interfaces/interfaces/msg/detail/sample__rosidl_typesupport_fastrtps_cpp.hpp
[2.669s] -- Installing: /workspace/BMI/install/interfaces/include/interfaces/interfaces/msg/detail/state__rosidl_typesupport_fastrtps_cpp.hpp
[2.669s] -- Up-to-date: /workspace/BMI/install/interfaces/include/interfaces/interfaces/srv
[2.669s] -- Up-to-date: /workspace/BMI/install/interfaces/include/interfaces/interfaces/srv/detail
[2.669s] -- Installing: /workspace/BMI/install/interfaces/include/interfaces/interfaces/srv/detail/dds_fastrtps
[2.669s] -- Installing: /workspace/BMI/install/interfaces/include/interfaces/interfaces/srv/detail/decoder__rosidl_typesupport_fastrtps_cpp.hpp
[2.669s] -- Installing: /workspace/BMI/install/interfaces/lib/libinterfaces__rosidl_typesupport_fastrtps_cpp.so
[2.669s] -- Set runtime path of "/workspace/BMI/install/interfaces/lib/libinterfaces__rosidl_typesupport_fastrtps_cpp.so" to ""
[2.670s] -- Up-to-date: /workspace/BMI/install/interfaces/include/interfaces/interfaces
[2.670s] -- Up-to-date: /workspace/BMI/install/interfaces/include/interfaces/interfaces/msg
[2.670s] -- Up-to-date: /workspace/BMI/install/interfaces/include/interfaces/interfaces/msg/detail
[2.670s] -- Installing: /workspace/BMI/install/interfaces/include/interfaces/interfaces/msg/detail/ir__type_support.cpp
[2.670s] -- Installing: /workspace/BMI/install/interfaces/include/interfaces/interfaces/msg/detail/ir__rosidl_typesupport_introspection_cpp.hpp
[2.670s] -- Installing: /workspace/BMI/install/interfaces/include/interfaces/interfaces/msg/detail/sample__type_support.cpp
[2.670s] -- Installing: /workspace/BMI/install/interfaces/include/interfaces/interfaces/msg/detail/state__type_support.cpp
[2.670s] -- Installing: /workspace/BMI/install/interfaces/include/interfaces/interfaces/msg/detail/state__rosidl_typesupport_introspection_cpp.hpp
[2.670s] -- Up-to-date: /workspace/BMI/install/interfaces/include/interfaces/interfaces/msg/detail/num__rosidl_typesupport_introspection_cpp.hpp
[2.670s] -- Up-to-date: /workspace/BMI/install/interfaces/include/interfaces/interfaces/msg/detail/num__type_support.cpp
[2.670s] -- Installing: /workspace/BMI/install/interfaces/include/interfaces/interfaces/msg/detail/sample__rosidl_typesupport_introspection_cpp.hpp
[2.670s] -- Up-to-date: /workspace/BMI/install/interfaces/include/interfaces/interfaces/srv
[2.670s] -- Up-to-date: /workspace/BMI/install/interfaces/include/interfaces/interfaces/srv/detail
[2.670s] -- Installing: /workspace/BMI/install/interfaces/include/interfaces/interfaces/srv/detail/decoder__type_support.cpp
[2.670s] -- Installing: /workspace/BMI/install/interfaces/include/interfaces/interfaces/srv/detail/decoder__rosidl_typesupport_introspection_cpp.hpp
[2.670s] -- Installing: /workspace/BMI/install/interfaces/lib/libinterfaces__rosidl_typesupport_introspection_cpp.so
[2.670s] -- Set runtime path of "/workspace/BMI/install/interfaces/lib/libinterfaces__rosidl_typesupport_introspection_cpp.so" to ""
[2.670s] -- Installing: /workspace/BMI/install/interfaces/lib/libinterfaces__rosidl_typesupport_cpp.so
[2.670s] -- Set runtime path of "/workspace/BMI/install/interfaces/lib/libinterfaces__rosidl_typesupport_cpp.so" to ""
[2.671s] -- Up-to-date: /workspace/BMI/install/interfaces/share/interfaces/environment/pythonpath.sh
[2.671s] -- Installing: /workspace/BMI/install/interfaces/share/interfaces/environment/pythonpath.dsv
[2.671s] -- Up-to-date: /workspace/BMI/install/interfaces/local/lib/python3.10/dist-packages/interfaces-0.0.0-py3.10.egg-info
[2.671s] -- Installing: /workspace/BMI/install/interfaces/local/lib/python3.10/dist-packages/interfaces-0.0.0-py3.10.egg-info/PKG-INFO
[2.671s] -- Installing: /workspace/BMI/install/interfaces/local/lib/python3.10/dist-packages/interfaces-0.0.0-py3.10.egg-info/dependency_links.txt
[2.671s] -- Installing: /workspace/BMI/install/interfaces/local/lib/python3.10/dist-packages/interfaces-0.0.0-py3.10.egg-info/top_level.txt
[2.671s] -- Installing: /workspace/BMI/install/interfaces/local/lib/python3.10/dist-packages/interfaces-0.0.0-py3.10.egg-info/SOURCES.txt
[2.671s] -- Up-to-date: /workspace/BMI/install/interfaces/local/lib/python3.10/dist-packages/interfaces
[2.671s] -- Up-to-date: /workspace/BMI/install/interfaces/local/lib/python3.10/dist-packages/interfaces/msg
[2.671s] -- Installing: /workspace/BMI/install/interfaces/local/lib/python3.10/dist-packages/interfaces/msg/_ir_s.c
[2.671s] -- Installing: /workspace/BMI/install/interfaces/local/lib/python3.10/dist-packages/interfaces/msg/_ir.py
[2.671s] -- Installing: /workspace/BMI/install/interfaces/local/lib/python3.10/dist-packages/interfaces/msg/_state.py
[2.671s] -- Installing: /workspace/BMI/install/interfaces/local/lib/python3.10/dist-packages/interfaces/msg/_state_s.c
[2.671s] -- Installing: /workspace/BMI/install/interfaces/local/lib/python3.10/dist-packages/interfaces/msg/_sample_s.c
[2.671s] -- Installing: /workspace/BMI/install/interfaces/local/lib/python3.10/dist-packages/interfaces/msg/__init__.py
[2.671s] -- Up-to-date: /workspace/BMI/install/interfaces/local/lib/python3.10/dist-packages/interfaces/msg/_num.py
[2.671s] -- Up-to-date: /workspace/BMI/install/interfaces/local/lib/python3.10/dist-packages/interfaces/msg/_num_s.c
[2.671s] -- Installing: /workspace/BMI/install/interfaces/local/lib/python3.10/dist-packages/interfaces/msg/_sample.py
[2.672s] -- Installing: /workspace/BMI/install/interfaces/local/lib/python3.10/dist-packages/interfaces/_interfaces_s.ep.rosidl_typesupport_fastrtps_c.c
[2.672s] -- Installing: /workspace/BMI/install/interfaces/local/lib/python3.10/dist-packages/interfaces/srv
[2.672s] -- Installing: /workspace/BMI/install/interfaces/local/lib/python3.10/dist-packages/interfaces/srv/_decoder.py
[2.672s] -- Installing: /workspace/BMI/install/interfaces/local/lib/python3.10/dist-packages/interfaces/srv/_decoder_s.c
[2.672s] -- Installing: /workspace/BMI/install/interfaces/local/lib/python3.10/dist-packages/interfaces/srv/__init__.py
[2.672s] -- Installing: /workspace/BMI/install/interfaces/local/lib/python3.10/dist-packages/interfaces/libinterfaces__rosidl_generator_py.so
[2.672s] -- Installing: /workspace/BMI/install/interfaces/local/lib/python3.10/dist-packages/interfaces/interfaces_s__rosidl_typesupport_introspection_c.cpython-310-x86_64-linux-gnu.so
[2.672s] -- Installing: /workspace/BMI/install/interfaces/local/lib/python3.10/dist-packages/interfaces/interfaces_s__rosidl_typesupport_c.cpython-310-x86_64-linux-gnu.so
[2.672s] -- Installing: /workspace/BMI/install/interfaces/local/lib/python3.10/dist-packages/interfaces/_interfaces_s.ep.rosidl_typesupport_c.c
[2.672s] -- Installing: /workspace/BMI/install/interfaces/local/lib/python3.10/dist-packages/interfaces/__init__.py
[2.672s] -- Installing: /workspace/BMI/install/interfaces/local/lib/python3.10/dist-packages/interfaces/interfaces_s__rosidl_typesupport_fastrtps_c.cpython-310-x86_64-linux-gnu.so
[2.672s] -- Installing: /workspace/BMI/install/interfaces/local/lib/python3.10/dist-packages/interfaces/_interfaces_s.ep.rosidl_typesupport_introspection_c.c
[2.698s] Listing '/workspace/BMI/install/interfaces/local/lib/python3.10/dist-packages/interfaces'...
[2.698s] Compiling '/workspace/BMI/install/interfaces/local/lib/python3.10/dist-packages/interfaces/__init__.py'...
[2.698s] Listing '/workspace/BMI/install/interfaces/local/lib/python3.10/dist-packages/interfaces/msg'...
[2.698s] Compiling '/workspace/BMI/install/interfaces/local/lib/python3.10/dist-packages/interfaces/msg/__init__.py'...
[2.698s] Compiling '/workspace/BMI/install/interfaces/local/lib/python3.10/dist-packages/interfaces/msg/_ir.py'...
[2.698s] Compiling '/workspace/BMI/install/interfaces/local/lib/python3.10/dist-packages/interfaces/msg/_sample.py'...
[2.698s] Compiling '/workspace/BMI/install/interfaces/local/lib/python3.10/dist-packages/interfaces/msg/_state.py'...
[2.698s] Listing '/workspace/BMI/install/interfaces/local/lib/python3.10/dist-packages/interfaces/srv'...
[2.698s] Compiling '/workspace/BMI/install/interfaces/local/lib/python3.10/dist-packages/interfaces/srv/__init__.py'...
[2.698s] Compiling '/workspace/BMI/install/interfaces/local/lib/python3.10/dist-packages/interfaces/srv/_decoder.py'...
[2.701s] -- Installing: /workspace/BMI/install/interfaces/local/lib/python3.10/dist-packages/interfaces/interfaces_s__rosidl_typesupport_fastrtps_c.cpython-310-x86_64-linux-gnu.so
[2.701s] -- Set runtime path of "/workspace/BMI/install/interfaces/local/lib/python3.10/dist-packages/interfaces/interfaces_s__rosidl_typesupport_fastrtps_c.cpython-310-x86_64-linux-gnu.so" to ""
[2.701s] -- Installing: /workspace/BMI/install/interfaces/local/lib/python3.10/dist-packages/interfaces/interfaces_s__rosidl_typesupport_introspection_c.cpython-310-x86_64-linux-gnu.so
[2.701s] -- Set runtime path of "/workspace/BMI/install/interfaces/local/lib/python3.10/dist-packages/interfaces/interfaces_s__rosidl_typesupport_introspection_c.cpython-310-x86_64-linux-gnu.so" to ""
[2.701s] -- Installing: /workspace/BMI/install/interfaces/local/lib/python3.10/dist-packages/interfaces/interfaces_s__rosidl_typesupport_c.cpython-310-x86_64-linux-gnu.so
[2.701s] -- Set runtime path of "/workspace/BMI/install/interfaces/local/lib/python3.10/dist-packages/interfaces/interfaces_s__rosidl_typesupport_c.cpython-310-x86_64-linux-gnu.so" to ""
[2.702s] -- Installing: /workspace/BMI/install/interfaces/lib/libinterfaces__rosidl_generator_py.so
[2.702s] -- Set runtime path of "/workspace/BMI/install/interfaces/lib/libinterfaces__rosidl_generator_py.so" to ""
[2.702s] -- Up-to-date: /workspace/BMI/install/interfaces/share/interfaces/msg/Ir.idl
[2.702s] -- Up-to-date: /workspace/BMI/install/interfaces/share/interfaces/msg/Sample.idl
[2.702s] -- Up-to-date: /workspace/BMI/install/interfaces/share/interfaces/msg/State.idl
[2.702s] -- Installing: /workspace/BMI/install/interfaces/share/interfaces/srv/Decoder.idl
[2.702s] -- Up-to-date: /workspace/BMI/install/interfaces/share/interfaces/msg/Ir.msg
[2.702s] -- Up-to-date: /workspace/BMI/install/interfaces/share/interfaces/msg/Sample.msg
[2.702s] -- Up-to-date: /workspace/BMI/install/interfaces/share/interfaces/msg/State.msg
[2.702s] -- Installing: /workspace/BMI/install/interfaces/share/interfaces/srv/Decoder.srv
[2.702s] -- Installing: /workspace/BMI/install/interfaces/share/interfaces/srv/Decoder_Request.msg
[2.702s] -- Installing: /workspace/BMI/install/interfaces/share/interfaces/srv/Decoder_Response.msg
[2.702s] -- Up-to-date: /workspace/BMI/install/interfaces/share/ament_index/resource_index/package_run_dependencies/interfaces
[2.702s] -- Installing: /workspace/BMI/install/interfaces/share/ament_index/resource_index/parent_prefix_path/interfaces
[2.702s] -- Up-to-date: /workspace/BMI/install/interfaces/share/interfaces/environment/ament_prefix_path.sh
[2.702s] -- Installing: /workspace/BMI/install/interfaces/share/interfaces/environment/ament_prefix_path.dsv
[2.702s] -- Up-to-date: /workspace/BMI/install/interfaces/share/interfaces/environment/path.sh
[2.703s] -- Installing: /workspace/BMI/install/interfaces/share/interfaces/environment/path.dsv
[2.703s] -- Up-to-date: /workspace/BMI/install/interfaces/share/interfaces/local_setup.bash
[2.703s] -- Up-to-date: /workspace/BMI/install/interfaces/share/interfaces/local_setup.sh
[2.703s] -- Up-to-date: /workspace/BMI/install/interfaces/share/interfaces/local_setup.zsh
[2.703s] -- Installing: /workspace/BMI/install/interfaces/share/interfaces/local_setup.dsv
[2.703s] -- Installing: /workspace/BMI/install/interfaces/share/interfaces/package.dsv
[2.703s] -- Up-to-date: /workspace/BMI/install/interfaces/share/ament_index/resource_index/packages/interfaces
[2.703s] -- Up-to-date: /workspace/BMI/install/interfaces/share/interfaces/cmake/export_interfaces__rosidl_generator_cExport.cmake
[2.703s] -- Up-to-date: /workspace/BMI/install/interfaces/share/interfaces/cmake/export_interfaces__rosidl_generator_cExport-noconfig.cmake
[2.703s] -- Up-to-date: /workspace/BMI/install/interfaces/share/interfaces/cmake/export_interfaces__rosidl_typesupport_fastrtps_cExport.cmake
[2.703s] -- Up-to-date: /workspace/BMI/install/interfaces/share/interfaces/cmake/export_interfaces__rosidl_typesupport_fastrtps_cExport-noconfig.cmake
[2.703s] -- Up-to-date: /workspace/BMI/install/interfaces/share/interfaces/cmake/interfaces__rosidl_typesupport_introspection_cExport.cmake
[2.703s] -- Up-to-date: /workspace/BMI/install/interfaces/share/interfaces/cmake/interfaces__rosidl_typesupport_introspection_cExport-noconfig.cmake
[2.703s] -- Up-to-date: /workspace/BMI/install/interfaces/share/interfaces/cmake/interfaces__rosidl_typesupport_cExport.cmake
[2.703s] -- Up-to-date: /workspace/BMI/install/interfaces/share/interfaces/cmake/interfaces__rosidl_typesupport_cExport-noconfig.cmake
[2.703s] -- Up-to-date: /workspace/BMI/install/interfaces/share/interfaces/cmake/export_interfaces__rosidl_generator_cppExport.cmake
[2.703s] -- Up-to-date: /workspace/BMI/install/interfaces/share/interfaces/cmake/export_interfaces__rosidl_typesupport_fastrtps_cppExport.cmake
[2.704s] -- Up-to-date: /workspace/BMI/install/interfaces/share/interfaces/cmake/export_interfaces__rosidl_typesupport_fastrtps_cppExport-noconfig.cmake
[2.704s] -- Up-to-date: /workspace/BMI/install/interfaces/share/interfaces/cmake/interfaces__rosidl_typesupport_introspection_cppExport.cmake
[2.704s] -- Up-to-date: /workspace/BMI/install/interfaces/share/interfaces/cmake/interfaces__rosidl_typesupport_introspection_cppExport-noconfig.cmake
[2.704s] -- Up-to-date: /workspace/BMI/install/interfaces/share/interfaces/cmake/interfaces__rosidl_typesupport_cppExport.cmake
[2.704s] -- Up-to-date: /workspace/BMI/install/interfaces/share/interfaces/cmake/interfaces__rosidl_typesupport_cppExport-noconfig.cmake
[2.704s] -- Up-to-date: /workspace/BMI/install/interfaces/share/interfaces/cmake/export_interfaces__rosidl_generator_pyExport.cmake
[2.704s] -- Up-to-date: /workspace/BMI/install/interfaces/share/interfaces/cmake/export_interfaces__rosidl_generator_pyExport-noconfig.cmake
[2.704s] -- Installing: /workspace/BMI/install/interfaces/share/interfaces/cmake/rosidl_cmake-extras.cmake
[2.704s] -- Up-to-date: /workspace/BMI/install/interfaces/share/interfaces/cmake/ament_cmake_export_include_directories-extras.cmake
[2.704s] -- Up-to-date: /workspace/BMI/install/interfaces/share/interfaces/cmake/ament_cmake_export_libraries-extras.cmake
[2.704s] -- Up-to-date: /workspace/BMI/install/interfaces/share/interfaces/cmake/ament_cmake_export_targets-extras.cmake
[2.704s] -- Up-to-date: /workspace/BMI/install/interfaces/share/interfaces/cmake/rosidl_cmake_export_typesupport_targets-extras.cmake
[2.704s] -- Up-to-date: /workspace/BMI/install/interfaces/share/interfaces/cmake/ament_cmake_export_dependencies-extras.cmake
[2.704s] -- Up-to-date: /workspace/BMI/install/interfaces/share/interfaces/cmake/rosidl_cmake_export_typesupport_libraries-extras.cmake
[2.704s] -- Up-to-date: /workspace/BMI/install/interfaces/share/interfaces/cmake/interfacesConfig.cmake
[2.704s] -- Up-to-date: /workspace/BMI/install/interfaces/share/interfaces/cmake/interfacesConfig-version.cmake
[2.704s] -- Up-to-date: /workspace/BMI/install/interfaces/share/interfaces/package.xml
[2.706s] Invoked command in '/workspace/BMI/build/interfaces' returned '0': CMAKE_PREFIX_PATH=${CMAKE_PREFIX_PATH}:/workspace/BMI/install/test_pkg:/workspace/BMI/install/presenter:/workspace/BMI/install/neural_data_generator:/workspace/BMI/install/decoder:/opt/ros/humble /usr/bin/cmake --install /workspace/BMI/build/interfaces
