[0.198s] Invoking command in '/workspace/BMI/build/interfaces': CMAKE_PREFIX_PATH=${CMAKE_PREFIX_PATH}:/workspace/BMI/install/test_pkg:/workspace/BMI/install/state_reader:/workspace/BMI/install/presenter:/workspace/BMI/install/observation_reader:/workspace/BMI/install/neural_data_generator:/workspace/BMI/install/decoding_element:/workspace/BMI/install/decoder:/opt/ros/humble /usr/bin/cmake --build /workspace/BMI/build/interfaces -- -j20 -l20
[0.547s] -- Found ament_cmake: 1.3.2 (/opt/ros/humble/share/ament_cmake/cmake)
[0.547s] -- Found rosidl_default_generators: 1.2.0 (/opt/ros/humble/share/rosidl_default_generators/cmake)
[0.547s] -- Using all available rosidl_typesupport_c: rosidl_typesupport_fastrtps_c;rosidl_typesupport_introspection_c
[0.547s] -- Found rosidl_adapter: 3.1.3 (/opt/ros/humble/share/rosidl_adapter/cmake)
[0.547s] -- Using all available rosidl_typesupport_cpp: rosidl_typesupport_fastrtps_cpp;rosidl_typesupport_introspection_cpp
[0.547s] -- Found ament_cmake_ros: 0.10.0 (/opt/ros/humble/share/ament_cmake_ros/cmake)
[0.657s] -- Using all available rosidl_typesupport_c: rosidl_typesupport_fastrtps_c;rosidl_typesupport_introspection_c
[0.825s] -- Using all available rosidl_typesupport_cpp: rosidl_typesupport_fastrtps_cpp;rosidl_typesupport_introspection_cpp
[0.841s] -- Found python_cmake_module: 0.10.0 (/opt/ros/humble/share/python_cmake_module/cmake)
[0.857s] -- Using PYTHON_EXECUTABLE: /usr/bin/python3
[0.857s] -- Using PYTHON_INCLUDE_DIRS: /usr/include/python3.10
[0.857s] -- Using PYTHON_LIBRARIES: /usr/lib/x86_64-linux-gnu/libpython3.10.so
[0.866s] -- Found ament_lint_auto: 0.12.4 (/opt/ros/humble/share/ament_lint_auto/cmake)
[0.872s] -- Added test 'lint_cmake' to check CMake code style
[0.873s] -- Added test 'xmllint' to check XML markup files
[0.874s] -- Configuring done
[0.897s] -- Generating done
[0.899s] -- Build files have been written to: /workspace/BMI/build/interfaces
[0.913s] [  1%] [34m[1mGenerating C code for ROS interfaces[0m
[0.918s] [  2%] [34m[1mGenerating C++ code for ROS interfaces[0m
[0.924s] [  2%] Built target ament_cmake_python_copy_interfaces
[1.101s] running egg_info
[1.102s] writing interfaces.egg-info/PKG-INFO
[1.102s] writing dependency_links to interfaces.egg-info/dependency_links.txt
[1.102s] writing top-level names to interfaces.egg-info/top_level.txt
[1.103s] reading manifest file 'interfaces.egg-info/SOURCES.txt'
[1.104s] writing manifest file 'interfaces.egg-info/SOURCES.txt'
[1.120s] [  2%] Built target ament_cmake_python_build_interfaces_egg
[1.235s] [  2%] Built target interfaces__cpp
[1.241s] [  7%] [34m[1mGenerating C++ type support dispatch for ROS interfaces[0m
[1.241s] [  7%] [34m[1mGenerating C++ introspection for ROS interfaces[0m
[1.241s] [  7%] [34m[1mGenerating C++ type support for eProsima Fast-RTPS[0m
[1.264s] [35m[1mConsolidate compiler generated dependencies of target interfaces__rosidl_generator_c[0m
[1.272s] [ 15%] [32mBuilding C object CMakeFiles/interfaces__rosidl_generator_c.dir/rosidl_generator_c/interfaces/msg/detail/sample__functions.c.o[0m
[1.272s] [ 15%] [32mBuilding C object CMakeFiles/interfaces__rosidl_generator_c.dir/rosidl_generator_c/interfaces/msg/detail/state__functions.c.o[0m
[1.272s] [ 15%] [32mBuilding C object CMakeFiles/interfaces__rosidl_generator_c.dir/rosidl_generator_c/interfaces/msg/detail/decoder_element__functions.c.o[0m
[1.272s] [ 15%] [32mBuilding C object CMakeFiles/interfaces__rosidl_generator_c.dir/rosidl_generator_c/interfaces/srv/detail/decoder__functions.c.o[0m
[1.272s] [ 15%] [32mBuilding C object CMakeFiles/interfaces__rosidl_generator_c.dir/rosidl_generator_c/interfaces/msg/detail/ir__functions.c.o[0m
[1.272s] [ 15%] [32mBuilding C object CMakeFiles/interfaces__rosidl_generator_c.dir/rosidl_generator_c/interfaces/msg/detail/passive_observation__functions.c.o[0m
[1.307s] [ 16%] [32m[1mLinking C shared library libinterfaces__rosidl_generator_c.so[0m
[1.328s] [ 16%] Built target interfaces__rosidl_generator_c
[1.333s] [ 21%] [34m[1mGenerating C type support dispatch for ROS interfaces[0m
[1.333s] [ 21%] [34m[1mGenerating C introspection for ROS interfaces[0m
[1.333s] [ 21%] [34m[1mGenerating C type support for eProsima Fast-RTPS[0m
[1.454s] [35m[1mConsolidate compiler generated dependencies of target interfaces__rosidl_typesupport_cpp[0m
[1.463s] [ 23%] [32mBuilding CXX object CMakeFiles/interfaces__rosidl_typesupport_cpp.dir/rosidl_typesupport_cpp/interfaces/msg/state__type_support.cpp.o[0m
[1.463s] [ 23%] [32mBuilding CXX object CMakeFiles/interfaces__rosidl_typesupport_cpp.dir/rosidl_typesupport_cpp/interfaces/msg/ir__type_support.cpp.o[0m
[1.463s] [ 25%] [32mBuilding CXX object CMakeFiles/interfaces__rosidl_typesupport_cpp.dir/rosidl_typesupport_cpp/interfaces/msg/decoder_element__type_support.cpp.o[0m
[1.463s] [ 26%] [32mBuilding CXX object CMakeFiles/interfaces__rosidl_typesupport_cpp.dir/rosidl_typesupport_cpp/interfaces/msg/passive_observation__type_support.cpp.o[0m
[1.464s] [ 28%] [32mBuilding CXX object CMakeFiles/interfaces__rosidl_typesupport_cpp.dir/rosidl_typesupport_cpp/interfaces/msg/sample__type_support.cpp.o[0m
[1.465s] [ 29%] [32mBuilding CXX object CMakeFiles/interfaces__rosidl_typesupport_cpp.dir/rosidl_typesupport_cpp/interfaces/srv/decoder__type_support.cpp.o[0m
[1.501s] [35m[1mConsolidate compiler generated dependencies of target interfaces__rosidl_typesupport_introspection_cpp[0m
[1.513s] [ 36%] [32mBuilding CXX object CMakeFiles/interfaces__rosidl_typesupport_introspection_cpp.dir/rosidl_typesupport_introspection_cpp/interfaces/msg/detail/ir__type_support.cpp.o[0m
[1.513s] [ 36%] [32mBuilding CXX object CMakeFiles/interfaces__rosidl_typesupport_introspection_cpp.dir/rosidl_typesupport_introspection_cpp/interfaces/msg/detail/decoder_element__type_support.cpp.o[0m
[1.513s] [ 36%] [32mBuilding CXX object CMakeFiles/interfaces__rosidl_typesupport_introspection_cpp.dir/rosidl_typesupport_introspection_cpp/interfaces/msg/detail/sample__type_support.cpp.o[0m
[1.513s] [ 36%] [32mBuilding CXX object CMakeFiles/interfaces__rosidl_typesupport_introspection_cpp.dir/rosidl_typesupport_introspection_cpp/interfaces/msg/detail/state__type_support.cpp.o[0m
[1.513s] [ 36%] [32mBuilding CXX object CMakeFiles/interfaces__rosidl_typesupport_introspection_cpp.dir/rosidl_typesupport_introspection_cpp/interfaces/msg/detail/passive_observation__type_support.cpp.o[0m
[1.513s] [ 38%] [32mBuilding CXX object CMakeFiles/interfaces__rosidl_typesupport_introspection_cpp.dir/rosidl_typesupport_introspection_cpp/interfaces/srv/detail/decoder__type_support.cpp.o[0m
[1.555s] [35m[1mConsolidate compiler generated dependencies of target interfaces__rosidl_typesupport_fastrtps_cpp[0m
[1.566s] [35m[1mConsolidate compiler generated dependencies of target interfaces__rosidl_typesupport_c[0m
[1.570s] [ 43%] [32mBuilding CXX object CMakeFiles/interfaces__rosidl_typesupport_fastrtps_cpp.dir/rosidl_typesupport_fastrtps_cpp/interfaces/msg/detail/dds_fastrtps/state__type_support.cpp.o[0m
[1.570s] [ 43%] [32mBuilding CXX object CMakeFiles/interfaces__rosidl_typesupport_fastrtps_cpp.dir/rosidl_typesupport_fastrtps_cpp/interfaces/msg/detail/dds_fastrtps/ir__type_support.cpp.o[0m
[1.570s] [ 43%] [32mBuilding CXX object CMakeFiles/interfaces__rosidl_typesupport_fastrtps_cpp.dir/rosidl_typesupport_fastrtps_cpp/interfaces/msg/detail/dds_fastrtps/decoder_element__type_support.cpp.o[0m
[1.570s] [ 43%] [32mBuilding CXX object CMakeFiles/interfaces__rosidl_typesupport_fastrtps_cpp.dir/rosidl_typesupport_fastrtps_cpp/interfaces/msg/detail/dds_fastrtps/sample__type_support.cpp.o[0m
[1.577s] [ 45%] [32mBuilding CXX object CMakeFiles/interfaces__rosidl_typesupport_c.dir/rosidl_typesupport_c/interfaces/msg/ir__type_support.cpp.o[0m
[1.582s] [ 46%] [32mBuilding CXX object CMakeFiles/interfaces__rosidl_typesupport_fastrtps_cpp.dir/rosidl_typesupport_fastrtps_cpp/interfaces/msg/detail/dds_fastrtps/passive_observation__type_support.cpp.o[0m
[1.641s] [ 47%] [32mBuilding CXX object CMakeFiles/interfaces__rosidl_typesupport_c.dir/rosidl_typesupport_c/interfaces/msg/sample__type_support.cpp.o[0m
[1.673s] [ 49%] [32mBuilding CXX object CMakeFiles/interfaces__rosidl_typesupport_c.dir/rosidl_typesupport_c/interfaces/msg/state__type_support.cpp.o[0m
[1.704s] [ 50%] [32mBuilding CXX object CMakeFiles/interfaces__rosidl_typesupport_c.dir/rosidl_typesupport_c/interfaces/msg/decoder_element__type_support.cpp.o[0m
[1.717s] [ 52%] [32mBuilding CXX object CMakeFiles/interfaces__rosidl_typesupport_c.dir/rosidl_typesupport_c/interfaces/msg/passive_observation__type_support.cpp.o[0m
[1.719s] [ 53%] [32mBuilding CXX object CMakeFiles/interfaces__rosidl_typesupport_c.dir/rosidl_typesupport_c/interfaces/srv/decoder__type_support.cpp.o[0m
[1.720s] [35m[1mConsolidate compiler generated dependencies of target interfaces__rosidl_typesupport_introspection_c[0m
[1.732s] [ 54%] [32mBuilding C object CMakeFiles/interfaces__rosidl_typesupport_introspection_c.dir/rosidl_typesupport_introspection_c/interfaces/msg/detail/ir__type_support.c.o[0m
[1.739s] [ 56%] [32mBuilding C object CMakeFiles/interfaces__rosidl_typesupport_introspection_c.dir/rosidl_typesupport_introspection_c/interfaces/msg/detail/sample__type_support.c.o[0m
[1.745s] [ 57%] [32mBuilding C object CMakeFiles/interfaces__rosidl_typesupport_introspection_c.dir/rosidl_typesupport_introspection_c/interfaces/msg/detail/state__type_support.c.o[0m
[1.747s] [ 59%] [32mBuilding C object CMakeFiles/interfaces__rosidl_typesupport_introspection_c.dir/rosidl_typesupport_introspection_c/interfaces/msg/detail/decoder_element__type_support.c.o[0m
[1.750s] [ 60%] [32m[1mLinking CXX shared library libinterfaces__rosidl_typesupport_c.so[0m
[1.755s] [ 61%] [32mBuilding C object CMakeFiles/interfaces__rosidl_typesupport_introspection_c.dir/rosidl_typesupport_introspection_c/interfaces/msg/detail/passive_observation__type_support.c.o[0m
[1.757s] [35m[1mConsolidate compiler generated dependencies of target interfaces__rosidl_typesupport_fastrtps_c[0m
[1.760s] [ 64%] [32mBuilding C object CMakeFiles/interfaces__rosidl_typesupport_introspection_c.dir/rosidl_typesupport_introspection_c/interfaces/srv/detail/decoder__type_support.c.o[0m
[1.761s] [ 64%] [32m[1mLinking CXX shared library libinterfaces__rosidl_typesupport_cpp.so[0m
[1.772s] [ 66%] [32mBuilding CXX object CMakeFiles/interfaces__rosidl_typesupport_fastrtps_cpp.dir/rosidl_typesupport_fastrtps_cpp/interfaces/srv/detail/dds_fastrtps/decoder__type_support.cpp.o[0m
[1.783s] [ 67%] [32mBuilding CXX object CMakeFiles/interfaces__rosidl_typesupport_fastrtps_c.dir/rosidl_typesupport_fastrtps_c/interfaces/msg/detail/state__type_support_c.cpp.o[0m
[1.785s] [ 69%] [32mBuilding CXX object CMakeFiles/interfaces__rosidl_typesupport_fastrtps_c.dir/rosidl_typesupport_fastrtps_c/interfaces/msg/detail/ir__type_support_c.cpp.o[0m
[1.792s] [ 70%] [32mBuilding CXX object CMakeFiles/interfaces__rosidl_typesupport_fastrtps_c.dir/rosidl_typesupport_fastrtps_c/interfaces/msg/detail/sample__type_support_c.cpp.o[0m
[1.795s] [ 71%] [32mBuilding CXX object CMakeFiles/interfaces__rosidl_typesupport_fastrtps_c.dir/rosidl_typesupport_fastrtps_c/interfaces/msg/detail/decoder_element__type_support_c.cpp.o[0m
[1.795s] [ 71%] Built target interfaces__rosidl_typesupport_c
[1.795s] [ 73%] [32mBuilding CXX object CMakeFiles/interfaces__rosidl_typesupport_fastrtps_c.dir/rosidl_typesupport_fastrtps_c/interfaces/msg/detail/passive_observation__type_support_c.cpp.o[0m
[1.803s] [ 74%] [32m[1mLinking C shared library libinterfaces__rosidl_typesupport_introspection_c.so[0m
[1.803s] [ 76%] [32mBuilding CXX object CMakeFiles/interfaces__rosidl_typesupport_fastrtps_c.dir/rosidl_typesupport_fastrtps_c/interfaces/srv/detail/decoder__type_support_c.cpp.o[0m
[1.807s] [ 76%] Built target interfaces__rosidl_typesupport_cpp
[1.835s] [ 76%] Built target interfaces__rosidl_typesupport_introspection_c
[1.999s] [ 77%] [32m[1mLinking CXX shared library libinterfaces__rosidl_typesupport_introspection_cpp.so[0m
[2.064s] [ 77%] Built target interfaces__rosidl_typesupport_introspection_cpp
[2.141s] [ 78%] [32m[1mLinking CXX shared library libinterfaces__rosidl_typesupport_fastrtps_c.so[0m
[2.146s] [ 80%] [32m[1mLinking CXX shared library libinterfaces__rosidl_typesupport_fastrtps_cpp.so[0m
[2.185s] [ 80%] Built target interfaces__rosidl_typesupport_fastrtps_c
[2.192s] [ 80%] Built target interfaces__rosidl_typesupport_fastrtps_cpp
[2.202s] [ 80%] Built target interfaces
[2.211s] [ 81%] [34m[1mGenerating Python code for ROS interfaces[0m
[2.724s] [ 81%] Built target interfaces__py
[2.730s] [35m[1mConsolidate compiler generated dependencies of target interfaces__rosidl_generator_py[0m
[2.739s] [ 84%] [32mBuilding C object CMakeFiles/interfaces__rosidl_generator_py.dir/rosidl_generator_py/interfaces/msg/_ir_s.c.o[0m
[2.739s] [ 84%] [32mBuilding C object CMakeFiles/interfaces__rosidl_generator_py.dir/rosidl_generator_py/interfaces/msg/_sample_s.c.o[0m
[2.739s] [ 85%] [32mBuilding C object CMakeFiles/interfaces__rosidl_generator_py.dir/rosidl_generator_py/interfaces/msg/_state_s.c.o[0m
[2.739s] [ 88%] [32mBuilding C object CMakeFiles/interfaces__rosidl_generator_py.dir/rosidl_generator_py/interfaces/msg/_decoder_element_s.c.o[0m
[2.739s] [ 88%] [32mBuilding C object CMakeFiles/interfaces__rosidl_generator_py.dir/rosidl_generator_py/interfaces/msg/_passive_observation_s.c.o[0m
[2.740s] [ 90%] [32mBuilding C object CMakeFiles/interfaces__rosidl_generator_py.dir/rosidl_generator_py/interfaces/srv/_decoder_s.c.o[0m
[2.810s] [ 91%] [32m[1mLinking C shared library rosidl_generator_py/interfaces/libinterfaces__rosidl_generator_py.so[0m
[2.832s] [ 91%] Built target interfaces__rosidl_generator_py
[2.837s] [35m[1mConsolidate compiler generated dependencies of target interfaces__rosidl_typesupport_c__pyext[0m
[2.837s] [35m[1mConsolidate compiler generated dependencies of target interfaces__rosidl_typesupport_fastrtps_c__pyext[0m
[2.837s] [35m[1mConsolidate compiler generated dependencies of target interfaces__rosidl_typesupport_introspection_c__pyext[0m
[2.844s] [ 95%] [32mBuilding C object CMakeFiles/interfaces__rosidl_typesupport_introspection_c__pyext.dir/rosidl_generator_py/interfaces/_interfaces_s.ep.rosidl_typesupport_introspection_c.c.o[0m
[2.844s] [ 95%] [32mBuilding C object CMakeFiles/interfaces__rosidl_typesupport_c__pyext.dir/rosidl_generator_py/interfaces/_interfaces_s.ep.rosidl_typesupport_c.c.o[0m
[2.844s] [ 95%] [32mBuilding C object CMakeFiles/interfaces__rosidl_typesupport_fastrtps_c__pyext.dir/rosidl_generator_py/interfaces/_interfaces_s.ep.rosidl_typesupport_fastrtps_c.c.o[0m
[2.912s] [ 98%] [32m[1mLinking C shared library rosidl_generator_py/interfaces/interfaces_s__rosidl_typesupport_c.cpython-310-x86_64-linux-gnu.so[0m
[2.912s] [ 98%] [32m[1mLinking C shared library rosidl_generator_py/interfaces/interfaces_s__rosidl_typesupport_introspection_c.cpython-310-x86_64-linux-gnu.so[0m
[2.912s] [100%] [32m[1mLinking C shared library rosidl_generator_py/interfaces/interfaces_s__rosidl_typesupport_fastrtps_c.cpython-310-x86_64-linux-gnu.so[0m
[2.930s] [100%] Built target interfaces__rosidl_typesupport_c__pyext
[2.930s] [100%] Built target interfaces__rosidl_typesupport_introspection_c__pyext
[2.930s] [100%] Built target interfaces__rosidl_typesupport_fastrtps_c__pyext
[2.937s] Invoked command in '/workspace/BMI/build/interfaces' returned '0': CMAKE_PREFIX_PATH=${CMAKE_PREFIX_PATH}:/workspace/BMI/install/test_pkg:/workspace/BMI/install/state_reader:/workspace/BMI/install/presenter:/workspace/BMI/install/observation_reader:/workspace/BMI/install/neural_data_generator:/workspace/BMI/install/decoding_element:/workspace/BMI/install/decoder:/opt/ros/humble /usr/bin/cmake --build /workspace/BMI/build/interfaces -- -j20 -l20
[3.004s] Invoking command in '/workspace/BMI/build/interfaces': CMAKE_PREFIX_PATH=${CMAKE_PREFIX_PATH}:/workspace/BMI/install/test_pkg:/workspace/BMI/install/state_reader:/workspace/BMI/install/presenter:/workspace/BMI/install/observation_reader:/workspace/BMI/install/neural_data_generator:/workspace/BMI/install/decoding_element:/workspace/BMI/install/decoder:/opt/ros/humble /usr/bin/cmake --install /workspace/BMI/build/interfaces
[3.008s] -- Install configuration: ""
[3.008s] -- Up-to-date: /workspace/BMI/install/interfaces/share/ament_index/resource_index/rosidl_interfaces/interfaces
[3.008s] -- Up-to-date: /workspace/BMI/install/interfaces/include/interfaces/interfaces
[3.008s] -- Up-to-date: /workspace/BMI/install/interfaces/include/interfaces/interfaces/msg
[3.009s] -- Up-to-date: /workspace/BMI/install/interfaces/include/interfaces/interfaces/msg/rosidl_generator_c__visibility_control.h
[3.009s] -- Installing: /workspace/BMI/install/interfaces/include/interfaces/interfaces/msg/state.h
[3.009s] -- Installing: /workspace/BMI/install/interfaces/include/interfaces/interfaces/msg/decoder_element.h
[3.009s] -- Up-to-date: /workspace/BMI/install/interfaces/include/interfaces/interfaces/msg/num.h
[3.009s] -- Installing: /workspace/BMI/install/interfaces/include/interfaces/interfaces/msg/sample.h
[3.009s] -- Up-to-date: /workspace/BMI/install/interfaces/include/interfaces/interfaces/msg/detail
[3.009s] -- Installing: /workspace/BMI/install/interfaces/include/interfaces/interfaces/msg/detail/state__struct.h
[3.009s] -- Installing: /workspace/BMI/install/interfaces/include/interfaces/interfaces/msg/detail/decoder_element__functions.c
[3.009s] -- Installing: /workspace/BMI/install/interfaces/include/interfaces/interfaces/msg/detail/ir__functions.h
[3.009s] -- Installing: /workspace/BMI/install/interfaces/include/interfaces/interfaces/msg/detail/decoder_element__struct.h
[3.009s] -- Up-to-date: /workspace/BMI/install/interfaces/include/interfaces/interfaces/msg/detail/num__type_support.h
[3.009s] -- Installing: /workspace/BMI/install/interfaces/include/interfaces/interfaces/msg/detail/passive_observation__type_support.h
[3.009s] -- Installing: /workspace/BMI/install/interfaces/include/interfaces/interfaces/msg/detail/ir__type_support.h
[3.009s] -- Installing: /workspace/BMI/install/interfaces/include/interfaces/interfaces/msg/detail/state__type_support.h
[3.009s] -- Installing: /workspace/BMI/install/interfaces/include/interfaces/interfaces/msg/detail/ir__struct.h
[3.009s] -- Installing: /workspace/BMI/install/interfaces/include/interfaces/interfaces/msg/detail/passive_observation__functions.c
[3.009s] -- Up-to-date: /workspace/BMI/install/interfaces/include/interfaces/interfaces/msg/detail/num__struct.h
[3.009s] -- Installing: /workspace/BMI/install/interfaces/include/interfaces/interfaces/msg/detail/sample__functions.h
[3.010s] -- Installing: /workspace/BMI/install/interfaces/include/interfaces/interfaces/msg/detail/sample__type_support.h
[3.010s] -- Installing: /workspace/BMI/install/interfaces/include/interfaces/interfaces/msg/detail/passive_observation__functions.h
[3.010s] -- Installing: /workspace/BMI/install/interfaces/include/interfaces/interfaces/msg/detail/state__functions.h
[3.010s] -- Installing: /workspace/BMI/install/interfaces/include/interfaces/interfaces/msg/detail/state__functions.c
[3.010s] -- Up-to-date: /workspace/BMI/install/interfaces/include/interfaces/interfaces/msg/detail/num__functions.h
[3.010s] -- Installing: /workspace/BMI/install/interfaces/include/interfaces/interfaces/msg/detail/decoder_element__type_support.h
[3.010s] -- Installing: /workspace/BMI/install/interfaces/include/interfaces/interfaces/msg/detail/passive_observation__struct.h
[3.010s] -- Installing: /workspace/BMI/install/interfaces/include/interfaces/interfaces/msg/detail/sample__functions.c
[3.010s] -- Installing: /workspace/BMI/install/interfaces/include/interfaces/interfaces/msg/detail/sample__struct.h
[3.010s] -- Up-to-date: /workspace/BMI/install/interfaces/include/interfaces/interfaces/msg/detail/num__functions.c
[3.010s] -- Installing: /workspace/BMI/install/interfaces/include/interfaces/interfaces/msg/detail/decoder_element__functions.h
[3.010s] -- Installing: /workspace/BMI/install/interfaces/include/interfaces/interfaces/msg/detail/ir__functions.c
[3.010s] -- Installing: /workspace/BMI/install/interfaces/include/interfaces/interfaces/msg/ir.h
[3.010s] -- Installing: /workspace/BMI/install/interfaces/include/interfaces/interfaces/msg/passive_observation.h
[3.010s] -- Up-to-date: /workspace/BMI/install/interfaces/include/interfaces/interfaces/srv
[3.010s] -- Installing: /workspace/BMI/install/interfaces/include/interfaces/interfaces/srv/decoder.h
[3.010s] -- Up-to-date: /workspace/BMI/install/interfaces/include/interfaces/interfaces/srv/detail
[3.010s] -- Installing: /workspace/BMI/install/interfaces/include/interfaces/interfaces/srv/detail/decoder__type_support.h
[3.010s] -- Installing: /workspace/BMI/install/interfaces/include/interfaces/interfaces/srv/detail/decoder__functions.h
[3.011s] -- Installing: /workspace/BMI/install/interfaces/include/interfaces/interfaces/srv/detail/decoder__functions.c
[3.011s] -- Installing: /workspace/BMI/install/interfaces/include/interfaces/interfaces/srv/detail/decoder__struct.h
[3.011s] -- Up-to-date: /workspace/BMI/install/interfaces/share/interfaces/environment/library_path.sh
[3.011s] -- Installing: /workspace/BMI/install/interfaces/share/interfaces/environment/library_path.dsv
[3.011s] -- Installing: /workspace/BMI/install/interfaces/lib/libinterfaces__rosidl_generator_c.so
[3.011s] -- Set runtime path of "/workspace/BMI/install/interfaces/lib/libinterfaces__rosidl_generator_c.so" to ""
[3.011s] -- Up-to-date: /workspace/BMI/install/interfaces/include/interfaces/interfaces
[3.011s] -- Up-to-date: /workspace/BMI/install/interfaces/include/interfaces/interfaces/msg
[3.011s] -- Up-to-date: /workspace/BMI/install/interfaces/include/interfaces/interfaces/msg/detail
[3.011s] -- Installing: /workspace/BMI/install/interfaces/include/interfaces/interfaces/msg/detail/sample__rosidl_typesupport_fastrtps_c.h
[3.011s] -- Installing: /workspace/BMI/install/interfaces/include/interfaces/interfaces/msg/detail/passive_observation__rosidl_typesupport_fastrtps_c.h
[3.011s] -- Up-to-date: /workspace/BMI/install/interfaces/include/interfaces/interfaces/msg/detail/num__rosidl_typesupport_fastrtps_c.h
[3.011s] -- Installing: /workspace/BMI/install/interfaces/include/interfaces/interfaces/msg/detail/ir__rosidl_typesupport_fastrtps_c.h
[3.011s] -- Installing: /workspace/BMI/install/interfaces/include/interfaces/interfaces/msg/detail/state__rosidl_typesupport_fastrtps_c.h
[3.011s] -- Installing: /workspace/BMI/install/interfaces/include/interfaces/interfaces/msg/detail/decoder_element__rosidl_typesupport_fastrtps_c.h
[3.011s] -- Up-to-date: /workspace/BMI/install/interfaces/include/interfaces/interfaces/msg/rosidl_typesupport_fastrtps_c__visibility_control.h
[3.011s] -- Up-to-date: /workspace/BMI/install/interfaces/include/interfaces/interfaces/srv
[3.011s] -- Up-to-date: /workspace/BMI/install/interfaces/include/interfaces/interfaces/srv/detail
[3.011s] -- Installing: /workspace/BMI/install/interfaces/include/interfaces/interfaces/srv/detail/decoder__rosidl_typesupport_fastrtps_c.h
[3.012s] -- Installing: /workspace/BMI/install/interfaces/lib/libinterfaces__rosidl_typesupport_fastrtps_c.so
[3.012s] -- Set runtime path of "/workspace/BMI/install/interfaces/lib/libinterfaces__rosidl_typesupport_fastrtps_c.so" to ""
[3.012s] -- Up-to-date: /workspace/BMI/install/interfaces/include/interfaces/interfaces
[3.012s] -- Up-to-date: /workspace/BMI/install/interfaces/include/interfaces/interfaces/msg
[3.012s] -- Up-to-date: /workspace/BMI/install/interfaces/include/interfaces/interfaces/msg/rosidl_typesupport_introspection_c__visibility_control.h
[3.012s] -- Up-to-date: /workspace/BMI/install/interfaces/include/interfaces/interfaces/msg/detail
[3.012s] -- Installing: /workspace/BMI/install/interfaces/include/interfaces/interfaces/msg/detail/decoder_element__type_support.c
[3.012s] -- Installing: /workspace/BMI/install/interfaces/include/interfaces/interfaces/msg/detail/ir__type_support.c
[3.012s] -- Up-to-date: /workspace/BMI/install/interfaces/include/interfaces/interfaces/msg/detail/num__rosidl_typesupport_introspection_c.h
[3.012s] -- Installing: /workspace/BMI/install/interfaces/include/interfaces/interfaces/msg/detail/sample__rosidl_typesupport_introspection_c.h
[3.012s] -- Installing: /workspace/BMI/install/interfaces/include/interfaces/interfaces/msg/detail/decoder_element__rosidl_typesupport_introspection_c.h
[3.012s] -- Installing: /workspace/BMI/install/interfaces/include/interfaces/interfaces/msg/detail/state__type_support.c
[3.012s] -- Installing: /workspace/BMI/install/interfaces/include/interfaces/interfaces/msg/detail/ir__rosidl_typesupport_introspection_c.h
[3.012s] -- Up-to-date: /workspace/BMI/install/interfaces/include/interfaces/interfaces/msg/detail/num__type_support.c
[3.012s] -- Installing: /workspace/BMI/install/interfaces/include/interfaces/interfaces/msg/detail/sample__type_support.c
[3.012s] -- Installing: /workspace/BMI/install/interfaces/include/interfaces/interfaces/msg/detail/state__rosidl_typesupport_introspection_c.h
[3.012s] -- Installing: /workspace/BMI/install/interfaces/include/interfaces/interfaces/msg/detail/passive_observation__type_support.c
[3.012s] -- Installing: /workspace/BMI/install/interfaces/include/interfaces/interfaces/msg/detail/passive_observation__rosidl_typesupport_introspection_c.h
[3.012s] -- Up-to-date: /workspace/BMI/install/interfaces/include/interfaces/interfaces/srv
[3.013s] -- Up-to-date: /workspace/BMI/install/interfaces/include/interfaces/interfaces/srv/detail
[3.013s] -- Installing: /workspace/BMI/install/interfaces/include/interfaces/interfaces/srv/detail/decoder__type_support.c
[3.013s] -- Installing: /workspace/BMI/install/interfaces/include/interfaces/interfaces/srv/detail/decoder__rosidl_typesupport_introspection_c.h
[3.013s] -- Installing: /workspace/BMI/install/interfaces/lib/libinterfaces__rosidl_typesupport_introspection_c.so
[3.013s] -- Set runtime path of "/workspace/BMI/install/interfaces/lib/libinterfaces__rosidl_typesupport_introspection_c.so" to ""
[3.013s] -- Installing: /workspace/BMI/install/interfaces/lib/libinterfaces__rosidl_typesupport_c.so
[3.013s] -- Set runtime path of "/workspace/BMI/install/interfaces/lib/libinterfaces__rosidl_typesupport_c.so" to ""
[3.013s] -- Up-to-date: /workspace/BMI/install/interfaces/include/interfaces/interfaces
[3.013s] -- Up-to-date: /workspace/BMI/install/interfaces/include/interfaces/interfaces/msg
[3.013s] -- Installing: /workspace/BMI/install/interfaces/include/interfaces/interfaces/msg/ir.hpp
[3.013s] -- Installing: /workspace/BMI/install/interfaces/include/interfaces/interfaces/msg/decoder_element.hpp
[3.013s] -- Installing: /workspace/BMI/install/interfaces/include/interfaces/interfaces/msg/state.hpp
[3.013s] -- Up-to-date: /workspace/BMI/install/interfaces/include/interfaces/interfaces/msg/detail
[3.013s] -- Up-to-date: /workspace/BMI/install/interfaces/include/interfaces/interfaces/msg/detail/num__builder.hpp
[3.013s] -- Installing: /workspace/BMI/install/interfaces/include/interfaces/interfaces/msg/detail/passive_observation__struct.hpp
[3.013s] -- Installing: /workspace/BMI/install/interfaces/include/interfaces/interfaces/msg/detail/decoder_element__traits.hpp
[3.013s] -- Installing: /workspace/BMI/install/interfaces/include/interfaces/interfaces/msg/detail/sample__traits.hpp
[3.013s] -- Installing: /workspace/BMI/install/interfaces/include/interfaces/interfaces/msg/detail/state__traits.hpp
[3.013s] -- Up-to-date: /workspace/BMI/install/interfaces/include/interfaces/interfaces/msg/detail/num__traits.hpp
[3.014s] -- Installing: /workspace/BMI/install/interfaces/include/interfaces/interfaces/msg/detail/ir__traits.hpp
[3.014s] -- Installing: /workspace/BMI/install/interfaces/include/interfaces/interfaces/msg/detail/ir__builder.hpp
[3.014s] -- Up-to-date: /workspace/BMI/install/interfaces/include/interfaces/interfaces/msg/detail/num__struct.hpp
[3.014s] -- Installing: /workspace/BMI/install/interfaces/include/interfaces/interfaces/msg/detail/sample__builder.hpp
[3.014s] -- Installing: /workspace/BMI/install/interfaces/include/interfaces/interfaces/msg/detail/decoder_element__struct.hpp
[3.014s] -- Installing: /workspace/BMI/install/interfaces/include/interfaces/interfaces/msg/detail/state__struct.hpp
[3.014s] -- Installing: /workspace/BMI/install/interfaces/include/interfaces/interfaces/msg/detail/decoder_element__builder.hpp
[3.014s] -- Installing: /workspace/BMI/install/interfaces/include/interfaces/interfaces/msg/detail/state__builder.hpp
[3.014s] -- Installing: /workspace/BMI/install/interfaces/include/interfaces/interfaces/msg/detail/ir__struct.hpp
[3.014s] -- Installing: /workspace/BMI/install/interfaces/include/interfaces/interfaces/msg/detail/sample__struct.hpp
[3.014s] -- Installing: /workspace/BMI/install/interfaces/include/interfaces/interfaces/msg/detail/passive_observation__builder.hpp
[3.014s] -- Installing: /workspace/BMI/install/interfaces/include/interfaces/interfaces/msg/detail/passive_observation__traits.hpp
[3.014s] -- Up-to-date: /workspace/BMI/install/interfaces/include/interfaces/interfaces/msg/num.hpp
[3.014s] -- Installing: /workspace/BMI/install/interfaces/include/interfaces/interfaces/msg/sample.hpp
[3.014s] -- Installing: /workspace/BMI/install/interfaces/include/interfaces/interfaces/msg/passive_observation.hpp
[3.014s] -- Up-to-date: /workspace/BMI/install/interfaces/include/interfaces/interfaces/srv
[3.014s] -- Installing: /workspace/BMI/install/interfaces/include/interfaces/interfaces/srv/decoder.hpp
[3.014s] -- Up-to-date: /workspace/BMI/install/interfaces/include/interfaces/interfaces/srv/detail
[3.015s] -- Installing: /workspace/BMI/install/interfaces/include/interfaces/interfaces/srv/detail/decoder__struct.hpp
[3.015s] -- Installing: /workspace/BMI/install/interfaces/include/interfaces/interfaces/srv/detail/decoder__traits.hpp
[3.015s] -- Installing: /workspace/BMI/install/interfaces/include/interfaces/interfaces/srv/detail/decoder__builder.hpp
[3.015s] -- Up-to-date: /workspace/BMI/install/interfaces/include/interfaces/interfaces
[3.015s] -- Up-to-date: /workspace/BMI/install/interfaces/include/interfaces/interfaces/msg
[3.015s] -- Up-to-date: /workspace/BMI/install/interfaces/include/interfaces/interfaces/msg/rosidl_typesupport_fastrtps_cpp__visibility_control.h
[3.015s] -- Up-to-date: /workspace/BMI/install/interfaces/include/interfaces/interfaces/msg/detail
[3.015s] -- Installing: /workspace/BMI/install/interfaces/include/interfaces/interfaces/msg/detail/decoder_element__rosidl_typesupport_fastrtps_cpp.hpp
[3.015s] -- Installing: /workspace/BMI/install/interfaces/include/interfaces/interfaces/msg/detail/passive_observation__rosidl_typesupport_fastrtps_cpp.hpp
[3.015s] -- Up-to-date: /workspace/BMI/install/interfaces/include/interfaces/interfaces/msg/detail/num__rosidl_typesupport_fastrtps_cpp.hpp
[3.015s] -- Installing: /workspace/BMI/install/interfaces/include/interfaces/interfaces/msg/detail/ir__rosidl_typesupport_fastrtps_cpp.hpp
[3.015s] -- Up-to-date: /workspace/BMI/install/interfaces/include/interfaces/interfaces/msg/detail/dds_fastrtps
[3.015s] -- Installing: /workspace/BMI/install/interfaces/include/interfaces/interfaces/msg/detail/sample__rosidl_typesupport_fastrtps_cpp.hpp
[3.015s] -- Installing: /workspace/BMI/install/interfaces/include/interfaces/interfaces/msg/detail/state__rosidl_typesupport_fastrtps_cpp.hpp
[3.015s] -- Up-to-date: /workspace/BMI/install/interfaces/include/interfaces/interfaces/srv
[3.015s] -- Up-to-date: /workspace/BMI/install/interfaces/include/interfaces/interfaces/srv/detail
[3.015s] -- Up-to-date: /workspace/BMI/install/interfaces/include/interfaces/interfaces/srv/detail/dds_fastrtps
[3.015s] -- Installing: /workspace/BMI/install/interfaces/include/interfaces/interfaces/srv/detail/decoder__rosidl_typesupport_fastrtps_cpp.hpp
[3.015s] -- Installing: /workspace/BMI/install/interfaces/lib/libinterfaces__rosidl_typesupport_fastrtps_cpp.so
[3.016s] -- Set runtime path of "/workspace/BMI/install/interfaces/lib/libinterfaces__rosidl_typesupport_fastrtps_cpp.so" to ""
[3.016s] -- Up-to-date: /workspace/BMI/install/interfaces/include/interfaces/interfaces
[3.016s] -- Up-to-date: /workspace/BMI/install/interfaces/include/interfaces/interfaces/msg
[3.016s] -- Up-to-date: /workspace/BMI/install/interfaces/include/interfaces/interfaces/msg/detail
[3.016s] -- Installing: /workspace/BMI/install/interfaces/include/interfaces/interfaces/msg/detail/ir__type_support.cpp
[3.016s] -- Installing: /workspace/BMI/install/interfaces/include/interfaces/interfaces/msg/detail/ir__rosidl_typesupport_introspection_cpp.hpp
[3.016s] -- Installing: /workspace/BMI/install/interfaces/include/interfaces/interfaces/msg/detail/sample__type_support.cpp
[3.016s] -- Installing: /workspace/BMI/install/interfaces/include/interfaces/interfaces/msg/detail/passive_observation__rosidl_typesupport_introspection_cpp.hpp
[3.016s] -- Installing: /workspace/BMI/install/interfaces/include/interfaces/interfaces/msg/detail/passive_observation__type_support.cpp
[3.016s] -- Installing: /workspace/BMI/install/interfaces/include/interfaces/interfaces/msg/detail/decoder_element__rosidl_typesupport_introspection_cpp.hpp
[3.016s] -- Installing: /workspace/BMI/install/interfaces/include/interfaces/interfaces/msg/detail/state__type_support.cpp
[3.016s] -- Installing: /workspace/BMI/install/interfaces/include/interfaces/interfaces/msg/detail/state__rosidl_typesupport_introspection_cpp.hpp
[3.016s] -- Up-to-date: /workspace/BMI/install/interfaces/include/interfaces/interfaces/msg/detail/num__rosidl_typesupport_introspection_cpp.hpp
[3.016s] -- Up-to-date: /workspace/BMI/install/interfaces/include/interfaces/interfaces/msg/detail/num__type_support.cpp
[3.016s] -- Installing: /workspace/BMI/install/interfaces/include/interfaces/interfaces/msg/detail/sample__rosidl_typesupport_introspection_cpp.hpp
[3.016s] -- Installing: /workspace/BMI/install/interfaces/include/interfaces/interfaces/msg/detail/decoder_element__type_support.cpp
[3.016s] -- Up-to-date: /workspace/BMI/install/interfaces/include/interfaces/interfaces/srv
[3.016s] -- Up-to-date: /workspace/BMI/install/interfaces/include/interfaces/interfaces/srv/detail
[3.016s] -- Installing: /workspace/BMI/install/interfaces/include/interfaces/interfaces/srv/detail/decoder__type_support.cpp
[3.016s] -- Installing: /workspace/BMI/install/interfaces/include/interfaces/interfaces/srv/detail/decoder__rosidl_typesupport_introspection_cpp.hpp
[3.017s] -- Installing: /workspace/BMI/install/interfaces/lib/libinterfaces__rosidl_typesupport_introspection_cpp.so
[3.017s] -- Set runtime path of "/workspace/BMI/install/interfaces/lib/libinterfaces__rosidl_typesupport_introspection_cpp.so" to ""
[3.017s] -- Installing: /workspace/BMI/install/interfaces/lib/libinterfaces__rosidl_typesupport_cpp.so
[3.017s] -- Set runtime path of "/workspace/BMI/install/interfaces/lib/libinterfaces__rosidl_typesupport_cpp.so" to ""
[3.017s] -- Up-to-date: /workspace/BMI/install/interfaces/share/interfaces/environment/pythonpath.sh
[3.017s] -- Installing: /workspace/BMI/install/interfaces/share/interfaces/environment/pythonpath.dsv
[3.017s] -- Up-to-date: /workspace/BMI/install/interfaces/local/lib/python3.10/dist-packages/interfaces-0.0.0-py3.10.egg-info
[3.017s] -- Installing: /workspace/BMI/install/interfaces/local/lib/python3.10/dist-packages/interfaces-0.0.0-py3.10.egg-info/PKG-INFO
[3.017s] -- Installing: /workspace/BMI/install/interfaces/local/lib/python3.10/dist-packages/interfaces-0.0.0-py3.10.egg-info/dependency_links.txt
[3.017s] -- Installing: /workspace/BMI/install/interfaces/local/lib/python3.10/dist-packages/interfaces-0.0.0-py3.10.egg-info/top_level.txt
[3.017s] -- Installing: /workspace/BMI/install/interfaces/local/lib/python3.10/dist-packages/interfaces-0.0.0-py3.10.egg-info/SOURCES.txt
[3.017s] -- Up-to-date: /workspace/BMI/install/interfaces/local/lib/python3.10/dist-packages/interfaces
[3.017s] -- Up-to-date: /workspace/BMI/install/interfaces/local/lib/python3.10/dist-packages/interfaces/msg
[3.017s] -- Installing: /workspace/BMI/install/interfaces/local/lib/python3.10/dist-packages/interfaces/msg/_decoder_element.py
[3.017s] -- Installing: /workspace/BMI/install/interfaces/local/lib/python3.10/dist-packages/interfaces/msg/_ir_s.c
[3.017s] -- Installing: /workspace/BMI/install/interfaces/local/lib/python3.10/dist-packages/interfaces/msg/_ir.py
[3.017s] -- Installing: /workspace/BMI/install/interfaces/local/lib/python3.10/dist-packages/interfaces/msg/_passive_observation.py
[3.017s] -- Installing: /workspace/BMI/install/interfaces/local/lib/python3.10/dist-packages/interfaces/msg/_state.py
[3.017s] -- Installing: /workspace/BMI/install/interfaces/local/lib/python3.10/dist-packages/interfaces/msg/_state_s.c
[3.018s] -- Installing: /workspace/BMI/install/interfaces/local/lib/python3.10/dist-packages/interfaces/msg/_sample_s.c
[3.018s] -- Installing: /workspace/BMI/install/interfaces/local/lib/python3.10/dist-packages/interfaces/msg/__init__.py
[3.018s] -- Installing: /workspace/BMI/install/interfaces/local/lib/python3.10/dist-packages/interfaces/msg/_decoder_element_s.c
[3.018s] -- Up-to-date: /workspace/BMI/install/interfaces/local/lib/python3.10/dist-packages/interfaces/msg/_num.py
[3.018s] -- Installing: /workspace/BMI/install/interfaces/local/lib/python3.10/dist-packages/interfaces/msg/_passive_observation_s.c
[3.018s] -- Up-to-date: /workspace/BMI/install/interfaces/local/lib/python3.10/dist-packages/interfaces/msg/_num_s.c
[3.018s] -- Installing: /workspace/BMI/install/interfaces/local/lib/python3.10/dist-packages/interfaces/msg/_sample.py
[3.018s] -- Installing: /workspace/BMI/install/interfaces/local/lib/python3.10/dist-packages/interfaces/_interfaces_s.ep.rosidl_typesupport_fastrtps_c.c
[3.018s] -- Up-to-date: /workspace/BMI/install/interfaces/local/lib/python3.10/dist-packages/interfaces/srv
[3.018s] -- Installing: /workspace/BMI/install/interfaces/local/lib/python3.10/dist-packages/interfaces/srv/_decoder.py
[3.018s] -- Installing: /workspace/BMI/install/interfaces/local/lib/python3.10/dist-packages/interfaces/srv/_decoder_s.c
[3.018s] -- Installing: /workspace/BMI/install/interfaces/local/lib/python3.10/dist-packages/interfaces/srv/__init__.py
[3.018s] -- Installing: /workspace/BMI/install/interfaces/local/lib/python3.10/dist-packages/interfaces/libinterfaces__rosidl_generator_py.so
[3.018s] -- Installing: /workspace/BMI/install/interfaces/local/lib/python3.10/dist-packages/interfaces/interfaces_s__rosidl_typesupport_introspection_c.cpython-310-x86_64-linux-gnu.so
[3.018s] -- Installing: /workspace/BMI/install/interfaces/local/lib/python3.10/dist-packages/interfaces/interfaces_s__rosidl_typesupport_c.cpython-310-x86_64-linux-gnu.so
[3.018s] -- Installing: /workspace/BMI/install/interfaces/local/lib/python3.10/dist-packages/interfaces/_interfaces_s.ep.rosidl_typesupport_c.c
[3.018s] -- Installing: /workspace/BMI/install/interfaces/local/lib/python3.10/dist-packages/interfaces/__init__.py
[3.019s] -- Installing: /workspace/BMI/install/interfaces/local/lib/python3.10/dist-packages/interfaces/interfaces_s__rosidl_typesupport_fastrtps_c.cpython-310-x86_64-linux-gnu.so
[3.019s] -- Installing: /workspace/BMI/install/interfaces/local/lib/python3.10/dist-packages/interfaces/_interfaces_s.ep.rosidl_typesupport_introspection_c.c
[3.047s] Listing '/workspace/BMI/install/interfaces/local/lib/python3.10/dist-packages/interfaces'...
[3.047s] Compiling '/workspace/BMI/install/interfaces/local/lib/python3.10/dist-packages/interfaces/__init__.py'...
[3.047s] Listing '/workspace/BMI/install/interfaces/local/lib/python3.10/dist-packages/interfaces/msg'...
[3.047s] Compiling '/workspace/BMI/install/interfaces/local/lib/python3.10/dist-packages/interfaces/msg/__init__.py'...
[3.047s] Compiling '/workspace/BMI/install/interfaces/local/lib/python3.10/dist-packages/interfaces/msg/_decoder_element.py'...
[3.047s] Compiling '/workspace/BMI/install/interfaces/local/lib/python3.10/dist-packages/interfaces/msg/_ir.py'...
[3.047s] Compiling '/workspace/BMI/install/interfaces/local/lib/python3.10/dist-packages/interfaces/msg/_passive_observation.py'...
[3.047s] Compiling '/workspace/BMI/install/interfaces/local/lib/python3.10/dist-packages/interfaces/msg/_sample.py'...
[3.047s] Compiling '/workspace/BMI/install/interfaces/local/lib/python3.10/dist-packages/interfaces/msg/_state.py'...
[3.047s] Listing '/workspace/BMI/install/interfaces/local/lib/python3.10/dist-packages/interfaces/srv'...
[3.047s] Compiling '/workspace/BMI/install/interfaces/local/lib/python3.10/dist-packages/interfaces/srv/__init__.py'...
[3.047s] Compiling '/workspace/BMI/install/interfaces/local/lib/python3.10/dist-packages/interfaces/srv/_decoder.py'...
[3.049s] -- Installing: /workspace/BMI/install/interfaces/local/lib/python3.10/dist-packages/interfaces/interfaces_s__rosidl_typesupport_fastrtps_c.cpython-310-x86_64-linux-gnu.so
[3.049s] -- Set runtime path of "/workspace/BMI/install/interfaces/local/lib/python3.10/dist-packages/interfaces/interfaces_s__rosidl_typesupport_fastrtps_c.cpython-310-x86_64-linux-gnu.so" to ""
[3.049s] -- Installing: /workspace/BMI/install/interfaces/local/lib/python3.10/dist-packages/interfaces/interfaces_s__rosidl_typesupport_introspection_c.cpython-310-x86_64-linux-gnu.so
[3.050s] -- Set runtime path of "/workspace/BMI/install/interfaces/local/lib/python3.10/dist-packages/interfaces/interfaces_s__rosidl_typesupport_introspection_c.cpython-310-x86_64-linux-gnu.so" to ""
[3.050s] -- Installing: /workspace/BMI/install/interfaces/local/lib/python3.10/dist-packages/interfaces/interfaces_s__rosidl_typesupport_c.cpython-310-x86_64-linux-gnu.so
[3.050s] -- Set runtime path of "/workspace/BMI/install/interfaces/local/lib/python3.10/dist-packages/interfaces/interfaces_s__rosidl_typesupport_c.cpython-310-x86_64-linux-gnu.so" to ""
[3.050s] -- Installing: /workspace/BMI/install/interfaces/lib/libinterfaces__rosidl_generator_py.so
[3.050s] -- Set runtime path of "/workspace/BMI/install/interfaces/lib/libinterfaces__rosidl_generator_py.so" to ""
[3.050s] -- Up-to-date: /workspace/BMI/install/interfaces/share/interfaces/msg/Ir.idl
[3.050s] -- Up-to-date: /workspace/BMI/install/interfaces/share/interfaces/msg/Sample.idl
[3.050s] -- Installing: /workspace/BMI/install/interfaces/share/interfaces/msg/State.idl
[3.050s] -- Up-to-date: /workspace/BMI/install/interfaces/share/interfaces/msg/DecoderElement.idl
[3.050s] -- Up-to-date: /workspace/BMI/install/interfaces/share/interfaces/msg/PassiveObservation.idl
[3.050s] -- Up-to-date: /workspace/BMI/install/interfaces/share/interfaces/srv/Decoder.idl
[3.051s] -- Up-to-date: /workspace/BMI/install/interfaces/share/interfaces/msg/Ir.msg
[3.051s] -- Up-to-date: /workspace/BMI/install/interfaces/share/interfaces/msg/Sample.msg
[3.051s] -- Installing: /workspace/BMI/install/interfaces/share/interfaces/msg/State.msg
[3.051s] -- Up-to-date: /workspace/BMI/install/interfaces/share/interfaces/msg/DecoderElement.msg
[3.051s] -- Up-to-date: /workspace/BMI/install/interfaces/share/interfaces/msg/PassiveObservation.msg
[3.051s] -- Up-to-date: /workspace/BMI/install/interfaces/share/interfaces/srv/Decoder.srv
[3.051s] -- Up-to-date: /workspace/BMI/install/interfaces/share/interfaces/srv/Decoder_Request.msg
[3.051s] -- Up-to-date: /workspace/BMI/install/interfaces/share/interfaces/srv/Decoder_Response.msg
[3.051s] -- Up-to-date: /workspace/BMI/install/interfaces/share/ament_index/resource_index/package_run_dependencies/interfaces
[3.051s] -- Up-to-date: /workspace/BMI/install/interfaces/share/ament_index/resource_index/parent_prefix_path/interfaces
[3.051s] -- Up-to-date: /workspace/BMI/install/interfaces/share/interfaces/environment/ament_prefix_path.sh
[3.051s] -- Installing: /workspace/BMI/install/interfaces/share/interfaces/environment/ament_prefix_path.dsv
[3.051s] -- Up-to-date: /workspace/BMI/install/interfaces/share/interfaces/environment/path.sh
[3.051s] -- Installing: /workspace/BMI/install/interfaces/share/interfaces/environment/path.dsv
[3.051s] -- Up-to-date: /workspace/BMI/install/interfaces/share/interfaces/local_setup.bash
[3.051s] -- Up-to-date: /workspace/BMI/install/interfaces/share/interfaces/local_setup.sh
[3.051s] -- Up-to-date: /workspace/BMI/install/interfaces/share/interfaces/local_setup.zsh
[3.051s] -- Installing: /workspace/BMI/install/interfaces/share/interfaces/local_setup.dsv
[3.051s] -- Installing: /workspace/BMI/install/interfaces/share/interfaces/package.dsv
[3.052s] -- Up-to-date: /workspace/BMI/install/interfaces/share/ament_index/resource_index/packages/interfaces
[3.052s] -- Up-to-date: /workspace/BMI/install/interfaces/share/interfaces/cmake/export_interfaces__rosidl_generator_cExport.cmake
[3.052s] -- Up-to-date: /workspace/BMI/install/interfaces/share/interfaces/cmake/export_interfaces__rosidl_generator_cExport-noconfig.cmake
[3.052s] -- Up-to-date: /workspace/BMI/install/interfaces/share/interfaces/cmake/export_interfaces__rosidl_typesupport_fastrtps_cExport.cmake
[3.052s] -- Up-to-date: /workspace/BMI/install/interfaces/share/interfaces/cmake/export_interfaces__rosidl_typesupport_fastrtps_cExport-noconfig.cmake
[3.052s] -- Up-to-date: /workspace/BMI/install/interfaces/share/interfaces/cmake/interfaces__rosidl_typesupport_introspection_cExport.cmake
[3.052s] -- Up-to-date: /workspace/BMI/install/interfaces/share/interfaces/cmake/interfaces__rosidl_typesupport_introspection_cExport-noconfig.cmake
[3.052s] -- Up-to-date: /workspace/BMI/install/interfaces/share/interfaces/cmake/interfaces__rosidl_typesupport_cExport.cmake
[3.052s] -- Up-to-date: /workspace/BMI/install/interfaces/share/interfaces/cmake/interfaces__rosidl_typesupport_cExport-noconfig.cmake
[3.052s] -- Up-to-date: /workspace/BMI/install/interfaces/share/interfaces/cmake/export_interfaces__rosidl_generator_cppExport.cmake
[3.052s] -- Up-to-date: /workspace/BMI/install/interfaces/share/interfaces/cmake/export_interfaces__rosidl_typesupport_fastrtps_cppExport.cmake
[3.052s] -- Up-to-date: /workspace/BMI/install/interfaces/share/interfaces/cmake/export_interfaces__rosidl_typesupport_fastrtps_cppExport-noconfig.cmake
[3.052s] -- Up-to-date: /workspace/BMI/install/interfaces/share/interfaces/cmake/interfaces__rosidl_typesupport_introspection_cppExport.cmake
[3.052s] -- Up-to-date: /workspace/BMI/install/interfaces/share/interfaces/cmake/interfaces__rosidl_typesupport_introspection_cppExport-noconfig.cmake
[3.052s] -- Up-to-date: /workspace/BMI/install/interfaces/share/interfaces/cmake/interfaces__rosidl_typesupport_cppExport.cmake
[3.052s] -- Up-to-date: /workspace/BMI/install/interfaces/share/interfaces/cmake/interfaces__rosidl_typesupport_cppExport-noconfig.cmake
[3.052s] -- Up-to-date: /workspace/BMI/install/interfaces/share/interfaces/cmake/export_interfaces__rosidl_generator_pyExport.cmake
[3.052s] -- Up-to-date: /workspace/BMI/install/interfaces/share/interfaces/cmake/export_interfaces__rosidl_generator_pyExport-noconfig.cmake
[3.052s] -- Up-to-date: /workspace/BMI/install/interfaces/share/interfaces/cmake/rosidl_cmake-extras.cmake
[3.052s] -- Up-to-date: /workspace/BMI/install/interfaces/share/interfaces/cmake/ament_cmake_export_include_directories-extras.cmake
[3.053s] -- Up-to-date: /workspace/BMI/install/interfaces/share/interfaces/cmake/ament_cmake_export_libraries-extras.cmake
[3.053s] -- Up-to-date: /workspace/BMI/install/interfaces/share/interfaces/cmake/ament_cmake_export_targets-extras.cmake
[3.053s] -- Up-to-date: /workspace/BMI/install/interfaces/share/interfaces/cmake/rosidl_cmake_export_typesupport_targets-extras.cmake
[3.053s] -- Up-to-date: /workspace/BMI/install/interfaces/share/interfaces/cmake/ament_cmake_export_dependencies-extras.cmake
[3.053s] -- Up-to-date: /workspace/BMI/install/interfaces/share/interfaces/cmake/rosidl_cmake_export_typesupport_libraries-extras.cmake
[3.053s] -- Up-to-date: /workspace/BMI/install/interfaces/share/interfaces/cmake/interfacesConfig.cmake
[3.053s] -- Up-to-date: /workspace/BMI/install/interfaces/share/interfaces/cmake/interfacesConfig-version.cmake
[3.053s] -- Up-to-date: /workspace/BMI/install/interfaces/share/interfaces/package.xml
[3.055s] Invoked command in '/workspace/BMI/build/interfaces' returned '0': CMAKE_PREFIX_PATH=${CMAKE_PREFIX_PATH}:/workspace/BMI/install/test_pkg:/workspace/BMI/install/state_reader:/workspace/BMI/install/presenter:/workspace/BMI/install/observation_reader:/workspace/BMI/install/neural_data_generator:/workspace/BMI/install/decoding_element:/workspace/BMI/install/decoder:/opt/ros/humble /usr/bin/cmake --install /workspace/BMI/build/interfaces
