[0.972s] Invoking command in '/workspace/BMI/src/state_reader': PYTHONPATH=/workspace/BMI/install/state_reader/lib/python3.10/site-packages:${PYTHONPATH} /usr/bin/python3 setup.py egg_info --egg-base ../../build/state_reader build --build-base /workspace/BMI/build/state_reader/build install --prefix /workspace/BMI/install/state_reader --record /workspace/BMI/build/state_reader/install.log --single-version-externally-managed
[1.135s] running egg_info
[1.136s] writing ../../build/state_reader/state_reader.egg-info/PKG-INFO
[1.136s] writing dependency_links to ../../build/state_reader/state_reader.egg-info/dependency_links.txt
[1.136s] writing entry points to ../../build/state_reader/state_reader.egg-info/entry_points.txt
[1.136s] writing requirements to ../../build/state_reader/state_reader.egg-info/requires.txt
[1.136s] writing top-level names to ../../build/state_reader/state_reader.egg-info/top_level.txt
[1.137s] reading manifest file '../../build/state_reader/state_reader.egg-info/SOURCES.txt'
[1.138s] writing manifest file '../../build/state_reader/state_reader.egg-info/SOURCES.txt'
[1.138s] running build
[1.138s] running build_py
[1.138s] copying state_reader/monkeylogic_interception.py -> /workspace/BMI/build/state_reader/build/lib/state_reader
[1.138s] running install
[1.138s] /usr/lib/python3/dist-packages/setuptools/command/install.py:34: SetuptoolsDeprecationWarning: setup.py install is deprecated. Use build and pip and other standards-based tools.
[1.138s]   warnings.warn(
[1.139s] running install_lib
[1.139s] copying /workspace/BMI/build/state_reader/build/lib/state_reader/monkeylogic_interception.py -> /workspace/BMI/install/state_reader/lib/python3.10/site-packages/state_reader
[1.139s] byte-compiling /workspace/BMI/install/state_reader/lib/python3.10/site-packages/state_reader/monkeylogic_interception.py to monkeylogic_interception.cpython-310.pyc
[1.140s]   File "/workspace/BMI/install/state_reader/lib/python3.10/site-packages/state_reader/monkeylogic_interception.py", line 100
[1.140s]     monkeylogic_server.get_logger().info('Publishing: MO: {}'.format(mo_trial) 
[1.140s]                                          
[1.140s] SyntaxError: invalid syntax. Perhaps you forgot a comma?
[1.140s] 
[1.140s] running install_data
[1.140s] running install_egg_info
[1.141s] removing '/workspace/BMI/install/state_reader/lib/python3.10/site-packages/state_reader-0.0.0-py3.10.egg-info' (and everything under it)
[1.142s] Copying ../../build/state_reader/state_reader.egg-info to /workspace/BMI/install/state_reader/lib/python3.10/site-packages/state_reader-0.0.0-py3.10.egg-info
[1.142s] running install_scripts
[1.156s] Installing monkeylogic_server script to /workspace/BMI/install/state_reader/lib/state_reader
[1.156s] Installing psychopy_1D_center_out script to /workspace/BMI/install/state_reader/lib/state_reader
[1.156s] writing list of installed files to '/workspace/BMI/build/state_reader/install.log'
[1.192s] Invoked command in '/workspace/BMI/src/state_reader' returned '0': PYTHONPATH=/workspace/BMI/install/state_reader/lib/python3.10/site-packages:${PYTHONPATH} /usr/bin/python3 setup.py egg_info --egg-base ../../build/state_reader build --build-base /workspace/BMI/build/state_reader/build install --prefix /workspace/BMI/install/state_reader --record /workspace/BMI/build/state_reader/install.log --single-version-externally-managed
