[0.945s] Invoking command in '/workspace/BMI/src/state_reader': PYTHONPATH=/workspace/BMI/install/state_reader/lib/python3.10/site-packages:${PYTHONPATH} /usr/bin/python3 setup.py egg_info --egg-base ../../build/state_reader build --build-base /workspace/BMI/build/state_reader/build install --prefix /workspace/BMI/install/state_reader --record /workspace/BMI/build/state_reader/install.log --single-version-externally-managed
[1.105s] running egg_info
[1.106s] writing ../../build/state_reader/state_reader.egg-info/PKG-INFO
[1.106s] writing dependency_links to ../../build/state_reader/state_reader.egg-info/dependency_links.txt
[1.106s] writing entry points to ../../build/state_reader/state_reader.egg-info/entry_points.txt
[1.106s] writing requirements to ../../build/state_reader/state_reader.egg-info/requires.txt
[1.106s] writing top-level names to ../../build/state_reader/state_reader.egg-info/top_level.txt
[1.107s] reading manifest file '../../build/state_reader/state_reader.egg-info/SOURCES.txt'
[1.108s] writing manifest file '../../build/state_reader/state_reader.egg-info/SOURCES.txt'
[1.108s] running build
[1.108s] running build_py
[1.108s] running install
[1.108s] /usr/lib/python3/dist-packages/setuptools/command/install.py:34: SetuptoolsDeprecationWarning: setup.py install is deprecated. Use build and pip and other standards-based tools.
[1.108s]   warnings.warn(
[1.108s] running install_lib
[1.109s] running install_data
[1.109s] running install_egg_info
[1.110s] removing '/workspace/BMI/install/state_reader/lib/python3.10/site-packages/state_reader-0.0.0-py3.10.egg-info' (and everything under it)
[1.111s] Copying ../../build/state_reader/state_reader.egg-info to /workspace/BMI/install/state_reader/lib/python3.10/site-packages/state_reader-0.0.0-py3.10.egg-info
[1.111s] running install_scripts
[1.125s] writing list of installed files to '/workspace/BMI/build/state_reader/install.log'
[1.163s] Invoked command in '/workspace/BMI/src/state_reader' returned '0': PYTHONPATH=/workspace/BMI/install/state_reader/lib/python3.10/site-packages:${PYTHONPATH} /usr/bin/python3 setup.py egg_info --egg-base ../../build/state_reader build --build-base /workspace/BMI/build/state_reader/build install --prefix /workspace/BMI/install/state_reader --record /workspace/BMI/build/state_reader/install.log --single-version-externally-managed
