running egg_info
writing ../../build/decoder/decoder.egg-info/PKG-INFO
writing dependency_links to ../../build/decoder/decoder.egg-info/dependency_links.txt
writing entry points to ../../build/decoder/decoder.egg-info/entry_points.txt
writing requirements to ../../build/decoder/decoder.egg-info/requires.txt
writing top-level names to ../../build/decoder/decoder.egg-info/top_level.txt
reading manifest file '../../build/decoder/decoder.egg-info/SOURCES.txt'
writing manifest file '../../build/decoder/decoder.egg-info/SOURCES.txt'
running build
running build_py
copying decoder/decoding_element_trainer.py -> /workspace/BMI/build/decoder/build/lib/decoder
copying decoder/decoding_element_predictor.py -> /workspace/BMI/build/decoder/build/lib/decoder
copying decoder/data_integrator.py -> /workspace/BMI/build/decoder/build/lib/decoder
running install
/usr/lib/python3/dist-packages/setuptools/command/install.py:34: SetuptoolsDeprecationWarning: setup.py install is deprecated. Use build and pip and other standards-based tools.
  warnings.warn(
running install_lib
copying /workspace/BMI/build/decoder/build/lib/decoder/decoding_element_trainer.py -> /workspace/BMI/install/decoder/lib/python3.10/site-packages/decoder
copying /workspace/BMI/build/decoder/build/lib/decoder/decoding_element_predictor.py -> /workspace/BMI/install/decoder/lib/python3.10/site-packages/decoder
copying /workspace/BMI/build/decoder/build/lib/decoder/data_integrator.py -> /workspace/BMI/install/decoder/lib/python3.10/site-packages/decoder
byte-compiling /workspace/BMI/install/decoder/lib/python3.10/site-packages/decoder/decoding_element_trainer.py to decoding_element_trainer.cpython-310.pyc
byte-compiling /workspace/BMI/install/decoder/lib/python3.10/site-packages/decoder/decoding_element_predictor.py to decoding_element_predictor.cpython-310.pyc
byte-compiling /workspace/BMI/install/decoder/lib/python3.10/site-packages/decoder/data_integrator.py to data_integrator.cpython-310.pyc
running install_data
running install_egg_info
removing '/workspace/BMI/install/decoder/lib/python3.10/site-packages/decoder-0.0.0-py3.10.egg-info' (and everything under it)
Copying ../../build/decoder/decoder.egg-info to /workspace/BMI/install/decoder/lib/python3.10/site-packages/decoder-0.0.0-py3.10.egg-info
running install_scripts
Installing passive_data_integrator script to /workspace/BMI/install/decoder/lib/decoder
writing list of installed files to '/workspace/BMI/build/decoder/install.log'
