[1.009s] Invoking command in '/workspace/BMI/src/decoder': PYTHONPATH=/workspace/BMI/install/decoder/lib/python3.10/site-packages:${PYTHONPATH} /usr/bin/python3 setup.py egg_info --egg-base ../../build/decoder build --build-base /workspace/BMI/build/decoder/build install --prefix /workspace/BMI/install/decoder --record /workspace/BMI/build/decoder/install.log --single-version-externally-managed
[1.170s] running egg_info
[1.170s] writing ../../build/decoder/decoder.egg-info/PKG-INFO
[1.170s] writing dependency_links to ../../build/decoder/decoder.egg-info/dependency_links.txt
[1.171s] writing entry points to ../../build/decoder/decoder.egg-info/entry_points.txt
[1.171s] writing requirements to ../../build/decoder/decoder.egg-info/requires.txt
[1.171s] writing top-level names to ../../build/decoder/decoder.egg-info/top_level.txt
[1.172s] reading manifest file '../../build/decoder/decoder.egg-info/SOURCES.txt'
[1.172s] writing manifest file '../../build/decoder/decoder.egg-info/SOURCES.txt'
[1.172s] running build
[1.172s] running build_py
[1.172s] copying decoder/decoding_element_trainer.py -> /workspace/BMI/build/decoder/build/lib/decoder
[1.172s] copying decoder/decoding_element_predictor.py -> /workspace/BMI/build/decoder/build/lib/decoder
[1.172s] copying decoder/data_integrator.py -> /workspace/BMI/build/decoder/build/lib/decoder
[1.172s] running install
[1.173s] /usr/lib/python3/dist-packages/setuptools/command/install.py:34: SetuptoolsDeprecationWarning: setup.py install is deprecated. Use build and pip and other standards-based tools.
[1.173s]   warnings.warn(
[1.173s] running install_lib
[1.173s] copying /workspace/BMI/build/decoder/build/lib/decoder/decoding_element_trainer.py -> /workspace/BMI/install/decoder/lib/python3.10/site-packages/decoder
[1.173s] copying /workspace/BMI/build/decoder/build/lib/decoder/decoding_element_predictor.py -> /workspace/BMI/install/decoder/lib/python3.10/site-packages/decoder
[1.173s] copying /workspace/BMI/build/decoder/build/lib/decoder/data_integrator.py -> /workspace/BMI/install/decoder/lib/python3.10/site-packages/decoder
[1.174s] byte-compiling /workspace/BMI/install/decoder/lib/python3.10/site-packages/decoder/decoding_element_trainer.py to decoding_element_trainer.cpython-310.pyc
[1.174s] byte-compiling /workspace/BMI/install/decoder/lib/python3.10/site-packages/decoder/decoding_element_predictor.py to decoding_element_predictor.cpython-310.pyc
[1.175s] byte-compiling /workspace/BMI/install/decoder/lib/python3.10/site-packages/decoder/data_integrator.py to data_integrator.cpython-310.pyc
[1.175s] running install_data
[1.175s] running install_egg_info
[1.176s] removing '/workspace/BMI/install/decoder/lib/python3.10/site-packages/decoder-0.0.0-py3.10.egg-info' (and everything under it)
[1.176s] Copying ../../build/decoder/decoder.egg-info to /workspace/BMI/install/decoder/lib/python3.10/site-packages/decoder-0.0.0-py3.10.egg-info
[1.177s] running install_scripts
[1.192s] Installing passive_data_integrator script to /workspace/BMI/install/decoder/lib/decoder
[1.193s] writing list of installed files to '/workspace/BMI/build/decoder/install.log'
[1.231s] Invoked command in '/workspace/BMI/src/decoder' returned '0': PYTHONPATH=/workspace/BMI/install/decoder/lib/python3.10/site-packages:${PYTHONPATH} /usr/bin/python3 setup.py egg_info --egg-base ../../build/decoder build --build-base /workspace/BMI/build/decoder/build install --prefix /workspace/BMI/install/decoder --record /workspace/BMI/build/decoder/install.log --single-version-externally-managed
