[0.968s] Invoking command in '/workspace/BMI/src/presenter': PYTHONPATH=/workspace/BMI/install/presenter/lib/python3.10/site-packages:${PYTHONPATH} /usr/bin/python3 setup.py egg_info --egg-base ../../build/presenter build --build-base /workspace/BMI/build/presenter/build install --prefix /workspace/BMI/install/presenter --record /workspace/BMI/build/presenter/install.log --single-version-externally-managed
[1.128s] running egg_info
[1.129s] writing ../../build/presenter/presenter.egg-info/PKG-INFO
[1.129s] writing dependency_links to ../../build/presenter/presenter.egg-info/dependency_links.txt
[1.129s] writing entry points to ../../build/presenter/presenter.egg-info/entry_points.txt
[1.129s] writing requirements to ../../build/presenter/presenter.egg-info/requires.txt
[1.129s] writing top-level names to ../../build/presenter/presenter.egg-info/top_level.txt
[1.130s] reading manifest file '../../build/presenter/presenter.egg-info/SOURCES.txt'
[1.131s] writing manifest file '../../build/presenter/presenter.egg-info/SOURCES.txt'
[1.131s] running build
[1.131s] running build_py
[1.131s] copying presenter/psychopy_presenter_2D_center_out.py -> /workspace/BMI/build/presenter/build/lib/presenter
[1.131s] running install
[1.131s] /usr/lib/python3/dist-packages/setuptools/command/install.py:34: SetuptoolsDeprecationWarning: setup.py install is deprecated. Use build and pip and other standards-based tools.
[1.131s]   warnings.warn(
[1.131s] running install_lib
[1.132s] copying /workspace/BMI/build/presenter/build/lib/presenter/psychopy_presenter_2D_center_out.py -> /workspace/BMI/install/presenter/lib/python3.10/site-packages/presenter
[1.133s] byte-compiling /workspace/BMI/install/presenter/lib/python3.10/site-packages/presenter/psychopy_presenter_2D_center_out.py to psychopy_presenter_2D_center_out.cpython-310.pyc
[1.134s] running install_data
[1.134s] running install_egg_info
[1.135s] removing '/workspace/BMI/install/presenter/lib/python3.10/site-packages/presenter-0.0.0-py3.10.egg-info' (and everything under it)
[1.135s] Copying ../../build/presenter/presenter.egg-info to /workspace/BMI/install/presenter/lib/python3.10/site-packages/presenter-0.0.0-py3.10.egg-info
[1.136s] running install_scripts
[1.152s] Installing center_out_2D script to /workspace/BMI/install/presenter/lib/presenter
[1.153s] writing list of installed files to '/workspace/BMI/build/presenter/install.log'
[1.168s] Invoked command in '/workspace/BMI/src/presenter' returned '0': PYTHONPATH=/workspace/BMI/install/presenter/lib/python3.10/site-packages:${PYTHONPATH} /usr/bin/python3 setup.py egg_info --egg-base ../../build/presenter build --build-base /workspace/BMI/build/presenter/build install --prefix /workspace/BMI/install/presenter --record /workspace/BMI/build/presenter/install.log --single-version-externally-managed
