[0.160s] Invoking command in '/workspace/BMI/build/interfaces': CMAKE_PREFIX_PATH=/opt/ros/humble /usr/bin/cmake --build /workspace/BMI/build/interfaces -- -j20 -l20
[0.209s] -- Found ament_cmake: 1.3.2 (/opt/ros/humble/share/ament_cmake/cmake)
[0.310s] -- Found rosidl_default_generators: 1.2.0 (/opt/ros/humble/share/rosidl_default_generators/cmake)
[0.312s] -- Using all available rosidl_typesupport_c: rosidl_typesupport_fastrtps_c;rosidl_typesupport_introspection_c
[0.315s] -- Found rosidl_adapter: 3.1.3 (/opt/ros/humble/share/rosidl_adapter/cmake)
[0.342s] -- Using all available rosidl_typesupport_cpp: rosidl_typesupport_fastrtps_cpp;rosidl_typesupport_introspection_cpp
[0.522s] -- Found ament_cmake_ros: 0.10.0 (/opt/ros/humble/share/ament_cmake_ros/cmake)
[0.637s] -- Using all available rosidl_typesupport_c: rosidl_typesupport_fastrtps_c;rosidl_typesupport_introspection_c
[0.786s] -- Using all available rosidl_typesupport_cpp: rosidl_typesupport_fastrtps_cpp;rosidl_typesupport_introspection_cpp
[0.800s] -- Found python_cmake_module: 0.10.0 (/opt/ros/humble/share/python_cmake_module/cmake)
[0.815s] -- Using PYTHON_EXECUTABLE: /usr/bin/python3
[0.815s] -- Using PYTHON_INCLUDE_DIRS: /usr/include/python3.10
[0.815s] -- Using PYTHON_LIBRARIES: /usr/lib/x86_64-linux-gnu/libpython3.10.so
[0.823s] -- Found ament_lint_auto: 0.12.4 (/opt/ros/humble/share/ament_lint_auto/cmake)
[0.834s] -- Added test 'lint_cmake' to check CMake code style
[0.834s] -- Added test 'xmllint' to check XML markup files
[0.836s] -- Configuring done
[0.857s] -- Generating done
[0.859s] -- Build files have been written to: /workspace/BMI/build/interfaces
[0.872s] [  2%] [34m[1mGenerating C code for ROS interfaces[0m
[0.877s] [  4%] [34m[1mGenerating C++ code for ROS interfaces[0m
[0.881s] [  4%] Built target ament_cmake_python_copy_interfaces
[1.027s] running egg_info
[1.027s] writing interfaces.egg-info/PKG-INFO
[1.027s] writing dependency_links to interfaces.egg-info/dependency_links.txt
[1.027s] writing top-level names to interfaces.egg-info/top_level.txt
[1.029s] reading manifest file 'interfaces.egg-info/SOURCES.txt'
[1.029s] writing manifest file 'interfaces.egg-info/SOURCES.txt'
[1.044s] [  4%] Built target ament_cmake_python_build_interfaces_egg
[1.077s] [  4%] Built target interfaces__cpp
[1.082s] [  6%] [34m[1mGenerating C++ type support dispatch for ROS interfaces[0m
[1.082s] [ 10%] [34m[1mGenerating C++ type support for eProsima Fast-RTPS[0m
[1.082s] [ 10%] [34m[1mGenerating C++ introspection for ROS interfaces[0m
[1.090s] [35m[1mConsolidate compiler generated dependencies of target interfaces__rosidl_generator_c[0m
[1.098s] [ 17%] [32mBuilding C object CMakeFiles/interfaces__rosidl_generator_c.dir/rosidl_generator_c/interfaces/msg/detail/ir__functions.c.o[0m
[1.098s] [ 17%] [32mBuilding C object CMakeFiles/interfaces__rosidl_generator_c.dir/rosidl_generator_c/interfaces/msg/detail/state__functions.c.o[0m
[1.098s] [ 17%] [32mBuilding C object CMakeFiles/interfaces__rosidl_generator_c.dir/rosidl_generator_c/interfaces/msg/detail/sample__functions.c.o[0m
[1.165s] [ 19%] [32m[1mLinking C shared library libinterfaces__rosidl_generator_c.so[0m
[1.189s] [ 19%] Built target interfaces__rosidl_generator_c
[1.194s] [ 25%] [34m[1mGenerating C introspection for ROS interfaces[0m
[1.194s] [ 25%] [34m[1mGenerating C type support dispatch for ROS interfaces[0m
[1.194s] [ 25%] [34m[1mGenerating C type support for eProsima Fast-RTPS[0m
[1.246s] [35m[1mConsolidate compiler generated dependencies of target interfaces__rosidl_typesupport_cpp[0m
[1.255s] [ 27%] [32mBuilding CXX object CMakeFiles/interfaces__rosidl_typesupport_cpp.dir/rosidl_typesupport_cpp/interfaces/msg/sample__type_support.cpp.o[0m
[1.256s] [ 29%] [32mBuilding CXX object CMakeFiles/interfaces__rosidl_typesupport_cpp.dir/rosidl_typesupport_cpp/interfaces/msg/ir__type_support.cpp.o[0m
[1.256s] [ 31%] [32mBuilding CXX object CMakeFiles/interfaces__rosidl_typesupport_cpp.dir/rosidl_typesupport_cpp/interfaces/msg/state__type_support.cpp.o[0m
[1.261s] [35m[1mConsolidate compiler generated dependencies of target interfaces__rosidl_typesupport_introspection_cpp[0m
[1.269s] [ 36%] [32mBuilding CXX object CMakeFiles/interfaces__rosidl_typesupport_introspection_cpp.dir/rosidl_typesupport_introspection_cpp/interfaces/msg/detail/sample__type_support.cpp.o[0m
[1.269s] [ 36%] [32mBuilding CXX object CMakeFiles/interfaces__rosidl_typesupport_introspection_cpp.dir/rosidl_typesupport_introspection_cpp/interfaces/msg/detail/state__type_support.cpp.o[0m
[1.269s] [ 38%] [32mBuilding CXX object CMakeFiles/interfaces__rosidl_typesupport_introspection_cpp.dir/rosidl_typesupport_introspection_cpp/interfaces/msg/detail/ir__type_support.cpp.o[0m
[1.277s] [35m[1mConsolidate compiler generated dependencies of target interfaces__rosidl_typesupport_fastrtps_cpp[0m
[1.285s] [ 44%] [32mBuilding CXX object CMakeFiles/interfaces__rosidl_typesupport_fastrtps_cpp.dir/rosidl_typesupport_fastrtps_cpp/interfaces/msg/detail/dds_fastrtps/state__type_support.cpp.o[0m
[1.285s] [ 44%] [32mBuilding CXX object CMakeFiles/interfaces__rosidl_typesupport_fastrtps_cpp.dir/rosidl_typesupport_fastrtps_cpp/interfaces/msg/detail/dds_fastrtps/ir__type_support.cpp.o[0m
[1.285s] [ 44%] [32mBuilding CXX object CMakeFiles/interfaces__rosidl_typesupport_fastrtps_cpp.dir/rosidl_typesupport_fastrtps_cpp/interfaces/msg/detail/dds_fastrtps/sample__type_support.cpp.o[0m
[1.356s] [35m[1mConsolidate compiler generated dependencies of target interfaces__rosidl_typesupport_c[0m
[1.363s] [ 48%] [32mBuilding CXX object CMakeFiles/interfaces__rosidl_typesupport_c.dir/rosidl_typesupport_c/interfaces/msg/ir__type_support.cpp.o[0m
[1.363s] [ 48%] [32mBuilding CXX object CMakeFiles/interfaces__rosidl_typesupport_c.dir/rosidl_typesupport_c/interfaces/msg/sample__type_support.cpp.o[0m
[1.365s] [ 51%] [32mBuilding CXX object CMakeFiles/interfaces__rosidl_typesupport_c.dir/rosidl_typesupport_c/interfaces/msg/state__type_support.cpp.o[0m
[1.388s] [ 53%] [32m[1mLinking CXX shared library libinterfaces__rosidl_typesupport_c.so[0m
[1.415s] [ 53%] Built target interfaces__rosidl_typesupport_c
[1.470s] [35m[1mConsolidate compiler generated dependencies of target interfaces__rosidl_typesupport_introspection_c[0m
[1.477s] [ 59%] [32mBuilding C object CMakeFiles/interfaces__rosidl_typesupport_introspection_c.dir/rosidl_typesupport_introspection_c/interfaces/msg/detail/sample__type_support.c.o[0m
[1.477s] [ 59%] [32mBuilding C object CMakeFiles/interfaces__rosidl_typesupport_introspection_c.dir/rosidl_typesupport_introspection_c/interfaces/msg/detail/state__type_support.c.o[0m
[1.478s] [ 59%] [32mBuilding C object CMakeFiles/interfaces__rosidl_typesupport_introspection_c.dir/rosidl_typesupport_introspection_c/interfaces/msg/detail/ir__type_support.c.o[0m
[1.494s] [35m[1mConsolidate compiler generated dependencies of target interfaces__rosidl_typesupport_fastrtps_c[0m
[1.503s] [ 61%] [32mBuilding CXX object CMakeFiles/interfaces__rosidl_typesupport_fastrtps_c.dir/rosidl_typesupport_fastrtps_c/interfaces/msg/detail/sample__type_support_c.cpp.o[0m
[1.504s] [ 68%] [32m[1mLinking C shared library libinterfaces__rosidl_typesupport_introspection_c.so[0m
[1.504s] [ 65%] [32mBuilding CXX object CMakeFiles/interfaces__rosidl_typesupport_fastrtps_c.dir/rosidl_typesupport_fastrtps_c/interfaces/msg/detail/state__type_support_c.cpp.o[0m
[1.504s] [ 65%] [32mBuilding CXX object CMakeFiles/interfaces__rosidl_typesupport_fastrtps_c.dir/rosidl_typesupport_fastrtps_c/interfaces/msg/detail/ir__type_support_c.cpp.o[0m
[1.529s] [ 70%] [32m[1mLinking CXX shared library libinterfaces__rosidl_typesupport_cpp.so[0m
[1.529s] [ 70%] Built target interfaces__rosidl_typesupport_introspection_c
[1.554s] [ 70%] Built target interfaces__rosidl_typesupport_cpp
[1.605s] [ 72%] [32m[1mLinking CXX shared library libinterfaces__rosidl_typesupport_fastrtps_cpp.so[0m
[1.653s] [ 72%] Built target interfaces__rosidl_typesupport_fastrtps_cpp
[1.684s] [ 74%] [32m[1mLinking CXX shared library libinterfaces__rosidl_typesupport_introspection_cpp.so[0m
[1.727s] [ 74%] Built target interfaces__rosidl_typesupport_introspection_cpp
[1.728s] [ 76%] [32m[1mLinking CXX shared library libinterfaces__rosidl_typesupport_fastrtps_c.so[0m
[1.768s] [ 76%] Built target interfaces__rosidl_typesupport_fastrtps_c
[1.778s] [ 76%] Built target interfaces
[1.787s] [ 78%] [34m[1mGenerating Python code for ROS interfaces[0m
[2.142s] [ 78%] Built target interfaces__py
[2.147s] [35m[1mConsolidate compiler generated dependencies of target interfaces__rosidl_generator_py[0m
[2.155s] [ 85%] [32mBuilding C object CMakeFiles/interfaces__rosidl_generator_py.dir/rosidl_generator_py/interfaces/msg/_sample_s.c.o[0m
[2.155s] [ 85%] [32mBuilding C object CMakeFiles/interfaces__rosidl_generator_py.dir/rosidl_generator_py/interfaces/msg/_state_s.c.o[0m
[2.155s] [ 85%] [32mBuilding C object CMakeFiles/interfaces__rosidl_generator_py.dir/rosidl_generator_py/interfaces/msg/_ir_s.c.o[0m
[2.238s] [ 87%] [32m[1mLinking C shared library rosidl_generator_py/interfaces/libinterfaces__rosidl_generator_py.so[0m
[2.259s] [ 87%] Built target interfaces__rosidl_generator_py
[2.264s] [35m[1mConsolidate compiler generated dependencies of target interfaces__rosidl_typesupport_introspection_c__pyext[0m
[2.264s] [35m[1mConsolidate compiler generated dependencies of target interfaces__rosidl_typesupport_c__pyext[0m
[2.264s] [35m[1mConsolidate compiler generated dependencies of target interfaces__rosidl_typesupport_fastrtps_c__pyext[0m
[2.271s] [ 93%] [32mBuilding C object CMakeFiles/interfaces__rosidl_typesupport_fastrtps_c__pyext.dir/rosidl_generator_py/interfaces/_interfaces_s.ep.rosidl_typesupport_fastrtps_c.c.o[0m
[2.271s] [ 93%] [32mBuilding C object CMakeFiles/interfaces__rosidl_typesupport_introspection_c__pyext.dir/rosidl_generator_py/interfaces/_interfaces_s.ep.rosidl_typesupport_introspection_c.c.o[0m
[2.271s] [ 93%] [32mBuilding C object CMakeFiles/interfaces__rosidl_typesupport_c__pyext.dir/rosidl_generator_py/interfaces/_interfaces_s.ep.rosidl_typesupport_c.c.o[0m
[2.329s] [ 97%] [32m[1mLinking C shared library rosidl_generator_py/interfaces/interfaces_s__rosidl_typesupport_c.cpython-310-x86_64-linux-gnu.so[0m
[2.329s] [ 97%] [32m[1mLinking C shared library rosidl_generator_py/interfaces/interfaces_s__rosidl_typesupport_introspection_c.cpython-310-x86_64-linux-gnu.so[0m
[2.331s] [100%] [32m[1mLinking C shared library rosidl_generator_py/interfaces/interfaces_s__rosidl_typesupport_fastrtps_c.cpython-310-x86_64-linux-gnu.so[0m
[2.347s] [100%] Built target interfaces__rosidl_typesupport_c__pyext
[2.347s] [100%] Built target interfaces__rosidl_typesupport_introspection_c__pyext
[2.349s] [100%] Built target interfaces__rosidl_typesupport_fastrtps_c__pyext
[2.355s] Invoked command in '/workspace/BMI/build/interfaces' returned '0': CMAKE_PREFIX_PATH=/opt/ros/humble /usr/bin/cmake --build /workspace/BMI/build/interfaces -- -j20 -l20
[2.397s] Invoking command in '/workspace/BMI/build/interfaces': CMAKE_PREFIX_PATH=/opt/ros/humble /usr/bin/cmake --install /workspace/BMI/build/interfaces
[2.401s] -- Install configuration: ""
[2.401s] -- Installing: /workspace/BMI/install/interfaces/share/ament_index/resource_index/rosidl_interfaces/interfaces
[2.402s] -- Up-to-date: /workspace/BMI/install/interfaces/include/interfaces/interfaces
[2.402s] -- Up-to-date: /workspace/BMI/install/interfaces/include/interfaces/interfaces/msg
[2.402s] -- Up-to-date: /workspace/BMI/install/interfaces/include/interfaces/interfaces/msg/rosidl_generator_c__visibility_control.h
[2.402s] -- Installing: /workspace/BMI/install/interfaces/include/interfaces/interfaces/msg/state.h
[2.402s] -- Up-to-date: /workspace/BMI/install/interfaces/include/interfaces/interfaces/msg/num.h
[2.402s] -- Installing: /workspace/BMI/install/interfaces/include/interfaces/interfaces/msg/sample.h
[2.402s] -- Up-to-date: /workspace/BMI/install/interfaces/include/interfaces/interfaces/msg/detail
[2.402s] -- Installing: /workspace/BMI/install/interfaces/include/interfaces/interfaces/msg/detail/state__struct.h
[2.402s] -- Installing: /workspace/BMI/install/interfaces/include/interfaces/interfaces/msg/detail/ir__functions.h
[2.402s] -- Up-to-date: /workspace/BMI/install/interfaces/include/interfaces/interfaces/msg/detail/num__type_support.h
[2.402s] -- Installing: /workspace/BMI/install/interfaces/include/interfaces/interfaces/msg/detail/ir__type_support.h
[2.402s] -- Installing: /workspace/BMI/install/interfaces/include/interfaces/interfaces/msg/detail/state__type_support.h
[2.402s] -- Installing: /workspace/BMI/install/interfaces/include/interfaces/interfaces/msg/detail/ir__struct.h
[2.402s] -- Up-to-date: /workspace/BMI/install/interfaces/include/interfaces/interfaces/msg/detail/num__struct.h
[2.402s] -- Installing: /workspace/BMI/install/interfaces/include/interfaces/interfaces/msg/detail/sample__functions.h
[2.402s] -- Installing: /workspace/BMI/install/interfaces/include/interfaces/interfaces/msg/detail/sample__type_support.h
[2.402s] -- Installing: /workspace/BMI/install/interfaces/include/interfaces/interfaces/msg/detail/state__functions.h
[2.402s] -- Installing: /workspace/BMI/install/interfaces/include/interfaces/interfaces/msg/detail/state__functions.c
[2.403s] -- Up-to-date: /workspace/BMI/install/interfaces/include/interfaces/interfaces/msg/detail/num__functions.h
[2.403s] -- Installing: /workspace/BMI/install/interfaces/include/interfaces/interfaces/msg/detail/sample__functions.c
[2.403s] -- Installing: /workspace/BMI/install/interfaces/include/interfaces/interfaces/msg/detail/sample__struct.h
[2.403s] -- Up-to-date: /workspace/BMI/install/interfaces/include/interfaces/interfaces/msg/detail/num__functions.c
[2.403s] -- Installing: /workspace/BMI/install/interfaces/include/interfaces/interfaces/msg/detail/ir__functions.c
[2.403s] -- Installing: /workspace/BMI/install/interfaces/include/interfaces/interfaces/msg/ir.h
[2.403s] -- Up-to-date: /workspace/BMI/install/interfaces/share/interfaces/environment/library_path.sh
[2.403s] -- Installing: /workspace/BMI/install/interfaces/share/interfaces/environment/library_path.dsv
[2.403s] -- Installing: /workspace/BMI/install/interfaces/lib/libinterfaces__rosidl_generator_c.so
[2.403s] -- Set runtime path of "/workspace/BMI/install/interfaces/lib/libinterfaces__rosidl_generator_c.so" to ""
[2.403s] -- Up-to-date: /workspace/BMI/install/interfaces/include/interfaces/interfaces
[2.403s] -- Up-to-date: /workspace/BMI/install/interfaces/include/interfaces/interfaces/msg
[2.403s] -- Up-to-date: /workspace/BMI/install/interfaces/include/interfaces/interfaces/msg/detail
[2.403s] -- Installing: /workspace/BMI/install/interfaces/include/interfaces/interfaces/msg/detail/sample__rosidl_typesupport_fastrtps_c.h
[2.403s] -- Up-to-date: /workspace/BMI/install/interfaces/include/interfaces/interfaces/msg/detail/num__rosidl_typesupport_fastrtps_c.h
[2.403s] -- Installing: /workspace/BMI/install/interfaces/include/interfaces/interfaces/msg/detail/ir__rosidl_typesupport_fastrtps_c.h
[2.403s] -- Installing: /workspace/BMI/install/interfaces/include/interfaces/interfaces/msg/detail/state__rosidl_typesupport_fastrtps_c.h
[2.403s] -- Up-to-date: /workspace/BMI/install/interfaces/include/interfaces/interfaces/msg/rosidl_typesupport_fastrtps_c__visibility_control.h
[2.403s] -- Installing: /workspace/BMI/install/interfaces/lib/libinterfaces__rosidl_typesupport_fastrtps_c.so
[2.404s] -- Set runtime path of "/workspace/BMI/install/interfaces/lib/libinterfaces__rosidl_typesupport_fastrtps_c.so" to ""
[2.404s] -- Up-to-date: /workspace/BMI/install/interfaces/include/interfaces/interfaces
[2.404s] -- Up-to-date: /workspace/BMI/install/interfaces/include/interfaces/interfaces/msg
[2.404s] -- Up-to-date: /workspace/BMI/install/interfaces/include/interfaces/interfaces/msg/rosidl_typesupport_introspection_c__visibility_control.h
[2.404s] -- Up-to-date: /workspace/BMI/install/interfaces/include/interfaces/interfaces/msg/detail
[2.404s] -- Installing: /workspace/BMI/install/interfaces/include/interfaces/interfaces/msg/detail/ir__type_support.c
[2.404s] -- Up-to-date: /workspace/BMI/install/interfaces/include/interfaces/interfaces/msg/detail/num__rosidl_typesupport_introspection_c.h
[2.404s] -- Installing: /workspace/BMI/install/interfaces/include/interfaces/interfaces/msg/detail/sample__rosidl_typesupport_introspection_c.h
[2.404s] -- Installing: /workspace/BMI/install/interfaces/include/interfaces/interfaces/msg/detail/state__type_support.c
[2.404s] -- Installing: /workspace/BMI/install/interfaces/include/interfaces/interfaces/msg/detail/ir__rosidl_typesupport_introspection_c.h
[2.404s] -- Up-to-date: /workspace/BMI/install/interfaces/include/interfaces/interfaces/msg/detail/num__type_support.c
[2.404s] -- Installing: /workspace/BMI/install/interfaces/include/interfaces/interfaces/msg/detail/sample__type_support.c
[2.404s] -- Installing: /workspace/BMI/install/interfaces/include/interfaces/interfaces/msg/detail/state__rosidl_typesupport_introspection_c.h
[2.404s] -- Installing: /workspace/BMI/install/interfaces/lib/libinterfaces__rosidl_typesupport_introspection_c.so
[2.404s] -- Set runtime path of "/workspace/BMI/install/interfaces/lib/libinterfaces__rosidl_typesupport_introspection_c.so" to ""
[2.404s] -- Installing: /workspace/BMI/install/interfaces/lib/libinterfaces__rosidl_typesupport_c.so
[2.404s] -- Set runtime path of "/workspace/BMI/install/interfaces/lib/libinterfaces__rosidl_typesupport_c.so" to ""
[2.404s] -- Up-to-date: /workspace/BMI/install/interfaces/include/interfaces/interfaces
[2.404s] -- Up-to-date: /workspace/BMI/install/interfaces/include/interfaces/interfaces/msg
[2.404s] -- Installing: /workspace/BMI/install/interfaces/include/interfaces/interfaces/msg/ir.hpp
[2.405s] -- Installing: /workspace/BMI/install/interfaces/include/interfaces/interfaces/msg/state.hpp
[2.405s] -- Up-to-date: /workspace/BMI/install/interfaces/include/interfaces/interfaces/msg/detail
[2.405s] -- Up-to-date: /workspace/BMI/install/interfaces/include/interfaces/interfaces/msg/detail/num__builder.hpp
[2.405s] -- Installing: /workspace/BMI/install/interfaces/include/interfaces/interfaces/msg/detail/sample__traits.hpp
[2.405s] -- Installing: /workspace/BMI/install/interfaces/include/interfaces/interfaces/msg/detail/state__traits.hpp
[2.405s] -- Up-to-date: /workspace/BMI/install/interfaces/include/interfaces/interfaces/msg/detail/num__traits.hpp
[2.405s] -- Installing: /workspace/BMI/install/interfaces/include/interfaces/interfaces/msg/detail/ir__traits.hpp
[2.405s] -- Installing: /workspace/BMI/install/interfaces/include/interfaces/interfaces/msg/detail/ir__builder.hpp
[2.405s] -- Up-to-date: /workspace/BMI/install/interfaces/include/interfaces/interfaces/msg/detail/num__struct.hpp
[2.405s] -- Installing: /workspace/BMI/install/interfaces/include/interfaces/interfaces/msg/detail/sample__builder.hpp
[2.405s] -- Installing: /workspace/BMI/install/interfaces/include/interfaces/interfaces/msg/detail/state__struct.hpp
[2.405s] -- Installing: /workspace/BMI/install/interfaces/include/interfaces/interfaces/msg/detail/state__builder.hpp
[2.405s] -- Installing: /workspace/BMI/install/interfaces/include/interfaces/interfaces/msg/detail/ir__struct.hpp
[2.405s] -- Installing: /workspace/BMI/install/interfaces/include/interfaces/interfaces/msg/detail/sample__struct.hpp
[2.405s] -- Up-to-date: /workspace/BMI/install/interfaces/include/interfaces/interfaces/msg/num.hpp
[2.405s] -- Installing: /workspace/BMI/install/interfaces/include/interfaces/interfaces/msg/sample.hpp
[2.405s] -- Up-to-date: /workspace/BMI/install/interfaces/include/interfaces/interfaces
[2.405s] -- Up-to-date: /workspace/BMI/install/interfaces/include/interfaces/interfaces/msg
[2.405s] -- Up-to-date: /workspace/BMI/install/interfaces/include/interfaces/interfaces/msg/rosidl_typesupport_fastrtps_cpp__visibility_control.h
[2.405s] -- Up-to-date: /workspace/BMI/install/interfaces/include/interfaces/interfaces/msg/detail
[2.406s] -- Up-to-date: /workspace/BMI/install/interfaces/include/interfaces/interfaces/msg/detail/num__rosidl_typesupport_fastrtps_cpp.hpp
[2.406s] -- Installing: /workspace/BMI/install/interfaces/include/interfaces/interfaces/msg/detail/ir__rosidl_typesupport_fastrtps_cpp.hpp
[2.406s] -- Up-to-date: /workspace/BMI/install/interfaces/include/interfaces/interfaces/msg/detail/dds_fastrtps
[2.406s] -- Installing: /workspace/BMI/install/interfaces/include/interfaces/interfaces/msg/detail/sample__rosidl_typesupport_fastrtps_cpp.hpp
[2.406s] -- Installing: /workspace/BMI/install/interfaces/include/interfaces/interfaces/msg/detail/state__rosidl_typesupport_fastrtps_cpp.hpp
[2.406s] -- Installing: /workspace/BMI/install/interfaces/lib/libinterfaces__rosidl_typesupport_fastrtps_cpp.so
[2.406s] -- Set runtime path of "/workspace/BMI/install/interfaces/lib/libinterfaces__rosidl_typesupport_fastrtps_cpp.so" to ""
[2.406s] -- Up-to-date: /workspace/BMI/install/interfaces/include/interfaces/interfaces
[2.406s] -- Up-to-date: /workspace/BMI/install/interfaces/include/interfaces/interfaces/msg
[2.406s] -- Up-to-date: /workspace/BMI/install/interfaces/include/interfaces/interfaces/msg/detail
[2.406s] -- Installing: /workspace/BMI/install/interfaces/include/interfaces/interfaces/msg/detail/ir__type_support.cpp
[2.406s] -- Installing: /workspace/BMI/install/interfaces/include/interfaces/interfaces/msg/detail/ir__rosidl_typesupport_introspection_cpp.hpp
[2.406s] -- Installing: /workspace/BMI/install/interfaces/include/interfaces/interfaces/msg/detail/sample__type_support.cpp
[2.406s] -- Installing: /workspace/BMI/install/interfaces/include/interfaces/interfaces/msg/detail/state__type_support.cpp
[2.406s] -- Installing: /workspace/BMI/install/interfaces/include/interfaces/interfaces/msg/detail/state__rosidl_typesupport_introspection_cpp.hpp
[2.406s] -- Up-to-date: /workspace/BMI/install/interfaces/include/interfaces/interfaces/msg/detail/num__rosidl_typesupport_introspection_cpp.hpp
[2.406s] -- Up-to-date: /workspace/BMI/install/interfaces/include/interfaces/interfaces/msg/detail/num__type_support.cpp
[2.406s] -- Installing: /workspace/BMI/install/interfaces/include/interfaces/interfaces/msg/detail/sample__rosidl_typesupport_introspection_cpp.hpp
[2.406s] -- Installing: /workspace/BMI/install/interfaces/lib/libinterfaces__rosidl_typesupport_introspection_cpp.so
[2.406s] -- Set runtime path of "/workspace/BMI/install/interfaces/lib/libinterfaces__rosidl_typesupport_introspection_cpp.so" to ""
[2.407s] -- Installing: /workspace/BMI/install/interfaces/lib/libinterfaces__rosidl_typesupport_cpp.so
[2.407s] -- Set runtime path of "/workspace/BMI/install/interfaces/lib/libinterfaces__rosidl_typesupport_cpp.so" to ""
[2.407s] -- Up-to-date: /workspace/BMI/install/interfaces/share/interfaces/environment/pythonpath.sh
[2.407s] -- Installing: /workspace/BMI/install/interfaces/share/interfaces/environment/pythonpath.dsv
[2.407s] -- Up-to-date: /workspace/BMI/install/interfaces/local/lib/python3.10/dist-packages/interfaces-0.0.0-py3.10.egg-info
[2.407s] -- Installing: /workspace/BMI/install/interfaces/local/lib/python3.10/dist-packages/interfaces-0.0.0-py3.10.egg-info/PKG-INFO
[2.407s] -- Installing: /workspace/BMI/install/interfaces/local/lib/python3.10/dist-packages/interfaces-0.0.0-py3.10.egg-info/dependency_links.txt
[2.407s] -- Installing: /workspace/BMI/install/interfaces/local/lib/python3.10/dist-packages/interfaces-0.0.0-py3.10.egg-info/top_level.txt
[2.407s] -- Installing: /workspace/BMI/install/interfaces/local/lib/python3.10/dist-packages/interfaces-0.0.0-py3.10.egg-info/SOURCES.txt
[2.407s] -- Up-to-date: /workspace/BMI/install/interfaces/local/lib/python3.10/dist-packages/interfaces
[2.407s] -- Up-to-date: /workspace/BMI/install/interfaces/local/lib/python3.10/dist-packages/interfaces/msg
[2.407s] -- Installing: /workspace/BMI/install/interfaces/local/lib/python3.10/dist-packages/interfaces/msg/_ir_s.c
[2.407s] -- Installing: /workspace/BMI/install/interfaces/local/lib/python3.10/dist-packages/interfaces/msg/_ir.py
[2.407s] -- Installing: /workspace/BMI/install/interfaces/local/lib/python3.10/dist-packages/interfaces/msg/_state.py
[2.407s] -- Installing: /workspace/BMI/install/interfaces/local/lib/python3.10/dist-packages/interfaces/msg/_state_s.c
[2.407s] -- Installing: /workspace/BMI/install/interfaces/local/lib/python3.10/dist-packages/interfaces/msg/_sample_s.c
[2.407s] -- Installing: /workspace/BMI/install/interfaces/local/lib/python3.10/dist-packages/interfaces/msg/__init__.py
[2.407s] -- Up-to-date: /workspace/BMI/install/interfaces/local/lib/python3.10/dist-packages/interfaces/msg/_num.py
[2.407s] -- Up-to-date: /workspace/BMI/install/interfaces/local/lib/python3.10/dist-packages/interfaces/msg/_num_s.c
[2.408s] -- Installing: /workspace/BMI/install/interfaces/local/lib/python3.10/dist-packages/interfaces/msg/_sample.py
[2.408s] -- Installing: /workspace/BMI/install/interfaces/local/lib/python3.10/dist-packages/interfaces/_interfaces_s.ep.rosidl_typesupport_fastrtps_c.c
[2.408s] -- Installing: /workspace/BMI/install/interfaces/local/lib/python3.10/dist-packages/interfaces/libinterfaces__rosidl_generator_py.so
[2.408s] -- Installing: /workspace/BMI/install/interfaces/local/lib/python3.10/dist-packages/interfaces/interfaces_s__rosidl_typesupport_introspection_c.cpython-310-x86_64-linux-gnu.so
[2.408s] -- Installing: /workspace/BMI/install/interfaces/local/lib/python3.10/dist-packages/interfaces/interfaces_s__rosidl_typesupport_c.cpython-310-x86_64-linux-gnu.so
[2.408s] -- Installing: /workspace/BMI/install/interfaces/local/lib/python3.10/dist-packages/interfaces/_interfaces_s.ep.rosidl_typesupport_c.c
[2.408s] -- Installing: /workspace/BMI/install/interfaces/local/lib/python3.10/dist-packages/interfaces/__init__.py
[2.408s] -- Installing: /workspace/BMI/install/interfaces/local/lib/python3.10/dist-packages/interfaces/interfaces_s__rosidl_typesupport_fastrtps_c.cpython-310-x86_64-linux-gnu.so
[2.408s] -- Installing: /workspace/BMI/install/interfaces/local/lib/python3.10/dist-packages/interfaces/_interfaces_s.ep.rosidl_typesupport_introspection_c.c
[2.431s] Listing '/workspace/BMI/install/interfaces/local/lib/python3.10/dist-packages/interfaces'...
[2.431s] Compiling '/workspace/BMI/install/interfaces/local/lib/python3.10/dist-packages/interfaces/__init__.py'...
[2.431s] Listing '/workspace/BMI/install/interfaces/local/lib/python3.10/dist-packages/interfaces/msg'...
[2.431s] Compiling '/workspace/BMI/install/interfaces/local/lib/python3.10/dist-packages/interfaces/msg/__init__.py'...
[2.431s] Compiling '/workspace/BMI/install/interfaces/local/lib/python3.10/dist-packages/interfaces/msg/_ir.py'...
[2.431s] Compiling '/workspace/BMI/install/interfaces/local/lib/python3.10/dist-packages/interfaces/msg/_sample.py'...
[2.431s] Compiling '/workspace/BMI/install/interfaces/local/lib/python3.10/dist-packages/interfaces/msg/_state.py'...
[2.433s] -- Installing: /workspace/BMI/install/interfaces/local/lib/python3.10/dist-packages/interfaces/interfaces_s__rosidl_typesupport_fastrtps_c.cpython-310-x86_64-linux-gnu.so
[2.434s] -- Set runtime path of "/workspace/BMI/install/interfaces/local/lib/python3.10/dist-packages/interfaces/interfaces_s__rosidl_typesupport_fastrtps_c.cpython-310-x86_64-linux-gnu.so" to ""
[2.434s] -- Installing: /workspace/BMI/install/interfaces/local/lib/python3.10/dist-packages/interfaces/interfaces_s__rosidl_typesupport_introspection_c.cpython-310-x86_64-linux-gnu.so
[2.434s] -- Set runtime path of "/workspace/BMI/install/interfaces/local/lib/python3.10/dist-packages/interfaces/interfaces_s__rosidl_typesupport_introspection_c.cpython-310-x86_64-linux-gnu.so" to ""
[2.434s] -- Installing: /workspace/BMI/install/interfaces/local/lib/python3.10/dist-packages/interfaces/interfaces_s__rosidl_typesupport_c.cpython-310-x86_64-linux-gnu.so
[2.434s] -- Set runtime path of "/workspace/BMI/install/interfaces/local/lib/python3.10/dist-packages/interfaces/interfaces_s__rosidl_typesupport_c.cpython-310-x86_64-linux-gnu.so" to ""
[2.434s] -- Installing: /workspace/BMI/install/interfaces/lib/libinterfaces__rosidl_generator_py.so
[2.434s] -- Set runtime path of "/workspace/BMI/install/interfaces/lib/libinterfaces__rosidl_generator_py.so" to ""
[2.434s] -- Up-to-date: /workspace/BMI/install/interfaces/share/interfaces/msg/Ir.idl
[2.434s] -- Installing: /workspace/BMI/install/interfaces/share/interfaces/msg/Sample.idl
[2.434s] -- Installing: /workspace/BMI/install/interfaces/share/interfaces/msg/State.idl
[2.434s] -- Up-to-date: /workspace/BMI/install/interfaces/share/interfaces/msg/Ir.msg
[2.435s] -- Installing: /workspace/BMI/install/interfaces/share/interfaces/msg/Sample.msg
[2.435s] -- Installing: /workspace/BMI/install/interfaces/share/interfaces/msg/State.msg
[2.435s] -- Up-to-date: /workspace/BMI/install/interfaces/share/ament_index/resource_index/package_run_dependencies/interfaces
[2.435s] -- Installing: /workspace/BMI/install/interfaces/share/ament_index/resource_index/parent_prefix_path/interfaces
[2.435s] -- Up-to-date: /workspace/BMI/install/interfaces/share/interfaces/environment/ament_prefix_path.sh
[2.435s] -- Installing: /workspace/BMI/install/interfaces/share/interfaces/environment/ament_prefix_path.dsv
[2.435s] -- Up-to-date: /workspace/BMI/install/interfaces/share/interfaces/environment/path.sh
[2.435s] -- Installing: /workspace/BMI/install/interfaces/share/interfaces/environment/path.dsv
[2.435s] -- Up-to-date: /workspace/BMI/install/interfaces/share/interfaces/local_setup.bash
[2.435s] -- Up-to-date: /workspace/BMI/install/interfaces/share/interfaces/local_setup.sh
[2.435s] -- Up-to-date: /workspace/BMI/install/interfaces/share/interfaces/local_setup.zsh
[2.435s] -- Installing: /workspace/BMI/install/interfaces/share/interfaces/local_setup.dsv
[2.435s] -- Installing: /workspace/BMI/install/interfaces/share/interfaces/package.dsv
[2.435s] -- Up-to-date: /workspace/BMI/install/interfaces/share/ament_index/resource_index/packages/interfaces
[2.435s] -- Up-to-date: /workspace/BMI/install/interfaces/share/interfaces/cmake/export_interfaces__rosidl_generator_cExport.cmake
[2.435s] -- Up-to-date: /workspace/BMI/install/interfaces/share/interfaces/cmake/export_interfaces__rosidl_generator_cExport-noconfig.cmake
[2.435s] -- Up-to-date: /workspace/BMI/install/interfaces/share/interfaces/cmake/export_interfaces__rosidl_typesupport_fastrtps_cExport.cmake
[2.435s] -- Up-to-date: /workspace/BMI/install/interfaces/share/interfaces/cmake/export_interfaces__rosidl_typesupport_fastrtps_cExport-noconfig.cmake
[2.435s] -- Up-to-date: /workspace/BMI/install/interfaces/share/interfaces/cmake/interfaces__rosidl_typesupport_introspection_cExport.cmake
[2.436s] -- Up-to-date: /workspace/BMI/install/interfaces/share/interfaces/cmake/interfaces__rosidl_typesupport_introspection_cExport-noconfig.cmake
[2.436s] -- Up-to-date: /workspace/BMI/install/interfaces/share/interfaces/cmake/interfaces__rosidl_typesupport_cExport.cmake
[2.436s] -- Up-to-date: /workspace/BMI/install/interfaces/share/interfaces/cmake/interfaces__rosidl_typesupport_cExport-noconfig.cmake
[2.436s] -- Up-to-date: /workspace/BMI/install/interfaces/share/interfaces/cmake/export_interfaces__rosidl_generator_cppExport.cmake
[2.436s] -- Up-to-date: /workspace/BMI/install/interfaces/share/interfaces/cmake/export_interfaces__rosidl_typesupport_fastrtps_cppExport.cmake
[2.436s] -- Up-to-date: /workspace/BMI/install/interfaces/share/interfaces/cmake/export_interfaces__rosidl_typesupport_fastrtps_cppExport-noconfig.cmake
[2.436s] -- Up-to-date: /workspace/BMI/install/interfaces/share/interfaces/cmake/interfaces__rosidl_typesupport_introspection_cppExport.cmake
[2.436s] -- Up-to-date: /workspace/BMI/install/interfaces/share/interfaces/cmake/interfaces__rosidl_typesupport_introspection_cppExport-noconfig.cmake
[2.436s] -- Up-to-date: /workspace/BMI/install/interfaces/share/interfaces/cmake/interfaces__rosidl_typesupport_cppExport.cmake
[2.436s] -- Up-to-date: /workspace/BMI/install/interfaces/share/interfaces/cmake/interfaces__rosidl_typesupport_cppExport-noconfig.cmake
[2.436s] -- Up-to-date: /workspace/BMI/install/interfaces/share/interfaces/cmake/export_interfaces__rosidl_generator_pyExport.cmake
[2.436s] -- Up-to-date: /workspace/BMI/install/interfaces/share/interfaces/cmake/export_interfaces__rosidl_generator_pyExport-noconfig.cmake
[2.436s] -- Installing: /workspace/BMI/install/interfaces/share/interfaces/cmake/rosidl_cmake-extras.cmake
[2.436s] -- Up-to-date: /workspace/BMI/install/interfaces/share/interfaces/cmake/ament_cmake_export_include_directories-extras.cmake
[2.436s] -- Up-to-date: /workspace/BMI/install/interfaces/share/interfaces/cmake/ament_cmake_export_libraries-extras.cmake
[2.436s] -- Up-to-date: /workspace/BMI/install/interfaces/share/interfaces/cmake/ament_cmake_export_targets-extras.cmake
[2.436s] -- Up-to-date: /workspace/BMI/install/interfaces/share/interfaces/cmake/rosidl_cmake_export_typesupport_targets-extras.cmake
[2.436s] -- Up-to-date: /workspace/BMI/install/interfaces/share/interfaces/cmake/ament_cmake_export_dependencies-extras.cmake
[2.436s] -- Up-to-date: /workspace/BMI/install/interfaces/share/interfaces/cmake/rosidl_cmake_export_typesupport_libraries-extras.cmake
[2.436s] -- Up-to-date: /workspace/BMI/install/interfaces/share/interfaces/cmake/interfacesConfig.cmake
[2.437s] -- Up-to-date: /workspace/BMI/install/interfaces/share/interfaces/cmake/interfacesConfig-version.cmake
[2.437s] -- Up-to-date: /workspace/BMI/install/interfaces/share/interfaces/package.xml
[2.439s] Invoked command in '/workspace/BMI/build/interfaces' returned '0': CMAKE_PREFIX_PATH=/opt/ros/humble /usr/bin/cmake --install /workspace/BMI/build/interfaces
