[0.008s] Invoking command in '/workspace/BMI/build/interfaces': CMAKE_PREFIX_PATH=/workspace/synchronous_BMI/install/neural_data_generator:/opt/ros/humble /usr/bin/cmake --build /workspace/BMI/build/interfaces -- -j20 -l20
[0.024s] -- Found ament_cmake: 1.3.2 (/opt/ros/humble/share/ament_cmake/cmake)
[0.114s] -- Found rosidl_default_generators: 1.2.0 (/opt/ros/humble/share/rosidl_default_generators/cmake)
[0.115s] -- Using all available rosidl_typesupport_c: rosidl_typesupport_fastrtps_c;rosidl_typesupport_introspection_c
[0.117s] -- Found rosidl_adapter: 3.1.3 (/opt/ros/humble/share/rosidl_adapter/cmake)
[0.137s] -- Using all available rosidl_typesupport_cpp: rosidl_typesupport_fastrtps_cpp;rosidl_typesupport_introspection_cpp
[0.300s] -- Found ament_cmake_ros: 0.10.0 (/opt/ros/humble/share/ament_cmake_ros/cmake)
[0.409s] -- Using all available rosidl_typesupport_c: rosidl_typesupport_fastrtps_c;rosidl_typesupport_introspection_c
[0.551s] -- Using all available rosidl_typesupport_cpp: rosidl_typesupport_fastrtps_cpp;rosidl_typesupport_introspection_cpp
[0.565s] -- Found python_cmake_module: 0.10.0 (/opt/ros/humble/share/python_cmake_module/cmake)
[0.579s] -- Using PYTHON_EXECUTABLE: /usr/bin/python3
[0.579s] -- Using PYTHON_INCLUDE_DIRS: /usr/include/python3.10
[0.579s] -- Using PYTHON_LIBRARIES: /usr/lib/x86_64-linux-gnu/libpython3.10.so
[0.586s] -- Found ament_lint_auto: 0.12.4 (/opt/ros/humble/share/ament_lint_auto/cmake)
[0.592s] -- Added test 'lint_cmake' to check CMake code style
[0.592s] -- Added test 'xmllint' to check XML markup files
[0.593s] -- Configuring done
[0.610s] -- Generating done
[0.612s] -- Build files have been written to: /workspace/BMI/build/interfaces
[0.624s] [  3%] [34m[1mGenerating C code for ROS interfaces[0m
[0.630s] [  6%] [34m[1mGenerating C++ code for ROS interfaces[0m
[0.634s] [  6%] Built target ament_cmake_python_copy_interfaces
[0.778s] [  6%] Built target interfaces__cpp
[0.782s] running egg_info
[0.783s] writing interfaces.egg-info/PKG-INFO
[0.783s] writing dependency_links to interfaces.egg-info/dependency_links.txt
[0.783s] writing top-level names to interfaces.egg-info/top_level.txt
[0.783s] [ 12%] [34m[1mGenerating C++ type support dispatch for ROS interfaces[0m
[0.784s] [ 12%] [34m[1mGenerating C++ introspection for ROS interfaces[0m
[0.784s] [ 16%] [34m[1mGenerating C++ type support for eProsima Fast-RTPS[0m
[0.784s] [ 19%] [32mBuilding C object CMakeFiles/interfaces__rosidl_generator_c.dir/rosidl_generator_c/interfaces/msg/detail/ir__functions.c.o[0m
[0.785s] reading manifest file 'interfaces.egg-info/SOURCES.txt'
[0.785s] writing manifest file 'interfaces.egg-info/SOURCES.txt'
[0.803s] [ 19%] Built target ament_cmake_python_build_interfaces_egg
[0.811s] [ 22%] [32m[1mLinking C shared library libinterfaces__rosidl_generator_c.so[0m
[0.832s] [ 22%] Built target interfaces__rosidl_generator_c
[0.837s] [ 32%] [34m[1mGenerating C introspection for ROS interfaces[0m
[0.837s] [ 32%] [34m[1mGenerating C type support dispatch for ROS interfaces[0m
[0.838s] [ 32%] [34m[1mGenerating C type support for eProsima Fast-RTPS[0m
[0.921s] [ 35%] [32mBuilding CXX object CMakeFiles/interfaces__rosidl_typesupport_cpp.dir/rosidl_typesupport_cpp/interfaces/msg/ir__type_support.cpp.o[0m
[0.930s] [ 38%] [32mBuilding CXX object CMakeFiles/interfaces__rosidl_typesupport_introspection_cpp.dir/rosidl_typesupport_introspection_cpp/interfaces/msg/detail/ir__type_support.cpp.o[0m
[0.934s] [ 41%] [32mBuilding CXX object CMakeFiles/interfaces__rosidl_typesupport_fastrtps_cpp.dir/rosidl_typesupport_fastrtps_cpp/interfaces/msg/detail/dds_fastrtps/ir__type_support.cpp.o[0m
[0.976s] [ 45%] [32mBuilding CXX object CMakeFiles/interfaces__rosidl_typesupport_c.dir/rosidl_typesupport_c/interfaces/msg/ir__type_support.cpp.o[0m
[0.987s] [ 48%] [32mBuilding C object CMakeFiles/interfaces__rosidl_typesupport_introspection_c.dir/rosidl_typesupport_introspection_c/interfaces/msg/detail/ir__type_support.c.o[0m
[0.992s] [ 51%] [32mBuilding CXX object CMakeFiles/interfaces__rosidl_typesupport_fastrtps_c.dir/rosidl_typesupport_fastrtps_c/interfaces/msg/detail/ir__type_support_c.cpp.o[0m
[0.992s] [ 54%] [32m[1mLinking CXX shared library libinterfaces__rosidl_typesupport_c.so[0m
[1.006s] [ 58%] [32m[1mLinking C shared library libinterfaces__rosidl_typesupport_introspection_c.so[0m
[1.016s] [ 58%] Built target interfaces__rosidl_typesupport_c
[1.023s] [ 58%] Built target interfaces__rosidl_typesupport_introspection_c
[1.093s] [ 61%] [32m[1mLinking CXX shared library libinterfaces__rosidl_typesupport_cpp.so[0m
[1.118s] [ 61%] Built target interfaces__rosidl_typesupport_cpp
[1.166s] [ 64%] [32m[1mLinking CXX shared library libinterfaces__rosidl_typesupport_introspection_cpp.so[0m
[1.189s] [ 67%] [32m[1mLinking CXX shared library libinterfaces__rosidl_typesupport_fastrtps_cpp.so[0m
[1.189s] [ 67%] Built target interfaces__rosidl_typesupport_introspection_cpp
[1.199s] [ 70%] [32m[1mLinking CXX shared library libinterfaces__rosidl_typesupport_fastrtps_c.so[0m
[1.232s] [ 70%] Built target interfaces__rosidl_typesupport_fastrtps_cpp
[1.241s] [ 70%] Built target interfaces__rosidl_typesupport_fastrtps_c
[1.251s] [ 70%] Built target interfaces
[1.260s] [ 74%] [34m[1mGenerating Python code for ROS interfaces[0m
[1.485s] [ 74%] Built target interfaces__py
[1.494s] [ 77%] [32mBuilding C object CMakeFiles/interfaces__rosidl_generator_py.dir/rosidl_generator_py/interfaces/msg/_ir_s.c.o[0m
[1.552s] [ 80%] [32m[1mLinking C shared library rosidl_generator_py/interfaces/libinterfaces__rosidl_generator_py.so[0m
[1.573s] [ 80%] Built target interfaces__rosidl_generator_py
[1.579s] [35m[1mConsolidate compiler generated dependencies of target interfaces__rosidl_typesupport_c__pyext[0m
[1.579s] [35m[1mConsolidate compiler generated dependencies of target interfaces__rosidl_typesupport_fastrtps_c__pyext[0m
[1.579s] [35m[1mConsolidate compiler generated dependencies of target interfaces__rosidl_typesupport_introspection_c__pyext[0m
[1.586s] [ 90%] [32mBuilding C object CMakeFiles/interfaces__rosidl_typesupport_introspection_c__pyext.dir/rosidl_generator_py/interfaces/_interfaces_s.ep.rosidl_typesupport_introspection_c.c.o[0m
[1.586s] [ 90%] [32mBuilding C object CMakeFiles/interfaces__rosidl_typesupport_fastrtps_c__pyext.dir/rosidl_generator_py/interfaces/_interfaces_s.ep.rosidl_typesupport_fastrtps_c.c.o[0m
[1.586s] [ 90%] [32mBuilding C object CMakeFiles/interfaces__rosidl_typesupport_c__pyext.dir/rosidl_generator_py/interfaces/_interfaces_s.ep.rosidl_typesupport_c.c.o[0m
[1.642s] [100%] [32m[1mLinking C shared library rosidl_generator_py/interfaces/interfaces_s__rosidl_typesupport_c.cpython-310-x86_64-linux-gnu.so[0m
[1.642s] [ 96%] [32m[1mLinking C shared library rosidl_generator_py/interfaces/interfaces_s__rosidl_typesupport_introspection_c.cpython-310-x86_64-linux-gnu.so[0m
[1.642s] [100%] [32m[1mLinking C shared library rosidl_generator_py/interfaces/interfaces_s__rosidl_typesupport_fastrtps_c.cpython-310-x86_64-linux-gnu.so[0m
[1.660s] [100%] Built target interfaces__rosidl_typesupport_c__pyext
[1.660s] [100%] Built target interfaces__rosidl_typesupport_introspection_c__pyext
[1.660s] [100%] Built target interfaces__rosidl_typesupport_fastrtps_c__pyext
[1.667s] Invoked command in '/workspace/BMI/build/interfaces' returned '0': CMAKE_PREFIX_PATH=/workspace/synchronous_BMI/install/neural_data_generator:/opt/ros/humble /usr/bin/cmake --build /workspace/BMI/build/interfaces -- -j20 -l20
[1.696s] Invoking command in '/workspace/BMI/build/interfaces': CMAKE_PREFIX_PATH=/workspace/synchronous_BMI/install/neural_data_generator:/opt/ros/humble /usr/bin/cmake --install /workspace/BMI/build/interfaces
[1.699s] -- Install configuration: ""
[1.699s] -- Installing: /workspace/BMI/install/interfaces/share/ament_index/resource_index/rosidl_interfaces/interfaces
[1.699s] -- Up-to-date: /workspace/BMI/install/interfaces/include/interfaces/interfaces
[1.700s] -- Up-to-date: /workspace/BMI/install/interfaces/include/interfaces/interfaces/msg
[1.700s] -- Up-to-date: /workspace/BMI/install/interfaces/include/interfaces/interfaces/msg/rosidl_generator_c__visibility_control.h
[1.700s] -- Up-to-date: /workspace/BMI/install/interfaces/include/interfaces/interfaces/msg/num.h
[1.700s] -- Up-to-date: /workspace/BMI/install/interfaces/include/interfaces/interfaces/msg/detail
[1.700s] -- Installing: /workspace/BMI/install/interfaces/include/interfaces/interfaces/msg/detail/ir__functions.h
[1.700s] -- Up-to-date: /workspace/BMI/install/interfaces/include/interfaces/interfaces/msg/detail/num__type_support.h
[1.700s] -- Installing: /workspace/BMI/install/interfaces/include/interfaces/interfaces/msg/detail/ir__type_support.h
[1.700s] -- Installing: /workspace/BMI/install/interfaces/include/interfaces/interfaces/msg/detail/ir__struct.h
[1.700s] -- Up-to-date: /workspace/BMI/install/interfaces/include/interfaces/interfaces/msg/detail/num__struct.h
[1.700s] -- Up-to-date: /workspace/BMI/install/interfaces/include/interfaces/interfaces/msg/detail/num__functions.h
[1.700s] -- Up-to-date: /workspace/BMI/install/interfaces/include/interfaces/interfaces/msg/detail/num__functions.c
[1.700s] -- Installing: /workspace/BMI/install/interfaces/include/interfaces/interfaces/msg/detail/ir__functions.c
[1.700s] -- Installing: /workspace/BMI/install/interfaces/include/interfaces/interfaces/msg/ir.h
[1.700s] -- Up-to-date: /workspace/BMI/install/interfaces/share/interfaces/environment/library_path.sh
[1.700s] -- Installing: /workspace/BMI/install/interfaces/share/interfaces/environment/library_path.dsv
[1.700s] -- Installing: /workspace/BMI/install/interfaces/lib/libinterfaces__rosidl_generator_c.so
[1.700s] -- Set runtime path of "/workspace/BMI/install/interfaces/lib/libinterfaces__rosidl_generator_c.so" to ""
[1.700s] -- Up-to-date: /workspace/BMI/install/interfaces/include/interfaces/interfaces
[1.701s] -- Up-to-date: /workspace/BMI/install/interfaces/include/interfaces/interfaces/msg
[1.701s] -- Up-to-date: /workspace/BMI/install/interfaces/include/interfaces/interfaces/msg/detail
[1.701s] -- Up-to-date: /workspace/BMI/install/interfaces/include/interfaces/interfaces/msg/detail/num__rosidl_typesupport_fastrtps_c.h
[1.701s] -- Installing: /workspace/BMI/install/interfaces/include/interfaces/interfaces/msg/detail/ir__rosidl_typesupport_fastrtps_c.h
[1.701s] -- Up-to-date: /workspace/BMI/install/interfaces/include/interfaces/interfaces/msg/rosidl_typesupport_fastrtps_c__visibility_control.h
[1.701s] -- Installing: /workspace/BMI/install/interfaces/lib/libinterfaces__rosidl_typesupport_fastrtps_c.so
[1.701s] -- Set runtime path of "/workspace/BMI/install/interfaces/lib/libinterfaces__rosidl_typesupport_fastrtps_c.so" to ""
[1.701s] -- Up-to-date: /workspace/BMI/install/interfaces/include/interfaces/interfaces
[1.701s] -- Up-to-date: /workspace/BMI/install/interfaces/include/interfaces/interfaces/msg
[1.701s] -- Up-to-date: /workspace/BMI/install/interfaces/include/interfaces/interfaces/msg/rosidl_typesupport_introspection_c__visibility_control.h
[1.701s] -- Up-to-date: /workspace/BMI/install/interfaces/include/interfaces/interfaces/msg/detail
[1.701s] -- Installing: /workspace/BMI/install/interfaces/include/interfaces/interfaces/msg/detail/ir__type_support.c
[1.701s] -- Up-to-date: /workspace/BMI/install/interfaces/include/interfaces/interfaces/msg/detail/num__rosidl_typesupport_introspection_c.h
[1.701s] -- Installing: /workspace/BMI/install/interfaces/include/interfaces/interfaces/msg/detail/ir__rosidl_typesupport_introspection_c.h
[1.701s] -- Up-to-date: /workspace/BMI/install/interfaces/include/interfaces/interfaces/msg/detail/num__type_support.c
[1.701s] -- Installing: /workspace/BMI/install/interfaces/lib/libinterfaces__rosidl_typesupport_introspection_c.so
[1.701s] -- Set runtime path of "/workspace/BMI/install/interfaces/lib/libinterfaces__rosidl_typesupport_introspection_c.so" to ""
[1.701s] -- Installing: /workspace/BMI/install/interfaces/lib/libinterfaces__rosidl_typesupport_c.so
[1.701s] -- Set runtime path of "/workspace/BMI/install/interfaces/lib/libinterfaces__rosidl_typesupport_c.so" to ""
[1.702s] -- Up-to-date: /workspace/BMI/install/interfaces/include/interfaces/interfaces
[1.702s] -- Up-to-date: /workspace/BMI/install/interfaces/include/interfaces/interfaces/msg
[1.702s] -- Installing: /workspace/BMI/install/interfaces/include/interfaces/interfaces/msg/ir.hpp
[1.702s] -- Up-to-date: /workspace/BMI/install/interfaces/include/interfaces/interfaces/msg/detail
[1.702s] -- Up-to-date: /workspace/BMI/install/interfaces/include/interfaces/interfaces/msg/detail/num__builder.hpp
[1.702s] -- Up-to-date: /workspace/BMI/install/interfaces/include/interfaces/interfaces/msg/detail/num__traits.hpp
[1.702s] -- Installing: /workspace/BMI/install/interfaces/include/interfaces/interfaces/msg/detail/ir__traits.hpp
[1.702s] -- Installing: /workspace/BMI/install/interfaces/include/interfaces/interfaces/msg/detail/ir__builder.hpp
[1.702s] -- Up-to-date: /workspace/BMI/install/interfaces/include/interfaces/interfaces/msg/detail/num__struct.hpp
[1.702s] -- Installing: /workspace/BMI/install/interfaces/include/interfaces/interfaces/msg/detail/ir__struct.hpp
[1.702s] -- Up-to-date: /workspace/BMI/install/interfaces/include/interfaces/interfaces/msg/num.hpp
[1.702s] -- Up-to-date: /workspace/BMI/install/interfaces/include/interfaces/interfaces
[1.702s] -- Up-to-date: /workspace/BMI/install/interfaces/include/interfaces/interfaces/msg
[1.702s] -- Up-to-date: /workspace/BMI/install/interfaces/include/interfaces/interfaces/msg/rosidl_typesupport_fastrtps_cpp__visibility_control.h
[1.702s] -- Up-to-date: /workspace/BMI/install/interfaces/include/interfaces/interfaces/msg/detail
[1.702s] -- Up-to-date: /workspace/BMI/install/interfaces/include/interfaces/interfaces/msg/detail/num__rosidl_typesupport_fastrtps_cpp.hpp
[1.702s] -- Installing: /workspace/BMI/install/interfaces/include/interfaces/interfaces/msg/detail/ir__rosidl_typesupport_fastrtps_cpp.hpp
[1.702s] -- Up-to-date: /workspace/BMI/install/interfaces/include/interfaces/interfaces/msg/detail/dds_fastrtps
[1.702s] -- Installing: /workspace/BMI/install/interfaces/lib/libinterfaces__rosidl_typesupport_fastrtps_cpp.so
[1.702s] -- Set runtime path of "/workspace/BMI/install/interfaces/lib/libinterfaces__rosidl_typesupport_fastrtps_cpp.so" to ""
[1.702s] -- Up-to-date: /workspace/BMI/install/interfaces/include/interfaces/interfaces
[1.703s] -- Up-to-date: /workspace/BMI/install/interfaces/include/interfaces/interfaces/msg
[1.703s] -- Up-to-date: /workspace/BMI/install/interfaces/include/interfaces/interfaces/msg/detail
[1.703s] -- Installing: /workspace/BMI/install/interfaces/include/interfaces/interfaces/msg/detail/ir__type_support.cpp
[1.703s] -- Installing: /workspace/BMI/install/interfaces/include/interfaces/interfaces/msg/detail/ir__rosidl_typesupport_introspection_cpp.hpp
[1.703s] -- Up-to-date: /workspace/BMI/install/interfaces/include/interfaces/interfaces/msg/detail/num__rosidl_typesupport_introspection_cpp.hpp
[1.703s] -- Up-to-date: /workspace/BMI/install/interfaces/include/interfaces/interfaces/msg/detail/num__type_support.cpp
[1.703s] -- Installing: /workspace/BMI/install/interfaces/lib/libinterfaces__rosidl_typesupport_introspection_cpp.so
[1.703s] -- Set runtime path of "/workspace/BMI/install/interfaces/lib/libinterfaces__rosidl_typesupport_introspection_cpp.so" to ""
[1.703s] -- Installing: /workspace/BMI/install/interfaces/lib/libinterfaces__rosidl_typesupport_cpp.so
[1.703s] -- Set runtime path of "/workspace/BMI/install/interfaces/lib/libinterfaces__rosidl_typesupport_cpp.so" to ""
[1.703s] -- Up-to-date: /workspace/BMI/install/interfaces/share/interfaces/environment/pythonpath.sh
[1.703s] -- Installing: /workspace/BMI/install/interfaces/share/interfaces/environment/pythonpath.dsv
[1.703s] -- Up-to-date: /workspace/BMI/install/interfaces/local/lib/python3.10/dist-packages/interfaces-0.0.0-py3.10.egg-info
[1.703s] -- Installing: /workspace/BMI/install/interfaces/local/lib/python3.10/dist-packages/interfaces-0.0.0-py3.10.egg-info/PKG-INFO
[1.703s] -- Installing: /workspace/BMI/install/interfaces/local/lib/python3.10/dist-packages/interfaces-0.0.0-py3.10.egg-info/dependency_links.txt
[1.703s] -- Installing: /workspace/BMI/install/interfaces/local/lib/python3.10/dist-packages/interfaces-0.0.0-py3.10.egg-info/top_level.txt
[1.703s] -- Installing: /workspace/BMI/install/interfaces/local/lib/python3.10/dist-packages/interfaces-0.0.0-py3.10.egg-info/SOURCES.txt
[1.703s] -- Up-to-date: /workspace/BMI/install/interfaces/local/lib/python3.10/dist-packages/interfaces
[1.703s] -- Up-to-date: /workspace/BMI/install/interfaces/local/lib/python3.10/dist-packages/interfaces/msg
[1.704s] -- Installing: /workspace/BMI/install/interfaces/local/lib/python3.10/dist-packages/interfaces/msg/_ir_s.c
[1.704s] -- Installing: /workspace/BMI/install/interfaces/local/lib/python3.10/dist-packages/interfaces/msg/_ir.py
[1.704s] -- Installing: /workspace/BMI/install/interfaces/local/lib/python3.10/dist-packages/interfaces/msg/__init__.py
[1.704s] -- Up-to-date: /workspace/BMI/install/interfaces/local/lib/python3.10/dist-packages/interfaces/msg/_num.py
[1.704s] -- Up-to-date: /workspace/BMI/install/interfaces/local/lib/python3.10/dist-packages/interfaces/msg/_num_s.c
[1.704s] -- Installing: /workspace/BMI/install/interfaces/local/lib/python3.10/dist-packages/interfaces/_interfaces_s.ep.rosidl_typesupport_fastrtps_c.c
[1.704s] -- Installing: /workspace/BMI/install/interfaces/local/lib/python3.10/dist-packages/interfaces/libinterfaces__rosidl_generator_py.so
[1.704s] -- Installing: /workspace/BMI/install/interfaces/local/lib/python3.10/dist-packages/interfaces/interfaces_s__rosidl_typesupport_introspection_c.cpython-310-x86_64-linux-gnu.so
[1.704s] -- Installing: /workspace/BMI/install/interfaces/local/lib/python3.10/dist-packages/interfaces/interfaces_s__rosidl_typesupport_c.cpython-310-x86_64-linux-gnu.so
[1.704s] -- Installing: /workspace/BMI/install/interfaces/local/lib/python3.10/dist-packages/interfaces/_interfaces_s.ep.rosidl_typesupport_c.c
[1.704s] -- Installing: /workspace/BMI/install/interfaces/local/lib/python3.10/dist-packages/interfaces/__init__.py
[1.704s] -- Installing: /workspace/BMI/install/interfaces/local/lib/python3.10/dist-packages/interfaces/interfaces_s__rosidl_typesupport_fastrtps_c.cpython-310-x86_64-linux-gnu.so
[1.704s] -- Installing: /workspace/BMI/install/interfaces/local/lib/python3.10/dist-packages/interfaces/_interfaces_s.ep.rosidl_typesupport_introspection_c.c
[1.725s] Listing '/workspace/BMI/install/interfaces/local/lib/python3.10/dist-packages/interfaces'...
[1.725s] Compiling '/workspace/BMI/install/interfaces/local/lib/python3.10/dist-packages/interfaces/__init__.py'...
[1.725s] Listing '/workspace/BMI/install/interfaces/local/lib/python3.10/dist-packages/interfaces/msg'...
[1.725s] Compiling '/workspace/BMI/install/interfaces/local/lib/python3.10/dist-packages/interfaces/msg/__init__.py'...
[1.725s] Compiling '/workspace/BMI/install/interfaces/local/lib/python3.10/dist-packages/interfaces/msg/_ir.py'...
[1.728s] -- Installing: /workspace/BMI/install/interfaces/local/lib/python3.10/dist-packages/interfaces/interfaces_s__rosidl_typesupport_fastrtps_c.cpython-310-x86_64-linux-gnu.so
[1.728s] -- Set runtime path of "/workspace/BMI/install/interfaces/local/lib/python3.10/dist-packages/interfaces/interfaces_s__rosidl_typesupport_fastrtps_c.cpython-310-x86_64-linux-gnu.so" to ""
[1.728s] -- Installing: /workspace/BMI/install/interfaces/local/lib/python3.10/dist-packages/interfaces/interfaces_s__rosidl_typesupport_introspection_c.cpython-310-x86_64-linux-gnu.so
[1.728s] -- Set runtime path of "/workspace/BMI/install/interfaces/local/lib/python3.10/dist-packages/interfaces/interfaces_s__rosidl_typesupport_introspection_c.cpython-310-x86_64-linux-gnu.so" to ""
[1.728s] -- Installing: /workspace/BMI/install/interfaces/local/lib/python3.10/dist-packages/interfaces/interfaces_s__rosidl_typesupport_c.cpython-310-x86_64-linux-gnu.so
[1.728s] -- Set runtime path of "/workspace/BMI/install/interfaces/local/lib/python3.10/dist-packages/interfaces/interfaces_s__rosidl_typesupport_c.cpython-310-x86_64-linux-gnu.so" to ""
[1.728s] -- Installing: /workspace/BMI/install/interfaces/lib/libinterfaces__rosidl_generator_py.so
[1.729s] -- Set runtime path of "/workspace/BMI/install/interfaces/lib/libinterfaces__rosidl_generator_py.so" to ""
[1.729s] -- Installing: /workspace/BMI/install/interfaces/share/interfaces/msg/Ir.idl
[1.729s] -- Installing: /workspace/BMI/install/interfaces/share/interfaces/msg/Ir.msg
[1.729s] -- Up-to-date: /workspace/BMI/install/interfaces/share/ament_index/resource_index/package_run_dependencies/interfaces
[1.729s] -- Up-to-date: /workspace/BMI/install/interfaces/share/ament_index/resource_index/parent_prefix_path/interfaces
[1.729s] -- Up-to-date: /workspace/BMI/install/interfaces/share/interfaces/environment/ament_prefix_path.sh
[1.729s] -- Installing: /workspace/BMI/install/interfaces/share/interfaces/environment/ament_prefix_path.dsv
[1.729s] -- Up-to-date: /workspace/BMI/install/interfaces/share/interfaces/environment/path.sh
[1.729s] -- Installing: /workspace/BMI/install/interfaces/share/interfaces/environment/path.dsv
[1.729s] -- Up-to-date: /workspace/BMI/install/interfaces/share/interfaces/local_setup.bash
[1.729s] -- Up-to-date: /workspace/BMI/install/interfaces/share/interfaces/local_setup.sh
[1.729s] -- Up-to-date: /workspace/BMI/install/interfaces/share/interfaces/local_setup.zsh
[1.729s] -- Installing: /workspace/BMI/install/interfaces/share/interfaces/local_setup.dsv
[1.729s] -- Installing: /workspace/BMI/install/interfaces/share/interfaces/package.dsv
[1.729s] -- Up-to-date: /workspace/BMI/install/interfaces/share/ament_index/resource_index/packages/interfaces
[1.729s] -- Up-to-date: /workspace/BMI/install/interfaces/share/interfaces/cmake/export_interfaces__rosidl_generator_cExport.cmake
[1.729s] -- Up-to-date: /workspace/BMI/install/interfaces/share/interfaces/cmake/export_interfaces__rosidl_generator_cExport-noconfig.cmake
[1.729s] -- Up-to-date: /workspace/BMI/install/interfaces/share/interfaces/cmake/export_interfaces__rosidl_typesupport_fastrtps_cExport.cmake
[1.730s] -- Up-to-date: /workspace/BMI/install/interfaces/share/interfaces/cmake/export_interfaces__rosidl_typesupport_fastrtps_cExport-noconfig.cmake
[1.730s] -- Up-to-date: /workspace/BMI/install/interfaces/share/interfaces/cmake/interfaces__rosidl_typesupport_introspection_cExport.cmake
[1.730s] -- Up-to-date: /workspace/BMI/install/interfaces/share/interfaces/cmake/interfaces__rosidl_typesupport_introspection_cExport-noconfig.cmake
[1.730s] -- Up-to-date: /workspace/BMI/install/interfaces/share/interfaces/cmake/interfaces__rosidl_typesupport_cExport.cmake
[1.730s] -- Up-to-date: /workspace/BMI/install/interfaces/share/interfaces/cmake/interfaces__rosidl_typesupport_cExport-noconfig.cmake
[1.730s] -- Up-to-date: /workspace/BMI/install/interfaces/share/interfaces/cmake/export_interfaces__rosidl_generator_cppExport.cmake
[1.730s] -- Up-to-date: /workspace/BMI/install/interfaces/share/interfaces/cmake/export_interfaces__rosidl_typesupport_fastrtps_cppExport.cmake
[1.730s] -- Up-to-date: /workspace/BMI/install/interfaces/share/interfaces/cmake/export_interfaces__rosidl_typesupport_fastrtps_cppExport-noconfig.cmake
[1.730s] -- Up-to-date: /workspace/BMI/install/interfaces/share/interfaces/cmake/interfaces__rosidl_typesupport_introspection_cppExport.cmake
[1.730s] -- Up-to-date: /workspace/BMI/install/interfaces/share/interfaces/cmake/interfaces__rosidl_typesupport_introspection_cppExport-noconfig.cmake
[1.730s] -- Up-to-date: /workspace/BMI/install/interfaces/share/interfaces/cmake/interfaces__rosidl_typesupport_cppExport.cmake
[1.730s] -- Up-to-date: /workspace/BMI/install/interfaces/share/interfaces/cmake/interfaces__rosidl_typesupport_cppExport-noconfig.cmake
[1.730s] -- Up-to-date: /workspace/BMI/install/interfaces/share/interfaces/cmake/export_interfaces__rosidl_generator_pyExport.cmake
[1.730s] -- Up-to-date: /workspace/BMI/install/interfaces/share/interfaces/cmake/export_interfaces__rosidl_generator_pyExport-noconfig.cmake
[1.730s] -- Installing: /workspace/BMI/install/interfaces/share/interfaces/cmake/rosidl_cmake-extras.cmake
[1.730s] -- Up-to-date: /workspace/BMI/install/interfaces/share/interfaces/cmake/ament_cmake_export_include_directories-extras.cmake
[1.730s] -- Up-to-date: /workspace/BMI/install/interfaces/share/interfaces/cmake/ament_cmake_export_libraries-extras.cmake
[1.730s] -- Up-to-date: /workspace/BMI/install/interfaces/share/interfaces/cmake/ament_cmake_export_targets-extras.cmake
[1.730s] -- Up-to-date: /workspace/BMI/install/interfaces/share/interfaces/cmake/rosidl_cmake_export_typesupport_targets-extras.cmake
[1.730s] -- Up-to-date: /workspace/BMI/install/interfaces/share/interfaces/cmake/ament_cmake_export_dependencies-extras.cmake
[1.730s] -- Up-to-date: /workspace/BMI/install/interfaces/share/interfaces/cmake/rosidl_cmake_export_typesupport_libraries-extras.cmake
[1.731s] -- Up-to-date: /workspace/BMI/install/interfaces/share/interfaces/cmake/interfacesConfig.cmake
[1.731s] -- Up-to-date: /workspace/BMI/install/interfaces/share/interfaces/cmake/interfacesConfig-version.cmake
[1.731s] -- Up-to-date: /workspace/BMI/install/interfaces/share/interfaces/package.xml
[1.732s] Invoked command in '/workspace/BMI/build/interfaces' returned '0': CMAKE_PREFIX_PATH=/workspace/synchronous_BMI/install/neural_data_generator:/opt/ros/humble /usr/bin/cmake --install /workspace/BMI/build/interfaces
