running egg_info
creating ../../build/presenter/presenter.egg-info
writing ../../build/presenter/presenter.egg-info/PKG-INFO
writing dependency_links to ../../build/presenter/presenter.egg-info/dependency_links.txt
writing entry points to ../../build/presenter/presenter.egg-info/entry_points.txt
writing requirements to ../../build/presenter/presenter.egg-info/requires.txt
writing top-level names to ../../build/presenter/presenter.egg-info/top_level.txt
writing manifest file '../../build/presenter/presenter.egg-info/SOURCES.txt'
reading manifest file '../../build/presenter/presenter.egg-info/SOURCES.txt'
writing manifest file '../../build/presenter/presenter.egg-info/SOURCES.txt'
running build
running build_py
creating /workspace/BMI/build/presenter/build
creating /workspace/BMI/build/presenter/build/lib
creating /workspace/BMI/build/presenter/build/lib/presenter
copying presenter/psychopy_presenter_2D_center_out.py -> /workspace/BMI/build/presenter/build/lib/presenter
copying presenter/__init__.py -> /workspace/BMI/build/presenter/build/lib/presenter
running install
running install_lib
creating /workspace/BMI/install/presenter/lib/python3.10/site-packages/presenter
copying /workspace/BMI/build/presenter/build/lib/presenter/psychopy_presenter_2D_center_out.py -> /workspace/BMI/install/presenter/lib/python3.10/site-packages/presenter
copying /workspace/BMI/build/presenter/build/lib/presenter/__init__.py -> /workspace/BMI/install/presenter/lib/python3.10/site-packages/presenter
byte-compiling /workspace/BMI/install/presenter/lib/python3.10/site-packages/presenter/psychopy_presenter_2D_center_out.py to psychopy_presenter_2D_center_out.cpython-310.pyc
byte-compiling /workspace/BMI/install/presenter/lib/python3.10/site-packages/presenter/__init__.py to __init__.cpython-310.pyc
running install_data
creating /workspace/BMI/install/presenter/share/ament_index
creating /workspace/BMI/install/presenter/share/ament_index/resource_index
creating /workspace/BMI/install/presenter/share/ament_index/resource_index/packages
copying resource/presenter -> /workspace/BMI/install/presenter/share/ament_index/resource_index/packages
copying package.xml -> /workspace/BMI/install/presenter/share/presenter
running install_egg_info
Copying ../../build/presenter/presenter.egg-info to /workspace/BMI/install/presenter/lib/python3.10/site-packages/presenter-0.0.0-py3.10.egg-info
running install_scripts
Installing center_out_2D script to /workspace/BMI/install/presenter/lib/presenter
writing list of installed files to '/workspace/BMI/build/presenter/install.log'
