[0.762s] Invoking command in '/workspace/BMI/src/presenter': PYTHONPATH=/workspace/BMI/install/presenter/lib/python3.10/site-packages:${PYTHONPATH} /usr/bin/python3 setup.py egg_info --egg-base ../../build/presenter build --build-base /workspace/BMI/build/presenter/build install --prefix /workspace/BMI/install/presenter --record /workspace/BMI/build/presenter/install.log --single-version-externally-managed
[0.919s] running egg_info
[0.919s] creating ../../build/presenter/presenter.egg-info
[0.919s] writing ../../build/presenter/presenter.egg-info/PKG-INFO
[0.919s] writing dependency_links to ../../build/presenter/presenter.egg-info/dependency_links.txt
[0.919s] writing entry points to ../../build/presenter/presenter.egg-info/entry_points.txt
[0.920s] writing requirements to ../../build/presenter/presenter.egg-info/requires.txt
[0.920s] writing top-level names to ../../build/presenter/presenter.egg-info/top_level.txt
[0.920s] writing manifest file '../../build/presenter/presenter.egg-info/SOURCES.txt'
[0.921s] reading manifest file '../../build/presenter/presenter.egg-info/SOURCES.txt'
[0.921s] writing manifest file '../../build/presenter/presenter.egg-info/SOURCES.txt'
[0.921s] running build
[0.921s] running build_py
[0.921s] creating /workspace/BMI/build/presenter/build
[0.921s] creating /workspace/BMI/build/presenter/build/lib
[0.921s] creating /workspace/BMI/build/presenter/build/lib/presenter
[0.921s] copying presenter/psychopy_presenter_2D_center_out.py -> /workspace/BMI/build/presenter/build/lib/presenter
[0.922s] copying presenter/__init__.py -> /workspace/BMI/build/presenter/build/lib/presenter
[0.922s] running install
[0.922s] /usr/lib/python3/dist-packages/setuptools/command/install.py:34: SetuptoolsDeprecationWarning: setup.py install is deprecated. Use build and pip and other standards-based tools.
[0.922s]   warnings.warn(
[0.922s] running install_lib
[0.922s] creating /workspace/BMI/install/presenter/lib/python3.10/site-packages/presenter
[0.922s] copying /workspace/BMI/build/presenter/build/lib/presenter/psychopy_presenter_2D_center_out.py -> /workspace/BMI/install/presenter/lib/python3.10/site-packages/presenter
[0.922s] copying /workspace/BMI/build/presenter/build/lib/presenter/__init__.py -> /workspace/BMI/install/presenter/lib/python3.10/site-packages/presenter
[0.923s] byte-compiling /workspace/BMI/install/presenter/lib/python3.10/site-packages/presenter/psychopy_presenter_2D_center_out.py to psychopy_presenter_2D_center_out.cpython-310.pyc
[0.923s] byte-compiling /workspace/BMI/install/presenter/lib/python3.10/site-packages/presenter/__init__.py to __init__.cpython-310.pyc
[0.923s] running install_data
[0.923s] creating /workspace/BMI/install/presenter/share/ament_index
[0.923s] creating /workspace/BMI/install/presenter/share/ament_index/resource_index
[0.923s] creating /workspace/BMI/install/presenter/share/ament_index/resource_index/packages
[0.924s] copying resource/presenter -> /workspace/BMI/install/presenter/share/ament_index/resource_index/packages
[0.924s] copying package.xml -> /workspace/BMI/install/presenter/share/presenter
[0.924s] running install_egg_info
[0.925s] Copying ../../build/presenter/presenter.egg-info to /workspace/BMI/install/presenter/lib/python3.10/site-packages/presenter-0.0.0-py3.10.egg-info
[0.925s] running install_scripts
[0.939s] Installing center_out_2D script to /workspace/BMI/install/presenter/lib/presenter
[0.939s] writing list of installed files to '/workspace/BMI/build/presenter/install.log'
[0.960s] Invoked command in '/workspace/BMI/src/presenter' returned '0': PYTHONPATH=/workspace/BMI/install/presenter/lib/python3.10/site-packages:${PYTHONPATH} /usr/bin/python3 setup.py egg_info --egg-base ../../build/presenter build --build-base /workspace/BMI/build/presenter/build install --prefix /workspace/BMI/install/presenter --record /workspace/BMI/build/presenter/install.log --single-version-externally-managed
