[0.978s] Invoking command in '/workspace/BMI/src/presenter': PYTHONPATH=/workspace/BMI/install/presenter/lib/python3.10/site-packages:${PYTHONPATH} /usr/bin/python3 setup.py egg_info --egg-base ../../build/presenter build --build-base /workspace/BMI/build/presenter/build install --prefix /workspace/BMI/install/presenter --record /workspace/BMI/build/presenter/install.log --single-version-externally-managed
[1.138s] running egg_info
[1.138s] writing ../../build/presenter/presenter.egg-info/PKG-INFO
[1.138s] writing dependency_links to ../../build/presenter/presenter.egg-info/dependency_links.txt
[1.138s] writing entry points to ../../build/presenter/presenter.egg-info/entry_points.txt
[1.139s] writing requirements to ../../build/presenter/presenter.egg-info/requires.txt
[1.139s] writing top-level names to ../../build/presenter/presenter.egg-info/top_level.txt
[1.139s] reading manifest file '../../build/presenter/presenter.egg-info/SOURCES.txt'
[1.140s] writing manifest file '../../build/presenter/presenter.egg-info/SOURCES.txt'
[1.140s] running build
[1.140s] running build_py
[1.140s] running install
[1.140s] /usr/lib/python3/dist-packages/setuptools/command/install.py:34: SetuptoolsDeprecationWarning: setup.py install is deprecated. Use build and pip and other standards-based tools.
[1.141s]   warnings.warn(
[1.141s] running install_lib
[1.141s] byte-compiling /workspace/BMI/install/presenter/lib/python3.10/site-packages/presenter/psychopy_presenter_2D_center_out.py to psychopy_presenter_2D_center_out.cpython-310.pyc
[1.142s] Sorry: TabError: inconsistent use of tabs and spaces in indentation (psychopy_presenter_2D_center_out.py, line 63)
[1.142s] running install_data
[1.142s] running install_egg_info
[1.143s] removing '/workspace/BMI/install/presenter/lib/python3.10/site-packages/presenter-0.0.0-py3.10.egg-info' (and everything under it)
[1.144s] Copying ../../build/presenter/presenter.egg-info to /workspace/BMI/install/presenter/lib/python3.10/site-packages/presenter-0.0.0-py3.10.egg-info
[1.144s] running install_scripts
[1.160s] Installing center_out_2D script to /workspace/BMI/install/presenter/lib/presenter
[1.160s] writing list of installed files to '/workspace/BMI/build/presenter/install.log'
[1.180s] Invoked command in '/workspace/BMI/src/presenter' returned '0': PYTHONPATH=/workspace/BMI/install/presenter/lib/python3.10/site-packages:${PYTHONPATH} /usr/bin/python3 setup.py egg_info --egg-base ../../build/presenter build --build-base /workspace/BMI/build/presenter/build install --prefix /workspace/BMI/install/presenter --record /workspace/BMI/build/presenter/install.log --single-version-externally-managed
