[0.953s] Invoking command in '/workspace/BMI/src/presenter': PYTHONPATH=/workspace/BMI/install/presenter/lib/python3.10/site-packages:${PYTHONPATH} /usr/bin/python3 setup.py egg_info --egg-base ../../build/presenter build --build-base /workspace/BMI/build/presenter/build install --prefix /workspace/BMI/install/presenter --record /workspace/BMI/build/presenter/install.log --single-version-externally-managed
[1.115s] running egg_info
[1.115s] writing ../../build/presenter/presenter.egg-info/PKG-INFO
[1.115s] writing dependency_links to ../../build/presenter/presenter.egg-info/dependency_links.txt
[1.115s] writing entry points to ../../build/presenter/presenter.egg-info/entry_points.txt
[1.116s] writing requirements to ../../build/presenter/presenter.egg-info/requires.txt
[1.116s] writing top-level names to ../../build/presenter/presenter.egg-info/top_level.txt
[1.117s] reading manifest file '../../build/presenter/presenter.egg-info/SOURCES.txt'
[1.117s] writing manifest file '../../build/presenter/presenter.egg-info/SOURCES.txt'
[1.117s] running build
[1.117s] running build_py
[1.117s] running install
[1.117s] /usr/lib/python3/dist-packages/setuptools/command/install.py:34: SetuptoolsDeprecationWarning: setup.py install is deprecated. Use build and pip and other standards-based tools.
[1.117s]   warnings.warn(
[1.118s] running install_lib
[1.118s] running install_data
[1.119s] running install_egg_info
[1.120s] removing '/workspace/BMI/install/presenter/lib/python3.10/site-packages/presenter-0.0.0-py3.10.egg-info' (and everything under it)
[1.120s] Copying ../../build/presenter/presenter.egg-info to /workspace/BMI/install/presenter/lib/python3.10/site-packages/presenter-0.0.0-py3.10.egg-info
[1.121s] running install_scripts
[1.135s] Installing center_out_2D script to /workspace/BMI/install/presenter/lib/presenter
[1.135s] writing list of installed files to '/workspace/BMI/build/presenter/install.log'
[1.167s] Invoked command in '/workspace/BMI/src/presenter' returned '0': PYTHONPATH=/workspace/BMI/install/presenter/lib/python3.10/site-packages:${PYTHONPATH} /usr/bin/python3 setup.py egg_info --egg-base ../../build/presenter build --build-base /workspace/BMI/build/presenter/build install --prefix /workspace/BMI/install/presenter --record /workspace/BMI/build/presenter/install.log --single-version-externally-managed
