/home/soma/Desktop/BMI/install/decoding_element/lib/python3.10/site-packages/decoding_element/decoding_element_predictor_msg.py
/home/soma/Desktop/BMI/install/decoding_element/lib/python3.10/site-packages/decoding_element/decoding_element_predictor_new.py
/home/soma/Desktop/BMI/install/decoding_element/lib/python3.10/site-packages/decoding_element/decoding_element_predictor.py
/home/soma/Desktop/BMI/install/decoding_element/lib/python3.10/site-packages/decoding_element/decoding_element_trainer_new.py
/home/soma/Desktop/BMI/install/decoding_element/lib/python3.10/site-packages/decoding_element/data_integrator.py
/home/soma/Desktop/BMI/install/decoding_element/lib/python3.10/site-packages/decoding_element/data_integrator_message_filters.py
/home/soma/Desktop/BMI/install/decoding_element/lib/python3.10/site-packages/decoding_element/decoding_element_predictor_old.py
/home/soma/Desktop/BMI/install/decoding_element/lib/python3.10/site-packages/decoding_element/__init__.py
/home/soma/Desktop/BMI/install/decoding_element/lib/python3.10/site-packages/decoding_element/decoding_element_trainer_old.py
/home/soma/Desktop/BMI/install/decoding_element/lib/python3.10/site-packages/decoding_element/decoding_element_trainer.py
/home/soma/Desktop/BMI/install/decoding_element/lib/python3.10/site-packages/decoding_element/__pycache__/decoding_element_predictor_msg.cpython-310.pyc
/home/soma/Desktop/BMI/install/decoding_element/lib/python3.10/site-packages/decoding_element/__pycache__/decoding_element_predictor_new.cpython-310.pyc
/home/soma/Desktop/BMI/install/decoding_element/lib/python3.10/site-packages/decoding_element/__pycache__/decoding_element_predictor.cpython-310.pyc
/home/soma/Desktop/BMI/install/decoding_element/lib/python3.10/site-packages/decoding_element/__pycache__/decoding_element_trainer_new.cpython-310.pyc
/home/soma/Desktop/BMI/install/decoding_element/lib/python3.10/site-packages/decoding_element/__pycache__/data_integrator.cpython-310.pyc
/home/soma/Desktop/BMI/install/decoding_element/lib/python3.10/site-packages/decoding_element/__pycache__/data_integrator_message_filters.cpython-310.pyc
/home/soma/Desktop/BMI/install/decoding_element/lib/python3.10/site-packages/decoding_element/__pycache__/decoding_element_predictor_old.cpython-310.pyc
/home/soma/Desktop/BMI/install/decoding_element/lib/python3.10/site-packages/decoding_element/__pycache__/__init__.cpython-310.pyc
/home/soma/Desktop/BMI/install/decoding_element/lib/python3.10/site-packages/decoding_element/__pycache__/decoding_element_trainer_old.cpython-310.pyc
/home/soma/Desktop/BMI/install/decoding_element/lib/python3.10/site-packages/decoding_element/__pycache__/decoding_element_trainer.cpython-310.pyc
/home/soma/Desktop/BMI/install/decoding_element/share/ament_index/resource_index/packages/decoding_element
/home/soma/Desktop/BMI/install/decoding_element/share/decoding_element/package.xml
/home/soma/Desktop/BMI/install/decoding_element/lib/python3.10/site-packages/decoding_element-0.0.0-py3.10.egg-info/entry_points.txt
/home/soma/Desktop/BMI/install/decoding_element/lib/python3.10/site-packages/decoding_element-0.0.0-py3.10.egg-info/PKG-INFO
/home/soma/Desktop/BMI/install/decoding_element/lib/python3.10/site-packages/decoding_element-0.0.0-py3.10.egg-info/zip-safe
/home/soma/Desktop/BMI/install/decoding_element/lib/python3.10/site-packages/decoding_element-0.0.0-py3.10.egg-info/dependency_links.txt
/home/soma/Desktop/BMI/install/decoding_element/lib/python3.10/site-packages/decoding_element-0.0.0-py3.10.egg-info/requires.txt
/home/soma/Desktop/BMI/install/decoding_element/lib/python3.10/site-packages/decoding_element-0.0.0-py3.10.egg-info/top_level.txt
/home/soma/Desktop/BMI/install/decoding_element/lib/python3.10/site-packages/decoding_element-0.0.0-py3.10.egg-info/SOURCES.txt
/home/soma/Desktop/BMI/install/decoding_element/lib/decoding_element/integrator
/home/soma/Desktop/BMI/install/decoding_element/lib/decoding_element/integrator_message_filters
/home/soma/Desktop/BMI/install/decoding_element/lib/decoding_element/predictor
/home/soma/Desktop/BMI/install/decoding_element/lib/decoding_element/trainer
