[0.198s] Invoking command in '/workspace/BMI/build/interfaces': CMAKE_PREFIX_PATH=${CMAKE_PREFIX_PATH}:/workspace/BMI/install/test_pkg:/workspace/BMI/install/presenter:/workspace/BMI/install/neural_data_generator:/workspace/BMI/install/decoder:/opt/ros/humble /usr/bin/cmake --build /workspace/BMI/build/interfaces -- -j20 -l20
[0.707s] -- Found ament_cmake: 1.3.2 (/opt/ros/humble/share/ament_cmake/cmake)
[0.708s] -- Found rosidl_default_generators: 1.2.0 (/opt/ros/humble/share/rosidl_default_generators/cmake)
[0.708s] -- Using all available rosidl_typesupport_c: rosidl_typesupport_fastrtps_c;rosidl_typesupport_introspection_c
[0.708s] -- Found rosidl_adapter: 3.1.3 (/opt/ros/humble/share/rosidl_adapter/cmake)
[0.708s] -- Using all available rosidl_typesupport_cpp: rosidl_typesupport_fastrtps_cpp;rosidl_typesupport_introspection_cpp
[0.708s] -- Configuring incomplete, errors occurred!
[0.708s] See also "/workspace/BMI/build/interfaces/CMakeFiles/CMakeOutput.log".
[0.709s] [31mCMake Error at /opt/ros/humble/share/rosidl_adapter/cmake/rosidl_adapt_interfaces.cmake:59 (message):
[0.709s]   execute_process(/usr/bin/python3.10 -m rosidl_adapter --package-name
[0.709s]   interfaces --arguments-file
[0.709s]   /workspace/BMI/build/interfaces/rosidl_adapter__arguments__interfaces.json
[0.709s]   --output-dir /workspace/BMI/build/interfaces/rosidl_adapter/interfaces
[0.709s]   --output-file
[0.709s]   /workspace/BMI/build/interfaces/rosidl_adapter/interfaces.idls) returned
[0.710s]   error code 1:
[0.710s] 
[0.710s]   Error processing 'int[] de' of 'interfaces/DecoderElement': ''int' is an
[0.710s]   invalid message name.  It should have the pattern '^[A-Z][A-Za-z0-9]*$''
[0.710s] 
[0.711s]   Traceback (most recent call last):
[0.711s] 
[0.711s]     File "/usr/lib/python3.10/runpy.py", line 196, in _run_module_as_main
[0.711s]       return _run_code(code, main_globals, None,
[0.711s]     File "/usr/lib/python3.10/runpy.py", line 86, in _run_code
[0.711s]       exec(code, run_globals)
[0.712s]     File "/opt/ros/humble/local/lib/python3.10/dist-packages/rosidl_adapter/__main__.py", line 19, in <module>
[0.712s]       sys.exit(main())
[0.712s]     File "/opt/ros/humble/local/lib/python3.10/dist-packages/rosidl_adapter/main.py", line 53, in main
[0.712s]       abs_idl_file = convert_to_idl(
[0.712s]     File "/opt/ros/humble/local/lib/python3.10/dist-packages/rosidl_adapter/__init__.py", line 19, in convert_to_idl
[0.712s]       return convert_msg_to_idl(
[0.713s]     File "/opt/ros/humble/local/lib/python3.10/dist-packages/rosidl_adapter/msg/__init__.py", line 28, in convert_msg_to_idl
[0.713s]       msg = parse_message_string(package_name, input_file.stem, content)
[0.713s]     File "/opt/ros/humble/local/lib/python3.10/dist-packages/rosidl_adapter/parser.py", line 520, in parse_message_string
[0.713s]       Type(type_string, context_package_name=pkg_name),
[0.713s]     File "/opt/ros/humble/local/lib/python3.10/dist-packages/rosidl_adapter/parser.py", line 277, in __init__
[0.713s]       super(Type, self).__init__(
[0.714s]     File "/opt/ros/humble/local/lib/python3.10/dist-packages/rosidl_adapter/parser.py", line 205, in __init__
[0.714s]       raise InvalidResourceName(
[0.714s] 
[0.714s]   rosidl_adapter.parser.InvalidResourceName: 'int' is an invalid message
[0.714s]   name.  It should have the pattern '^[A-Z][A-Za-z0-9]*$'
[0.714s] 
[0.714s] Call Stack (most recent call first):
[0.714s]   /opt/ros/humble/share/rosidl_cmake/cmake/rosidl_generate_interfaces.cmake:130 (rosidl_adapt_interfaces)
[0.714s]   CMakeLists.txt:16 (rosidl_generate_interfaces)
[0.714s] 
[0.714s] [0m
[0.714s] gmake: *** [Makefile:1611: cmake_check_build_system] Error 1
[0.715s] Invoked command in '/workspace/BMI/build/interfaces' returned '2': CMAKE_PREFIX_PATH=${CMAKE_PREFIX_PATH}:/workspace/BMI/install/test_pkg:/workspace/BMI/install/presenter:/workspace/BMI/install/neural_data_generator:/workspace/BMI/install/decoder:/opt/ros/humble /usr/bin/cmake --build /workspace/BMI/build/interfaces -- -j20 -l20
