[0.967s] Invoking command in '/workspace/BMI/src/neural_data_generator': PYTHONPATH=/workspace/BMI/install/neural_data_generator/lib/python3.10/site-packages:${PYTHONPATH} /usr/bin/python3 setup.py egg_info --egg-base ../../build/neural_data_generator build --build-base /workspace/BMI/build/neural_data_generator/build install --prefix /workspace/BMI/install/neural_data_generator --record /workspace/BMI/build/neural_data_generator/install.log --single-version-externally-managed
[1.127s] running egg_info
[1.127s] writing ../../build/neural_data_generator/neural_data_generator.egg-info/PKG-INFO
[1.128s] writing dependency_links to ../../build/neural_data_generator/neural_data_generator.egg-info/dependency_links.txt
[1.128s] writing entry points to ../../build/neural_data_generator/neural_data_generator.egg-info/entry_points.txt
[1.128s] writing requirements to ../../build/neural_data_generator/neural_data_generator.egg-info/requires.txt
[1.128s] writing top-level names to ../../build/neural_data_generator/neural_data_generator.egg-info/top_level.txt
[1.129s] reading manifest file '../../build/neural_data_generator/neural_data_generator.egg-info/SOURCES.txt'
[1.129s] writing manifest file '../../build/neural_data_generator/neural_data_generator.egg-info/SOURCES.txt'
[1.129s] running build
[1.129s] running build_py
[1.130s] running install
[1.130s] /usr/lib/python3/dist-packages/setuptools/command/install.py:34: SetuptoolsDeprecationWarning: setup.py install is deprecated. Use build and pip and other standards-based tools.
[1.130s]   warnings.warn(
[1.130s] running install_lib
[1.131s] running install_data
[1.131s] running install_egg_info
[1.132s] removing '/workspace/BMI/install/neural_data_generator/lib/python3.10/site-packages/neural_data_generator-0.0.0-py3.10.egg-info' (and everything under it)
[1.132s] Copying ../../build/neural_data_generator/neural_data_generator.egg-info to /workspace/BMI/install/neural_data_generator/lib/python3.10/site-packages/neural_data_generator-0.0.0-py3.10.egg-info
[1.133s] running install_scripts
[1.148s] Installing br_ir_talker script to /workspace/BMI/install/neural_data_generator/lib/neural_data_generator
[1.148s] writing list of installed files to '/workspace/BMI/build/neural_data_generator/install.log'
[1.181s] Invoked command in '/workspace/BMI/src/neural_data_generator' returned '0': PYTHONPATH=/workspace/BMI/install/neural_data_generator/lib/python3.10/site-packages:${PYTHONPATH} /usr/bin/python3 setup.py egg_info --egg-base ../../build/neural_data_generator build --build-base /workspace/BMI/build/neural_data_generator/build install --prefix /workspace/BMI/install/neural_data_generator --record /workspace/BMI/build/neural_data_generator/install.log --single-version-externally-managed
