[0.786s] Invoking command in '/workspace/BMI/src/decoder': PYTHONPATH=/workspace/BMI/install/decoder/lib/python3.10/site-packages:${PYTHONPATH} /usr/bin/python3 setup.py egg_info --egg-base ../../build/decoder build --build-base /workspace/BMI/build/decoder/build install --prefix /workspace/BMI/install/decoder --record /workspace/BMI/build/decoder/install.log --single-version-externally-managed
[0.944s] running egg_info
[0.944s] writing ../../build/decoder/decoder.egg-info/PKG-INFO
[0.944s] writing dependency_links to ../../build/decoder/decoder.egg-info/dependency_links.txt
[0.945s] writing entry points to ../../build/decoder/decoder.egg-info/entry_points.txt
[0.945s] writing requirements to ../../build/decoder/decoder.egg-info/requires.txt
[0.945s] writing top-level names to ../../build/decoder/decoder.egg-info/top_level.txt
[0.946s] reading manifest file '../../build/decoder/decoder.egg-info/SOURCES.txt'
[0.946s] writing manifest file '../../build/decoder/decoder.egg-info/SOURCES.txt'
[0.946s] running build
[0.946s] running build_py
[0.946s] copying decoder/data_integrator.py -> /workspace/BMI/build/decoder/build/lib/decoder
[0.946s] running install
[0.947s] /usr/lib/python3/dist-packages/setuptools/command/install.py:34: SetuptoolsDeprecationWarning: setup.py install is deprecated. Use build and pip and other standards-based tools.
[0.947s]   warnings.warn(
[0.947s] running install_lib
[0.947s] copying /workspace/BMI/build/decoder/build/lib/decoder/data_integrator.py -> /workspace/BMI/install/decoder/lib/python3.10/site-packages/decoder
[0.948s] byte-compiling /workspace/BMI/install/decoder/lib/python3.10/site-packages/decoder/data_integrator.py to data_integrator.cpython-310.pyc
[0.948s] running install_data
[0.948s] running install_egg_info
[0.949s] removing '/workspace/BMI/install/decoder/lib/python3.10/site-packages/decoder-0.0.0-py3.10.egg-info' (and everything under it)
[0.949s] Copying ../../build/decoder/decoder.egg-info to /workspace/BMI/install/decoder/lib/python3.10/site-packages/decoder-0.0.0-py3.10.egg-info
[0.950s] running install_scripts
[0.964s] Installing passive_data_integrator script to /workspace/BMI/install/decoder/lib/decoder
[0.964s] writing list of installed files to '/workspace/BMI/build/decoder/install.log'
[0.992s] Invoked command in '/workspace/BMI/src/decoder' returned '0': PYTHONPATH=/workspace/BMI/install/decoder/lib/python3.10/site-packages:${PYTHONPATH} /usr/bin/python3 setup.py egg_info --egg-base ../../build/decoder build --build-base /workspace/BMI/build/decoder/build install --prefix /workspace/BMI/install/decoder --record /workspace/BMI/build/decoder/install.log --single-version-externally-managed
