running egg_info
creating ../../build/neural_data_generator/neural_data_generator.egg-info
writing ../../build/neural_data_generator/neural_data_generator.egg-info/PKG-INFO
writing dependency_links to ../../build/neural_data_generator/neural_data_generator.egg-info/dependency_links.txt
writing entry points to ../../build/neural_data_generator/neural_data_generator.egg-info/entry_points.txt
writing requirements to ../../build/neural_data_generator/neural_data_generator.egg-info/requires.txt
writing top-level names to ../../build/neural_data_generator/neural_data_generator.egg-info/top_level.txt
writing manifest file '../../build/neural_data_generator/neural_data_generator.egg-info/SOURCES.txt'
reading manifest file '../../build/neural_data_generator/neural_data_generator.egg-info/SOURCES.txt'
writing manifest file '../../build/neural_data_generator/neural_data_generator.egg-info/SOURCES.txt'
running build
running build_py
creating /workspace/BMI/build/neural_data_generator/build
creating /workspace/BMI/build/neural_data_generator/build/lib
creating /workspace/BMI/build/neural_data_generator/build/lib/neural_data_generator
copying neural_data_generator/__init__.py -> /workspace/BMI/build/neural_data_generator/build/lib/neural_data_generator
copying neural_data_generator/blackrock_ir_reader.py -> /workspace/BMI/build/neural_data_generator/build/lib/neural_data_generator
running install
/usr/lib/python3/dist-packages/setuptools/command/install.py:34: SetuptoolsDeprecationWarning: setup.py install is deprecated. Use build and pip and other standards-based tools.
  warnings.warn(
running install_lib
creating /workspace/BMI/install/neural_data_generator/lib/python3.10/site-packages/neural_data_generator
copying /workspace/BMI/build/neural_data_generator/build/lib/neural_data_generator/__init__.py -> /workspace/BMI/install/neural_data_generator/lib/python3.10/site-packages/neural_data_generator
copying /workspace/BMI/build/neural_data_generator/build/lib/neural_data_generator/blackrock_ir_reader.py -> /workspace/BMI/install/neural_data_generator/lib/python3.10/site-packages/neural_data_generator
byte-compiling /workspace/BMI/install/neural_data_generator/lib/python3.10/site-packages/neural_data_generator/__init__.py to __init__.cpython-310.pyc
byte-compiling /workspace/BMI/install/neural_data_generator/lib/python3.10/site-packages/neural_data_generator/blackrock_ir_reader.py to blackrock_ir_reader.cpython-310.pyc
running install_data
creating /workspace/BMI/install/neural_data_generator/share/ament_index
creating /workspace/BMI/install/neural_data_generator/share/ament_index/resource_index
creating /workspace/BMI/install/neural_data_generator/share/ament_index/resource_index/packages
copying resource/neural_data_generator -> /workspace/BMI/install/neural_data_generator/share/ament_index/resource_index/packages
copying package.xml -> /workspace/BMI/install/neural_data_generator/share/neural_data_generator
running install_egg_info
Copying ../../build/neural_data_generator/neural_data_generator.egg-info to /workspace/BMI/install/neural_data_generator/lib/python3.10/site-packages/neural_data_generator-0.0.0-py3.10.egg-info
running install_scripts
Installing br_ir_talker script to /workspace/BMI/install/neural_data_generator/lib/neural_data_generator
writing list of installed files to '/workspace/BMI/build/neural_data_generator/install.log'
