running egg_info
writing ../../build/observation_reader/observation_reader.egg-info/PKG-INFO
writing dependency_links to ../../build/observation_reader/observation_reader.egg-info/dependency_links.txt
writing entry points to ../../build/observation_reader/observation_reader.egg-info/entry_points.txt
writing requirements to ../../build/observation_reader/observation_reader.egg-info/requires.txt
writing top-level names to ../../build/observation_reader/observation_reader.egg-info/top_level.txt
reading manifest file '../../build/observation_reader/observation_reader.egg-info/SOURCES.txt'
writing manifest file '../../build/observation_reader/observation_reader.egg-info/SOURCES.txt'
running build
running build_py
copying observation_reader/blackrock_passive_ir_publisher.py -> /workspace/BMI/build/observation_reader/build/lib/observation_reader
copying observation_reader/blackrock_active_ir_publisher.py -> /workspace/BMI/build/observation_reader/build/lib/observation_reader
copying observation_reader/__init__.py -> /workspace/BMI/build/observation_reader/build/lib/observation_reader
copying observation_reader/blackrock_passive_ir_publisher_old.py -> /workspace/BMI/build/observation_reader/build/lib/observation_reader
copying observation_reader/blackrock_active_ir_publisher_old.py -> /workspace/BMI/build/observation_reader/build/lib/observation_reader
running install
/usr/lib/python3/dist-packages/setuptools/command/install.py:34: SetuptoolsDeprecationWarning: setup.py install is deprecated. Use build and pip and other standards-based tools.
  warnings.warn(
running install_lib
copying /workspace/BMI/build/observation_reader/build/lib/observation_reader/blackrock_passive_ir_publisher.py -> /workspace/BMI/install/observation_reader/lib/python3.10/site-packages/observation_reader
copying /workspace/BMI/build/observation_reader/build/lib/observation_reader/blackrock_active_ir_publisher.py -> /workspace/BMI/install/observation_reader/lib/python3.10/site-packages/observation_reader
copying /workspace/BMI/build/observation_reader/build/lib/observation_reader/__init__.py -> /workspace/BMI/install/observation_reader/lib/python3.10/site-packages/observation_reader
copying /workspace/BMI/build/observation_reader/build/lib/observation_reader/blackrock_passive_ir_publisher_old.py -> /workspace/BMI/install/observation_reader/lib/python3.10/site-packages/observation_reader
copying /workspace/BMI/build/observation_reader/build/lib/observation_reader/blackrock_active_ir_publisher_old.py -> /workspace/BMI/install/observation_reader/lib/python3.10/site-packages/observation_reader
byte-compiling /workspace/BMI/install/observation_reader/lib/python3.10/site-packages/observation_reader/blackrock_passive_ir_publisher.py to blackrock_passive_ir_publisher.cpython-310.pyc
byte-compiling /workspace/BMI/install/observation_reader/lib/python3.10/site-packages/observation_reader/blackrock_active_ir_publisher.py to blackrock_active_ir_publisher.cpython-310.pyc
byte-compiling /workspace/BMI/install/observation_reader/lib/python3.10/site-packages/observation_reader/__init__.py to __init__.cpython-310.pyc
byte-compiling /workspace/BMI/install/observation_reader/lib/python3.10/site-packages/observation_reader/blackrock_passive_ir_publisher_old.py to blackrock_passive_ir_publisher_old.cpython-310.pyc
byte-compiling /workspace/BMI/install/observation_reader/lib/python3.10/site-packages/observation_reader/blackrock_active_ir_publisher_old.py to blackrock_active_ir_publisher_old.cpython-310.pyc
running install_data
running install_egg_info
removing '/workspace/BMI/install/observation_reader/lib/python3.10/site-packages/observation_reader-0.0.0-py3.10.egg-info' (and everything under it)
Copying ../../build/observation_reader/observation_reader.egg-info to /workspace/BMI/install/observation_reader/lib/python3.10/site-packages/observation_reader-0.0.0-py3.10.egg-info
running install_scripts
Installing blackrock_ir_talker script to /workspace/BMI/install/observation_reader/lib/observation_reader
writing list of installed files to '/workspace/BMI/build/observation_reader/install.log'
