[0.566s] Invoking command in '/workspace/BMI/src/decoder': PYTHONPATH=/workspace/BMI/install/decoder/lib/python3.10/site-packages:${PYTHONPATH} /usr/bin/python3 setup.py egg_info --egg-base ../../build/decoder build --build-base /workspace/BMI/build/decoder/build install --prefix /workspace/BMI/install/decoder --record /workspace/BMI/build/decoder/install.log --single-version-externally-managed
[0.707s] running egg_info
[0.707s] writing ../../build/decoder/decoder.egg-info/PKG-INFO
[0.708s] writing dependency_links to ../../build/decoder/decoder.egg-info/dependency_links.txt
[0.708s] writing entry points to ../../build/decoder/decoder.egg-info/entry_points.txt
[0.708s] writing requirements to ../../build/decoder/decoder.egg-info/requires.txt
[0.708s] writing top-level names to ../../build/decoder/decoder.egg-info/top_level.txt
[0.709s] reading manifest file '../../build/decoder/decoder.egg-info/SOURCES.txt'
[0.709s] writing manifest file '../../build/decoder/decoder.egg-info/SOURCES.txt'
[0.709s] running build
[0.709s] running build_py
[0.709s] running install
[0.710s] /usr/lib/python3/dist-packages/setuptools/command/install.py:34: SetuptoolsDeprecationWarning: setup.py install is deprecated. Use build and pip and other standards-based tools.
[0.710s]   warnings.warn(
[0.710s] running install_lib
[0.710s] running install_data
[0.711s] running install_egg_info
[0.712s] removing '/workspace/BMI/install/decoder/lib/python3.10/site-packages/decoder-0.0.0-py3.10.egg-info' (and everything under it)
[0.712s] Copying ../../build/decoder/decoder.egg-info to /workspace/BMI/install/decoder/lib/python3.10/site-packages/decoder-0.0.0-py3.10.egg-info
[0.712s] running install_scripts
[0.725s] writing list of installed files to '/workspace/BMI/build/decoder/install.log'
[0.742s] Invoked command in '/workspace/BMI/src/decoder' returned '0': PYTHONPATH=/workspace/BMI/install/decoder/lib/python3.10/site-packages:${PYTHONPATH} /usr/bin/python3 setup.py egg_info --egg-base ../../build/decoder build --build-base /workspace/BMI/build/decoder/build install --prefix /workspace/BMI/install/decoder --record /workspace/BMI/build/decoder/install.log --single-version-externally-managed
